2020-06-27 18:34:22	INFO	::casa	
2020-06-27 18:34:22	INFO	::casa	Checking telemetry submission interval
2020-06-27 18:34:22	INFO	::casa	Telemetry submit interval not reached. Not submitting data.
2020-06-27 18:34:22	INFO	::casa	Next telemetry data submission in: 4 days, 9:45:39.617901
2020-06-27 18:34:22	INFO	::casa	CASA Version  5.6.0-60  
2020-06-27 18:38:16	INFO	tclean::::	
2020-06-27 18:38:16	INFO	tclean::::+	##########################################
2020-06-27 18:38:16	INFO	tclean::::+	##### Begin Task: tclean             #####
2020-06-27 18:38:16	INFO	tclean::::	tclean(vis="/orange/adamginsburg/w51/vla/19A-254/derod/19A-254_2019_08_02_T15_20_05.733/19A-254.sb36820841.eb37001660.58697.18583002315.ms",selectdata=True,field="3",spw="7",timerange="",
2020-06-27 18:38:16	INFO	tclean::::+	        uvrange="",antenna="",scan="",observation="",intent="",
2020-06-27 18:38:16	INFO	tclean::::+	        datacolumn="corrected",imagename="W51North_spw_7_1",imsize=1000,cell="0.05arcsec",phasecenter="",
2020-06-27 18:38:16	INFO	tclean::::+	        stokes="I",projection="SIN",startmodel="",specmode="cube",reffreq="",
2020-06-27 18:38:16	INFO	tclean::::+	        nchan=-1,start="",width="",outframe="",veltype="radio",
2020-06-27 18:38:16	INFO	tclean::::+	        restfreq=[],interpolation="linear",perchanweightdensity=True,gridder="standard",facets=1,
2020-06-27 18:38:16	INFO	tclean::::+	        psfphasecenter="",chanchunks=1,wprojplanes=1,vptable="",mosweight=True,
2020-06-27 18:38:16	INFO	tclean::::+	        aterm=True,psterm=False,wbawp=True,conjbeams=False,cfcache="",
2020-06-27 18:38:16	INFO	tclean::::+	        usepointing=False,computepastep=360.0,rotatepastep=360.0,pointingoffsetsigdev=0.0,pblimit=0.1,
2020-06-27 18:38:16	INFO	tclean::::+	        normtype="flatnoise",deconvolver="hogbom",scales=[],nterms=2,smallscalebias=0.0,
2020-06-27 18:38:16	INFO	tclean::::+	        restoration=True,restoringbeam=[],pbcor=False,outlierfile="",weighting="natural",
2020-06-27 18:38:16	INFO	tclean::::+	        robust=0.5,noise="1.0Jy",npixels=0,uvtaper=[],niter=100000,
2020-06-27 18:38:16	INFO	tclean::::+	        gain=0.1,threshold=0.0,nsigma=0.0,cycleniter=-1,cyclefactor=1.0,
2020-06-27 18:38:16	INFO	tclean::::+	        minpsffraction=0.05,maxpsffraction=0.8,interactive=False,usemask="user",mask="",
2020-06-27 18:38:16	INFO	tclean::::+	        pbmask=0.0,sidelobethreshold=3.0,noisethreshold=5.0,lownoisethreshold=1.5,negativethreshold=0.0,
2020-06-27 18:38:16	INFO	tclean::::+	        smoothfactor=1.0,minbeamfrac=0.3,cutthreshold=0.01,growiterations=75,dogrowprune=True,
2020-06-27 18:38:16	INFO	tclean::::+	        minpercentchange=-1.0,verbose=False,fastnoise=True,restart=True,savemodel="none",
2020-06-27 18:38:16	INFO	tclean::::+	        calcres=True,calcpsf=True,parallel=False)
2020-06-27 18:38:16	INFO	tclean::::	Verifying Input Parameters
2020-06-27 18:38:16	INFO	SynthesisImagerVi2::selectData 	MS : /orange/adamginsburg/w51/vla/19A-254/derod/19A-254_2019_08_02_T15_20_05.733/19A-254.sb36820841.eb37001660.58697.18583002315.ms | Selecting on fields : 3 | Selecting on spw :7 | [Opened in readonly mode]
2020-06-27 18:38:18	INFO	SynthesisImagerVi2::selectData 	  NRows selected : 323100
2020-06-27 18:38:18	SEVERE	MeasTable::dUTC(Double) (file ../../measures/Measures/MeasTable.cc, line 4290)	Leap second table TAI_UTC seems out-of-date.
2020-06-27 18:38:18	SEVERE	MeasTable::dUTC(Double) (file ../../measures/Measures/MeasTable.cc, line 4290)+	Until the table is updated (see the CASA documentation or your system admin),
2020-06-27 18:38:18	SEVERE	MeasTable::dUTC(Double) (file ../../measures/Measures/MeasTable.cc, line 4290)+	times and coordinates derived from UTC could be wrong by 1s or more.
2020-06-27 18:38:19	INFO	SynthesisImagerVi2::defineImage 	Define image coordinates for [W51North_spw_7_1] : 
2020-06-27 18:38:19	INFO	MSTransformRegridder::calcChanFreqs	 phaseCenter='Direction: [0.345613, -0.904272, 0.250687]'  Channels equidistant in freq
2020-06-27 18:38:19	INFO	MSTransformRegridder::calcChanFreqs+	 Central frequency (in output frame) = 2.30942e+10 Hz
2020-06-27 18:38:19	INFO	MSTransformRegridder::calcChanFreqs+	 Width of central channel (in output frame) = 15624.4 Hz
2020-06-27 18:38:19	INFO	MSTransformRegridder::calcChanFreqs+	 Number of channels = 512
2020-06-27 18:38:19	INFO	MSTransformRegridder::calcChanFreqs+	 Total width of SPW (in output frame) = 7.99967e+06 Hz
2020-06-27 18:38:19	INFO	MSTransformRegridder::calcChanFreqs+	 Lower edge = 2.30902e+10 Hz, upper edge = 2.30982e+10 Hz
2020-06-27 18:38:19	INFO	SynthesisImagerVi2::defineImage 	Impars : start 
2020-06-27 18:38:19	INFO	SynthesisImagerVi2::defineImage 	Shape : [1000, 1000, 1, 512]Spectral : [2.30902e+10] at [0] with increment [15624.4]
2020-06-27 18:38:19	INFO	SynthesisImagerVi2::defineImage 	Set Gridding options for [W51North_spw_7_1] with ftmachine : gridft
2020-06-27 18:38:19	INFO	SynthesisImagerVi2::weight() 	Set imaging weights : Natural weighting
2020-06-27 18:38:19	INFO	SynthesisImager::tuneSelectData 	Tuning frequency data selection to match image spectral coordinates
2020-06-27 18:38:19	INFO	SynthesisImagerVi2::selectData 	MS : /orange/adamginsburg/w51/vla/19A-254/derod/19A-254_2019_08_02_T15_20_05.733/19A-254.sb36820841.eb37001660.58697.18583002315.ms | Selecting on fields : 3 | Selecting on spw :7 | [Opened in readonly mode]
2020-06-27 18:38:21	INFO	SynthesisImagerVi2::selectData 	  NRows selected : 323100
2020-06-27 18:38:21	INFO	task_tclean::SynthesisDeconvolver::setupDeconvolution 	Set Deconvolution Options for [W51North_spw_7_1] : hogbom
2020-06-27 18:38:21	INFO	SynthesisIterBot::setupIteration 	Set Iteration Control Options
2020-06-27 18:38:21	INFO	task_tclean::SynthesisImager::makePSF 	----------------------------------------------------------- Make PSF ---------------------------------------------
2020-06-27 18:40:30	INFO	task_tclean::SIImageStore::calcSensitivity 	[W51North_spw_7_1] Theoretical sensitivity (Jy/bm):c0:none c1:none c2:none c3:none c4:none c5:none c6:none c7:none c8:none c9:none c10:none c11:none c12:none c13:none c14:none c15:none c16:none c17:none c18:none c19:none c20:none c21:none c22:none c23:none c24:none c25:none c26:0.0030189 c27:0.00301825 c28:0.00300924 c29:0.00300397 c30:0.00299944 c31:0.00299486 c32:0.00299545 c33:0.00299481 c34:0.00299206 c35:0.00298611 c36:0.00297811 c37:0.00297663 c38:0.00297898 c39:0.0029831 c40:0.00298071 c41:0.00297401 c42:0.00297058 c43:0.00297001 c44:0.0029712 c45:0.00297095 c46:0.00297241 c47:0.00297153 c48:0.00297029 c49:0.00296908 c50:0.00296598 c51:0.00296615 c52:0.00296615 c53:0.00296618 c54:0.00296658 c55:0.00296567 c56:0.00296414 c57:0.00296341 c58:0.00296488 c59:0.00296584 c60:0.00296543 c61:0.00296362 c62:0.00296093 c63:0.0029627 c64:0.00296414 c65:0.00296149 c66:0.00295935 c67:0.00295851 c68:0.00295827 c69:0.00295709 c70:0.00295654 c71:0.0029574 c72:0.00295782 c73:0.00295737 c74:0.00295639 c75:0.00295436 c76:0.00295781 c77:0.00296232 c78:0.00296167 c79:0.00295969 c80:0.00296046 c81:0.00296411 c82:0.00296303 c83:0.0029598 c84:0.00296085 c85:0.00296585 c86:0.00296843 c87:0.00296493 c88:0.00296194 c89:0.0029621 c90:0.00295991 c91:0.00295728 c92:0.00295645 c93:0.00295819 c94:0.00295755 c95:0.00295583 c96:0.00295962 c97:0.00296157 c98:0.0029589 c99:0.00295577 c100:0.00295575 c101:0.00295825 c102:0.00296082 c103:0.00295937 c104:0.00295877 c105:0.00295991 c106:0.00295858 c107:0.00295841 c108:0.00295797 c109:0.00295933 c110:0.00296089 c111:0.00295985 c112:0.00295933 c113:0.0029604 c114:0.00296203 c115:0.00296023 c116:0.00295974 c117:0.00296146 c118:0.00296181 c119:0.00296321 c120:0.00296355 c121:0.00296412 c122:0.00296469 c123:0.00296366 c124:0.00296536 c125:0.0029667 c126:0.0029686 c127:0.00296685 c128:0.00296186 c129:0.00296125 c130:0.00295808 c131:0.00295932 c132:0.00296411 c133:0.00296531 c134:0.00296471 c135:0.00296432 c136:0.00296163 c137:0.00296115 c138:0.00296294 c139:0.0029607 c140:0.00295871 c141:0.00295868 c142:0.00295884 c143:0.0029624 c144:0.0029637 c145:0.00296301 c146:0.00296378 c147:0.00296459 c148:0.00296253 c149:0.00295825 c150:0.00295759 c151:0.00295923 c152:0.00296095 c153:0.00296299 c154:0.00296505 c155:0.00296485 c156:0.00295977 c157:0.00295812 c158:0.00296545 c159:0.00296774 c160:0.00296177 c161:0.00295734 c162:0.00295706 c163:0.00295862 c164:0.002958 c165:0.00295905 c166:0.00296066 c167:0.00296132 c168:0.00296147 c169:0.0029605 c170:0.002959 c171:0.00295764 c172:0.00295613 c173:0.00295868 c174:0.00296146 c175:0.00296168 c176:0.00295979 c177:0.00296138 c178:0.0029622 c179:0.00296133 c180:0.00296189 c181:0.00296417 c182:0.00296302 c183:0.00295837 c184:0.0029597 c185:0.00296049 c186:0.00296356 c187:0.00296487 c188:0.00296123 c189:0.00295862 c190:0.00295852 c191:0.00296005 c192:0.00295853 c193:0.00295748 c194:0.00295742 c195:0.00295384 c196:0.00295373 c197:0.0029564 c198:0.00295884 c199:0.00296204 c200:0.00296147 c201:0.00295709 c202:0.00295639 c203:0.00295744 c204:0.00295666 c205:0.00295578 c206:0.00295892 c207:0.0029623 c208:0.0029622 c209:0.00296053 c210:0.00296026 c211:0.00296471 c212:0.00296379 c213:0.00295973 c214:0.00295856 c215:0.00296245 c216:0.0029656 c217:0.00296468 c218:0.00296279 c219:0.0029622 c220:0.00296222 c221:0.00296173 c222:0.00296075 c223:0.00295872 c224:0.00295833 c225:0.0029604 c226:0.00296194 c227:0.00296283 c228:0.00296123 c229:0.00295856 c230:0.00295737 c231:0.00295895 c232:0.00296134 c233:0.00296143 c234:0.00295947 c235:0.00295687 c236:0.00295498 c237:0.00295383 c238:0.00295513 c239:0.0029583 c240:0.00296177 c241:0.00296301 c242:0.00296138 c243:0.0029604 c244:0.00296265 c245:0.00296365 c246:0.00296136 c247:0.00295884 c248:0.00296007 c249:0.00296354 c250:0.0029618 c251:0.0029581 c252:0.00295807 c253:0.00296052 c254:0.00296205 c255:0.00295948 c256:0.00295726 c257:0.00295859 c258:0.00296078 c259:0.00296132 c260:0.00296034 c261:0.0029591 c262:0.00295794 c263:0.00295935 c264:0.00296155 c265:0.00296454 c266:0.00296332 c267:0.00295707 c268:0.00295451 c269:0.0029558 c270:0.00296046 c271:0.0029644 c272:0.00296687 c273:0.00296468 c274:0.00295907 c275:0.00295682 c276:0.00295708 c277:0.002958 c278:0.00295745 c279:0.00295951 c280:0.00296173 c281:0.00296285 c282:0.00296247 c283:0.00296065 c284:0.00296017 c285:0.00296077 c286:0.002963 c287:0.00296228 c288:0.00296128 c289:0.00296318 c290:0.00296456 c291:0.00296349 c292:0.002959 c293:0.00295897 c294:0.00296369 c295:0.00296575 c296:0.00296229 c297:0.00295986 c298:0.00295855 c299:0.00295701 c300:0.00295896 c301:0.00296329 c302:0.00296295 c303:0.00296088 c304:0.00295949 c305:0.0029569 c306:0.00295678 c307:0.00296091 c308:0.0029624 c309:0.0029614 c310:0.00296101 c311:0.00296374 c312:0.0029629 c313:0.00295838 c314:0.00295752 c315:0.00295888 c316:0.00296162 c317:0.00296327 c318:0.00296153 c319:0.00295848 c320:0.00295633 c321:0.00295809 c322:0.00296178 c323:0.002962 c324:0.00296062 c325:0.00296148 c326:0.00296461 c327:0.00296506 c328:0.0029619 c329:0.00295982 c330:0.00296105 c331:0.002964 c332:0.00296301 c333:0.00295847 c334:0.00295515 c335:0.00295319 c336:0.00295349 c337:0.00295878 c338:0.00296546 c339:0.00296641 c340:0.00296126 c341:0.00295698 c342:0.00295636 c343:0.0029586 c344:0.00296073 c345:0.002961 c346:0.00296316 c347:0.00296482 c348:0.00296416 c349:0.00296061 c350:0.00295976 c351:0.00296221 c352:0.00296479 c353:0.00297035 c354:0.0029719 c355:0.00296969 c356:0.00296587 c357:0.00296306 c358:0.00296159 c359:0.00296011 c360:0.00296074 c361:0.00296178 c362:0.00296106 c363:0.00296074 c364:0.00296372 c365:0.00296819 c366:0.00296733 c367:0.00296474 c368:0.00296848 c369:0.00296976 c370:0.00296394 c371:0.00295952 c372:0.00296099 c373:0.00295976 c374:0.00295643 c375:0.00295883 c376:0.00295994 c377:0.00295997 c378:0.00296191 c379:0.00296262 c380:0.00296186 c381:0.00296156 c382:0.00296006 c383:0.00295936 c384:0.00295944 c385:0.00296051 c386:0.00296042 c387:0.00295913 c388:0.00296102 c389:0.00295929 c390:0.00295796 c391:0.00295769 c392:0.00295585 c393:0.00295399 c394:0.00295693 c395:0.00296475 c396:0.0029682 c397:0.00296686 c398:0.00296252 c399:0.00295888 c400:0.00296085 c401:0.0029628 c402:0.00296408 c403:0.00296462 c404:0.00296236 c405:0.00296237 c406:0.00296437 c407:0.00296384 c408:0.0029619 c409:0.00296001 c410:0.00295943 c411:0.00296393 c412:0.00296837 c413:0.00296642 c414:0.00296049 c415:0.00295776 c416:0.00296376 c417:0.00296494 c418:0.00296306 c419:0.00296332 c420:0.00296558 c421:0.00296638 c422:0.00296368 c423:0.00296334 c424:0.0029636 c425:0.00296179 c426:0.00296163 c427:0.00296487 c428:0.00296393 c429:0.00296004 c430:0.00295879 c431:0.00296056 c432:0.00296144 c433:0.0029591 c434:0.00295772 c435:0.00295804 c436:0.00295743 c437:0.00295743 c438:0.00295875 c439:0.0029605 c440:0.00296294 c441:0.00296498 c442:0.00296615 c443:0.00296291 c444:0.00295942 c445:0.00296155 c446:0.00296366 c447:0.00296175 c448:0.00295916 c449:0.00296015 c450:0.0029615 c451:0.00296294 c452:0.00296486 c453:0.00296627 c454:0.00296693 c455:0.00296768 c456:0.00296886 c457:0.00297101 c458:0.00296769 c459:0.00296378 c460:0.00296893 c461:0.00297299 c462:0.00297131 c463:0.00297116 c464:0.00297046 c465:0.00296755 c466:0.00297008 c467:0.00297665 c468:0.00298016 c469:0.00298127 c470:0.00298459 c471:0.00298529 c472:0.00298008 c473:0.00297813 c474:0.00298724 c475:0.00299474 c476:0.00299073 c477:0.00298708 c478:0.00299091 c479:0.00299567 c480:0.00300048 c481:0.00300516 c482:0.00301103 c483:0.00301005 c484:0.00300821 c485:0.00301577 c486:0.00303073 c487:none c488:none c489:none c490:none c491:none c492:none c493:none c494:none c495:none c496:none c497:none c498:none c499:none c500:none c501:none c502:none c503:none c504:none c505:none c506:none c507:none c508:none c509:none c510:none c511:none 
2020-06-27 18:40:35	WARN	task_tclean::SIImageStore::getPSFGaussian (file ../../synthesis/ImagerObjects/SIImageStore.cc, line 1895)	PSF is blank for[C0:P0] [C1:P0] [C2:P0] [C3:P0] [C4:P0] [C5:P0] [C6:P0] [C7:P0] [C8:P0] [C9:P0] [C10:P0] [C11:P0] [C12:P0] [C13:P0] [C14:P0] [C15:P0] [C16:P0] [C17:P0] [C18:P0] [C19:P0] [C20:P0] [C21:P0] [C22:P0] [C23:P0] [C24:P0] [C25:P0] [C487:P0] [C488:P0] [C489:P0] [C490:P0] [C491:P0] [C492:P0] [C493:P0] [C494:P0] [C495:P0] [C496:P0] [C497:P0] [C498:P0] [C499:P0] [C500:P0] [C501:P0] [C502:P0] [C503:P0] [C504:P0] [C505:P0] [C506:P0] [C507:P0] [C508:P0] [C509:P0] [C510:P0] [C511:P0] 
2020-06-27 18:40:35	INFO	task_tclean::SIImageStore::printBeamSet 	Restoring Beams 
2020-06-27 18:40:35	INFO	task_tclean::SIImageStore::printBeamSet +	Pol   Type Chan          Freq     Vel
2020-06-27 18:40:35	INFO	task_tclean::SIImageStore::printBeamSet +	  I    Max    0 2.3090209e+10 7645.37    0.1345 arcsec x    0.0765 arcsec pa= 39.8145 deg
2020-06-27 18:40:35	INFO	task_tclean::SIImageStore::printBeamSet +	  I    Min   27 2.3090631e+10 7640.03    0.1339 arcsec x    0.0759 arcsec pa= 39.6386 deg
2020-06-27 18:40:35	INFO	task_tclean::SIImageStore::printBeamSet +	  I Median  358 2.3095802e+10 7574.60    0.1343 arcsec x    0.0763 arcsec pa= 40.1831 deg
2020-06-27 18:40:35	INFO	task_tclean::SynthesisImagerVi2::makePrimaryBeam 	vi2 : Evaluating Primary Beam model onto image grid(s)
2020-06-27 18:41:15	INFO	task_tclean::SynthesisImager::executeMajorCycle 	----------------------------------------------------------- Run Major Cycle 1 -------------------------------------
2020-06-27 18:43:44	WARN	task_tclean::SIImageStore::getPSFGaussian (file ../../synthesis/ImagerObjects/SIImageStore.cc, line 1895)	PSF is blank for[C0:P0] [C1:P0] [C2:P0] [C3:P0] [C4:P0] [C5:P0] [C6:P0] [C7:P0] [C8:P0] [C9:P0] [C10:P0] [C11:P0] [C12:P0] [C13:P0] [C14:P0] [C15:P0] [C16:P0] [C17:P0] [C18:P0] [C19:P0] [C20:P0] [C21:P0] [C22:P0] [C23:P0] [C24:P0] [C25:P0] [C487:P0] [C488:P0] [C489:P0] [C490:P0] [C491:P0] [C492:P0] [C493:P0] [C494:P0] [C495:P0] [C496:P0] [C497:P0] [C498:P0] [C499:P0] [C500:P0] [C501:P0] [C502:P0] [C503:P0] [C504:P0] [C505:P0] [C506:P0] [C507:P0] [C508:P0] [C509:P0] [C510:P0] [C511:P0] 
2020-06-27 18:44:07	INFO	task_tclean::SIImageStore::printImageStats 	[W51North_spw_7_1] Peak residual (max,min) over full image : (0.0405048,-0.0407434)
2020-06-27 18:44:13	INFO	task_tclean::SIImageStore::printImageStats 	[W51North_spw_7_1] Total Model Flux : 0
2020-06-27 18:44:47	INFO	task_tclean::SynthesisDeconvolver::setupMask 	[W51North_spw_7_1] Initializing new mask to 1.0 for the full image
2020-06-27 18:44:49	INFO	task_tclean::SynthesisDeconvolver::setupMask 	[W51North_spw_7_1] Number of pixels in the clean mask : 5.12e+08 out of a total of 5.12e+08 pixels. [ 100 % ]
2020-06-27 18:45:16	WARN	task_tclean::SIImageStore::getPSFGaussian (file ../../synthesis/ImagerObjects/SIImageStore.cc, line 1895)	PSF is blank for[C0:P0] [C1:P0] [C2:P0] [C3:P0] [C4:P0] [C5:P0] [C6:P0] [C7:P0] [C8:P0] [C9:P0] [C10:P0] [C11:P0] [C12:P0] [C13:P0] [C14:P0] [C15:P0] [C16:P0] [C17:P0] [C18:P0] [C19:P0] [C20:P0] [C21:P0] [C22:P0] [C23:P0] [C24:P0] [C25:P0] [C487:P0] [C488:P0] [C489:P0] [C490:P0] [C491:P0] [C492:P0] [C493:P0] [C494:P0] [C495:P0] [C496:P0] [C497:P0] [C498:P0] [C499:P0] [C500:P0] [C501:P0] [C502:P0] [C503:P0] [C504:P0] [C505:P0] [C506:P0] [C507:P0] [C508:P0] [C509:P0] [C510:P0] [C511:P0] 
2020-06-27 18:45:35	INFO	task_tclean::SIImageStore::printImageStats 	[W51North_spw_7_1] Peak residual (max,min) within mask : (0.0405048,-0.0407434) over full image : (0.0405048,-0.0407434)
2020-06-27 18:45:36	INFO	task_tclean::SIImageStore::printImageStats 	[W51North_spw_7_1] Total Model Flux : 0
2020-06-27 18:46:00	INFO	task_tclean::SynthesisDeconvolver::executeMinorCycle 	---------------------------------------------------- Run Minor Cycle Iterations  ---------------------------------------------
2020-06-27 18:46:00	INFO	task_tclean::SDAlgorithmBase::deconvolve 	[W51North_spw_7_1] Run Hogbom minor-cycle on 512 chans | CycleThreshold=0.00916853, CycleNiter=100000, Gain=0.1
2020-06-27 18:46:00	INFO	task_tclean::SDAlgorithmBase::deconvolve 	[W51North_spw_7_1:C0] iters=0->0 [0], model=0->0, peakres=0->0, Reached cyclethreshold.
2020-06-27 18:46:00	INFO	task_tclean::SDAlgorithmBase::deconvolve 	[W51North_spw_7_1:C1] iters=0->0 [0], model=0->0, peakres=0->0, Reached cyclethreshold.
2020-06-27 18:46:00	INFO	task_tclean::SDAlgorithmBase::deconvolve 	[W51North_spw_7_1:C2] iters=0->0 [0], model=0->0, peakres=0->0, Reached cyclethreshold.
2020-06-27 18:46:00	INFO	task_tclean::SDAlgorithmBase::deconvolve 	[W51North_spw_7_1:C3] iters=0->0 [0], model=0->0, peakres=0->0, Reached cyclethreshold.
2020-06-27 18:46:00	INFO	task_tclean::SDAlgorithmBase::deconvolve 	[W51North_spw_7_1:C4] iters=0->0 [0], model=0->0, peakres=0->0, Reached cyclethreshold.
2020-06-27 18:46:00	INFO	task_tclean::SDAlgorithmBase::deconvolve 	[W51North_spw_7_1:C5] iters=0->0 [0], model=0->0, peakres=0->0, Reached cyclethreshold.
2020-06-27 18:46:01	INFO	task_tclean::SDAlgorithmBase::deconvolve 	[W51North_spw_7_1:C6] iters=0->0 [0], model=0->0, peakres=0->0, Reached cyclethreshold.
2020-06-27 18:46:01	INFO	task_tclean::SDAlgorithmBase::deconvolve 	[W51North_spw_7_1:C7] iters=0->0 [0], model=0->0, peakres=0->0, Reached cyclethreshold.
2020-06-27 18:46:01	INFO	task_tclean::SDAlgorithmBase::deconvolve 	[W51North_spw_7_1:C8] iters=0->0 [0], model=0->0, peakres=0->0, Reached cyclethreshold.
2020-06-27 18:46:01	INFO	task_tclean::SDAlgorithmBase::deconvolve 	[W51North_spw_7_1:C9] iters=0->0 [0], model=0->0, peakres=0->0, Reached cyclethreshold.
2020-06-27 18:46:01	INFO	task_tclean::SDAlgorithmBase::deconvolve 	[W51North_spw_7_1:C10] iters=0->0 [0], model=0->0, peakres=0->0, Reached cyclethreshold.
2020-06-27 18:46:01	INFO	task_tclean::SDAlgorithmBase::deconvolve 	[W51North_spw_7_1:C11] iters=0->0 [0], model=0->0, peakres=0->0, Reached cyclethreshold.
2020-06-27 18:46:01	INFO	task_tclean::SDAlgorithmBase::deconvolve 	[W51North_spw_7_1:C12] iters=0->0 [0], model=0->0, peakres=0->0, Reached cyclethreshold.
2020-06-27 18:46:01	INFO	task_tclean::SDAlgorithmBase::deconvolve 	[W51North_spw_7_1:C13] iters=0->0 [0], model=0->0, peakres=0->0, Reached cyclethreshold.
2020-06-27 18:46:01	INFO	task_tclean::SDAlgorithmBase::deconvolve 	[W51North_spw_7_1:C14] iters=0->0 [0], model=0->0, peakres=0->0, Reached cyclethreshold.
2020-06-27 18:46:01	INFO	task_tclean::SDAlgorithmBase::deconvolve 	[W51North_spw_7_1:C15] iters=0->0 [0], model=0->0, peakres=0->0, Reached cyclethreshold.
2020-06-27 18:46:01	INFO	task_tclean::SDAlgorithmBase::deconvolve 	[W51North_spw_7_1:C16] iters=0->0 [0], model=0->0, peakres=0->0, Reached cyclethreshold.
2020-06-27 18:46:01	INFO	task_tclean::SDAlgorithmBase::deconvolve 	[W51North_spw_7_1:C17] iters=0->0 [0], model=0->0, peakres=0->0, Reached cyclethreshold.
2020-06-27 18:46:01	INFO	task_tclean::SDAlgorithmBase::deconvolve 	[W51North_spw_7_1:C18] iters=0->0 [0], model=0->0, peakres=0->0, Reached cyclethreshold.
2020-06-27 18:46:01	INFO	task_tclean::SDAlgorithmBase::deconvolve 	[W51North_spw_7_1:C19] iters=0->0 [0], model=0->0, peakres=0->0, Reached cyclethreshold.
2020-06-27 18:46:01	INFO	task_tclean::SDAlgorithmBase::deconvolve 	[W51North_spw_7_1:C20] iters=0->0 [0], model=0->0, peakres=0->0, Reached cyclethreshold.
2020-06-27 18:46:01	INFO	task_tclean::SDAlgorithmBase::deconvolve 	[W51North_spw_7_1:C21] iters=0->0 [0], model=0->0, peakres=0->0, Reached cyclethreshold.
2020-06-27 18:46:01	INFO	task_tclean::SDAlgorithmBase::deconvolve 	[W51North_spw_7_1:C22] iters=0->0 [0], model=0->0, peakres=0->0, Reached cyclethreshold.
2020-06-27 18:46:01	INFO	task_tclean::SDAlgorithmBase::deconvolve 	[W51North_spw_7_1:C23] iters=0->0 [0], model=0->0, peakres=0->0, Reached cyclethreshold.
2020-06-27 18:46:01	INFO	task_tclean::SDAlgorithmBase::deconvolve 	[W51North_spw_7_1:C24] iters=0->0 [0], model=0->0, peakres=0->0, Reached cyclethreshold.
2020-06-27 18:46:01	INFO	task_tclean::SDAlgorithmBase::deconvolve 	[W51North_spw_7_1:C25] iters=0->0 [0], model=0->0, peakres=0->0, Reached cyclethreshold.
2020-06-27 18:46:57	INFO	task_tclean::SDAlgorithmBase::deconvolve 	[W51North_spw_7_1:C26] iters=0->34000 [34000], model=0->0.365562, peakres=0.0382354->0.0181028, Possible divergence. Peak residual increased by 10% from minimum.
2020-06-27 18:47:51	INFO	task_tclean::SDAlgorithmBase::deconvolve 	[W51North_spw_7_1:C27] iters=34000->70000 [36000], model=0->2.24898, peakres=0.0378102->0.0195182, Possible divergence. Peak residual increased by 10% from minimum.
2020-06-27 18:48:32	INFO	task_tclean::SDAlgorithmBase::deconvolve 	[W51North_spw_7_1:C28] iters=70000->98000 [28000], model=0->-0.521674, peakres=0.0407434->0.0192622, Possible divergence. Peak residual increased by 10% from minimum.
2020-06-27 18:49:22	INFO	task_tclean::SDAlgorithmBase::deconvolve 	[W51North_spw_7_1:C29] iters=98000->130000 [32000], model=0->-0.200664, peakres=0.036253->0.0155162, Possible divergence. Peak residual increased by 10% from minimum.
2020-06-27 18:50:17	INFO	task_tclean::SDAlgorithmBase::deconvolve 	[W51North_spw_7_1:C30] iters=130000->164000 [34000], model=0->-0.427876, peakres=0.0398646->0.0179939, Possible divergence. Peak residual increased by 10% from minimum.
2020-06-27 18:51:02	INFO	task_tclean::SDAlgorithmBase::deconvolve 	[W51North_spw_7_1:C31] iters=164000->194000 [30000], model=0->-0.354666, peakres=0.0388313->0.0158913, Possible divergence. Peak residual increased by 10% from minimum.
2020-06-27 18:51:46	INFO	task_tclean::SDAlgorithmBase::deconvolve 	[W51North_spw_7_1:C32] iters=194000->224000 [30000], model=0->-0.564634, peakres=0.036728->0.0170857, Possible divergence. Peak residual increased by 10% from minimum.
2020-06-27 18:52:31	INFO	task_tclean::SDAlgorithmBase::deconvolve 	[W51North_spw_7_1:C33] iters=224000->254000 [30000], model=0->-0.391911, peakres=0.0384923->0.0160066, Possible divergence. Peak residual increased by 10% from minimum.
2020-06-27 18:53:32	INFO	task_tclean::SDAlgorithmBase::deconvolve 	[W51North_spw_7_1:C34] iters=254000->290000 [36000], model=0->0.232937, peakres=0.0369375->0.0185216, Possible divergence. Peak residual increased by 10% from minimum.
2020-06-27 18:54:36	INFO	task_tclean::SDAlgorithmBase::deconvolve 	[W51North_spw_7_1:C35] iters=290000->324000 [34000], model=0->-0.695952, peakres=0.0347078->0.0165425, Possible divergence. Peak residual increased by 10% from minimum.
2020-06-27 18:56:14	INFO	task_tclean::SDAlgorithmBase::deconvolve 	[W51North_spw_7_1:C36] iters=324000->358000 [34000], model=0->-0.0996098, peakres=0.0336198->0.0189127, Possible divergence. Peak residual increased by 10% from minimum.
2020-06-27 18:57:13	INFO	task_tclean::SDAlgorithmBase::deconvolve 	[W51North_spw_7_1:C37] iters=358000->394000 [36000], model=0->2.21011, peakres=0.0365399->0.0222183, Possible divergence. Peak residual increased by 10% from minimum.
2020-06-27 18:58:09	INFO	task_tclean::SDAlgorithmBase::deconvolve 	[W51North_spw_7_1:C38] iters=394000->428000 [34000], model=0->0.807279, peakres=0.0348168->0.0165076, Possible divergence. Peak residual increased by 10% from minimum.
2020-06-27 18:58:54	INFO	task_tclean::SDAlgorithmBase::deconvolve 	[W51North_spw_7_1:C39] iters=428000->458000 [30000], model=0->0.0191927, peakres=0.0360916->0.017284, Possible divergence. Peak residual increased by 10% from minimum.
2020-06-27 18:59:40	INFO	task_tclean::SDAlgorithmBase::deconvolve 	[W51North_spw_7_1:C40] iters=458000->490000 [32000], model=0->-1.30122, peakres=0.039552->0.0157385, Possible divergence. Peak residual increased by 10% from minimum.
2020-06-27 19:00:37	INFO	task_tclean::SDAlgorithmBase::deconvolve 	[W51North_spw_7_1:C41] iters=490000->528000 [38000], model=0->0.720038, peakres=0.0342523->0.0187375, Possible divergence. Peak residual increased by 10% from minimum.
2020-06-27 19:01:35	INFO	task_tclean::SDAlgorithmBase::deconvolve 	[W51North_spw_7_1:C42] iters=528000->568000 [40000], model=0->-1.01724, peakres=0.0354192->0.0158937, Possible divergence. Peak residual increased by 10% from minimum.
2020-06-27 19:02:24	INFO	task_tclean::SDAlgorithmBase::deconvolve 	[W51North_spw_7_1:C43] iters=568000->602000 [34000], model=0->0.123796, peakres=0.0375491->0.0146672, Possible divergence. Peak residual increased by 10% from minimum.
2020-06-27 19:03:04	INFO	task_tclean::SDAlgorithmBase::deconvolve 	[W51North_spw_7_1:C44] iters=602000->630000 [28000], model=0->0.272363, peakres=0.035842->0.0156276, Possible divergence. Peak residual increased by 10% from minimum.
2020-06-27 19:03:50	INFO	task_tclean::SDAlgorithmBase::deconvolve 	[W51North_spw_7_1:C45] iters=630000->662000 [32000], model=0->1.48105, peakres=0.0343263->0.0172583, Possible divergence. Peak residual increased by 10% from minimum.
2020-06-27 19:04:37	INFO	task_tclean::SDAlgorithmBase::deconvolve 	[W51North_spw_7_1:C46] iters=662000->694000 [32000], model=0->1.01022, peakres=0.0331423->0.0156393, Possible divergence. Peak residual increased by 10% from minimum.
2020-06-27 19:05:29	INFO	task_tclean::SDAlgorithmBase::deconvolve 	[W51North_spw_7_1:C47] iters=694000->730000 [36000], model=0->-0.0280579, peakres=0.0348673->0.0181139, Possible divergence. Peak residual increased by 10% from minimum.
2020-06-27 19:06:14	INFO	task_tclean::SDAlgorithmBase::deconvolve 	[W51North_spw_7_1:C48] iters=730000->762000 [32000], model=0->0.507689, peakres=0.0338894->0.0157102, Possible divergence. Peak residual increased by 10% from minimum.
2020-06-27 19:07:02	INFO	task_tclean::SDAlgorithmBase::deconvolve 	[W51North_spw_7_1:C49] iters=762000->796000 [34000], model=0->-1.67031, peakres=0.0357496->0.0191631, Possible divergence. Peak residual increased by 10% from minimum.
2020-06-27 19:07:48	INFO	task_tclean::SDAlgorithmBase::deconvolve 	[W51North_spw_7_1:C50] iters=796000->828000 [32000], model=0->0.983753, peakres=0.034281->0.0184032, Possible divergence. Peak residual increased by 10% from minimum.
2020-06-27 19:08:34	INFO	task_tclean::SDAlgorithmBase::deconvolve 	[W51North_spw_7_1:C51] iters=828000->860000 [32000], model=0->1.19064, peakres=0.0354006->0.0160654, Possible divergence. Peak residual increased by 10% from minimum.
2020-06-27 19:09:16	INFO	task_tclean::SDAlgorithmBase::deconvolve 	[W51North_spw_7_1:C52] iters=860000->890000 [30000], model=0->-1.62773, peakres=0.0405048->0.016495, Possible divergence. Peak residual increased by 10% from minimum.
2020-06-27 19:10:01	INFO	task_tclean::SDAlgorithmBase::deconvolve 	[W51North_spw_7_1:C53] iters=890000->922000 [32000], model=0->-1.32283, peakres=0.0331987->0.0160303, Possible divergence. Peak residual increased by 10% from minimum.
2020-06-27 19:10:33	INFO	task_tclean::SDAlgorithmBase::deconvolve 	[W51North_spw_7_1:C54] iters=922000->944128 [22128], model=0->0.44482, peakres=0.0332622->0.0141536, Exited Hogbom minor cycle without reaching any stopping criterion.
2020-06-27 19:11:16	INFO	task_tclean::SDAlgorithmBase::deconvolve 	[W51North_spw_7_1:C55] iters=944128->974128 [30000], model=0->0.40655, peakres=0.0353759->0.017648, Possible divergence. Peak residual increased by 10% from minimum.
2020-06-27 19:12:05	INFO	task_tclean::SDAlgorithmBase::deconvolve 	[W51North_spw_7_1:C56] iters=974128->1008128 [34000], model=0->-0.556039, peakres=0.0325893->0.0151985, Possible divergence. Peak residual increased by 10% from minimum.
2020-06-27 19:12:45	INFO	task_tclean::SDAlgorithmBase::deconvolve 	[W51North_spw_7_1:C57] iters=1008128->1036128 [28000], model=0->0.211335, peakres=0.0353584->0.0145484, Possible divergence. Peak residual increased by 10% from minimum.
2020-06-27 19:13:43	INFO	task_tclean::SDAlgorithmBase::deconvolve 	[W51North_spw_7_1:C58] iters=1036128->1076128 [40000], model=0->2.07868, peakres=0.0329015->0.0224489, Possible divergence. Peak residual increased by 10% from minimum.
2020-06-27 19:14:38	INFO	task_tclean::SDAlgorithmBase::deconvolve 	[W51North_spw_7_1:C59] iters=1076128->1114128 [38000], model=0->1.90492, peakres=0.0322845->0.017477, Possible divergence. Peak residual increased by 10% from minimum.
2020-06-27 19:15:21	INFO	task_tclean::SDAlgorithmBase::deconvolve 	[W51North_spw_7_1:C60] iters=1114128->1144128 [30000], model=0->0.417386, peakres=0.0336242->0.0154953, Possible divergence. Peak residual increased by 10% from minimum.
2020-06-27 19:16:04	INFO	task_tclean::SDAlgorithmBase::deconvolve 	[W51North_spw_7_1:C61] iters=1144128->1174128 [30000], model=0->-0.081616, peakres=0.0331054->0.015055, Possible divergence. Peak residual increased by 10% from minimum.
2020-06-27 19:16:50	INFO	task_tclean::SDAlgorithmBase::deconvolve 	[W51North_spw_7_1:C62] iters=1174128->1206128 [32000], model=0->0.863003, peakres=0.0326765->0.016385, Possible divergence. Peak residual increased by 10% from minimum.
2020-06-27 19:17:33	INFO	task_tclean::SDAlgorithmBase::deconvolve 	[W51North_spw_7_1:C63] iters=1206128->1236128 [30000], model=0->0.5113, peakres=0.0330943->0.0136355, Possible divergence. Peak residual increased by 10% from minimum.
2020-06-27 19:18:11	INFO	task_tclean::SDAlgorithmBase::deconvolve 	[W51North_spw_7_1:C64] iters=1236128->1262128 [26000], model=0->0.257866, peakres=0.0329349->0.0139164, Possible divergence. Peak residual increased by 10% from minimum.
2020-06-27 19:18:49	INFO	task_tclean::SDAlgorithmBase::deconvolve 	[W51North_spw_7_1:C65] iters=1262128->1288128 [26000], model=0->-0.0835478, peakres=0.0325113->0.0156083, Possible divergence. Peak residual increased by 10% from minimum.
2020-06-27 19:19:39	INFO	task_tclean::SDAlgorithmBase::deconvolve 	[W51North_spw_7_1:C66] iters=1288128->1322128 [34000], model=0->0.829044, peakres=0.0326605->0.0194849, Possible divergence. Peak residual increased by 10% from minimum.
2020-06-27 19:20:10	INFO	task_tclean::SDAlgorithmBase::deconvolve 	[W51North_spw_7_1:C67] iters=1322128->1343455 [21327], model=0->0.122188, peakres=0.0332397->0.0177203, Exited Hogbom minor cycle without reaching any stopping criterion.
2020-06-27 19:20:40	INFO	task_tclean::SDAlgorithmBase::deconvolve 	[W51North_spw_7_1:C68] iters=1343455->1364380 [20925], model=0->0.154614, peakres=0.0360304->0.0135788, Exited Hogbom minor cycle without reaching any stopping criterion.
2020-06-27 19:21:25	INFO	task_tclean::SDAlgorithmBase::deconvolve 	[W51North_spw_7_1:C69] iters=1364380->1394380 [30000], model=0->-0.634001, peakres=0.0348573->0.0151691, Possible divergence. Peak residual increased by 10% from minimum.
2020-06-27 19:22:11	INFO	task_tclean::SDAlgorithmBase::deconvolve 	[W51North_spw_7_1:C70] iters=1394380->1426380 [32000], model=0->-0.717423, peakres=0.0356835->0.0151392, Possible divergence. Peak residual increased by 10% from minimum.
2020-06-27 19:22:44	INFO	task_tclean::SDAlgorithmBase::deconvolve 	[W51North_spw_7_1:C71] iters=1426380->1449250 [22870], model=0->-0.354463, peakres=0.0351182->0.0165345, Exited Hogbom minor cycle without reaching any stopping criterion.
2020-06-27 19:23:13	INFO	task_tclean::SDAlgorithmBase::deconvolve 	[W51North_spw_7_1:C72] iters=1449250->1469629 [20379], model=0->-0.282173, peakres=0.0314566->0.0140056, Exited Hogbom minor cycle without reaching any stopping criterion.
2020-06-27 19:23:43	INFO	task_tclean::SDAlgorithmBase::deconvolve 	[W51North_spw_7_1:C73] iters=1469629->1490447 [20818], model=0->0.34815, peakres=0.0325754->0.0143926, Exited Hogbom minor cycle without reaching any stopping criterion.
2020-06-27 19:24:32	INFO	task_tclean::SDAlgorithmBase::deconvolve 	[W51North_spw_7_1:C74] iters=1490447->1524447 [34000], model=0->-0.274126, peakres=0.0345422->0.0158674, Possible divergence. Peak residual increased by 10% from minimum.
2020-06-27 19:25:02	INFO	task_tclean::SDAlgorithmBase::deconvolve 	[W51North_spw_7_1:C75] iters=1524447->1545802 [21355], model=0->-0.0837424, peakres=0.0323481->0.0144308, Exited Hogbom minor cycle without reaching any stopping criterion.
2020-06-27 19:25:31	INFO	task_tclean::SDAlgorithmBase::deconvolve 	[W51North_spw_7_1:C76] iters=1545802->1565712 [19910], model=0->0.236033, peakres=0.0329899->0.014769, Exited Hogbom minor cycle without reaching any stopping criterion.
2020-06-27 19:26:01	INFO	task_tclean::SDAlgorithmBase::deconvolve 	[W51North_spw_7_1:C77] iters=1565712->1586720 [21008], model=0->-0.496642, peakres=0.0348894->0.0148563, Exited Hogbom minor cycle without reaching any stopping criterion.
2020-06-27 19:26:50	INFO	task_tclean::SDAlgorithmBase::deconvolve 	[W51North_spw_7_1:C78] iters=1586720->1620720 [34000], model=0->0.597233, peakres=0.0363025->0.0159983, Possible divergence. Peak residual increased by 10% from minimum.
2020-06-27 19:27:38	INFO	task_tclean::SDAlgorithmBase::deconvolve 	[W51North_spw_7_1:C79] iters=1620720->1652720 [32000], model=0->0.317369, peakres=0.0332692->0.014061, Possible divergence. Peak residual increased by 10% from minimum.
2020-06-27 19:28:12	INFO	task_tclean::SDAlgorithmBase::deconvolve 	[W51North_spw_7_1:C80] iters=1652720->1674134 [21414], model=0->0.402117, peakres=0.0340586->0.012613, Exited Hogbom minor cycle without reaching any stopping criterion.
2020-06-27 19:29:01	INFO	task_tclean::SDAlgorithmBase::deconvolve 	[W51North_spw_7_1:C81] iters=1674134->1704134 [30000], model=0->1.10014, peakres=0.0312951->0.0170598, Possible divergence. Peak residual increased by 10% from minimum.
2020-06-27 19:29:35	INFO	task_tclean::SDAlgorithmBase::deconvolve 	[W51North_spw_7_1:C82] iters=1704134->1725873 [21739], model=0->-0.0724304, peakres=0.0321898->0.0148124, Exited Hogbom minor cycle without reaching any stopping criterion.
2020-06-27 19:30:07	INFO	task_tclean::SDAlgorithmBase::deconvolve 	[W51North_spw_7_1:C83] iters=1725873->1746581 [20708], model=0->-0.350467, peakres=0.0327266->0.0180485, Exited Hogbom minor cycle without reaching any stopping criterion.
2020-06-27 19:30:41	INFO	task_tclean::SDAlgorithmBase::deconvolve 	[W51North_spw_7_1:C84] iters=1746581->1768249 [21668], model=0->-0.310006, peakres=0.0327088->0.0161441, Exited Hogbom minor cycle without reaching any stopping criterion.
2020-06-27 19:31:33	INFO	task_tclean::SDAlgorithmBase::deconvolve 	[W51North_spw_7_1:C85] iters=1768249->1800249 [32000], model=0->-1.14992, peakres=0.0337258->0.0156843, Possible divergence. Peak residual increased by 10% from minimum.
2020-06-27 19:32:21	INFO	task_tclean::SDAlgorithmBase::deconvolve 	[W51North_spw_7_1:C86] iters=1800249->1832249 [32000], model=0->0.29968, peakres=0.0337437->0.0153657, Possible divergence. Peak residual increased by 10% from minimum.
2020-06-27 19:33:07	INFO	task_tclean::SDAlgorithmBase::deconvolve 	[W51North_spw_7_1:C87] iters=1832249->1862249 [30000], model=0->0.444436, peakres=0.0356769->0.0145005, Possible divergence. Peak residual increased by 10% from minimum.
2020-06-27 19:34:00	INFO	task_tclean::SDAlgorithmBase::deconvolve 	[W51North_spw_7_1:C88] iters=1862249->1894249 [32000], model=0->0.888244, peakres=0.0328828->0.0148263, Possible divergence. Peak residual increased by 10% from minimum.
2020-06-27 19:34:55	INFO	task_tclean::SDAlgorithmBase::deconvolve 	[W51North_spw_7_1:C89] iters=1894249->1930249 [36000], model=0->0.847354, peakres=0.03687->0.018055, Possible divergence. Peak residual increased by 10% from minimum.
2020-06-27 19:35:41	INFO	task_tclean::SDAlgorithmBase::deconvolve 	[W51North_spw_7_1:C90] iters=1930249->1962249 [32000], model=0->0.723437, peakres=0.033384->0.0166379, Possible divergence. Peak residual increased by 10% from minimum.
2020-06-27 19:36:30	INFO	task_tclean::SDAlgorithmBase::deconvolve 	[W51North_spw_7_1:C91] iters=1962249->1996249 [34000], model=0->0.39392, peakres=0.0359827->0.016883, Possible divergence. Peak residual increased by 10% from minimum.
2020-06-27 19:37:00	INFO	task_tclean::SDAlgorithmBase::deconvolve 	[W51North_spw_7_1:C92] iters=1996249->2017860 [21611], model=0->0.345536, peakres=0.0344264->0.0137514, Exited Hogbom minor cycle without reaching any stopping criterion.
2020-06-27 19:37:31	INFO	task_tclean::SDAlgorithmBase::deconvolve 	[W51North_spw_7_1:C93] iters=2017860->2039072 [21212], model=0->-0.13567, peakres=0.0328506->0.0138792, Exited Hogbom minor cycle without reaching any stopping criterion.
2020-06-27 19:38:04	INFO	task_tclean::SDAlgorithmBase::deconvolve 	[W51North_spw_7_1:C94] iters=2039072->2060125 [21053], model=0->-0.0403698, peakres=0.031662->0.0124079, Exited Hogbom minor cycle without reaching any stopping criterion.
2020-06-27 19:38:55	INFO	task_tclean::SDAlgorithmBase::deconvolve 	[W51North_spw_7_1:C95] iters=2060125->2092125 [32000], model=0->0.255448, peakres=0.0334343->0.0149833, Possible divergence. Peak residual increased by 10% from minimum.
2020-06-27 19:39:28	INFO	task_tclean::SDAlgorithmBase::deconvolve 	[W51North_spw_7_1:C96] iters=2092125->2113291 [21166], model=0->0.495528, peakres=0.0344516->0.0136155, Exited Hogbom minor cycle without reaching any stopping criterion.
2020-06-27 19:40:19	INFO	task_tclean::SDAlgorithmBase::deconvolve 	[W51North_spw_7_1:C97] iters=2113291->2147291 [34000], model=0->-0.50262, peakres=0.0350832->0.0201295, Possible divergence. Peak residual increased by 10% from minimum.
2020-06-27 19:40:50	INFO	task_tclean::SDAlgorithmBase::deconvolve 	[W51North_spw_7_1:C98] iters=2147291->2167527 [20236], model=0->0.638565, peakres=0.034487->0.0150796, Exited Hogbom minor cycle without reaching any stopping criterion.
2020-06-27 19:41:36	INFO	task_tclean::SDAlgorithmBase::deconvolve 	[W51North_spw_7_1:C99] iters=2167527->2197527 [30000], model=0->-0.527727, peakres=0.031833->0.0138667, Possible divergence. Peak residual increased by 10% from minimum.
2020-06-27 19:42:06	INFO	task_tclean::SDAlgorithmBase::deconvolve 	[W51North_spw_7_1:C100] iters=2197527->2217216 [19689], model=0->0.331689, peakres=0.0310935->0.0132685, Exited Hogbom minor cycle without reaching any stopping criterion.
2020-06-27 19:42:51	INFO	task_tclean::SDAlgorithmBase::deconvolve 	[W51North_spw_7_1:C101] iters=2217216->2247216 [30000], model=0->-0.0428877, peakres=0.032727->0.0140009, Possible divergence. Peak residual increased by 10% from minimum.
2020-06-27 19:43:43	INFO	task_tclean::SDAlgorithmBase::deconvolve 	[W51North_spw_7_1:C102] iters=2247216->2279216 [32000], model=0->1.39417, peakres=0.0319532->0.0137192, Possible divergence. Peak residual increased by 10% from minimum.
2020-06-27 19:44:17	INFO	task_tclean::SDAlgorithmBase::deconvolve 	[W51North_spw_7_1:C103] iters=2279216->2301029 [21813], model=0->0.80209, peakres=0.0327695->0.0156934, Exited Hogbom minor cycle without reaching any stopping criterion.
2020-06-27 19:45:08	INFO	task_tclean::SDAlgorithmBase::deconvolve 	[W51North_spw_7_1:C104] iters=2301029->2335029 [34000], model=0->0.735441, peakres=0.032527->0.0165957, Possible divergence. Peak residual increased by 10% from minimum.
2020-06-27 19:45:38	INFO	task_tclean::SDAlgorithmBase::deconvolve 	[W51North_spw_7_1:C105] iters=2335029->2356221 [21192], model=0->0.576687, peakres=0.032599->0.0139353, Exited Hogbom minor cycle without reaching any stopping criterion.
2020-06-27 19:46:27	INFO	task_tclean::SDAlgorithmBase::deconvolve 	[W51North_spw_7_1:C106] iters=2356221->2390221 [34000], model=0->1.37444, peakres=0.0327853->0.0164893, Possible divergence. Peak residual increased by 10% from minimum.
2020-06-27 19:46:58	INFO	task_tclean::SDAlgorithmBase::deconvolve 	[W51North_spw_7_1:C107] iters=2390221->2411886 [21665], model=0->-0.222758, peakres=0.0322052->0.0125278, Exited Hogbom minor cycle without reaching any stopping criterion.
2020-06-27 19:47:42	INFO	task_tclean::SDAlgorithmBase::deconvolve 	[W51North_spw_7_1:C108] iters=2411886->2441886 [30000], model=0->-0.13839, peakres=0.0313418->0.0159895, Possible divergence. Peak residual increased by 10% from minimum.
2020-06-27 19:48:19	INFO	task_tclean::SDAlgorithmBase::deconvolve 	[W51North_spw_7_1:C109] iters=2441886->2467886 [26000], model=0->0.194233, peakres=0.0331702->0.0151576, Possible divergence. Peak residual increased by 10% from minimum.
2020-06-27 19:49:02	INFO	task_tclean::SDAlgorithmBase::deconvolve 	[W51North_spw_7_1:C110] iters=2467886->2497886 [30000], model=0->0.0829059, peakres=0.0334671->0.0190501, Possible divergence. Peak residual increased by 10% from minimum.
2020-06-27 19:49:52	INFO	task_tclean::SDAlgorithmBase::deconvolve 	[W51North_spw_7_1:C111] iters=2497886->2531886 [34000], model=0->-0.301467, peakres=0.0328626->0.0137204, Possible divergence. Peak residual increased by 10% from minimum.
2020-06-27 19:50:42	INFO	task_tclean::SDAlgorithmBase::deconvolve 	[W51North_spw_7_1:C112] iters=2531886->2565886 [34000], model=0->0.435258, peakres=0.032101->0.0167856, Possible divergence. Peak residual increased by 10% from minimum.
2020-06-27 19:51:37	INFO	task_tclean::SDAlgorithmBase::deconvolve 	[W51North_spw_7_1:C113] iters=2565886->2601886 [36000], model=0->-0.807658, peakres=0.033287->0.0164306, Possible divergence. Peak residual increased by 10% from minimum.
2020-06-27 19:52:06	INFO	task_tclean::SDAlgorithmBase::deconvolve 	[W51North_spw_7_1:C114] iters=2601886->2622217 [20331], model=0->0.501324, peakres=0.0322176->0.0141539, Exited Hogbom minor cycle without reaching any stopping criterion.
2020-06-27 19:52:34	INFO	task_tclean::SDAlgorithmBase::deconvolve 	[W51North_spw_7_1:C115] iters=2622217->2642058 [19841], model=0->0.470226, peakres=0.033751->0.0127822, Exited Hogbom minor cycle without reaching any stopping criterion.
2020-06-27 19:53:04	INFO	task_tclean::SDAlgorithmBase::deconvolve 	[W51North_spw_7_1:C116] iters=2642058->2662837 [20779], model=0->-0.615914, peakres=0.0342523->0.0139657, Exited Hogbom minor cycle without reaching any stopping criterion.
2020-06-27 19:53:50	INFO	task_tclean::SDAlgorithmBase::deconvolve 	[W51North_spw_7_1:C117] iters=2662837->2694837 [32000], model=0->-1.83094, peakres=0.0317029->0.0154743, Possible divergence. Peak residual increased by 10% from minimum.
2020-06-27 19:54:31	INFO	task_tclean::SDAlgorithmBase::deconvolve 	[W51North_spw_7_1:C118] iters=2694837->2724837 [30000], model=0->-1.03232, peakres=0.0322027->0.0143467, Possible divergence. Peak residual increased by 10% from minimum.
2020-06-27 19:55:26	INFO	task_tclean::SDAlgorithmBase::deconvolve 	[W51North_spw_7_1:C119] iters=2724837->2762837 [38000], model=0->-0.917618, peakres=0.0341419->0.0147342, Possible divergence. Peak residual increased by 10% from minimum.
2020-06-27 19:56:15	INFO	task_tclean::SDAlgorithmBase::deconvolve 	[W51North_spw_7_1:C120] iters=2762837->2796837 [34000], model=0->-0.686266, peakres=0.0357398->0.0148593, Possible divergence. Peak residual increased by 10% from minimum.
2020-06-27 19:56:44	INFO	task_tclean::SDAlgorithmBase::deconvolve 	[W51North_spw_7_1:C121] iters=2796837->2817305 [20468], model=0->-0.659, peakres=0.030985->0.0129295, Exited Hogbom minor cycle without reaching any stopping criterion.
2020-06-27 19:57:14	INFO	task_tclean::SDAlgorithmBase::deconvolve 	[W51North_spw_7_1:C122] iters=2817305->2838032 [20727], model=0->-0.0274744, peakres=0.0339427->0.0136775, Exited Hogbom minor cycle without reaching any stopping criterion.
2020-06-27 19:58:04	INFO	task_tclean::SDAlgorithmBase::deconvolve 	[W51North_spw_7_1:C123] iters=2838032->2872032 [34000], model=0->-0.842606, peakres=0.0348877->0.0157677, Possible divergence. Peak residual increased by 10% from minimum.
2020-06-27 19:58:56	INFO	task_tclean::SDAlgorithmBase::deconvolve 	[W51North_spw_7_1:C124] iters=2872032->2908032 [36000], model=0->-0.708476, peakres=0.0334072->0.0181857, Possible divergence. Peak residual increased by 10% from minimum.
2020-06-27 19:59:27	INFO	task_tclean::SDAlgorithmBase::deconvolve 	[W51North_spw_7_1:C125] iters=2908032->2929476 [21444], model=0->-0.394909, peakres=0.0359368->0.0155381, Exited Hogbom minor cycle without reaching any stopping criterion.
2020-06-27 19:59:59	INFO	task_tclean::SDAlgorithmBase::deconvolve 	[W51North_spw_7_1:C126] iters=2929476->2951894 [22418], model=0->0.594442, peakres=0.0378049->0.0160731, Exited Hogbom minor cycle without reaching any stopping criterion.
2020-06-27 20:00:33	INFO	task_tclean::SDAlgorithmBase::deconvolve 	[W51North_spw_7_1:C127] iters=2951894->2975604 [23710], model=0->0.366945, peakres=0.0340021->0.0161522, Exited Hogbom minor cycle without reaching any stopping criterion.
2020-06-27 20:01:03	INFO	task_tclean::SDAlgorithmBase::deconvolve 	[W51North_spw_7_1:C128] iters=2975604->2996858 [21254], model=0->-0.407169, peakres=0.0365654->0.0135385, Exited Hogbom minor cycle without reaching any stopping criterion.
2020-06-27 20:01:32	INFO	task_tclean::SDAlgorithmBase::deconvolve 	[W51North_spw_7_1:C129] iters=2996858->3017251 [20393], model=0->-0.195777, peakres=0.0327717->0.013043, Exited Hogbom minor cycle without reaching any stopping criterion.
2020-06-27 20:02:03	INFO	task_tclean::SDAlgorithmBase::deconvolve 	[W51North_spw_7_1:C130] iters=3017251->3038374 [21123], model=0->-0.240629, peakres=0.0304973->0.013269, Exited Hogbom minor cycle without reaching any stopping criterion.
2020-06-27 20:02:34	INFO	task_tclean::SDAlgorithmBase::deconvolve 	[W51North_spw_7_1:C131] iters=3038374->3060072 [21698], model=0->0.325915, peakres=0.0310369->0.0133213, Exited Hogbom minor cycle without reaching any stopping criterion.
2020-06-27 20:03:20	INFO	task_tclean::SDAlgorithmBase::deconvolve 	[W51North_spw_7_1:C132] iters=3060072->3092072 [32000], model=0->0.752309, peakres=0.0354851->0.0142669, Possible divergence. Peak residual increased by 10% from minimum.
2020-06-27 20:04:06	INFO	task_tclean::SDAlgorithmBase::deconvolve 	[W51North_spw_7_1:C133] iters=3092072->3124072 [32000], model=0->-0.150845, peakres=0.0349608->0.0152377, Possible divergence. Peak residual increased by 10% from minimum.
2020-06-27 20:04:52	INFO	task_tclean::SDAlgorithmBase::deconvolve 	[W51North_spw_7_1:C134] iters=3124072->3156072 [32000], model=0->0.166586, peakres=0.033615->0.0154908, Possible divergence. Peak residual increased by 10% from minimum.
2020-06-27 20:05:21	INFO	task_tclean::SDAlgorithmBase::deconvolve 	[W51North_spw_7_1:C135] iters=3156072->3176465 [20393], model=0->0.0420547, peakres=0.0328444->0.0142125, Exited Hogbom minor cycle without reaching any stopping criterion.
2020-06-27 20:05:49	INFO	task_tclean::SDAlgorithmBase::deconvolve 	[W51North_spw_7_1:C136] iters=3176465->3196560 [20095], model=0->0.363422, peakres=0.031464->0.0161051, Exited Hogbom minor cycle without reaching any stopping criterion.
2020-06-27 20:06:18	INFO	task_tclean::SDAlgorithmBase::deconvolve 	[W51North_spw_7_1:C137] iters=3196560->3216743 [20183], model=0->0.11329, peakres=0.0331598->0.0147056, Exited Hogbom minor cycle without reaching any stopping criterion.
2020-06-27 20:06:47	INFO	task_tclean::SDAlgorithmBase::deconvolve 	[W51North_spw_7_1:C138] iters=3216743->3237105 [20362], model=0->-0.0462028, peakres=0.0327321->0.0153877, Exited Hogbom minor cycle without reaching any stopping criterion.
2020-06-27 20:07:27	INFO	task_tclean::SDAlgorithmBase::deconvolve 	[W51North_spw_7_1:C139] iters=3237105->3265105 [28000], model=0->-0.354772, peakres=0.0332329->0.0150849, Possible divergence. Peak residual increased by 10% from minimum.
2020-06-27 20:08:13	INFO	task_tclean::SDAlgorithmBase::deconvolve 	[W51North_spw_7_1:C140] iters=3265105->3297105 [32000], model=0->-0.0418557, peakres=0.0327275->0.0154001, Possible divergence. Peak residual increased by 10% from minimum.
2020-06-27 20:08:41	INFO	task_tclean::SDAlgorithmBase::deconvolve 	[W51North_spw_7_1:C141] iters=3297105->3316913 [19808], model=0->-0.485611, peakres=0.0328646->0.0147912, Exited Hogbom minor cycle without reaching any stopping criterion.
2020-06-27 20:09:28	INFO	task_tclean::SDAlgorithmBase::deconvolve 	[W51North_spw_7_1:C142] iters=3316913->3348913 [32000], model=0->-0.052456, peakres=0.0331042->0.014012, Possible divergence. Peak residual increased by 10% from minimum.
2020-06-27 20:10:14	INFO	task_tclean::SDAlgorithmBase::deconvolve 	[W51North_spw_7_1:C143] iters=3348913->3380913 [32000], model=0->-1.09113, peakres=0.0322979->0.0133637, Possible divergence. Peak residual increased by 10% from minimum.
2020-06-27 20:11:02	INFO	task_tclean::SDAlgorithmBase::deconvolve 	[W51North_spw_7_1:C144] iters=3380913->3412913 [32000], model=0->0.226227, peakres=0.0315874->0.0145569, Possible divergence. Peak residual increased by 10% from minimum.
2020-06-27 20:11:53	INFO	task_tclean::SDAlgorithmBase::deconvolve 	[W51North_spw_7_1:C145] iters=3412913->3446913 [34000], model=0->-0.205718, peakres=0.0334247->0.0167126, Possible divergence. Peak residual increased by 10% from minimum.
2020-06-27 20:12:25	INFO	task_tclean::SDAlgorithmBase::deconvolve 	[W51North_spw_7_1:C146] iters=3446913->3467780 [20867], model=0->-0.61246, peakres=0.0344544->0.0150761, Exited Hogbom minor cycle without reaching any stopping criterion.
2020-06-27 20:12:53	INFO	task_tclean::SDAlgorithmBase::deconvolve 	[W51North_spw_7_1:C147] iters=3467780->3486885 [19105], model=0->0.165263, peakres=0.0337565->0.0139611, Exited Hogbom minor cycle without reaching any stopping criterion.
2020-06-27 20:13:26	INFO	task_tclean::SDAlgorithmBase::deconvolve 	[W51North_spw_7_1:C148] iters=3486885->3508674 [21789], model=0->0.247202, peakres=0.0320459->0.0174105, Exited Hogbom minor cycle without reaching any stopping criterion.
2020-06-27 20:13:56	INFO	task_tclean::SDAlgorithmBase::deconvolve 	[W51North_spw_7_1:C149] iters=3508674->3529406 [20732], model=0->0.58782, peakres=0.0316865->0.0139242, Exited Hogbom minor cycle without reaching any stopping criterion.
2020-06-27 20:14:30	INFO	task_tclean::SDAlgorithmBase::deconvolve 	[W51North_spw_7_1:C150] iters=3529406->3553406 [24000], model=0->0.476881, peakres=0.0322588->0.0159154, Possible divergence. Peak residual increased by 10% from minimum.
2020-06-27 20:15:00	INFO	task_tclean::SDAlgorithmBase::deconvolve 	[W51North_spw_7_1:C151] iters=3553406->3574940 [21534], model=0->0.104341, peakres=0.0356527->0.0121025, Exited Hogbom minor cycle without reaching any stopping criterion.
2020-06-27 20:15:30	INFO	task_tclean::SDAlgorithmBase::deconvolve 	[W51North_spw_7_1:C152] iters=3574940->3595665 [20725], model=0->-0.260532, peakres=0.0323172->0.0146964, Exited Hogbom minor cycle without reaching any stopping criterion.
2020-06-27 20:15:59	INFO	task_tclean::SDAlgorithmBase::deconvolve 	[W51North_spw_7_1:C153] iters=3595665->3615736 [20071], model=0->0.135132, peakres=0.0360964->0.0132189, Exited Hogbom minor cycle without reaching any stopping criterion.
2020-06-27 20:16:30	INFO	task_tclean::SDAlgorithmBase::deconvolve 	[W51North_spw_7_1:C154] iters=3615736->3638087 [22351], model=0->0.522396, peakres=0.035815->0.0179355, Exited Hogbom minor cycle without reaching any stopping criterion.
2020-06-27 20:17:00	INFO	task_tclean::SDAlgorithmBase::deconvolve 	[W51North_spw_7_1:C155] iters=3638087->3658921 [20834], model=0->0.193281, peakres=0.0335099->0.0132442, Exited Hogbom minor cycle without reaching any stopping criterion.
2020-06-27 20:17:30	INFO	task_tclean::SDAlgorithmBase::deconvolve 	[W51North_spw_7_1:C156] iters=3658921->3679579 [20658], model=0->0.533074, peakres=0.0322617->0.0140572, Exited Hogbom minor cycle without reaching any stopping criterion.
2020-06-27 20:17:59	INFO	task_tclean::SDAlgorithmBase::deconvolve 	[W51North_spw_7_1:C157] iters=3679579->3699576 [19997], model=0->-0.0401531, peakres=0.0321885->0.0147047, Exited Hogbom minor cycle without reaching any stopping criterion.
2020-06-27 20:18:35	INFO	task_tclean::SDAlgorithmBase::deconvolve 	[W51North_spw_7_1:C158] iters=3699576->3723576 [24000], model=0->0.104575, peakres=0.0333986->0.0151054, Possible divergence. Peak residual increased by 10% from minimum.
2020-06-27 20:19:22	INFO	task_tclean::SDAlgorithmBase::deconvolve 	[W51North_spw_7_1:C159] iters=3723576->3751576 [28000], model=0->0.0612898, peakres=0.0321426->0.0142168, Possible divergence. Peak residual increased by 10% from minimum.
2020-06-27 20:20:12	INFO	task_tclean::SDAlgorithmBase::deconvolve 	[W51North_spw_7_1:C160] iters=3751576->3783576 [32000], model=0->-0.912592, peakres=0.0331629->0.0153465, Possible divergence. Peak residual increased by 10% from minimum.
2020-06-27 20:21:00	INFO	task_tclean::SDAlgorithmBase::deconvolve 	[W51North_spw_7_1:C161] iters=3783576->3815576 [32000], model=0->-0.163322, peakres=0.0342638->0.0152146, Possible divergence. Peak residual increased by 10% from minimum.
2020-06-27 20:21:31	INFO	task_tclean::SDAlgorithmBase::deconvolve 	[W51North_spw_7_1:C162] iters=3815576->3835678 [20102], model=0->0.676914, peakres=0.0342363->0.0140782, Exited Hogbom minor cycle without reaching any stopping criterion.
2020-06-27 20:22:27	INFO	task_tclean::SDAlgorithmBase::deconvolve 	[W51North_spw_7_1:C163] iters=3835678->3869678 [34000], model=0->-0.538955, peakres=0.0339452->0.0140607, Possible divergence. Peak residual increased by 10% from minimum.
2020-06-27 20:23:14	INFO	task_tclean::SDAlgorithmBase::deconvolve 	[W51North_spw_7_1:C164] iters=3869678->3899678 [30000], model=0->0.924045, peakres=0.0326292->0.0149053, Possible divergence. Peak residual increased by 10% from minimum.
2020-06-27 20:23:59	INFO	task_tclean::SDAlgorithmBase::deconvolve 	[W51North_spw_7_1:C165] iters=3899678->3929678 [30000], model=0->0.290733, peakres=0.0322709->0.0149317, Possible divergence. Peak residual increased by 10% from minimum.
2020-06-27 20:24:31	INFO	task_tclean::SDAlgorithmBase::deconvolve 	[W51North_spw_7_1:C166] iters=3929678->3950365 [20687], model=0->-0.192437, peakres=0.0330727->0.0123119, Exited Hogbom minor cycle without reaching any stopping criterion.
2020-06-27 20:25:03	INFO	task_tclean::SDAlgorithmBase::deconvolve 	[W51North_spw_7_1:C167] iters=3950365->3971787 [21422], model=0->0.158238, peakres=0.0349634->0.0123541, Exited Hogbom minor cycle without reaching any stopping criterion.
2020-06-27 20:25:55	INFO	task_tclean::SDAlgorithmBase::deconvolve 	[W51North_spw_7_1:C168] iters=3971787->4005787 [34000], model=0->0.340427, peakres=0.0327571->0.0147412, Possible divergence. Peak residual increased by 10% from minimum.
2020-06-27 20:26:48	INFO	task_tclean::SDAlgorithmBase::deconvolve 	[W51North_spw_7_1:C169] iters=4005787->4039787 [34000], model=0->-0.484205, peakres=0.0339244->0.0181566, Possible divergence. Peak residual increased by 10% from minimum.
2020-06-27 20:27:19	INFO	task_tclean::SDAlgorithmBase::deconvolve 	[W51North_spw_7_1:C170] iters=4039787->4060889 [21102], model=0->-0.00696445, peakres=0.0331924->0.0163836, Exited Hogbom minor cycle without reaching any stopping criterion.
2020-06-27 20:27:50	INFO	task_tclean::SDAlgorithmBase::deconvolve 	[W51North_spw_7_1:C171] iters=4060889->4081188 [20299], model=0->0.570683, peakres=0.031188->0.0131854, Exited Hogbom minor cycle without reaching any stopping criterion.
2020-06-27 20:28:21	INFO	task_tclean::SDAlgorithmBase::deconvolve 	[W51North_spw_7_1:C172] iters=4081188->4101779 [20591], model=0->0.279665, peakres=0.0313317->0.0152664, Exited Hogbom minor cycle without reaching any stopping criterion.
2020-06-27 20:28:52	INFO	task_tclean::SDAlgorithmBase::deconvolve 	[W51North_spw_7_1:C173] iters=4101779->4122317 [20538], model=0->0.248987, peakres=0.0341473->0.0135737, Exited Hogbom minor cycle without reaching any stopping criterion.
2020-06-27 20:29:41	INFO	task_tclean::SDAlgorithmBase::deconvolve 	[W51North_spw_7_1:C174] iters=4122317->4154317 [32000], model=0->0.074597, peakres=0.0325483->0.0150234, Possible divergence. Peak residual increased by 10% from minimum.
2020-06-27 20:30:23	INFO	task_tclean::SDAlgorithmBase::deconvolve 	[W51North_spw_7_1:C175] iters=4154317->4182317 [28000], model=0->-0.828031, peakres=0.0339827->0.0159509, Possible divergence. Peak residual increased by 10% from minimum.
2020-06-27 20:31:09	INFO	task_tclean::SDAlgorithmBase::deconvolve 	[W51North_spw_7_1:C176] iters=4182317->4212317 [30000], model=0->-0.699575, peakres=0.0324092->0.0173299, Possible divergence. Peak residual increased by 10% from minimum.
2020-06-27 20:31:40	INFO	task_tclean::SDAlgorithmBase::deconvolve 	[W51North_spw_7_1:C177] iters=4212317->4233279 [20962], model=0->0.394908, peakres=0.0363751->0.0163285, Exited Hogbom minor cycle without reaching any stopping criterion.
2020-06-27 20:32:22	INFO	task_tclean::SDAlgorithmBase::deconvolve 	[W51North_spw_7_1:C178] iters=4233279->4261279 [28000], model=0->1.26949, peakres=0.0384086->0.0145728, Possible divergence. Peak residual increased by 10% from minimum.
2020-06-27 20:32:51	INFO	task_tclean::SDAlgorithmBase::deconvolve 	[W51North_spw_7_1:C179] iters=4261279->4280536 [19257], model=0->0.457685, peakres=0.0323586->0.0137898, Exited Hogbom minor cycle without reaching any stopping criterion.
2020-06-27 20:33:20	INFO	task_tclean::SDAlgorithmBase::deconvolve 	[W51North_spw_7_1:C180] iters=4280536->4299853 [19317], model=0->0.0714887, peakres=0.0324726->0.0123775, Exited Hogbom minor cycle without reaching any stopping criterion.
2020-06-27 20:34:03	INFO	task_tclean::SDAlgorithmBase::deconvolve 	[W51North_spw_7_1:C181] iters=4299853->4327853 [28000], model=0->0.278543, peakres=0.0328977->0.016856, Possible divergence. Peak residual increased by 10% from minimum.
2020-06-27 20:34:55	INFO	task_tclean::SDAlgorithmBase::deconvolve 	[W51North_spw_7_1:C182] iters=4327853->4361853 [34000], model=0->0.79795, peakres=0.0312177->0.0157897, Possible divergence. Peak residual increased by 10% from minimum.
2020-06-27 20:35:28	INFO	task_tclean::SDAlgorithmBase::deconvolve 	[W51North_spw_7_1:C183] iters=4361853->4383401 [21548], model=0->0.0428955, peakres=0.0324243->0.0127107, Exited Hogbom minor cycle without reaching any stopping criterion.
2020-06-27 20:36:17	INFO	task_tclean::SDAlgorithmBase::deconvolve 	[W51North_spw_7_1:C184] iters=4383401->4415401 [32000], model=0->-0.155984, peakres=0.0345024->0.0158403, Possible divergence. Peak residual increased by 10% from minimum.
2020-06-27 20:37:03	INFO	task_tclean::SDAlgorithmBase::deconvolve 	[W51North_spw_7_1:C185] iters=4415401->4445401 [30000], model=0->-0.959215, peakres=0.034393->0.0151263, Possible divergence. Peak residual increased by 10% from minimum.
2020-06-27 20:37:51	INFO	task_tclean::SDAlgorithmBase::deconvolve 	[W51North_spw_7_1:C186] iters=4445401->4477401 [32000], model=0->0.39679, peakres=0.0327217->0.0180386, Possible divergence. Peak residual increased by 10% from minimum.
2020-06-27 20:38:41	INFO	task_tclean::SDAlgorithmBase::deconvolve 	[W51North_spw_7_1:C187] iters=4477401->4509401 [32000], model=0->-0.67401, peakres=0.035072->0.0147173, Possible divergence. Peak residual increased by 10% from minimum.
2020-06-27 20:39:13	INFO	task_tclean::SDAlgorithmBase::deconvolve 	[W51North_spw_7_1:C188] iters=4509401->4530094 [20693], model=0->-0.190849, peakres=0.0328269->0.0133872, Exited Hogbom minor cycle without reaching any stopping criterion.
2020-06-27 20:39:45	INFO	task_tclean::SDAlgorithmBase::deconvolve 	[W51North_spw_7_1:C189] iters=4530094->4551581 [21487], model=0->0.406848, peakres=0.0325021->0.0135722, Exited Hogbom minor cycle without reaching any stopping criterion.
2020-06-27 20:40:30	INFO	task_tclean::SDAlgorithmBase::deconvolve 	[W51North_spw_7_1:C190] iters=4551581->4581581 [30000], model=0->0.669936, peakres=0.0325775->0.0150569, Possible divergence. Peak residual increased by 10% from minimum.
2020-06-27 20:41:00	INFO	task_tclean::SDAlgorithmBase::deconvolve 	[W51North_spw_7_1:C191] iters=4581581->4601909 [20328], model=0->-0.700371, peakres=0.0332077->0.0136277, Exited Hogbom minor cycle without reaching any stopping criterion.
2020-06-27 20:41:49	INFO	task_tclean::SDAlgorithmBase::deconvolve 	[W51North_spw_7_1:C192] iters=4601909->4633909 [32000], model=0->-1.38742, peakres=0.0338876->0.014808, Possible divergence. Peak residual increased by 10% from minimum.
2020-06-27 20:42:19	INFO	task_tclean::SDAlgorithmBase::deconvolve 	[W51North_spw_7_1:C193] iters=4633909->4653895 [19986], model=0->-0.169054, peakres=0.0331403->0.0130241, Exited Hogbom minor cycle without reaching any stopping criterion.
2020-06-27 20:43:05	INFO	task_tclean::SDAlgorithmBase::deconvolve 	[W51North_spw_7_1:C194] iters=4653895->4683895 [30000], model=0->0.138491, peakres=0.0315744->0.018175, Possible divergence. Peak residual increased by 10% from minimum.
2020-06-27 20:43:35	INFO	task_tclean::SDAlgorithmBase::deconvolve 	[W51North_spw_7_1:C195] iters=4683895->4704180 [20285], model=0->-0.116696, peakres=0.0335083->0.0156651, Exited Hogbom minor cycle without reaching any stopping criterion.
2020-06-27 20:44:06	INFO	task_tclean::SDAlgorithmBase::deconvolve 	[W51North_spw_7_1:C196] iters=4704180->4724572 [20392], model=0->0.305683, peakres=0.032239->0.0142121, Exited Hogbom minor cycle without reaching any stopping criterion.
2020-06-27 20:44:55	INFO	task_tclean::SDAlgorithmBase::deconvolve 	[W51North_spw_7_1:C197] iters=4724572->4756572 [32000], model=0->1.17727, peakres=0.034122->0.0227307, Possible divergence. Peak residual increased by 10% from minimum.
2020-06-27 20:45:43	INFO	task_tclean::SDAlgorithmBase::deconvolve 	[W51North_spw_7_1:C198] iters=4756572->4788572 [32000], model=0->-1.32202, peakres=0.0317528->0.0160459, Possible divergence. Peak residual increased by 10% from minimum.
2020-06-27 20:46:16	INFO	task_tclean::SDAlgorithmBase::deconvolve 	[W51North_spw_7_1:C199] iters=4788572->4810043 [21471], model=0->0.355729, peakres=0.0327342->0.014566, Exited Hogbom minor cycle without reaching any stopping criterion.
2020-06-27 20:46:45	INFO	task_tclean::SDAlgorithmBase::deconvolve 	[W51North_spw_7_1:C200] iters=4810043->4829606 [19563], model=0->0.000799395, peakres=0.0314027->0.0140681, Exited Hogbom minor cycle without reaching any stopping criterion.
2020-06-27 20:47:15	INFO	task_tclean::SDAlgorithmBase::deconvolve 	[W51North_spw_7_1:C201] iters=4829606->4849607 [20001], model=0->0.535336, peakres=0.0332232->0.0124001, Exited Hogbom minor cycle without reaching any stopping criterion.
2020-06-27 20:47:44	INFO	task_tclean::SDAlgorithmBase::deconvolve 	[W51North_spw_7_1:C202] iters=4849607->4869047 [19440], model=0->0.223011, peakres=0.0352977->0.0176629, Exited Hogbom minor cycle without reaching any stopping criterion.
2020-06-27 20:48:14	INFO	task_tclean::SDAlgorithmBase::deconvolve 	[W51North_spw_7_1:C203] iters=4869047->4889121 [20074], model=0->0.482309, peakres=0.0321925->0.0137135, Exited Hogbom minor cycle without reaching any stopping criterion.
2020-06-27 20:48:59	INFO	task_tclean::SDAlgorithmBase::deconvolve 	[W51North_spw_7_1:C204] iters=4889121->4919121 [30000], model=0->1.13802, peakres=0.0322249->0.0135499, Possible divergence. Peak residual increased by 10% from minimum.
2020-06-27 20:49:29	INFO	task_tclean::SDAlgorithmBase::deconvolve 	[W51North_spw_7_1:C205] iters=4919121->4938570 [19449], model=0->0.0296987, peakres=0.0348123->0.0142974, Exited Hogbom minor cycle without reaching any stopping criterion.
2020-06-27 20:50:11	INFO	task_tclean::SDAlgorithmBase::deconvolve 	[W51North_spw_7_1:C206] iters=4938570->4966570 [28000], model=0->0.462841, peakres=0.0334248->0.0149461, Possible divergence. Peak residual increased by 10% from minimum.
2020-06-27 20:50:56	INFO	task_tclean::SDAlgorithmBase::deconvolve 	[W51North_spw_7_1:C207] iters=4966570->4996570 [30000], model=0->1.53788, peakres=0.0328361->0.0150834, Possible divergence. Peak residual increased by 10% from minimum.
2020-06-27 20:51:27	INFO	task_tclean::SDAlgorithmBase::deconvolve 	[W51North_spw_7_1:C208] iters=4996570->5017360 [20790], model=0->-0.0823479, peakres=0.0325226->0.0127733, Exited Hogbom minor cycle without reaching any stopping criterion.
2020-06-27 20:52:22	INFO	task_tclean::SDAlgorithmBase::deconvolve 	[W51North_spw_7_1:C209] iters=5017360->5053360 [36000], model=0->1.49278, peakres=0.031839->0.0206204, Possible divergence. Peak residual increased by 10% from minimum.
2020-06-27 20:53:07	INFO	task_tclean::SDAlgorithmBase::deconvolve 	[W51North_spw_7_1:C210] iters=5053360->5083360 [30000], model=0->0.224505, peakres=0.0336429->0.0144359, Possible divergence. Peak residual increased by 10% from minimum.
2020-06-27 20:54:06	INFO	task_tclean::SDAlgorithmBase::deconvolve 	[W51North_spw_7_1:C211] iters=5083360->5121360 [38000], model=0->-0.545438, peakres=0.0328144->0.0203458, Possible divergence. Peak residual increased by 10% from minimum.
2020-06-27 20:54:54	INFO	task_tclean::SDAlgorithmBase::deconvolve 	[W51North_spw_7_1:C212] iters=5121360->5153360 [32000], model=0->-0.755046, peakres=0.0342662->0.0157616, Possible divergence. Peak residual increased by 10% from minimum.
2020-06-27 20:55:36	INFO	task_tclean::SDAlgorithmBase::deconvolve 	[W51North_spw_7_1:C213] iters=5153360->5181360 [28000], model=0->0.400451, peakres=0.0343875->0.016185, Possible divergence. Peak residual increased by 10% from minimum.
2020-06-27 20:56:18	INFO	task_tclean::SDAlgorithmBase::deconvolve 	[W51North_spw_7_1:C214] iters=5181360->5209360 [28000], model=0->-0.221668, peakres=0.0340489->0.0166705, Possible divergence. Peak residual increased by 10% from minimum.
2020-06-27 20:57:04	INFO	task_tclean::SDAlgorithmBase::deconvolve 	[W51North_spw_7_1:C215] iters=5209360->5239360 [30000], model=0->-0.78276, peakres=0.0329824->0.0175328, Possible divergence. Peak residual increased by 10% from minimum.
2020-06-27 20:57:53	INFO	task_tclean::SDAlgorithmBase::deconvolve 	[W51North_spw_7_1:C216] iters=5239360->5271360 [32000], model=0->0.0974162, peakres=0.0348334->0.0154302, Possible divergence. Peak residual increased by 10% from minimum.
2020-06-27 20:58:26	INFO	task_tclean::SDAlgorithmBase::deconvolve 	[W51North_spw_7_1:C217] iters=5271360->5293273 [21913], model=0->-0.114171, peakres=0.0327186->0.0121467, Exited Hogbom minor cycle without reaching any stopping criterion.
2020-06-27 20:59:11	INFO	task_tclean::SDAlgorithmBase::deconvolve 	[W51North_spw_7_1:C218] iters=5293273->5323273 [30000], model=0->1.08856, peakres=0.033954->0.0138059, Possible divergence. Peak residual increased by 10% from minimum.
2020-06-27 21:00:03	INFO	task_tclean::SDAlgorithmBase::deconvolve 	[W51North_spw_7_1:C219] iters=5323273->5357273 [34000], model=0->-0.676614, peakres=0.032302->0.0143783, Possible divergence. Peak residual increased by 10% from minimum.
2020-06-27 21:00:52	INFO	task_tclean::SDAlgorithmBase::deconvolve 	[W51North_spw_7_1:C220] iters=5357273->5389273 [32000], model=0->-0.620157, peakres=0.033773->0.0153154, Possible divergence. Peak residual increased by 10% from minimum.
2020-06-27 21:01:31	INFO	task_tclean::SDAlgorithmBase::deconvolve 	[W51North_spw_7_1:C221] iters=5389273->5415273 [26000], model=0->0.930192, peakres=0.0332442->0.0153697, Possible divergence. Peak residual increased by 10% from minimum.
2020-06-27 21:02:02	INFO	task_tclean::SDAlgorithmBase::deconvolve 	[W51North_spw_7_1:C222] iters=5415273->5436158 [20885], model=0->-0.482623, peakres=0.0317688->0.0150908, Exited Hogbom minor cycle without reaching any stopping criterion.
2020-06-27 21:02:52	INFO	task_tclean::SDAlgorithmBase::deconvolve 	[W51North_spw_7_1:C223] iters=5436158->5470158 [34000], model=0->0.118385, peakres=0.0306675->0.0173798, Possible divergence. Peak residual increased by 10% from minimum.
2020-06-27 21:03:25	INFO	task_tclean::SDAlgorithmBase::deconvolve 	[W51North_spw_7_1:C224] iters=5470158->5491962 [21804], model=0->-0.054472, peakres=0.0329108->0.0146616, Exited Hogbom minor cycle without reaching any stopping criterion.
2020-06-27 21:03:55	INFO	task_tclean::SDAlgorithmBase::deconvolve 	[W51North_spw_7_1:C225] iters=5491962->5511933 [19971], model=0->0.756797, peakres=0.0328173->0.0137614, Exited Hogbom minor cycle without reaching any stopping criterion.
2020-06-27 21:04:24	INFO	task_tclean::SDAlgorithmBase::deconvolve 	[W51North_spw_7_1:C226] iters=5511933->5532151 [20218], model=0->0.176101, peakres=0.0346682->0.0134999, Exited Hogbom minor cycle without reaching any stopping criterion.
2020-06-27 21:05:09	INFO	task_tclean::SDAlgorithmBase::deconvolve 	[W51North_spw_7_1:C227] iters=5532151->5562151 [30000], model=0->0.0936047, peakres=0.032691->0.0139077, Possible divergence. Peak residual increased by 10% from minimum.
2020-06-27 21:05:52	INFO	task_tclean::SDAlgorithmBase::deconvolve 	[W51North_spw_7_1:C228] iters=5562151->5592151 [30000], model=0->-0.531853, peakres=0.0362545->0.0137181, Possible divergence. Peak residual increased by 10% from minimum.
2020-06-27 21:06:22	INFO	task_tclean::SDAlgorithmBase::deconvolve 	[W51North_spw_7_1:C229] iters=5592151->5613626 [21475], model=0->0.4345, peakres=0.033824->0.0135781, Exited Hogbom minor cycle without reaching any stopping criterion.
2020-06-27 21:06:54	INFO	task_tclean::SDAlgorithmBase::deconvolve 	[W51North_spw_7_1:C230] iters=5613626->5635158 [21532], model=0->-0.451195, peakres=0.0328977->0.0135758, Exited Hogbom minor cycle without reaching any stopping criterion.
2020-06-27 21:07:22	INFO	task_tclean::SDAlgorithmBase::deconvolve 	[W51North_spw_7_1:C231] iters=5635158->5654819 [19661], model=0->0.260574, peakres=0.0345264->0.0158358, Exited Hogbom minor cycle without reaching any stopping criterion.
2020-06-27 21:07:50	INFO	task_tclean::SDAlgorithmBase::deconvolve 	[W51North_spw_7_1:C232] iters=5654819->5674559 [19740], model=0->0.351209, peakres=0.0333565->0.0153733, Exited Hogbom minor cycle without reaching any stopping criterion.
2020-06-27 21:08:21	INFO	task_tclean::SDAlgorithmBase::deconvolve 	[W51North_spw_7_1:C233] iters=5674559->5696064 [21505], model=0->-0.231617, peakres=0.0343654->0.0145476, Exited Hogbom minor cycle without reaching any stopping criterion.
2020-06-27 21:08:50	INFO	task_tclean::SDAlgorithmBase::deconvolve 	[W51North_spw_7_1:C234] iters=5696064->5715978 [19914], model=0->0.160602, peakres=0.0337469->0.0142797, Exited Hogbom minor cycle without reaching any stopping criterion.
2020-06-27 21:09:20	INFO	task_tclean::SDAlgorithmBase::deconvolve 	[W51North_spw_7_1:C235] iters=5715978->5736272 [20294], model=0->0.00251029, peakres=0.0344175->0.012949, Exited Hogbom minor cycle without reaching any stopping criterion.
2020-06-27 21:09:47	INFO	task_tclean::SDAlgorithmBase::deconvolve 	[W51North_spw_7_1:C236] iters=5736272->5755573 [19301], model=0->-0.173601, peakres=0.0334058->0.0133444, Exited Hogbom minor cycle without reaching any stopping criterion.
2020-06-27 21:10:16	INFO	task_tclean::SDAlgorithmBase::deconvolve 	[W51North_spw_7_1:C237] iters=5755573->5775115 [19542], model=0->-0.277984, peakres=0.0353853->0.0124444, Exited Hogbom minor cycle without reaching any stopping criterion.
2020-06-27 21:11:03	INFO	task_tclean::SDAlgorithmBase::deconvolve 	[W51North_spw_7_1:C238] iters=5775115->5807115 [32000], model=0->0.198462, peakres=0.0340312->0.0154422, Possible divergence. Peak residual increased by 10% from minimum.
2020-06-27 21:11:33	INFO	task_tclean::SDAlgorithmBase::deconvolve 	[W51North_spw_7_1:C239] iters=5807115->5828240 [21125], model=0->0.0624056, peakres=0.0334078->0.0162233, Exited Hogbom minor cycle without reaching any stopping criterion.
2020-06-27 21:12:04	INFO	task_tclean::SDAlgorithmBase::deconvolve 	[W51North_spw_7_1:C240] iters=5828240->5849549 [21309], model=0->-0.00751922, peakres=0.0371604->0.017245, Exited Hogbom minor cycle without reaching any stopping criterion.
2020-06-27 21:12:57	INFO	task_tclean::SDAlgorithmBase::deconvolve 	[W51North_spw_7_1:C241] iters=5849549->5885549 [36000], model=0->-2.28567, peakres=0.0326796->0.0167218, Possible divergence. Peak residual increased by 10% from minimum.
2020-06-27 21:13:27	INFO	task_tclean::SDAlgorithmBase::deconvolve 	[W51North_spw_7_1:C242] iters=5885549->5906502 [20953], model=0->-0.0891995, peakres=0.0318596->0.0129243, Exited Hogbom minor cycle without reaching any stopping criterion.
2020-06-27 21:14:17	INFO	task_tclean::SDAlgorithmBase::deconvolve 	[W51North_spw_7_1:C243] iters=5906502->5940502 [34000], model=0->0.652513, peakres=0.0317829->0.0175909, Possible divergence. Peak residual increased by 10% from minimum.
2020-06-27 21:15:03	INFO	task_tclean::SDAlgorithmBase::deconvolve 	[W51North_spw_7_1:C244] iters=5940502->5970502 [30000], model=0->0.42648, peakres=0.0310551->0.0141651, Possible divergence. Peak residual increased by 10% from minimum.
2020-06-27 21:15:53	INFO	task_tclean::SDAlgorithmBase::deconvolve 	[W51North_spw_7_1:C245] iters=5970502->6002502 [32000], model=0->-0.748825, peakres=0.0340229->0.015985, Possible divergence. Peak residual increased by 10% from minimum.
2020-06-27 21:16:25	INFO	task_tclean::SDAlgorithmBase::deconvolve 	[W51North_spw_7_1:C246] iters=6002502->6023486 [20984], model=0->-0.638149, peakres=0.0361885->0.0147634, Exited Hogbom minor cycle without reaching any stopping criterion.
2020-06-27 21:17:13	INFO	task_tclean::SDAlgorithmBase::deconvolve 	[W51North_spw_7_1:C247] iters=6023486->6053486 [30000], model=0->-0.218647, peakres=0.0322307->0.0150141, Possible divergence. Peak residual increased by 10% from minimum.
2020-06-27 21:18:10	INFO	task_tclean::SDAlgorithmBase::deconvolve 	[W51North_spw_7_1:C248] iters=6053486->6087486 [34000], model=0->-0.222644, peakres=0.0355825->0.017235, Possible divergence. Peak residual increased by 10% from minimum.
2020-06-27 21:19:11	INFO	task_tclean::SDAlgorithmBase::deconvolve 	[W51North_spw_7_1:C249] iters=6087486->6123486 [36000], model=0->0.835475, peakres=0.0335124->0.0162251, Possible divergence. Peak residual increased by 10% from minimum.
2020-06-27 21:20:04	INFO	task_tclean::SDAlgorithmBase::deconvolve 	[W51North_spw_7_1:C250] iters=6123486->6157486 [34000], model=0->0.569148, peakres=0.0322831->0.0159594, Possible divergence. Peak residual increased by 10% from minimum.
2020-06-27 21:20:37	INFO	task_tclean::SDAlgorithmBase::deconvolve 	[W51North_spw_7_1:C251] iters=6157486->6178682 [21196], model=0->-0.280771, peakres=0.0321337->0.0134673, Exited Hogbom minor cycle without reaching any stopping criterion.
2020-06-27 21:21:17	INFO	task_tclean::SDAlgorithmBase::deconvolve 	[W51North_spw_7_1:C252] iters=6178682->6204682 [26000], model=0->-0.594861, peakres=0.0358734->0.0139789, Possible divergence. Peak residual increased by 10% from minimum.
2020-06-27 21:22:06	INFO	task_tclean::SDAlgorithmBase::deconvolve 	[W51North_spw_7_1:C253] iters=6204682->6236682 [32000], model=0->-1.32489, peakres=0.0323826->0.0138959, Possible divergence. Peak residual increased by 10% from minimum.
2020-06-27 21:22:40	INFO	task_tclean::SDAlgorithmBase::deconvolve 	[W51North_spw_7_1:C254] iters=6236682->6258489 [21807], model=0->-0.642186, peakres=0.032435->0.0141217, Exited Hogbom minor cycle without reaching any stopping criterion.
2020-06-27 21:23:12	INFO	task_tclean::SDAlgorithmBase::deconvolve 	[W51North_spw_7_1:C255] iters=6258489->6279868 [21379], model=0->-0.31995, peakres=0.0351095->0.0128885, Exited Hogbom minor cycle without reaching any stopping criterion.
2020-06-27 21:23:45	INFO	task_tclean::SDAlgorithmBase::deconvolve 	[W51North_spw_7_1:C256] iters=6279868->6301425 [21557], model=0->0.839071, peakres=0.0325762->0.0135151, Exited Hogbom minor cycle without reaching any stopping criterion.
2020-06-27 21:24:17	INFO	task_tclean::SDAlgorithmBase::deconvolve 	[W51North_spw_7_1:C257] iters=6301425->6321202 [19777], model=0->0.212123, peakres=0.0315617->0.0116416, Exited Hogbom minor cycle without reaching any stopping criterion.
2020-06-27 21:24:47	INFO	task_tclean::SDAlgorithmBase::deconvolve 	[W51North_spw_7_1:C258] iters=6321202->6340217 [19015], model=0->-0.0628496, peakres=0.0345898->0.0130715, Exited Hogbom minor cycle without reaching any stopping criterion.
2020-06-27 21:25:19	INFO	task_tclean::SDAlgorithmBase::deconvolve 	[W51North_spw_7_1:C259] iters=6340217->6360175 [19958], model=0->-0.633761, peakres=0.0315344->0.0140273, Exited Hogbom minor cycle without reaching any stopping criterion.
2020-06-27 21:26:01	INFO	task_tclean::SDAlgorithmBase::deconvolve 	[W51North_spw_7_1:C260] iters=6360175->6388175 [28000], model=0->0.85932, peakres=0.0325741->0.0145917, Possible divergence. Peak residual increased by 10% from minimum.
2020-06-27 21:26:55	INFO	task_tclean::SDAlgorithmBase::deconvolve 	[W51North_spw_7_1:C261] iters=6388175->6422175 [34000], model=0->-1.60225, peakres=0.0367315->0.0166284, Possible divergence. Peak residual increased by 10% from minimum.
2020-06-27 21:27:41	INFO	task_tclean::SDAlgorithmBase::deconvolve 	[W51North_spw_7_1:C262] iters=6422175->6452175 [30000], model=0->0.135594, peakres=0.0351022->0.0158869, Possible divergence. Peak residual increased by 10% from minimum.
2020-06-27 21:28:26	INFO	task_tclean::SDAlgorithmBase::deconvolve 	[W51North_spw_7_1:C263] iters=6452175->6480175 [28000], model=0->-0.115183, peakres=0.0330845->0.0148041, Possible divergence. Peak residual increased by 10% from minimum.
2020-06-27 21:28:58	INFO	task_tclean::SDAlgorithmBase::deconvolve 	[W51North_spw_7_1:C264] iters=6480175->6501101 [20926], model=0->0.42158, peakres=0.032639->0.0129345, Exited Hogbom minor cycle without reaching any stopping criterion.
2020-06-27 21:29:31	INFO	task_tclean::SDAlgorithmBase::deconvolve 	[W51North_spw_7_1:C265] iters=6501101->6522005 [20904], model=0->0.407404, peakres=0.0344459->0.0127804, Exited Hogbom minor cycle without reaching any stopping criterion.
2020-06-27 21:30:20	INFO	task_tclean::SDAlgorithmBase::deconvolve 	[W51North_spw_7_1:C266] iters=6522005->6554005 [32000], model=0->0.385505, peakres=0.0331171->0.0145747, Possible divergence. Peak residual increased by 10% from minimum.
2020-06-27 21:31:02	INFO	task_tclean::SDAlgorithmBase::deconvolve 	[W51North_spw_7_1:C267] iters=6554005->6582005 [28000], model=0->0.535673, peakres=0.0323659->0.0154717, Possible divergence. Peak residual increased by 10% from minimum.
2020-06-27 21:31:48	INFO	task_tclean::SDAlgorithmBase::deconvolve 	[W51North_spw_7_1:C268] iters=6582005->6612005 [30000], model=0->0.680998, peakres=0.0341399->0.0152445, Possible divergence. Peak residual increased by 10% from minimum.
2020-06-27 21:32:33	INFO	task_tclean::SDAlgorithmBase::deconvolve 	[W51North_spw_7_1:C269] iters=6612005->6642005 [30000], model=0->0.419717, peakres=0.0318236->0.0138754, Possible divergence. Peak residual increased by 10% from minimum.
2020-06-27 21:33:07	INFO	task_tclean::SDAlgorithmBase::deconvolve 	[W51North_spw_7_1:C270] iters=6642005->6664375 [22370], model=0->-0.421967, peakres=0.0354519->0.0141211, Exited Hogbom minor cycle without reaching any stopping criterion.
2020-06-27 21:33:57	INFO	task_tclean::SDAlgorithmBase::deconvolve 	[W51North_spw_7_1:C271] iters=6664375->6696375 [32000], model=0->-0.832354, peakres=0.0346566->0.0176753, Possible divergence. Peak residual increased by 10% from minimum.
2020-06-27 21:34:48	INFO	task_tclean::SDAlgorithmBase::deconvolve 	[W51North_spw_7_1:C272] iters=6696375->6728375 [32000], model=0->-0.713957, peakres=0.0334446->0.0159452, Possible divergence. Peak residual increased by 10% from minimum.
2020-06-27 21:35:20	INFO	task_tclean::SDAlgorithmBase::deconvolve 	[W51North_spw_7_1:C273] iters=6728375->6749146 [20771], model=0->-0.344078, peakres=0.0327004->0.0126277, Exited Hogbom minor cycle without reaching any stopping criterion.
2020-06-27 21:35:52	INFO	task_tclean::SDAlgorithmBase::deconvolve 	[W51North_spw_7_1:C274] iters=6749146->6770044 [20898], model=0->-0.00269418, peakres=0.0321887->0.0144607, Exited Hogbom minor cycle without reaching any stopping criterion.
2020-06-27 21:36:24	INFO	task_tclean::SDAlgorithmBase::deconvolve 	[W51North_spw_7_1:C275] iters=6770044->6790203 [20159], model=0->-0.391104, peakres=0.0362814->0.0161541, Exited Hogbom minor cycle without reaching any stopping criterion.
2020-06-27 21:36:54	INFO	task_tclean::SDAlgorithmBase::deconvolve 	[W51North_spw_7_1:C276] iters=6790203->6810089 [19886], model=0->-0.396606, peakres=0.0339285->0.0140002, Exited Hogbom minor cycle without reaching any stopping criterion.
2020-06-27 21:37:23	INFO	task_tclean::SDAlgorithmBase::deconvolve 	[W51North_spw_7_1:C277] iters=6810089->6829339 [19250], model=0->0.0710994, peakres=0.0339907->0.0138323, Exited Hogbom minor cycle without reaching any stopping criterion.
2020-06-27 21:37:52	INFO	task_tclean::SDAlgorithmBase::deconvolve 	[W51North_spw_7_1:C278] iters=6829339->6848819 [19480], model=0->0.552017, peakres=0.0329148->0.0151744, Exited Hogbom minor cycle without reaching any stopping criterion.
2020-06-27 21:38:22	INFO	task_tclean::SDAlgorithmBase::deconvolve 	[W51North_spw_7_1:C279] iters=6848819->6868587 [19768], model=0->0.0699631, peakres=0.0346609->0.0141812, Exited Hogbom minor cycle without reaching any stopping criterion.
2020-06-27 21:39:16	INFO	task_tclean::SDAlgorithmBase::deconvolve 	[W51North_spw_7_1:C280] iters=6868587->6902587 [34000], model=0->-0.0638608, peakres=0.0356656->0.014131, Possible divergence. Peak residual increased by 10% from minimum.
2020-06-27 21:40:03	INFO	task_tclean::SDAlgorithmBase::deconvolve 	[W51North_spw_7_1:C281] iters=6902587->6932587 [30000], model=0->0.390641, peakres=0.0346421->0.0187212, Possible divergence. Peak residual increased by 10% from minimum.
2020-06-27 21:40:35	INFO	task_tclean::SDAlgorithmBase::deconvolve 	[W51North_spw_7_1:C282] iters=6932587->6953152 [20565], model=0->0.358089, peakres=0.0335166->0.0152499, Exited Hogbom minor cycle without reaching any stopping criterion.
2020-06-27 21:41:27	INFO	task_tclean::SDAlgorithmBase::deconvolve 	[W51North_spw_7_1:C283] iters=6953152->6985152 [32000], model=0->-0.288812, peakres=0.0341252->0.0164036, Possible divergence. Peak residual increased by 10% from minimum.
2020-06-27 21:42:11	INFO	task_tclean::SDAlgorithmBase::deconvolve 	[W51North_spw_7_1:C284] iters=6985152->7013152 [28000], model=0->-0.575846, peakres=0.0360375->0.0163906, Possible divergence. Peak residual increased by 10% from minimum.
2020-06-27 21:42:45	INFO	task_tclean::SDAlgorithmBase::deconvolve 	[W51North_spw_7_1:C285] iters=7013152->7034080 [20928], model=0->0.557084, peakres=0.0357195->0.0141959, Exited Hogbom minor cycle without reaching any stopping criterion.
2020-06-27 21:43:18	INFO	task_tclean::SDAlgorithmBase::deconvolve 	[W51North_spw_7_1:C286] iters=7034080->7055183 [21103], model=0->-0.166916, peakres=0.0333292->0.0117777, Exited Hogbom minor cycle without reaching any stopping criterion.
2020-06-27 21:44:10	INFO	task_tclean::SDAlgorithmBase::deconvolve 	[W51North_spw_7_1:C287] iters=7055183->7089183 [34000], model=0->1.13732, peakres=0.0326762->0.0149454, Possible divergence. Peak residual increased by 10% from minimum.
2020-06-27 21:44:42	INFO	task_tclean::SDAlgorithmBase::deconvolve 	[W51North_spw_7_1:C288] iters=7089183->7108806 [19623], model=0->0.408596, peakres=0.0322983->0.0143622, Exited Hogbom minor cycle without reaching any stopping criterion.
2020-06-27 21:45:13	INFO	task_tclean::SDAlgorithmBase::deconvolve 	[W51North_spw_7_1:C289] iters=7108806->7129170 [20364], model=0->0.164558, peakres=0.0330733->0.0143021, Exited Hogbom minor cycle without reaching any stopping criterion.
2020-06-27 21:45:43	INFO	task_tclean::SDAlgorithmBase::deconvolve 	[W51North_spw_7_1:C290] iters=7129170->7149199 [20029], model=0->-0.23961, peakres=0.0335974->0.0131313, Exited Hogbom minor cycle without reaching any stopping criterion.
2020-06-27 21:46:40	INFO	task_tclean::SDAlgorithmBase::deconvolve 	[W51North_spw_7_1:C291] iters=7149199->7185199 [36000], model=0->1.07272, peakres=0.0343362->0.0169737, Possible divergence. Peak residual increased by 10% from minimum.
2020-06-27 21:47:15	INFO	task_tclean::SDAlgorithmBase::deconvolve 	[W51North_spw_7_1:C292] iters=7185199->7206816 [21617], model=0->-0.0859176, peakres=0.0312617->0.0123695, Exited Hogbom minor cycle without reaching any stopping criterion.
2020-06-27 21:47:46	INFO	task_tclean::SDAlgorithmBase::deconvolve 	[W51North_spw_7_1:C293] iters=7206816->7227255 [20439], model=0->-0.203724, peakres=0.0347633->0.0136505, Exited Hogbom minor cycle without reaching any stopping criterion.
2020-06-27 21:48:20	INFO	task_tclean::SDAlgorithmBase::deconvolve 	[W51North_spw_7_1:C294] iters=7227255->7248043 [20788], model=0->-0.0799211, peakres=0.0317965->0.0154782, Exited Hogbom minor cycle without reaching any stopping criterion.
2020-06-27 21:48:53	INFO	task_tclean::SDAlgorithmBase::deconvolve 	[W51North_spw_7_1:C295] iters=7248043->7269056 [21013], model=0->0.595503, peakres=0.0377009->0.0159808, Exited Hogbom minor cycle without reaching any stopping criterion.
