2020-08-09 16:16:54	INFO	::casa	
2020-08-09 16:16:54	INFO	::casa	Checking telemetry submission interval
2020-08-09 16:16:54	INFO	::casa	Telemetry submit interval not reached. Not submitting data.
2020-08-09 16:16:54	INFO	::casa	Next telemetry data submission in: 5 days, 0:27:50.202322
2020-08-09 16:16:54	INFO	::casa	CASA Version  5.6.0-60  
2020-08-09 16:17:09	INFO	tclean::::	
2020-08-09 16:17:09	INFO	tclean::::+	##########################################
2020-08-09 16:17:09	INFO	tclean::::+	##### Begin Task: tclean             #####
2020-08-09 16:17:09	INFO	tclean::::	tclean(vis="/orange/adamginsburg/w51/vla/19A-254/derod/19A-254_2019_08_02_T15_20_05.733/19A-254.sb36820841.eb37001660.58697.18583002315.ms",selectdata=True,field="3",spw="1",timerange="",
2020-08-09 16:17:09	INFO	tclean::::+	        uvrange="",antenna="",scan="",observation="",intent="",
2020-08-09 16:17:09	INFO	tclean::::+	        datacolumn="corrected",imagename="W51North_spw_1",imsize=1000,cell="0.05arcsec",phasecenter="",
2020-08-09 16:17:09	INFO	tclean::::+	        stokes="I",projection="SIN",startmodel="",specmode="cube",reffreq="",
2020-08-09 16:17:09	INFO	tclean::::+	        nchan=-1,start="",width="",outframe="",veltype="radio",
2020-08-09 16:17:09	INFO	tclean::::+	        restfreq=[],interpolation="linear",perchanweightdensity=True,gridder="standard",facets=1,
2020-08-09 16:17:09	INFO	tclean::::+	        psfphasecenter="",chanchunks=10,wprojplanes=1,vptable="",mosweight=True,
2020-08-09 16:17:09	INFO	tclean::::+	        aterm=True,psterm=False,wbawp=True,conjbeams=False,cfcache="",
2020-08-09 16:17:09	INFO	tclean::::+	        usepointing=False,computepastep=360.0,rotatepastep=360.0,pointingoffsetsigdev=0.0,pblimit=0.1,
2020-08-09 16:17:09	INFO	tclean::::+	        normtype="flatnoise",deconvolver="hogbom",scales=[],nterms=2,smallscalebias=0.0,
2020-08-09 16:17:09	INFO	tclean::::+	        restoration=True,restoringbeam=[],pbcor=False,outlierfile="",weighting="natural",
2020-08-09 16:17:09	INFO	tclean::::+	        robust=0.5,noise="1.0Jy",npixels=0,uvtaper=[],niter=100000,
2020-08-09 16:17:09	INFO	tclean::::+	        gain=0.1,threshold=0.0,nsigma=0.0,cycleniter=-1,cyclefactor=1.0,
2020-08-09 16:17:09	INFO	tclean::::+	        minpsffraction=0.05,maxpsffraction=0.8,interactive=False,usemask="user",mask="",
2020-08-09 16:17:09	INFO	tclean::::+	        pbmask=0.0,sidelobethreshold=3.0,noisethreshold=5.0,lownoisethreshold=1.5,negativethreshold=0.0,
2020-08-09 16:17:09	INFO	tclean::::+	        smoothfactor=1.0,minbeamfrac=0.3,cutthreshold=0.01,growiterations=75,dogrowprune=True,
2020-08-09 16:17:09	INFO	tclean::::+	        minpercentchange=-1.0,verbose=False,fastnoise=True,restart=True,savemodel="none",
2020-08-09 16:17:09	INFO	tclean::::+	        calcres=True,calcpsf=True,parallel=False)
2020-08-09 16:17:09	INFO	tclean::::	Verifying Input Parameters
2020-08-09 16:17:09	INFO	SynthesisImagerVi2::selectData 	MS : /orange/adamginsburg/w51/vla/19A-254/derod/19A-254_2019_08_02_T15_20_05.733/19A-254.sb36820841.eb37001660.58697.18583002315.ms | Selecting on fields : 3 | Selecting on spw :1 | [Opened in readonly mode]
2020-08-09 16:17:11	INFO	SynthesisImagerVi2::selectData 	  NRows selected : 0
2020-08-09 16:17:11	SEVERE	tclean::task_tclean::	Exception from task_tclean : Error in selectData() : Data selection ended with 0 rows
2020-08-09 16:17:11	SEVERE	tclean::::	An error occurred running task tclean.
2020-08-09 16:17:26	INFO	tclean::::	
2020-08-09 16:17:26	INFO	tclean::::+	##########################################
2020-08-09 16:17:26	INFO	tclean::::+	##### Begin Task: tclean             #####
2020-08-09 16:17:26	INFO	tclean::::	tclean(vis="/orange/adamginsburg/w51/vla/19A-254/derod/19A-254_2019_08_02_T15_20_05.733/19A-254.sb36820841.eb37001660.58697.18583002315.ms",selectdata=True,field="3",spw="2",timerange="",
2020-08-09 16:17:26	INFO	tclean::::+	        uvrange="",antenna="",scan="",observation="",intent="",
2020-08-09 16:17:26	INFO	tclean::::+	        datacolumn="corrected",imagename="W51North_spw_2",imsize=1000,cell="0.05arcsec",phasecenter="",
2020-08-09 16:17:26	INFO	tclean::::+	        stokes="I",projection="SIN",startmodel="",specmode="cube",reffreq="",
2020-08-09 16:17:26	INFO	tclean::::+	        nchan=-1,start="",width="",outframe="",veltype="radio",
2020-08-09 16:17:26	INFO	tclean::::+	        restfreq=[],interpolation="linear",perchanweightdensity=True,gridder="standard",facets=1,
2020-08-09 16:17:26	INFO	tclean::::+	        psfphasecenter="",chanchunks=10,wprojplanes=1,vptable="",mosweight=True,
2020-08-09 16:17:26	INFO	tclean::::+	        aterm=True,psterm=False,wbawp=True,conjbeams=False,cfcache="",
2020-08-09 16:17:26	INFO	tclean::::+	        usepointing=False,computepastep=360.0,rotatepastep=360.0,pointingoffsetsigdev=0.0,pblimit=0.1,
2020-08-09 16:17:26	INFO	tclean::::+	        normtype="flatnoise",deconvolver="hogbom",scales=[],nterms=2,smallscalebias=0.0,
2020-08-09 16:17:26	INFO	tclean::::+	        restoration=True,restoringbeam=[],pbcor=False,outlierfile="",weighting="natural",
2020-08-09 16:17:26	INFO	tclean::::+	        robust=0.5,noise="1.0Jy",npixels=0,uvtaper=[],niter=100000,
2020-08-09 16:17:26	INFO	tclean::::+	        gain=0.1,threshold=0.0,nsigma=0.0,cycleniter=-1,cyclefactor=1.0,
2020-08-09 16:17:26	INFO	tclean::::+	        minpsffraction=0.05,maxpsffraction=0.8,interactive=False,usemask="user",mask="",
2020-08-09 16:17:26	INFO	tclean::::+	        pbmask=0.0,sidelobethreshold=3.0,noisethreshold=5.0,lownoisethreshold=1.5,negativethreshold=0.0,
2020-08-09 16:17:26	INFO	tclean::::+	        smoothfactor=1.0,minbeamfrac=0.3,cutthreshold=0.01,growiterations=75,dogrowprune=True,
2020-08-09 16:17:26	INFO	tclean::::+	        minpercentchange=-1.0,verbose=False,fastnoise=True,restart=True,savemodel="none",
2020-08-09 16:17:26	INFO	tclean::::+	        calcres=True,calcpsf=True,parallel=False)
2020-08-09 16:17:26	INFO	tclean::::	Verifying Input Parameters
2020-08-09 16:17:26	INFO	SynthesisImagerVi2::selectData 	MS : /orange/adamginsburg/w51/vla/19A-254/derod/19A-254_2019_08_02_T15_20_05.733/19A-254.sb36820841.eb37001660.58697.18583002315.ms | Selecting on fields : 3 | Selecting on spw :2 | [Opened in readonly mode]
2020-08-09 16:17:28	INFO	SynthesisImagerVi2::selectData 	  NRows selected : 323100
2020-08-09 16:17:28	SEVERE	MeasTable::dUTC(Double) (file ../../measures/Measures/MeasTable.cc, line 4290)	Leap second table TAI_UTC seems out-of-date.
2020-08-09 16:17:28	SEVERE	MeasTable::dUTC(Double) (file ../../measures/Measures/MeasTable.cc, line 4290)+	Until the table is updated (see the CASA documentation or your system admin),
2020-08-09 16:17:28	SEVERE	MeasTable::dUTC(Double) (file ../../measures/Measures/MeasTable.cc, line 4290)+	times and coordinates derived from UTC could be wrong by 1s or more.
2020-08-09 16:17:29	INFO	SynthesisImagerVi2::defineImage 	Define image coordinates for [W51North_spw_2] : 
2020-08-09 16:17:29	INFO	MSTransformRegridder::calcChanFreqs	 phaseCenter='Direction: [0.345613, -0.904272, 0.250687]'  Channels equidistant in freq
2020-08-09 16:17:29	INFO	MSTransformRegridder::calcChanFreqs+	 Central frequency (in output frame) = 2.26484e+10 Hz
2020-08-09 16:17:29	INFO	MSTransformRegridder::calcChanFreqs+	 Width of central channel (in output frame) = 15624.4 Hz
2020-08-09 16:17:29	INFO	MSTransformRegridder::calcChanFreqs+	 Number of channels = 512
2020-08-09 16:17:29	INFO	MSTransformRegridder::calcChanFreqs+	 Total width of SPW (in output frame) = 7.99967e+06 Hz
2020-08-09 16:17:29	INFO	MSTransformRegridder::calcChanFreqs+	 Lower edge = 2.26444e+10 Hz, upper edge = 2.26524e+10 Hz
2020-08-09 16:17:29	INFO	SynthesisImagerVi2::defineImage 	Impars : start 
2020-08-09 16:17:29	INFO	SynthesisImagerVi2::defineImage 	Shape : [1000, 1000, 1, 512]Spectral : [2.26445e+10] at [0] with increment [15624.4]
2020-08-09 16:17:29	INFO	SynthesisImagerVi2::defineImage 	Set Gridding options for [W51North_spw_2] with ftmachine : gridft
2020-08-09 16:17:29	INFO	SynthesisImager::createChanChunkImageStoreList	Creating 11 reference subCubes (channel chunks) for gridding 
2020-08-09 16:17:29	INFO	SynthesisImagerVi2::weight() 	Set imaging weights : Natural weighting
2020-08-09 16:17:29	INFO	SynthesisImager::tuneSelectData 	Tuning frequency data selection to match image spectral coordinates
2020-08-09 16:17:29	INFO	SynthesisImagerVi2::selectData 	MS : /orange/adamginsburg/w51/vla/19A-254/derod/19A-254_2019_08_02_T15_20_05.733/19A-254.sb36820841.eb37001660.58697.18583002315.ms | Selecting on fields : 3 | Selecting on spw :2 | [Opened in readonly mode]
2020-08-09 16:17:31	INFO	SynthesisImagerVi2::selectData 	  NRows selected : 323100
2020-08-09 16:17:31	INFO	task_tclean::SynthesisDeconvolver::setupDeconvolution 	Set Deconvolution Options for [W51North_spw_2] : hogbom
2020-08-09 16:17:31	INFO	SynthesisIterBot::setupIteration 	Set Iteration Control Options
2020-08-09 16:17:31	INFO	task_tclean::SynthesisImager::makePSF 	----------------------------------------------------------- Make PSF ---------------------------------------------
2020-08-09 16:17:32	INFO	task_tclean::SynthesisImagerVi2::runMajorCycle2 	Running major cycle for chunk : 0
2020-08-09 16:17:59	INFO	task_tclean::SynthesisImagerVi2::runMajorCycle2 	Running major cycle for chunk : 1
2020-08-09 16:18:27	INFO	task_tclean::SynthesisImagerVi2::runMajorCycle2 	Running major cycle for chunk : 2
2020-08-09 16:18:54	INFO	task_tclean::SynthesisImagerVi2::runMajorCycle2 	Running major cycle for chunk : 3
2020-08-09 16:19:23	INFO	task_tclean::SynthesisImagerVi2::runMajorCycle2 	Running major cycle for chunk : 4
2020-08-09 16:19:52	INFO	task_tclean::SynthesisImagerVi2::runMajorCycle2 	Running major cycle for chunk : 5
2020-08-09 16:20:22	INFO	task_tclean::SynthesisImagerVi2::runMajorCycle2 	Running major cycle for chunk : 6
2020-08-09 16:20:52	INFO	task_tclean::SynthesisImagerVi2::runMajorCycle2 	Running major cycle for chunk : 7
2020-08-09 16:21:22	INFO	task_tclean::SynthesisImagerVi2::runMajorCycle2 	Running major cycle for chunk : 8
2020-08-09 16:21:52	INFO	task_tclean::SynthesisImagerVi2::runMajorCycle2 	Running major cycle for chunk : 9
2020-08-09 16:22:14	INFO	task_tclean::SynthesisImagerVi2::runMajorCycle2 	Running major cycle for chunk : 10
2020-08-09 16:22:36	INFO	task_tclean::SIImageStore::calcSensitivity 	[W51North_spw_2] Theoretical sensitivity (Jy/bm):c0:none c1:none c2:none c3:none c4:none c5:none c6:none c7:none c8:none c9:none c10:none c11:none c12:none c13:none c14:none c15:none c16:none c17:none c18:none c19:none c20:none c21:none c22:none c23:none c24:none c25:none c26:0.00355337 c27:0.00354138 c28:0.00353143 c29:0.00352204 c30:0.00351946 c31:0.00351428 c32:0.00351324 c33:0.00351451 c34:0.00351573 c35:0.0035445 c36:0.00354478 c37:0.0035057 c38:0.00349282 c39:0.00348494 c40:0.00349161 c41:0.00349845 c42:0.00349616 c43:0.00349521 c44:0.00349081 c45:0.00348107 c46:0.00347842 c47:0.00347884 c48:0.0034798 c49:0.00348123 c50:0.00348827 c51:0.00349146 c52:0.00348737 c53:0.00348497 c54:0.00348857 c55:0.00349047 c56:0.0034879 c57:0.00348728 c58:0.00348556 c59:0.00348262 c60:0.0034851 c61:0.00348685 c62:0.00348319 c63:0.00347755 c64:0.0034814 c65:0.00348428 c66:0.00347787 c67:0.00348366 c68:0.00349221 c69:0.00348835 c70:0.00348336 c71:0.00348389 c72:0.00347778 c73:0.00347526 c74:0.00347526 c75:0.00347833 c76:0.00347833 c77:0.00347257 c78:0.0034719 c79:0.0034796 c80:0.00348582 c81:0.00348383 c82:0.0034837 c83:0.00348227 c84:0.00348096 c85:0.00348024 c86:0.00347957 c87:0.00348227 c88:0.00348269 c89:0.00347748 c90:0.00347741 c91:0.00348386 c92:0.0034804 c93:0.00347331 c94:0.00347248 c95:0.00347653 c96:0.00347597 c97:0.00346996 c98:0.00346472 c99:0.00347082 c100:0.00348147 c101:0.00348364 c102:0.00348421 c103:0.00348579 c104:0.00348119 c105:0.00347645 c106:0.0034801 c107:0.00348714 c108:0.00348789 c109:0.00348333 c110:0.00348014 c111:0.00348158 c112:0.00348191 c113:0.00347581 c114:0.00347038 c115:0.00346922 c116:0.00347375 c117:0.00347465 c118:0.00347452 c119:0.00348268 c120:0.00348859 c121:0.00348913 c122:0.00348221 c123:0.00347158 c124:0.00346808 c125:0.00347055 c126:0.0034741 c127:0.00347798 c128:0.0034816 c129:0.00348672 c130:0.00348796 c131:0.0034856 c132:0.00347989 c133:0.00347976 c134:0.00348477 c135:0.0034805 c136:0.00347692 c137:0.00348124 c138:0.00348313 c139:0.00348946 c140:0.00349391 c141:0.00349111 c142:0.00349432 c143:0.00349291 c144:0.00348953 c145:0.00348425 c146:0.00347808 c147:0.00347428 c148:0.00347499 c149:0.00347896 c150:0.00347879 c151:0.00348066 c152:0.00348009 c153:0.0034822 c154:0.00348246 c155:0.00347968 c156:0.00347603 c157:0.00347693 c158:0.00348138 c159:0.00348088 c160:0.00347711 c161:0.00347856 c162:0.00348238 c163:0.00347559 c164:0.0034764 c165:0.00348127 c166:0.00347957 c167:0.00347843 c168:0.00347904 c169:0.00347814 c170:0.00347579 c171:0.00347558 c172:0.00347516 c173:0.00347649 c174:0.003478 c175:0.00348176 c176:0.00348359 c177:0.00347559 c178:0.0034679 c179:0.00347159 c180:0.00347448 c181:0.00347558 c182:0.00347777 c183:0.00348123 c184:0.00348011 c185:0.00347859 c186:0.00347606 c187:0.00347391 c188:0.00347611 c189:0.00347791 c190:0.00347849 c191:0.00347957 c192:0.00347574 c193:0.00347014 c194:0.00346835 c195:0.00347001 c196:0.00347321 c197:0.00347281 c198:0.00347464 c199:0.00347886 c200:0.00347578 c201:0.00347692 c202:0.00347721 c203:0.00347722 c204:0.00347735 c205:0.00347623 c206:0.00347987 c207:0.00348416 c208:0.0034815 c209:0.0034729 c210:0.00346999 c211:0.00346948 c212:0.00347217 c213:0.00347683 c214:0.00347669 c215:0.00347072 c216:0.00346969 c217:0.00347113 c218:0.0034745 c219:0.00347871 c220:0.00347963 c221:0.00347882 c222:0.00347811 c223:0.00347399 c224:0.00347311 c225:0.00347614 c226:0.00348132 c227:0.00348769 c228:0.00349432 c229:0.00349129 c230:0.00347853 c231:0.00347427 c232:0.00347617 c233:0.00347551 c234:0.00347266 c235:0.00347224 c236:0.00347249 c237:0.00347722 c238:0.00347866 c239:0.00348029 c240:0.00348091 c241:0.00347982 c242:0.0034799 c243:0.00347655 c244:0.0034762 c245:0.00348249 c246:0.00348251 c247:0.00347814 c248:0.00349129 c249:0.00349518 c250:0.00348017 c251:0.00347057 c252:0.00346945 c253:0.00347477 c254:0.00347317 c255:0.00347215 c256:0.00347737 c257:0.00347764 c258:0.00347581 c259:0.00347531 c260:0.00347608 c261:0.00348144 c262:0.0034813 c263:0.00347544 c264:0.00347656 c265:0.00348612 c266:0.00349478 c267:0.00349238 c268:0.00348454 c269:0.00348148 c270:0.00347956 c271:0.00347891 c272:0.00348334 c273:0.00347926 c274:0.00347126 c275:0.00347642 c276:0.00348787 c277:0.00348884 c278:0.0034798 c279:0.00347709 c280:0.00347699 c281:0.00347485 c282:0.00347498 c283:0.00347263 c284:0.00346942 c285:0.00347171 c286:0.00347425 c287:0.00347367 c288:0.00347538 c289:0.00348658 c290:0.00349021 c291:0.00348388 c292:0.00348478 c293:0.00348951 c294:0.00348352 c295:0.00347754 c296:0.0034761 c297:0.003473 c298:0.00347606 c299:0.00348254 c300:0.0034797 c301:0.00347967 c302:0.00348268 c303:0.00348183 c304:0.00348161 c305:0.00347765 c306:0.00347714 c307:0.00347854 c308:0.00347598 c309:0.0034731 c310:0.00347705 c311:0.00348144 c312:0.00348072 c313:0.00347881 c314:0.00348017 c315:0.00348534 c316:0.00349064 c317:0.00349159 c318:0.00349612 c319:0.00349644 c320:0.0034887 c321:0.00348432 c322:0.00348883 c323:0.00349136 c324:0.00348693 c325:0.00348121 c326:0.00347722 c327:0.00347987 c328:0.00348219 c329:0.00347988 c330:0.00347467 c331:0.00347093 c332:0.00347369 c333:0.00347541 c334:0.00347226 c335:0.00347277 c336:0.00347936 c337:0.00348103 c338:0.00347603 c339:0.00347682 c340:0.00348147 c341:0.00348143 c342:0.00348019 c343:0.00347835 c344:0.00347952 c345:0.00348101 c346:0.00347422 c347:0.00347315 c348:0.00347335 c349:0.00347006 c350:0.00347544 c351:0.00348115 c352:0.00348262 c353:0.00348339 c354:0.00348157 c355:0.00347748 c356:0.00347814 c357:0.00348166 c358:0.00348426 c359:0.00348182 c360:0.00348476 c361:0.00349323 c362:0.00349933 c363:0.00350277 c364:0.0035055 c365:0.00349897 c366:0.00348995 c367:0.00349354 c368:0.00349233 c369:0.003485 c370:0.00348391 c371:0.00348495 c372:0.00348694 c373:0.00348712 c374:0.00348002 c375:0.0034765 c376:0.00347833 c377:0.0034805 c378:0.00348208 c379:0.00348615 c380:0.00348659 c381:0.00349085 c382:0.00349874 c383:0.00350005 c384:0.00349759 c385:0.00349453 c386:0.00349444 c387:0.00349532 c388:0.00348639 c389:0.0034778 c390:0.00348179 c391:0.00348824 c392:0.00348754 c393:0.00348434 c394:0.00349047 c395:0.00349452 c396:0.00348956 c397:0.00348559 c398:0.00348509 c399:0.00348295 c400:0.00348359 c401:0.00348344 c402:0.00348005 c403:0.00347648 c404:0.00347463 c405:0.00347672 c406:0.003481 c407:0.00349135 c408:0.00349796 c409:0.00349172 c410:0.00348358 c411:0.00348181 c412:0.00348931 c413:0.00348914 c414:0.00348484 c415:0.00348746 c416:0.00348772 c417:0.00348161 c418:0.00347574 c419:0.00347811 c420:0.00348175 c421:0.00348659 c422:0.00349704 c423:0.00350125 c424:0.00349337 c425:0.00347836 c426:0.00347358 c427:0.00347635 c428:0.00347978 c429:0.00348346 c430:0.00348788 c431:0.00348614 c432:0.00347946 c433:0.00348246 c434:0.00348146 c435:0.00348221 c436:0.00348605 c437:0.00348329 c438:0.00348354 c439:0.00348823 c440:0.00349257 c441:0.00349088 c442:0.00349191 c443:0.00349123 c444:0.00348668 c445:0.00348468 c446:0.00348924 c447:0.00348854 c448:0.00348291 c449:0.00348339 c450:0.00348444 c451:0.00348986 c452:0.00349277 c453:0.00348949 c454:0.00348583 c455:0.00348264 c456:0.00348227 c457:0.00348352 c458:0.00348813 c459:0.00348958 c460:0.00349144 c461:0.00349653 c462:0.00349784 c463:0.00349702 c464:0.00349853 c465:0.00350254 c466:0.00350093 c467:0.00349599 c468:0.00349696 c469:0.00350298 c470:0.00351162 c471:0.00351341 c472:0.00351559 c473:0.00351304 c474:0.00352324 c475:0.00353326 c476:0.00353471 c477:0.00353314 c478:0.00353038 c479:0.00352848 c480:0.00352817 c481:0.003534 c482:0.00353811 c483:0.00355015 c484:0.00356275 c485:0.0035629 c486:0.00357208 c487:none c488:none c489:none c490:none c491:none c492:none c493:none c494:none c495:none c496:none c497:none c498:none c499:none c500:none c501:none c502:none c503:none c504:none c505:none c506:none c507:none c508:none c509:none c510:none c511:none 
2020-08-09 16:22:48	WARN	task_tclean::SIImageStore::getPSFGaussian (file ../../synthesis/ImagerObjects/SIImageStore.cc, line 1895)	PSF is blank for[C0:P0] [C1:P0] [C2:P0] [C3:P0] [C4:P0] [C5:P0] [C6:P0] [C7:P0] [C8:P0] [C9:P0] [C10:P0] [C11:P0] [C12:P0] [C13:P0] [C14:P0] [C15:P0] [C16:P0] [C17:P0] [C18:P0] [C19:P0] [C20:P0] [C21:P0] [C22:P0] [C23:P0] [C24:P0] [C25:P0] [C487:P0] [C488:P0] [C489:P0] [C490:P0] [C491:P0] [C492:P0] [C493:P0] [C494:P0] [C495:P0] [C496:P0] [C497:P0] [C498:P0] [C499:P0] [C500:P0] [C501:P0] [C502:P0] [C503:P0] [C504:P0] [C505:P0] [C506:P0] [C507:P0] [C508:P0] [C509:P0] [C510:P0] [C511:P0] 
2020-08-09 16:22:48	INFO	task_tclean::SIImageStore::printBeamSet 	Restoring Beams 
2020-08-09 16:22:48	INFO	task_tclean::SIImageStore::printBeamSet +	Pol   Type Chan          Freq     Vel
2020-08-09 16:22:48	INFO	task_tclean::SIImageStore::printBeamSet +	  I    Max    0 2.2644452e+10 13285.27    0.1358 arcsec x    0.0783 arcsec pa= 38.6716 deg
2020-08-09 16:22:48	INFO	task_tclean::SIImageStore::printBeamSet +	  I    Min   35 2.2644999e+10 13278.35    0.1352 arcsec x    0.0775 arcsec pa= 38.8149 deg
2020-08-09 16:22:48	INFO	task_tclean::SIImageStore::printBeamSet +	  I Median  181 2.2647280e+10 13249.49    0.1356 arcsec x    0.0780 arcsec pa= 39.2826 deg
2020-08-09 16:22:49	INFO	task_tclean::SynthesisImagerVi2::makePrimaryBeam 	vi2 : Evaluating Primary Beam model onto image grid(s)
2020-08-09 16:24:11	INFO	task_tclean::SynthesisImager::executeMajorCycle 	----------------------------------------------------------- Run Major Cycle 1 -------------------------------------
2020-08-09 16:24:11	INFO	task_tclean::SynthesisImagerVi2::runMajorCycle2 	Running major cycle for chunk : 0
2020-08-09 16:25:25	INFO	task_tclean::SynthesisImagerVi2::runMajorCycle2 	Running major cycle for chunk : 1
2020-08-09 16:26:23	INFO	task_tclean::SynthesisImagerVi2::runMajorCycle2 	Running major cycle for chunk : 2
2020-08-09 16:27:21	INFO	task_tclean::SynthesisImagerVi2::runMajorCycle2 	Running major cycle for chunk : 3
2020-08-09 16:28:25	INFO	task_tclean::SynthesisImagerVi2::runMajorCycle2 	Running major cycle for chunk : 4
2020-08-09 16:29:25	INFO	task_tclean::SynthesisImagerVi2::runMajorCycle2 	Running major cycle for chunk : 5
2020-08-09 16:30:27	INFO	task_tclean::SynthesisImagerVi2::runMajorCycle2 	Running major cycle for chunk : 6
2020-08-09 16:31:27	INFO	task_tclean::SynthesisImagerVi2::runMajorCycle2 	Running major cycle for chunk : 7
2020-08-09 16:32:27	INFO	task_tclean::SynthesisImagerVi2::runMajorCycle2 	Running major cycle for chunk : 8
2020-08-09 16:33:28	INFO	task_tclean::SynthesisImagerVi2::runMajorCycle2 	Running major cycle for chunk : 9
2020-08-09 16:34:18	INFO	task_tclean::SynthesisImagerVi2::runMajorCycle2 	Running major cycle for chunk : 10
2020-08-09 16:35:18	WARN	task_tclean::SIImageStore::getPSFGaussian (file ../../synthesis/ImagerObjects/SIImageStore.cc, line 1895)	PSF is blank for[C0:P0] [C1:P0] [C2:P0] [C3:P0] [C4:P0] [C5:P0] [C6:P0] [C7:P0] [C8:P0] [C9:P0] [C10:P0] [C11:P0] [C12:P0] [C13:P0] [C14:P0] [C15:P0] [C16:P0] [C17:P0] [C18:P0] [C19:P0] [C20:P0] [C21:P0] [C22:P0] [C23:P0] [C24:P0] [C25:P0] [C487:P0] [C488:P0] [C489:P0] [C490:P0] [C491:P0] [C492:P0] [C493:P0] [C494:P0] [C495:P0] [C496:P0] [C497:P0] [C498:P0] [C499:P0] [C500:P0] [C501:P0] [C502:P0] [C503:P0] [C504:P0] [C505:P0] [C506:P0] [C507:P0] [C508:P0] [C509:P0] [C510:P0] [C511:P0] 
2020-08-09 16:35:46	INFO	task_tclean::SIImageStore::printImageStats 	[W51North_spw_2] Peak residual (max,min) within mask : (0.0399008,-0.0379552) over full image : (0.0399008,-0.0379552)
2020-08-09 16:35:48	INFO	task_tclean::SIImageStore::printImageStats 	[W51North_spw_2] Total Model Flux : 1.17758
2020-08-09 16:36:37	INFO	task_tclean::SynthesisDeconvolver::setupMask 	[W51North_spw_2] Initializing to existing mask
2020-08-09 16:36:39	INFO	task_tclean::SynthesisDeconvolver::setupMask 	[W51North_spw_2] Number of pixels in the clean mask : 5.12e+08 out of a total of 5.12e+08 pixels. [ 100 % ]
2020-08-09 16:37:17	WARN	task_tclean::SIImageStore::getPSFGaussian (file ../../synthesis/ImagerObjects/SIImageStore.cc, line 1895)	PSF is blank for[C0:P0] [C1:P0] [C2:P0] [C3:P0] [C4:P0] [C5:P0] [C6:P0] [C7:P0] [C8:P0] [C9:P0] [C10:P0] [C11:P0] [C12:P0] [C13:P0] [C14:P0] [C15:P0] [C16:P0] [C17:P0] [C18:P0] [C19:P0] [C20:P0] [C21:P0] [C22:P0] [C23:P0] [C24:P0] [C25:P0] [C487:P0] [C488:P0] [C489:P0] [C490:P0] [C491:P0] [C492:P0] [C493:P0] [C494:P0] [C495:P0] [C496:P0] [C497:P0] [C498:P0] [C499:P0] [C500:P0] [C501:P0] [C502:P0] [C503:P0] [C504:P0] [C505:P0] [C506:P0] [C507:P0] [C508:P0] [C509:P0] [C510:P0] [C511:P0] 
2020-08-09 16:37:47	INFO	task_tclean::SIImageStore::printImageStats 	[W51North_spw_2] Peak residual (max,min) within mask : (0.0399008,-0.0379552) over full image : (0.0399008,-0.0379552)
2020-08-09 16:37:49	INFO	task_tclean::SIImageStore::printImageStats 	[W51North_spw_2] Total Model Flux : 1.17758
2020-08-09 16:38:36	INFO	task_tclean::SynthesisDeconvolver::executeMinorCycle 	---------------------------------------------------- Run Minor Cycle Iterations  ---------------------------------------------
2020-08-09 16:38:36	INFO	task_tclean::SDAlgorithmBase::deconvolve 	[W51North_spw_2] Run Hogbom minor-cycle on 512 chans | CycleThreshold=0.00954816, CycleNiter=100000, Gain=0.1
2020-08-09 16:38:36	INFO	task_tclean::SDAlgorithmBase::deconvolve 	[W51North_spw_2:C0] iters=0->0 [0], model=0->0, peakres=0->0, Reached cyclethreshold.
2020-08-09 16:38:36	INFO	task_tclean::SDAlgorithmBase::deconvolve 	[W51North_spw_2:C1] iters=0->0 [0], model=0->0, peakres=0->0, Reached cyclethreshold.
2020-08-09 16:38:36	INFO	task_tclean::SDAlgorithmBase::deconvolve 	[W51North_spw_2:C2] iters=0->0 [0], model=0->0, peakres=0->0, Reached cyclethreshold.
2020-08-09 16:38:36	INFO	task_tclean::SDAlgorithmBase::deconvolve 	[W51North_spw_2:C3] iters=0->0 [0], model=0->0, peakres=0->0, Reached cyclethreshold.
2020-08-09 16:38:36	INFO	task_tclean::SDAlgorithmBase::deconvolve 	[W51North_spw_2:C4] iters=0->0 [0], model=0->0, peakres=0->0, Reached cyclethreshold.
2020-08-09 16:38:36	INFO	task_tclean::SDAlgorithmBase::deconvolve 	[W51North_spw_2:C5] iters=0->0 [0], model=0->0, peakres=0->0, Reached cyclethreshold.
2020-08-09 16:38:36	INFO	task_tclean::SDAlgorithmBase::deconvolve 	[W51North_spw_2:C6] iters=0->0 [0], model=0->0, peakres=0->0, Reached cyclethreshold.
2020-08-09 16:38:36	INFO	task_tclean::SDAlgorithmBase::deconvolve 	[W51North_spw_2:C7] iters=0->0 [0], model=0->0, peakres=0->0, Reached cyclethreshold.
2020-08-09 16:38:36	INFO	task_tclean::SDAlgorithmBase::deconvolve 	[W51North_spw_2:C8] iters=0->0 [0], model=0->0, peakres=0->0, Reached cyclethreshold.
2020-08-09 16:38:36	INFO	task_tclean::SDAlgorithmBase::deconvolve 	[W51North_spw_2:C9] iters=0->0 [0], model=0->0, peakres=0->0, Reached cyclethreshold.
2020-08-09 16:38:36	INFO	task_tclean::SDAlgorithmBase::deconvolve 	[W51North_spw_2:C10] iters=0->0 [0], model=0->0, peakres=0->0, Reached cyclethreshold.
2020-08-09 16:38:36	INFO	task_tclean::SDAlgorithmBase::deconvolve 	[W51North_spw_2:C11] iters=0->0 [0], model=0->0, peakres=0->0, Reached cyclethreshold.
2020-08-09 16:38:36	INFO	task_tclean::SDAlgorithmBase::deconvolve 	[W51North_spw_2:C12] iters=0->0 [0], model=0->0, peakres=0->0, Reached cyclethreshold.
2020-08-09 16:38:36	INFO	task_tclean::SDAlgorithmBase::deconvolve 	[W51North_spw_2:C13] iters=0->0 [0], model=0->0, peakres=0->0, Reached cyclethreshold.
2020-08-09 16:38:36	INFO	task_tclean::SDAlgorithmBase::deconvolve 	[W51North_spw_2:C14] iters=0->0 [0], model=0->0, peakres=0->0, Reached cyclethreshold.
2020-08-09 16:38:37	INFO	task_tclean::SDAlgorithmBase::deconvolve 	[W51North_spw_2:C15] iters=0->0 [0], model=0->0, peakres=0->0, Reached cyclethreshold.
2020-08-09 16:38:37	INFO	task_tclean::SDAlgorithmBase::deconvolve 	[W51North_spw_2:C16] iters=0->0 [0], model=0->0, peakres=0->0, Reached cyclethreshold.
2020-08-09 16:38:37	INFO	task_tclean::SDAlgorithmBase::deconvolve 	[W51North_spw_2:C17] iters=0->0 [0], model=0->0, peakres=0->0, Reached cyclethreshold.
2020-08-09 16:38:37	INFO	task_tclean::SDAlgorithmBase::deconvolve 	[W51North_spw_2:C18] iters=0->0 [0], model=0->0, peakres=0->0, Reached cyclethreshold.
2020-08-09 16:38:37	INFO	task_tclean::SDAlgorithmBase::deconvolve 	[W51North_spw_2:C19] iters=0->0 [0], model=0->0, peakres=0->0, Reached cyclethreshold.
2020-08-09 16:38:37	INFO	task_tclean::SDAlgorithmBase::deconvolve 	[W51North_spw_2:C20] iters=0->0 [0], model=0->0, peakres=0->0, Reached cyclethreshold.
2020-08-09 16:38:37	INFO	task_tclean::SDAlgorithmBase::deconvolve 	[W51North_spw_2:C21] iters=0->0 [0], model=0->0, peakres=0->0, Reached cyclethreshold.
2020-08-09 16:38:37	INFO	task_tclean::SDAlgorithmBase::deconvolve 	[W51North_spw_2:C22] iters=0->0 [0], model=0->0, peakres=0->0, Reached cyclethreshold.
2020-08-09 16:38:37	INFO	task_tclean::SDAlgorithmBase::deconvolve 	[W51North_spw_2:C23] iters=0->0 [0], model=0->0, peakres=0->0, Reached cyclethreshold.
2020-08-09 16:38:37	INFO	task_tclean::SDAlgorithmBase::deconvolve 	[W51North_spw_2:C24] iters=0->0 [0], model=0->0, peakres=0->0, Reached cyclethreshold.
2020-08-09 16:38:37	INFO	task_tclean::SDAlgorithmBase::deconvolve 	[W51North_spw_2:C25] iters=0->0 [0], model=0->0, peakres=0->0, Reached cyclethreshold.
2020-08-09 16:38:47	INFO	task_tclean::SDAlgorithmBase::deconvolve 	[W51North_spw_2:C26] iters=0->4402 [4402], model=-1.81663->-1.93065, peakres=0.021197->0.0129067, Exited Hogbom minor cycle without reaching any stopping criterion.
2020-08-09 16:38:59	INFO	task_tclean::SDAlgorithmBase::deconvolve 	[W51North_spw_2:C27] iters=4402->10122 [5720], model=-0.218338->-0.248548, peakres=0.0231406->0.0135858, Exited Hogbom minor cycle without reaching any stopping criterion.
2020-08-09 16:39:11	INFO	task_tclean::SDAlgorithmBase::deconvolve 	[W51North_spw_2:C28] iters=10122->15773 [5651], model=1.09425->0.75831, peakres=0.0244411->0.0138124, Exited Hogbom minor cycle without reaching any stopping criterion.
2020-08-09 16:39:23	INFO	task_tclean::SDAlgorithmBase::deconvolve 	[W51North_spw_2:C29] iters=15773->21254 [5481], model=0.126559->-0.0300477, peakres=0.0262588->0.0122194, Exited Hogbom minor cycle without reaching any stopping criterion.
2020-08-09 16:39:32	INFO	task_tclean::SDAlgorithmBase::deconvolve 	[W51North_spw_2:C30] iters=21254->25703 [4449], model=-0.358817->-0.44159, peakres=0.0218002->0.0118588, Exited Hogbom minor cycle without reaching any stopping criterion.
2020-08-09 16:39:41	INFO	task_tclean::SDAlgorithmBase::deconvolve 	[W51North_spw_2:C31] iters=25703->29829 [4126], model=-1.21422->-1.36449, peakres=0.0215143->0.0129724, Exited Hogbom minor cycle without reaching any stopping criterion.
2020-08-09 16:39:51	INFO	task_tclean::SDAlgorithmBase::deconvolve 	[W51North_spw_2:C32] iters=29829->34284 [4455], model=0.0199965->-0.0973023, peakres=0.0253075->0.012014, Exited Hogbom minor cycle without reaching any stopping criterion.
2020-08-09 16:40:03	INFO	task_tclean::SDAlgorithmBase::deconvolve 	[W51North_spw_2:C33] iters=34284->39823 [5539], model=0.49648->-0.094447, peakres=0.0370214->0.0133027, Exited Hogbom minor cycle without reaching any stopping criterion.
2020-08-09 16:40:14	INFO	task_tclean::SDAlgorithmBase::deconvolve 	[W51North_spw_2:C34] iters=39823->44925 [5102], model=1.12379->0.906318, peakres=0.0280634->0.0125467, Exited Hogbom minor cycle without reaching any stopping criterion.
2020-08-09 16:40:24	INFO	task_tclean::SDAlgorithmBase::deconvolve 	[W51North_spw_2:C35] iters=44925->49945 [5020], model=0.0365585->0.178269, peakres=0.0285683->0.0138167, Exited Hogbom minor cycle without reaching any stopping criterion.
2020-08-09 16:40:33	INFO	task_tclean::SDAlgorithmBase::deconvolve 	[W51North_spw_2:C36] iters=49945->54100 [4155], model=0.629582->0.621543, peakres=0.0246809->0.0126853, Exited Hogbom minor cycle without reaching any stopping criterion.
2020-08-09 16:40:43	INFO	task_tclean::SDAlgorithmBase::deconvolve 	[W51North_spw_2:C37] iters=54100->58388 [4288], model=-0.596249->-0.377831, peakres=0.0203454->0.0121007, Exited Hogbom minor cycle without reaching any stopping criterion.
2020-08-09 16:40:53	INFO	task_tclean::SDAlgorithmBase::deconvolve 	[W51North_spw_2:C38] iters=58388->63149 [4761], model=-0.45135->-0.446316, peakres=0.0225641->0.0132094, Exited Hogbom minor cycle without reaching any stopping criterion.
2020-08-09 16:41:03	INFO	task_tclean::SDAlgorithmBase::deconvolve 	[W51North_spw_2:C39] iters=63149->67705 [4556], model=-0.591794->-0.716085, peakres=0.0216465->0.0134347, Exited Hogbom minor cycle without reaching any stopping criterion.
2020-08-09 16:41:12	INFO	task_tclean::SDAlgorithmBase::deconvolve 	[W51North_spw_2:C40] iters=67705->72310 [4605], model=1.53521->1.28627, peakres=0.0293713->0.0125754, Exited Hogbom minor cycle without reaching any stopping criterion.
2020-08-09 16:41:21	INFO	task_tclean::SDAlgorithmBase::deconvolve 	[W51North_spw_2:C41] iters=72310->76138 [3828], model=1.61393->1.6217, peakres=0.0209348->0.0132511, Exited Hogbom minor cycle without reaching any stopping criterion.
2020-08-09 16:41:29	INFO	task_tclean::SDAlgorithmBase::deconvolve 	[W51North_spw_2:C42] iters=76138->80424 [4286], model=-2.57603->-2.2195, peakres=0.0253249->0.0117367, Exited Hogbom minor cycle without reaching any stopping criterion.
2020-08-09 16:41:38	INFO	task_tclean::SDAlgorithmBase::deconvolve 	[W51North_spw_2:C43] iters=80424->84459 [4035], model=0.53484->0.49788, peakres=0.0243291->0.0141548, Exited Hogbom minor cycle without reaching any stopping criterion.
2020-08-09 16:41:48	INFO	task_tclean::SDAlgorithmBase::deconvolve 	[W51North_spw_2:C44] iters=84459->88968 [4509], model=-1.01741->-1.03137, peakres=0.0248412->0.0124215, Exited Hogbom minor cycle without reaching any stopping criterion.
2020-08-09 16:41:55	INFO	task_tclean::SDAlgorithmBase::deconvolve 	[W51North_spw_2:C45] iters=88968->92354 [3386], model=-0.668374->-0.584163, peakres=0.0202084->0.01449, Exited Hogbom minor cycle without reaching any stopping criterion.
2020-08-09 16:42:01	INFO	task_tclean::SDAlgorithmBase::deconvolve 	[W51North_spw_2:C46] iters=92354->95145 [2791], model=-0.508126->-0.568535, peakres=0.0183007->0.0124044, Exited Hogbom minor cycle without reaching any stopping criterion.
2020-08-09 16:42:08	INFO	task_tclean::SDAlgorithmBase::deconvolve 	[W51North_spw_2:C47] iters=95145->98342 [3197], model=1.48873->1.35489, peakres=0.022961->0.012103, Exited Hogbom minor cycle without reaching any stopping criterion.
2020-08-09 16:42:15	INFO	task_tclean::SDAlgorithmBase::deconvolve 	[W51North_spw_2:C48] iters=98342->101844 [3502], model=-0.3577->-0.508172, peakres=0.0216463->0.0138299, Exited Hogbom minor cycle without reaching any stopping criterion.
2020-08-09 16:42:23	INFO	task_tclean::SDAlgorithmBase::deconvolve 	[W51North_spw_2:C49] iters=101844->105642 [3798], model=0.593432->0.528925, peakres=0.022628->0.0128232, Exited Hogbom minor cycle without reaching any stopping criterion.
2020-08-09 16:42:34	INFO	task_tclean::SDAlgorithmBase::deconvolve 	[W51North_spw_2:C50] iters=105642->110500 [4858], model=-0.878358->-0.92717, peakres=0.0246761->0.0123595, Exited Hogbom minor cycle without reaching any stopping criterion.
2020-08-09 16:42:44	INFO	task_tclean::SDAlgorithmBase::deconvolve 	[W51North_spw_2:C51] iters=110500->115428 [4928], model=-0.521639->-0.454757, peakres=0.0251061->0.013675, Exited Hogbom minor cycle without reaching any stopping criterion.
2020-08-09 16:42:51	INFO	task_tclean::SDAlgorithmBase::deconvolve 	[W51North_spw_2:C52] iters=115428->118828 [3400], model=-0.0909304->-0.0532529, peakres=0.0211892->0.0120071, Exited Hogbom minor cycle without reaching any stopping criterion.
2020-08-09 16:43:00	INFO	task_tclean::SDAlgorithmBase::deconvolve 	[W51North_spw_2:C53] iters=118828->123094 [4266], model=0.45985->0.622941, peakres=0.026274->0.010682, Exited Hogbom minor cycle without reaching any stopping criterion.
2020-08-09 16:43:10	INFO	task_tclean::SDAlgorithmBase::deconvolve 	[W51North_spw_2:C54] iters=123094->127828 [4734], model=1.02883->0.874769, peakres=0.0260425->0.0146865, Exited Hogbom minor cycle without reaching any stopping criterion.
2020-08-09 16:43:18	INFO	task_tclean::SDAlgorithmBase::deconvolve 	[W51North_spw_2:C55] iters=127828->131725 [3897], model=-0.0926722->-0.209502, peakres=0.0225731->0.0118134, Exited Hogbom minor cycle without reaching any stopping criterion.
2020-08-09 16:43:26	INFO	task_tclean::SDAlgorithmBase::deconvolve 	[W51North_spw_2:C56] iters=131725->135014 [3289], model=0.0242737->0.169526, peakres=0.0225947->0.012413, Exited Hogbom minor cycle without reaching any stopping criterion.
2020-08-09 16:43:32	INFO	task_tclean::SDAlgorithmBase::deconvolve 	[W51North_spw_2:C57] iters=135014->137882 [2868], model=-0.294333->-0.32575, peakres=0.0193654->0.0131141, Exited Hogbom minor cycle without reaching any stopping criterion.
2020-08-09 16:43:39	INFO	task_tclean::SDAlgorithmBase::deconvolve 	[W51North_spw_2:C58] iters=137882->141362 [3480], model=0.667246->0.497225, peakres=0.021334->0.0122393, Exited Hogbom minor cycle without reaching any stopping criterion.
2020-08-09 16:43:46	INFO	task_tclean::SDAlgorithmBase::deconvolve 	[W51North_spw_2:C59] iters=141362->144758 [3396], model=0.0439273->0.0453919, peakres=0.0229987->0.0124974, Exited Hogbom minor cycle without reaching any stopping criterion.
2020-08-09 16:43:53	INFO	task_tclean::SDAlgorithmBase::deconvolve 	[W51North_spw_2:C60] iters=144758->148033 [3275], model=-1.0624->-0.888183, peakres=0.0226057->0.0140789, Exited Hogbom minor cycle without reaching any stopping criterion.
2020-08-09 16:44:01	INFO	task_tclean::SDAlgorithmBase::deconvolve 	[W51North_spw_2:C61] iters=148033->151614 [3581], model=-1.01012->-0.959724, peakres=0.0245868->0.0129467, Exited Hogbom minor cycle without reaching any stopping criterion.
