2020-07-14 19:51:09	INFO	::casa	
2020-07-14 19:51:09	INFO	::casa	Checking telemetry submission interval
2020-07-14 19:51:09	INFO	::casa	Telemetry submit interval not reached. Not submitting data.
2020-07-14 19:51:09	INFO	::casa	Next telemetry data submission in: 6 days, 23:46:39.663393
2020-07-14 19:51:09	INFO	::casa	CASA Version  5.6.0-60  
2020-07-14 19:52:02	INFO	exportfits::utils::verify	Verifying arguments....File existence checking failed for imagename 
2020-07-14 19:52:02	WARN	exportfits::utils::verify	Argument imagename failed to verify.
2020-07-14 19:52:02	SEVERE	exportfits::::	An error occurred running task exportfits.
2020-07-14 19:53:05	INFO	exportfits::utils::verify	Verifying arguments....File existence checking failed for imagename 
2020-07-14 19:53:05	WARN	exportfits::utils::verify	Argument imagename failed to verify.
2020-07-14 19:53:05	SEVERE	exportfits::::	An error occurred running task exportfits.
2020-07-14 19:53:25	INFO	exportfits::::	
2020-07-14 19:53:25	INFO	exportfits::::+	##########################################
2020-07-14 19:53:25	INFO	exportfits::::+	##### Begin Task: exportfits         #####
2020-07-14 19:53:25	INFO	exportfits::::	exportfits(imagename="W51North_spw_8_1.image",fitsimage="",velocity=False,optical=False,bitpix=-32,
2020-07-14 19:53:25	INFO	exportfits::::+	        minpix=0,maxpix=-1,overwrite=False,dropstokes=False,stokeslast=True,
2020-07-14 19:53:25	INFO	exportfits::::+	        history=True,dropdeg=False)
2020-07-14 19:53:25	SEVERE	exportfits::image::tofits (file ../../tools/images/image_cmpt.cc, line 6211)	Exception Reported: Exception: fitsfile must be specified.
2020-07-14 19:53:25	SEVERE	exportfits::image::tofits (file ../../tools/images/image_cmpt.cc, line 6211)+	... thrown by bool casac::image::tofits(const string&, bool, bool, int, double, double, const casac::variant&, const casac::variant&, bool, bool, bool, bool, bool, bool, bool, bool, bool) at File: ../../tools/images/image_cmpt.cc, line: 6220
2020-07-14 19:53:25	SEVERE	exportfits::::	An error occurred running task exportfits.
2020-07-14 19:53:56	INFO	exportfits::::	
2020-07-14 19:53:56	INFO	exportfits::::+	##########################################
2020-07-14 19:53:56	INFO	exportfits::::+	##### Begin Task: exportfits         #####
2020-07-14 19:53:56	INFO	exportfits::::	exportfits(imagename="W51North_spw_8_1.image",fitsimage="",velocity=False,optical=False,bitpix=-32,
2020-07-14 19:53:56	INFO	exportfits::::+	        minpix=0,maxpix=-1,overwrite=False,dropstokes=False,stokeslast=True,
2020-07-14 19:53:56	INFO	exportfits::::+	        history=True,dropdeg=False)
2020-07-14 19:53:57	SEVERE	exportfits::image::tofits (file ../../tools/images/image_cmpt.cc, line 6211)	Exception Reported: Exception: fitsfile must be specified.
2020-07-14 19:53:57	SEVERE	exportfits::image::tofits (file ../../tools/images/image_cmpt.cc, line 6211)+	... thrown by bool casac::image::tofits(const string&, bool, bool, int, double, double, const casac::variant&, const casac::variant&, bool, bool, bool, bool, bool, bool, bool, bool, bool) at File: ../../tools/images/image_cmpt.cc, line: 6220
2020-07-14 19:53:57	SEVERE	exportfits::::	An error occurred running task exportfits.
2020-07-14 19:55:11	INFO	exportfits::::	
2020-07-14 19:55:11	INFO	exportfits::::+	##########################################
2020-07-14 19:55:11	INFO	exportfits::::+	##### Begin Task: exportfits         #####
2020-07-14 19:55:11	INFO	exportfits::::	exportfits(imagename="W51North_spw_8_1.image/",fitsimage="",velocity=False,optical=False,bitpix=-32,
2020-07-14 19:55:11	INFO	exportfits::::+	        minpix=0,maxpix=-1,overwrite=False,dropstokes=False,stokeslast=True,
2020-07-14 19:55:11	INFO	exportfits::::+	        history=True,dropdeg=False)
2020-07-14 19:55:12	SEVERE	exportfits::image::tofits (file ../../tools/images/image_cmpt.cc, line 6211)	Exception Reported: Exception: fitsfile must be specified.
2020-07-14 19:55:12	SEVERE	exportfits::image::tofits (file ../../tools/images/image_cmpt.cc, line 6211)+	... thrown by bool casac::image::tofits(const string&, bool, bool, int, double, double, const casac::variant&, const casac::variant&, bool, bool, bool, bool, bool, bool, bool, bool, bool) at File: ../../tools/images/image_cmpt.cc, line: 6220
2020-07-14 19:55:12	SEVERE	exportfits::::	An error occurred running task exportfits.
2020-07-14 19:56:16	INFO	exportfits::::	
2020-07-14 19:56:16	INFO	exportfits::::+	##########################################
2020-07-14 19:56:16	INFO	exportfits::::+	##### Begin Task: exportfits         #####
2020-07-14 19:56:16	INFO	exportfits::::	exportfits(imagename="W51North_spw_8_1.image",fitsimage="W51North_spw_8_1",velocity=False,optical=False,bitpix=-32,
2020-07-14 19:56:16	INFO	exportfits::::+	        minpix=0,maxpix=-1,overwrite=False,dropstokes=False,stokeslast=True,
2020-07-14 19:56:16	INFO	exportfits::::+	        history=True,dropdeg=False)
2020-07-14 19:56:16	INFO	exportfits::ImageFactory::toFITS	Applying mask of name 'mask0'
2020-07-14 19:56:16	INFO	exportfits::ImageFitsConverter::ImageHeaderToFITS 	Truncating miscinfo field useweightimage to useweigh
2020-07-14 19:56:31	INFO	exportfits::::	##### End Task: exportfits           #####
2020-07-14 19:56:31	INFO	exportfits::::+	##########################################
2020-07-14 19:57:27	INFO	exportfits::::	
2020-07-14 19:57:27	INFO	exportfits::::+	##########################################
2020-07-14 19:57:27	INFO	exportfits::::+	##### Begin Task: exportfits         #####
2020-07-14 19:57:27	INFO	exportfits::::	exportfits(imagename="W51North_spw_8_1.image",fitsimage="W51North_spw_8_1.fits",velocity=False,optical=False,bitpix=-32,
2020-07-14 19:57:27	INFO	exportfits::::+	        minpix=0,maxpix=-1,overwrite=False,dropstokes=False,stokeslast=True,
2020-07-14 19:57:27	INFO	exportfits::::+	        history=True,dropdeg=False)
2020-07-14 19:57:27	INFO	exportfits::ImageFactory::toFITS	Applying mask of name 'mask0'
2020-07-14 19:57:27	INFO	exportfits::ImageFitsConverter::ImageHeaderToFITS 	Truncating miscinfo field useweightimage to useweigh
2020-07-14 19:57:41	INFO	exportfits::::	##### End Task: exportfits           #####
2020-07-14 19:57:41	INFO	exportfits::::+	##########################################
