2020-07-11 22:38:02	INFO	::casa	
2020-07-11 22:38:02	INFO	::casa	Checking telemetry submission interval
2020-07-11 22:38:02	INFO	::casa	Telemetry submit interval not reached. Not submitting data.
2020-07-11 22:38:02	INFO	::casa	Next telemetry data submission in: 6 days, 23:51:59.573558
2020-07-11 22:38:02	INFO	::casa	CASA Version  5.6.0-60  
2020-07-11 22:39:10	INFO	tclean::::	
2020-07-11 22:39:10	INFO	tclean::::+	##########################################
2020-07-11 22:39:10	INFO	tclean::::+	##### Begin Task: tclean             #####
2020-07-11 22:39:10	INFO	tclean::::	tclean(vis="/orange/adamginsburg/w51/vla/19A-254/derod/19A-254_2019_08_02_T15_20_05.733/19A-254.sb36820841.eb37001660.58697.18583002315.ms",selectdata=True,field="3",spw="11",timerange="",
2020-07-11 22:39:10	INFO	tclean::::+	        uvrange="",antenna="",scan="",observation="",intent="",
2020-07-11 22:39:10	INFO	tclean::::+	        datacolumn="corrected",imagename="W51 North_spw=11_X5",imsize=1000,cell="0.05arcsec",phasecenter="",
2020-07-11 22:39:10	INFO	tclean::::+	        stokes="I",projection="SIN",startmodel="",specmode="cube",reffreq="",
2020-07-11 22:39:10	INFO	tclean::::+	        nchan=-1,start="",width="",outframe="",veltype="radio",
2020-07-11 22:39:10	INFO	tclean::::+	        restfreq=[],interpolation="linear",perchanweightdensity=True,gridder="standard",facets=1,
2020-07-11 22:39:10	INFO	tclean::::+	        psfphasecenter="",chanchunks=1,wprojplanes=1,vptable="",mosweight=True,
2020-07-11 22:39:10	INFO	tclean::::+	        aterm=True,psterm=False,wbawp=True,conjbeams=False,cfcache="",
2020-07-11 22:39:10	INFO	tclean::::+	        usepointing=False,computepastep=360.0,rotatepastep=360.0,pointingoffsetsigdev=0.0,pblimit=0.1,
2020-07-11 22:39:10	INFO	tclean::::+	        normtype="flatnoise",deconvolver="hogbom",scales=[],nterms=2,smallscalebias=0.0,
2020-07-11 22:39:10	INFO	tclean::::+	        restoration=True,restoringbeam=[],pbcor=False,outlierfile="",weighting="natural",
2020-07-11 22:39:10	INFO	tclean::::+	        robust=0.5,noise="1.0Jy",npixels=0,uvtaper=[],niter=100000,
2020-07-11 22:39:10	INFO	tclean::::+	        gain=0.1,threshold=0.0,nsigma=0.0,cycleniter=-1,cyclefactor=1.0,
2020-07-11 22:39:10	INFO	tclean::::+	        minpsffraction=0.05,maxpsffraction=0.8,interactive=False,usemask="user",mask="",
2020-07-11 22:39:10	INFO	tclean::::+	        pbmask=0.0,sidelobethreshold=3.0,noisethreshold=5.0,lownoisethreshold=1.5,negativethreshold=0.0,
2020-07-11 22:39:10	INFO	tclean::::+	        smoothfactor=1.0,minbeamfrac=0.3,cutthreshold=0.01,growiterations=75,dogrowprune=True,
2020-07-11 22:39:10	INFO	tclean::::+	        minpercentchange=-1.0,verbose=False,fastnoise=True,restart=True,savemodel="none",
2020-07-11 22:39:10	INFO	tclean::::+	        calcres=True,calcpsf=True,parallel=False)
2020-07-11 22:39:10	INFO	tclean::::	Verifying Input Parameters
2020-07-11 22:39:11	INFO	SynthesisImagerVi2::selectData 	MS : /orange/adamginsburg/w51/vla/19A-254/derod/19A-254_2019_08_02_T15_20_05.733/19A-254.sb36820841.eb37001660.58697.18583002315.ms | Selecting on fields : 3 | Selecting on spw :11 | [Opened in readonly mode]
2020-07-11 22:39:13	INFO	SynthesisImagerVi2::selectData 	  NRows selected : 323100
2020-07-11 22:39:13	SEVERE	MeasTable::dUTC(Double) (file ../../measures/Measures/MeasTable.cc, line 4290)	Leap second table TAI_UTC seems out-of-date.
2020-07-11 22:39:13	SEVERE	MeasTable::dUTC(Double) (file ../../measures/Measures/MeasTable.cc, line 4290)+	Until the table is updated (see the CASA documentation or your system admin),
2020-07-11 22:39:13	SEVERE	MeasTable::dUTC(Double) (file ../../measures/Measures/MeasTable.cc, line 4290)+	times and coordinates derived from UTC could be wrong by 1s or more.
2020-07-11 22:39:13	INFO	SynthesisImagerVi2::defineImage 	Define image coordinates for [W51 North_spw=11_X5] : 
2020-07-11 22:39:14	INFO	MSTransformRegridder::calcChanFreqs	 phaseCenter='Direction: [0.345613, -0.904272, 0.250687]'  Channels equidistant in freq
2020-07-11 22:39:14	INFO	MSTransformRegridder::calcChanFreqs+	 Central frequency (in output frame) = 2.39566e+10 Hz
2020-07-11 22:39:14	INFO	MSTransformRegridder::calcChanFreqs+	 Width of central channel (in output frame) = 999959 Hz
2020-07-11 22:39:14	INFO	MSTransformRegridder::calcChanFreqs+	 Number of channels = 128
2020-07-11 22:39:14	INFO	MSTransformRegridder::calcChanFreqs+	 Total width of SPW (in output frame) = 1.27995e+08 Hz
2020-07-11 22:39:14	INFO	MSTransformRegridder::calcChanFreqs+	 Lower edge = 2.38926e+10 Hz, upper edge = 2.40206e+10 Hz
2020-07-11 22:39:14	INFO	SynthesisImagerVi2::defineImage 	Impars : start 
2020-07-11 22:39:14	INFO	SynthesisImagerVi2::defineImage 	Shape : [1000, 1000, 1, 128]Spectral : [2.38931e+10] at [0] with increment [999959]
2020-07-11 22:39:14	INFO	SynthesisImagerVi2::defineImage 	Set Gridding options for [W51 North_spw=11_X5] with ftmachine : gridft
2020-07-11 22:39:14	INFO	SynthesisImagerVi2::weight() 	Set imaging weights : Natural weighting
2020-07-11 22:39:14	INFO	SynthesisImager::tuneSelectData 	Tuning frequency data selection to match image spectral coordinates
2020-07-11 22:39:14	INFO	SynthesisImagerVi2::selectData 	MS : /orange/adamginsburg/w51/vla/19A-254/derod/19A-254_2019_08_02_T15_20_05.733/19A-254.sb36820841.eb37001660.58697.18583002315.ms | Selecting on fields : 3 | Selecting on spw :11 | [Opened in readonly mode]
2020-07-11 22:39:15	INFO	SynthesisImagerVi2::selectData 	  NRows selected : 323100
2020-07-11 22:39:15	INFO	task_tclean::SynthesisDeconvolver::setupDeconvolution 	Set Deconvolution Options for [W51 North_spw=11_X5] : hogbom
2020-07-11 22:39:15	INFO	SynthesisIterBot::setupIteration 	Set Iteration Control Options
2020-07-11 22:39:15	INFO	task_tclean::SynthesisImager::makePSF 	----------------------------------------------------------- Make PSF ---------------------------------------------
2020-07-11 22:40:14	INFO	task_tclean::SIImageStore::calcSensitivity 	[W51 North_spw=11_X5] Theoretical sensitivity (Jy/bm):c0:none c1:none c2:none c3:none c4:none c5:none c6:none c7:0.000291186 c8:0.000290722 c9:0.000290466 c10:0.000290355 c11:0.000290354 c12:0.00029039 c13:0.000290283 c14:0.000290619 c15:0.000292624 c16:0.000294444 c17:0.000294432 c18:0.000292484 c19:0.000290684 c20:0.000290391 c21:0.000290391 c22:0.000290415 c23:0.00029049 c24:0.000290521 c25:0.000290573 c26:0.000290574 c27:0.00029056 c28:0.000290517 c29:0.000290487 c30:0.000290497 c31:0.000290427 c32:0.000290322 c33:0.000290225 c34:0.000290157 c35:0.000290092 c36:0.000290046 c37:0.00029002 c38:0.000290033 c39:0.000289968 c40:0.000289941 c41:0.000289963 c42:0.00029001 c43:0.000290235 c44:0.000290352 c45:0.000290154 c46:0.000290011 c47:0.000289972 c48:0.000289929 c49:0.000289858 c50:0.000289906 c51:0.000290562 c52:0.000291869 c53:0.000292062 c54:0.000290848 c55:0.000289942 c56:0.000289899 c57:0.000289869 c58:0.000289843 c59:0.000289879 c60:0.000289954 c61:0.000289996 c62:0.000290004 c63:0.000290035 c64:0.000290141 c65:0.000290343 c66:0.000290977 c67:0.000292642 c68:0.000294835 c69:0.00029449 c70:0.00029224 c71:0.000290975 c72:0.000291126 c73:0.000291358 c74:0.000291638 c75:0.000292365 c76:0.000293001 c77:0.00029308 c78:0.000292861 c79:0.000293085 c80:0.000293329 c81:0.000293391 c82:0.000293463 c83:0.000293655 c84:0.000293956 c85:0.000294094 c86:0.000294233 c87:0.000294455 c88:0.000294562 c89:0.000294674 c90:0.000294939 c91:0.000295273 c92:0.000295498 c93:0.000295771 c94:0.000296063 c95:0.000296362 c96:0.000296723 c97:0.000296988 c98:0.000297079 c99:0.000297097 c100:0.00029754 c101:0.00030235 c102:0.000307418 c103:0.000307368 c104:0.000301946 c105:0.000297748 c106:0.000297082 c107:0.000296894 c108:0.00029675 c109:0.000296692 c110:0.000296697 c111:0.000296724 c112:0.000296692 c113:0.000296672 c114:0.000296724 c115:0.000296685 c116:0.00029666 c117:0.000296586 c118:0.000296421 c119:0.000296329 c120:0.000296341 c121:0.000296527 c122:none c123:none c124:none c125:none c126:none c127:none 
2020-07-11 22:40:16	WARN	task_tclean::SIImageStore::getPSFGaussian (file ../../synthesis/ImagerObjects/SIImageStore.cc, line 1895)	PSF is blank for[C0:P0] [C1:P0] [C2:P0] [C3:P0] [C4:P0] [C5:P0] [C6:P0] [C122:P0] [C123:P0] [C124:P0] [C125:P0] [C126:P0] [C127:P0] 
2020-07-11 22:40:16	INFO	task_tclean::SIImageStore::printBeamSet 	Restoring Beams 
2020-07-11 22:40:16	INFO	task_tclean::SIImageStore::printBeamSet +	Pol   Type Chan        Freq   Vel
2020-07-11 22:40:16	INFO	task_tclean::SIImageStore::printBeamSet +	  I    Max    0 2.38931e+10 -2513    0.1326 arcsec x    0.0737 arcsec pa= 43.9062 deg
2020-07-11 22:40:16	INFO	task_tclean::SIImageStore::printBeamSet +	  I    Min  102 2.39951e+10 -3803    0.1310 arcsec x    0.0716 arcsec pa= 44.6406 deg
2020-07-11 22:40:16	INFO	task_tclean::SIImageStore::printBeamSet +	  I Median   51 2.39441e+10 -3158    0.1324 arcsec x    0.0735 arcsec pa= 43.9295 deg
2020-07-11 22:40:16	INFO	task_tclean::SynthesisImagerVi2::makePrimaryBeam 	vi2 : Evaluating Primary Beam model onto image grid(s)
2020-07-11 22:40:29	INFO	task_tclean::SynthesisImager::executeMajorCycle 	----------------------------------------------------------- Run Major Cycle 1 -------------------------------------
2020-07-11 22:41:31	WARN	task_tclean::SIImageStore::getPSFGaussian (file ../../synthesis/ImagerObjects/SIImageStore.cc, line 1895)	PSF is blank for[C0:P0] [C1:P0] [C2:P0] [C3:P0] [C4:P0] [C5:P0] [C6:P0] [C122:P0] [C123:P0] [C124:P0] [C125:P0] [C126:P0] [C127:P0] 
2020-07-11 22:41:36	INFO	task_tclean::SIImageStore::printImageStats 	[W51 North_spw=11_X5] Peak residual (max,min) over full image : (0.0149627,-0.0109552)
2020-07-11 22:41:37	INFO	task_tclean::SIImageStore::printImageStats 	[W51 North_spw=11_X5] Total Model Flux : 0
2020-07-11 22:41:52	INFO	task_tclean::SynthesisDeconvolver::setupMask 	[W51 North_spw=11_X5] Initializing new mask to 1.0 for the full image
2020-07-11 22:41:53	INFO	task_tclean::SynthesisDeconvolver::setupMask 	[W51 North_spw=11_X5] Number of pixels in the clean mask : 1.28e+08 out of a total of 1.28e+08 pixels. [ 100 % ]
2020-07-11 22:42:00	WARN	task_tclean::SIImageStore::getPSFGaussian (file ../../synthesis/ImagerObjects/SIImageStore.cc, line 1895)	PSF is blank for[C0:P0] [C1:P0] [C2:P0] [C3:P0] [C4:P0] [C5:P0] [C6:P0] [C122:P0] [C123:P0] [C124:P0] [C125:P0] [C126:P0] [C127:P0] 
2020-07-11 22:42:04	INFO	task_tclean::SIImageStore::printImageStats 	[W51 North_spw=11_X5] Peak residual (max,min) within mask : (0.0149627,-0.0109552) over full image : (0.0149627,-0.0109552)
2020-07-11 22:42:05	INFO	task_tclean::SIImageStore::printImageStats 	[W51 North_spw=11_X5] Total Model Flux : 0
2020-07-11 22:42:15	INFO	task_tclean::SynthesisDeconvolver::executeMinorCycle 	---------------------------------------------------- Run Minor Cycle Iterations  ---------------------------------------------
2020-07-11 22:42:15	INFO	task_tclean::SDAlgorithmBase::deconvolve 	[W51 North_spw=11_X5] Run Hogbom minor-cycle on 128 chans | CycleThreshold=0.00412272, CycleNiter=100000, Gain=0.1
2020-07-11 22:42:15	INFO	task_tclean::SDAlgorithmBase::deconvolve 	[W51 North_spw=11_X5:C0] iters=0->0 [0], model=0->0, peakres=0->0, Reached cyclethreshold.
2020-07-11 22:42:15	INFO	task_tclean::SDAlgorithmBase::deconvolve 	[W51 North_spw=11_X5:C1] iters=0->0 [0], model=0->0, peakres=0->0, Reached cyclethreshold.
2020-07-11 22:42:15	INFO	task_tclean::SDAlgorithmBase::deconvolve 	[W51 North_spw=11_X5:C2] iters=0->0 [0], model=0->0, peakres=0->0, Reached cyclethreshold.
2020-07-11 22:42:15	INFO	task_tclean::SDAlgorithmBase::deconvolve 	[W51 North_spw=11_X5:C3] iters=0->0 [0], model=0->0, peakres=0->0, Reached cyclethreshold.
2020-07-11 22:42:15	INFO	task_tclean::SDAlgorithmBase::deconvolve 	[W51 North_spw=11_X5:C4] iters=0->0 [0], model=0->0, peakres=0->0, Reached cyclethreshold.
2020-07-11 22:42:15	INFO	task_tclean::SDAlgorithmBase::deconvolve 	[W51 North_spw=11_X5:C5] iters=0->0 [0], model=0->0, peakres=0->0, Reached cyclethreshold.
2020-07-11 22:42:15	INFO	task_tclean::SDAlgorithmBase::deconvolve 	[W51 North_spw=11_X5:C6] iters=0->0 [0], model=0->0, peakres=0->0, Reached cyclethreshold.
2020-07-11 22:42:17	INFO	task_tclean::SDAlgorithmBase::deconvolve 	[W51 North_spw=11_X5:C7] iters=0->991 [991], model=0->0.205684, peakres=0.013317->0.00412199, Reached cyclethreshold.
2020-07-11 22:42:19	INFO	task_tclean::SDAlgorithmBase::deconvolve 	[W51 North_spw=11_X5:C8] iters=991->1966 [975], model=0->0.208516, peakres=0.0134965->0.00412258, Reached cyclethreshold.
2020-07-11 22:42:20	INFO	task_tclean::SDAlgorithmBase::deconvolve 	[W51 North_spw=11_X5:C9] iters=1966->2961 [995], model=0->0.24303, peakres=0.0140217->0.00419553, Exited Hogbom minor cycle without reaching any stopping criterion.
2020-07-11 22:42:22	INFO	task_tclean::SDAlgorithmBase::deconvolve 	[W51 North_spw=11_X5:C10] iters=2961->3948 [987], model=0->0.24599, peakres=0.013949->0.00411964, Reached cyclethreshold.
2020-07-11 22:42:24	INFO	task_tclean::SDAlgorithmBase::deconvolve 	[W51 North_spw=11_X5:C11] iters=3948->4913 [965], model=0->0.198959, peakres=0.014184->0.00469142, Exited Hogbom minor cycle without reaching any stopping criterion.
2020-07-11 22:42:26	INFO	task_tclean::SDAlgorithmBase::deconvolve 	[W51 North_spw=11_X5:C12] iters=4913->5875 [962], model=0->0.210747, peakres=0.0141856->0.00500131, Exited Hogbom minor cycle without reaching any stopping criterion.
2020-07-11 22:42:28	INFO	task_tclean::SDAlgorithmBase::deconvolve 	[W51 North_spw=11_X5:C13] iters=5875->6871 [996], model=0->0.216106, peakres=0.013161->0.0042609, Exited Hogbom minor cycle without reaching any stopping criterion.
2020-07-11 22:42:30	INFO	task_tclean::SDAlgorithmBase::deconvolve 	[W51 North_spw=11_X5:C14] iters=6871->7867 [996], model=0->0.221726, peakres=0.0138125->0.00473303, Exited Hogbom minor cycle without reaching any stopping criterion.
2020-07-11 22:42:32	INFO	task_tclean::SDAlgorithmBase::deconvolve 	[W51 North_spw=11_X5:C15] iters=7867->8888 [1021], model=0->0.219244, peakres=0.0138558->0.00455088, Exited Hogbom minor cycle without reaching any stopping criterion.
2020-07-11 22:42:34	INFO	task_tclean::SDAlgorithmBase::deconvolve 	[W51 North_spw=11_X5:C16] iters=8888->9912 [1024], model=0->0.234487, peakres=0.0138144->0.00452105, Exited Hogbom minor cycle without reaching any stopping criterion.
2020-07-11 22:42:36	INFO	task_tclean::SDAlgorithmBase::deconvolve 	[W51 North_spw=11_X5:C17] iters=9912->10944 [1032], model=0->0.240046, peakres=0.0144817->0.00412086, Reached cyclethreshold.
2020-07-11 22:42:38	INFO	task_tclean::SDAlgorithmBase::deconvolve 	[W51 North_spw=11_X5:C18] iters=10944->11955 [1011], model=0->0.234267, peakres=0.0136959->0.00446055, Exited Hogbom minor cycle without reaching any stopping criterion.
2020-07-11 22:42:39	INFO	task_tclean::SDAlgorithmBase::deconvolve 	[W51 North_spw=11_X5:C19] iters=11955->12927 [972], model=0->0.21966, peakres=0.0134028->0.00426276, Exited Hogbom minor cycle without reaching any stopping criterion.
2020-07-11 22:42:41	INFO	task_tclean::SDAlgorithmBase::deconvolve 	[W51 North_spw=11_X5:C20] iters=12927->13912 [985], model=0->0.220096, peakres=0.0136231->0.004489, Exited Hogbom minor cycle without reaching any stopping criterion.
2020-07-11 22:42:43	INFO	task_tclean::SDAlgorithmBase::deconvolve 	[W51 North_spw=11_X5:C21] iters=13912->14901 [989], model=0->0.209406, peakres=0.0139475->0.00435519, Exited Hogbom minor cycle without reaching any stopping criterion.
2020-07-11 22:42:45	INFO	task_tclean::SDAlgorithmBase::deconvolve 	[W51 North_spw=11_X5:C22] iters=14901->15878 [977], model=0->0.209357, peakres=0.0142223->0.00419515, Exited Hogbom minor cycle without reaching any stopping criterion.
2020-07-11 22:42:47	INFO	task_tclean::SDAlgorithmBase::deconvolve 	[W51 North_spw=11_X5:C23] iters=15878->16861 [983], model=0->0.220412, peakres=0.0139838->0.00434713, Exited Hogbom minor cycle without reaching any stopping criterion.
2020-07-11 22:42:49	INFO	task_tclean::SDAlgorithmBase::deconvolve 	[W51 North_spw=11_X5:C24] iters=16861->17855 [994], model=0->0.210825, peakres=0.0134473->0.00431466, Exited Hogbom minor cycle without reaching any stopping criterion.
2020-07-11 22:42:50	INFO	task_tclean::SDAlgorithmBase::deconvolve 	[W51 North_spw=11_X5:C25] iters=17855->18820 [965], model=0->0.208877, peakres=0.013528->0.00430857, Exited Hogbom minor cycle without reaching any stopping criterion.
2020-07-11 22:42:52	INFO	task_tclean::SDAlgorithmBase::deconvolve 	[W51 North_spw=11_X5:C26] iters=18820->19794 [974], model=0->0.195819, peakres=0.0139116->0.00412208, Reached cyclethreshold.
2020-07-11 22:42:54	INFO	task_tclean::SDAlgorithmBase::deconvolve 	[W51 North_spw=11_X5:C27] iters=19794->20779 [985], model=0->0.208377, peakres=0.013911->0.0044354, Exited Hogbom minor cycle without reaching any stopping criterion.
2020-07-11 22:42:56	INFO	task_tclean::SDAlgorithmBase::deconvolve 	[W51 North_spw=11_X5:C28] iters=20779->21755 [976], model=0->0.218135, peakres=0.0141717->0.00426366, Exited Hogbom minor cycle without reaching any stopping criterion.
2020-07-11 22:42:58	INFO	task_tclean::SDAlgorithmBase::deconvolve 	[W51 North_spw=11_X5:C29] iters=21755->22731 [976], model=0->0.1941, peakres=0.0132349->0.00412131, Reached cyclethreshold.
2020-07-11 22:43:00	INFO	task_tclean::SDAlgorithmBase::deconvolve 	[W51 North_spw=11_X5:C30] iters=22731->23720 [989], model=0->0.2195, peakres=0.0138633->0.0041608, Exited Hogbom minor cycle without reaching any stopping criterion.
2020-07-11 22:43:02	INFO	task_tclean::SDAlgorithmBase::deconvolve 	[W51 North_spw=11_X5:C31] iters=23720->24682 [962], model=0->0.233238, peakres=0.014002->0.00459094, Exited Hogbom minor cycle without reaching any stopping criterion.
2020-07-11 22:43:04	INFO	task_tclean::SDAlgorithmBase::deconvolve 	[W51 North_spw=11_X5:C32] iters=24682->25638 [956], model=0->0.229955, peakres=0.0137431->0.00501405, Exited Hogbom minor cycle without reaching any stopping criterion.
2020-07-11 22:43:06	INFO	task_tclean::SDAlgorithmBase::deconvolve 	[W51 North_spw=11_X5:C33] iters=25638->26594 [956], model=0->0.223872, peakres=0.0133618->0.00562622, Exited Hogbom minor cycle without reaching any stopping criterion.
2020-07-11 22:43:07	INFO	task_tclean::SDAlgorithmBase::deconvolve 	[W51 North_spw=11_X5:C34] iters=26594->27544 [950], model=0->0.214575, peakres=0.0128794->0.00529557, Exited Hogbom minor cycle without reaching any stopping criterion.
2020-07-11 22:43:09	INFO	task_tclean::SDAlgorithmBase::deconvolve 	[W51 North_spw=11_X5:C35] iters=27544->28546 [1002], model=0->0.208307, peakres=0.012852->0.00453109, Exited Hogbom minor cycle without reaching any stopping criterion.
2020-07-11 22:43:11	INFO	task_tclean::SDAlgorithmBase::deconvolve 	[W51 North_spw=11_X5:C36] iters=28546->29532 [986], model=0->0.189649, peakres=0.0130005->0.00412215, Reached cyclethreshold.
2020-07-11 22:43:13	INFO	task_tclean::SDAlgorithmBase::deconvolve 	[W51 North_spw=11_X5:C37] iters=29532->30496 [964], model=0->0.191064, peakres=0.0127516->0.00448245, Exited Hogbom minor cycle without reaching any stopping criterion.
2020-07-11 22:43:15	INFO	task_tclean::SDAlgorithmBase::deconvolve 	[W51 North_spw=11_X5:C38] iters=30496->31497 [1001], model=0->0.179096, peakres=0.0129191->0.00435655, Exited Hogbom minor cycle without reaching any stopping criterion.
2020-07-11 22:43:16	INFO	task_tclean::SDAlgorithmBase::deconvolve 	[W51 North_spw=11_X5:C39] iters=31497->32476 [979], model=0->0.190969, peakres=0.013098->0.00445178, Exited Hogbom minor cycle without reaching any stopping criterion.
2020-07-11 22:43:18	INFO	task_tclean::SDAlgorithmBase::deconvolve 	[W51 North_spw=11_X5:C40] iters=32476->33418 [942], model=0->0.210016, peakres=0.0132922->0.00417809, Exited Hogbom minor cycle without reaching any stopping criterion.
2020-07-11 22:43:20	INFO	task_tclean::SDAlgorithmBase::deconvolve 	[W51 North_spw=11_X5:C41] iters=33418->34382 [964], model=0->0.228405, peakres=0.0132448->0.00414016, Exited Hogbom minor cycle without reaching any stopping criterion.
2020-07-11 22:43:22	INFO	task_tclean::SDAlgorithmBase::deconvolve 	[W51 North_spw=11_X5:C42] iters=34382->35375 [993], model=0->0.199761, peakres=0.0129797->0.00413599, Exited Hogbom minor cycle without reaching any stopping criterion.
2020-07-11 22:43:24	INFO	task_tclean::SDAlgorithmBase::deconvolve 	[W51 North_spw=11_X5:C43] iters=35375->36359 [984], model=0->0.197002, peakres=0.0132121->0.00411982, Reached cyclethreshold.
2020-07-11 22:43:26	INFO	task_tclean::SDAlgorithmBase::deconvolve 	[W51 North_spw=11_X5:C44] iters=36359->37331 [972], model=0->0.224763, peakres=0.0135253->0.0041218, Reached cyclethreshold.
2020-07-11 22:43:28	INFO	task_tclean::SDAlgorithmBase::deconvolve 	[W51 North_spw=11_X5:C45] iters=37331->38285 [954], model=0->0.21671, peakres=0.0141625->0.004268, Exited Hogbom minor cycle without reaching any stopping criterion.
2020-07-11 22:43:29	INFO	task_tclean::SDAlgorithmBase::deconvolve 	[W51 North_spw=11_X5:C46] iters=38285->39260 [975], model=0->0.221191, peakres=0.0140914->0.00412015, Reached cyclethreshold.
2020-07-11 22:43:31	INFO	task_tclean::SDAlgorithmBase::deconvolve 	[W51 North_spw=11_X5:C47] iters=39260->40217 [957], model=0->0.21328, peakres=0.0131898->0.00412136, Reached cyclethreshold.
2020-07-11 22:43:33	INFO	task_tclean::SDAlgorithmBase::deconvolve 	[W51 North_spw=11_X5:C48] iters=40217->41146 [929], model=0->0.173316, peakres=0.0127878->0.0041199, Reached cyclethreshold.
2020-07-11 22:43:35	INFO	task_tclean::SDAlgorithmBase::deconvolve 	[W51 North_spw=11_X5:C49] iters=41146->42118 [972], model=0->0.175188, peakres=0.0129202->0.00463855, Exited Hogbom minor cycle without reaching any stopping criterion.
2020-07-11 22:43:37	INFO	task_tclean::SDAlgorithmBase::deconvolve 	[W51 North_spw=11_X5:C50] iters=42118->43101 [983], model=0->0.199764, peakres=0.0133486->0.00420444, Exited Hogbom minor cycle without reaching any stopping criterion.
2020-07-11 22:43:39	INFO	task_tclean::SDAlgorithmBase::deconvolve 	[W51 North_spw=11_X5:C51] iters=43101->44096 [995], model=0->0.207093, peakres=0.0137856->0.00415887, Exited Hogbom minor cycle without reaching any stopping criterion.
2020-07-11 22:43:41	INFO	task_tclean::SDAlgorithmBase::deconvolve 	[W51 North_spw=11_X5:C52] iters=44096->45092 [996], model=0->0.218735, peakres=0.013397->0.00434591, Exited Hogbom minor cycle without reaching any stopping criterion.
2020-07-11 22:43:42	INFO	task_tclean::SDAlgorithmBase::deconvolve 	[W51 North_spw=11_X5:C53] iters=45092->46092 [1000], model=0->0.207876, peakres=0.013681->0.00436863, Exited Hogbom minor cycle without reaching any stopping criterion.
2020-07-11 22:43:44	INFO	task_tclean::SDAlgorithmBase::deconvolve 	[W51 North_spw=11_X5:C54] iters=46092->47074 [982], model=0->0.216087, peakres=0.014586->0.00426534, Exited Hogbom minor cycle without reaching any stopping criterion.
2020-07-11 22:43:46	INFO	task_tclean::SDAlgorithmBase::deconvolve 	[W51 North_spw=11_X5:C55] iters=47074->48035 [961], model=0->0.206451, peakres=0.0138637->0.00412197, Reached cyclethreshold.
2020-07-11 22:43:48	INFO	task_tclean::SDAlgorithmBase::deconvolve 	[W51 North_spw=11_X5:C56] iters=48035->49004 [969], model=0->0.224203, peakres=0.0133859->0.00412141, Reached cyclethreshold.
2020-07-11 22:43:50	INFO	task_tclean::SDAlgorithmBase::deconvolve 	[W51 North_spw=11_X5:C57] iters=49004->49941 [937], model=0->0.211355, peakres=0.0137711->0.00412252, Reached cyclethreshold.
2020-07-11 22:43:52	INFO	task_tclean::SDAlgorithmBase::deconvolve 	[W51 North_spw=11_X5:C58] iters=49941->50867 [926], model=0->0.20008, peakres=0.0141507->0.00412214, Reached cyclethreshold.
2020-07-11 22:43:53	INFO	task_tclean::SDAlgorithmBase::deconvolve 	[W51 North_spw=11_X5:C59] iters=50867->51803 [936], model=0->0.197174, peakres=0.0138506->0.00453862, Exited Hogbom minor cycle without reaching any stopping criterion.
2020-07-11 22:43:55	INFO	task_tclean::SDAlgorithmBase::deconvolve 	[W51 North_spw=11_X5:C60] iters=51803->52727 [924], model=0->0.213495, peakres=0.0129154->0.0042178, Exited Hogbom minor cycle without reaching any stopping criterion.
2020-07-11 22:43:57	INFO	task_tclean::SDAlgorithmBase::deconvolve 	[W51 North_spw=11_X5:C61] iters=52727->53647 [920], model=0->0.219433, peakres=0.0131774->0.00440414, Exited Hogbom minor cycle without reaching any stopping criterion.
2020-07-11 22:43:59	INFO	task_tclean::SDAlgorithmBase::deconvolve 	[W51 North_spw=11_X5:C62] iters=53647->54587 [940], model=0->0.210104, peakres=0.0139771->0.00418318, Exited Hogbom minor cycle without reaching any stopping criterion.
2020-07-11 22:44:00	INFO	task_tclean::SDAlgorithmBase::deconvolve 	[W51 North_spw=11_X5:C63] iters=54587->55519 [932], model=0->0.225065, peakres=0.0139311->0.00468252, Exited Hogbom minor cycle without reaching any stopping criterion.
2020-07-11 22:44:02	INFO	task_tclean::SDAlgorithmBase::deconvolve 	[W51 North_spw=11_X5:C64] iters=55519->56450 [931], model=0->0.221319, peakres=0.0129091->0.00485246, Exited Hogbom minor cycle without reaching any stopping criterion.
2020-07-11 22:44:04	INFO	task_tclean::SDAlgorithmBase::deconvolve 	[W51 North_spw=11_X5:C65] iters=56450->57380 [930], model=0->0.204829, peakres=0.0136053->0.00416214, Exited Hogbom minor cycle without reaching any stopping criterion.
2020-07-11 22:44:06	INFO	task_tclean::SDAlgorithmBase::deconvolve 	[W51 North_spw=11_X5:C66] iters=57380->58314 [934], model=0->0.197428, peakres=0.0132478->0.00412252, Reached cyclethreshold.
2020-07-11 22:44:08	INFO	task_tclean::SDAlgorithmBase::deconvolve 	[W51 North_spw=11_X5:C67] iters=58314->59299 [985], model=0->0.199223, peakres=0.0134574->0.00412162, Reached cyclethreshold.
2020-07-11 22:44:10	INFO	task_tclean::SDAlgorithmBase::deconvolve 	[W51 North_spw=11_X5:C68] iters=59299->60339 [1040], model=0->0.20829, peakres=0.0136445->0.00488547, Exited Hogbom minor cycle without reaching any stopping criterion.
2020-07-11 22:44:11	INFO	task_tclean::SDAlgorithmBase::deconvolve 	[W51 North_spw=11_X5:C69] iters=60339->61335 [996], model=0->0.212988, peakres=0.0135491->0.0044229, Exited Hogbom minor cycle without reaching any stopping criterion.
2020-07-11 22:44:13	INFO	task_tclean::SDAlgorithmBase::deconvolve 	[W51 North_spw=11_X5:C70] iters=61335->62278 [943], model=0->0.206937, peakres=0.0141516->0.00445222, Exited Hogbom minor cycle without reaching any stopping criterion.
2020-07-11 22:44:15	INFO	task_tclean::SDAlgorithmBase::deconvolve 	[W51 North_spw=11_X5:C71] iters=62278->63236 [958], model=0->0.178886, peakres=0.0134897->0.00452517, Exited Hogbom minor cycle without reaching any stopping criterion.
2020-07-11 22:44:17	INFO	task_tclean::SDAlgorithmBase::deconvolve 	[W51 North_spw=11_X5:C72] iters=63236->64209 [973], model=0->0.18595, peakres=0.0135524->0.0045239, Exited Hogbom minor cycle without reaching any stopping criterion.
2020-07-11 22:44:19	INFO	task_tclean::SDAlgorithmBase::deconvolve 	[W51 North_spw=11_X5:C73] iters=64209->65158 [949], model=0->0.190922, peakres=0.0134484->0.00459204, Exited Hogbom minor cycle without reaching any stopping criterion.
2020-07-11 22:44:21	INFO	task_tclean::SDAlgorithmBase::deconvolve 	[W51 North_spw=11_X5:C74] iters=65158->66114 [956], model=0->0.201969, peakres=0.0133496->0.00427794, Exited Hogbom minor cycle without reaching any stopping criterion.
2020-07-11 22:44:23	INFO	task_tclean::SDAlgorithmBase::deconvolve 	[W51 North_spw=11_X5:C75] iters=66114->67130 [1016], model=0->0.218663, peakres=0.0136389->0.00448534, Exited Hogbom minor cycle without reaching any stopping criterion.
2020-07-11 22:44:24	INFO	task_tclean::SDAlgorithmBase::deconvolve 	[W51 North_spw=11_X5:C76] iters=67130->68123 [993], model=0->0.220753, peakres=0.0139152->0.00465388, Exited Hogbom minor cycle without reaching any stopping criterion.
2020-07-11 22:44:26	INFO	task_tclean::SDAlgorithmBase::deconvolve 	[W51 North_spw=11_X5:C77] iters=68123->69094 [971], model=0->0.230475, peakres=0.0136836->0.00440806, Exited Hogbom minor cycle without reaching any stopping criterion.
2020-07-11 22:44:28	INFO	task_tclean::SDAlgorithmBase::deconvolve 	[W51 North_spw=11_X5:C78] iters=69094->70057 [963], model=0->0.210883, peakres=0.0136796->0.00482314, Exited Hogbom minor cycle without reaching any stopping criterion.
2020-07-11 22:44:30	INFO	task_tclean::SDAlgorithmBase::deconvolve 	[W51 North_spw=11_X5:C79] iters=70057->71054 [997], model=0->0.213525, peakres=0.013784->0.00510286, Exited Hogbom minor cycle without reaching any stopping criterion.
2020-07-11 22:44:32	INFO	task_tclean::SDAlgorithmBase::deconvolve 	[W51 North_spw=11_X5:C80] iters=71054->72062 [1008], model=0->0.21141, peakres=0.0138622->0.00483668, Exited Hogbom minor cycle without reaching any stopping criterion.
2020-07-11 22:44:34	INFO	task_tclean::SDAlgorithmBase::deconvolve 	[W51 North_spw=11_X5:C81] iters=72062->73044 [982], model=0->0.205015, peakres=0.0133054->0.00457923, Exited Hogbom minor cycle without reaching any stopping criterion.
2020-07-11 22:44:36	INFO	task_tclean::SDAlgorithmBase::deconvolve 	[W51 North_spw=11_X5:C82] iters=73044->74045 [1001], model=0->0.195985, peakres=0.0132797->0.00419736, Exited Hogbom minor cycle without reaching any stopping criterion.
2020-07-11 22:44:38	INFO	task_tclean::SDAlgorithmBase::deconvolve 	[W51 North_spw=11_X5:C83] iters=74045->75083 [1038], model=0->0.199139, peakres=0.0140144->0.00434866, Exited Hogbom minor cycle without reaching any stopping criterion.
2020-07-11 22:44:40	INFO	task_tclean::SDAlgorithmBase::deconvolve 	[W51 North_spw=11_X5:C84] iters=75083->76109 [1026], model=0->0.195907, peakres=0.013738->0.00412243, Reached cyclethreshold.
2020-07-11 22:44:42	INFO	task_tclean::SDAlgorithmBase::deconvolve 	[W51 North_spw=11_X5:C85] iters=76109->77122 [1013], model=0->0.19028, peakres=0.0130843->0.0045652, Exited Hogbom minor cycle without reaching any stopping criterion.
2020-07-11 22:44:44	INFO	task_tclean::SDAlgorithmBase::deconvolve 	[W51 North_spw=11_X5:C86] iters=77122->78119 [997], model=0->0.166267, peakres=0.0133195->0.00412087, Reached cyclethreshold.
2020-07-11 22:44:45	INFO	task_tclean::SDAlgorithmBase::deconvolve 	[W51 North_spw=11_X5:C87] iters=78119->79109 [990], model=0->0.181621, peakres=0.0131317->0.00411908, Reached cyclethreshold.
2020-07-11 22:44:47	INFO	task_tclean::SDAlgorithmBase::deconvolve 	[W51 North_spw=11_X5:C88] iters=79109->80089 [980], model=0->0.190831, peakres=0.012893->0.00412064, Reached cyclethreshold.
2020-07-11 22:44:49	INFO	task_tclean::SDAlgorithmBase::deconvolve 	[W51 North_spw=11_X5:C89] iters=80089->81093 [1004], model=0->0.191786, peakres=0.0130534->0.00416749, Exited Hogbom minor cycle without reaching any stopping criterion.
2020-07-11 22:44:51	INFO	task_tclean::SDAlgorithmBase::deconvolve 	[W51 North_spw=11_X5:C90] iters=81093->82113 [1020], model=0->0.190671, peakres=0.0136595->0.00448815, Exited Hogbom minor cycle without reaching any stopping criterion.
2020-07-11 22:44:53	INFO	task_tclean::SDAlgorithmBase::deconvolve 	[W51 North_spw=11_X5:C91] iters=82113->83155 [1042], model=0->0.196773, peakres=0.0137202->0.00495613, Exited Hogbom minor cycle without reaching any stopping criterion.
2020-07-11 22:44:55	INFO	task_tclean::SDAlgorithmBase::deconvolve 	[W51 North_spw=11_X5:C92] iters=83155->84181 [1026], model=0->0.176606, peakres=0.0139299->0.00453653, Exited Hogbom minor cycle without reaching any stopping criterion.
2020-07-11 22:44:57	INFO	task_tclean::SDAlgorithmBase::deconvolve 	[W51 North_spw=11_X5:C93] iters=84181->85196 [1015], model=0->0.192721, peakres=0.013582->0.00491667, Exited Hogbom minor cycle without reaching any stopping criterion.
2020-07-11 22:44:59	INFO	task_tclean::SDAlgorithmBase::deconvolve 	[W51 North_spw=11_X5:C94] iters=85196->86217 [1021], model=0->0.19756, peakres=0.0142027->0.00439418, Exited Hogbom minor cycle without reaching any stopping criterion.
2020-07-11 22:45:01	INFO	task_tclean::SDAlgorithmBase::deconvolve 	[W51 North_spw=11_X5:C95] iters=86217->87240 [1023], model=0->0.212695, peakres=0.0142797->0.00476917, Exited Hogbom minor cycle without reaching any stopping criterion.
2020-07-11 22:45:03	INFO	task_tclean::SDAlgorithmBase::deconvolve 	[W51 North_spw=11_X5:C96] iters=87240->88255 [1015], model=0->0.205977, peakres=0.0136342->0.00471856, Exited Hogbom minor cycle without reaching any stopping criterion.
2020-07-11 22:45:05	INFO	task_tclean::SDAlgorithmBase::deconvolve 	[W51 North_spw=11_X5:C97] iters=88255->89262 [1007], model=0->0.194292, peakres=0.0135356->0.00433698, Exited Hogbom minor cycle without reaching any stopping criterion.
2020-07-11 22:45:07	INFO	task_tclean::SDAlgorithmBase::deconvolve 	[W51 North_spw=11_X5:C98] iters=89262->90289 [1027], model=0->0.189686, peakres=0.0132174->0.00431323, Exited Hogbom minor cycle without reaching any stopping criterion.
2020-07-11 22:45:09	INFO	task_tclean::SDAlgorithmBase::deconvolve 	[W51 North_spw=11_X5:C99] iters=90289->91351 [1062], model=0->0.2034, peakres=0.0131146->0.00412095, Reached cyclethreshold.
2020-07-11 22:45:11	INFO	task_tclean::SDAlgorithmBase::deconvolve 	[W51 North_spw=11_X5:C100] iters=91351->92431 [1080], model=0->0.209615, peakres=0.0140132->0.0046976, Exited Hogbom minor cycle without reaching any stopping criterion.
2020-07-11 22:45:14	INFO	task_tclean::SDAlgorithmBase::deconvolve 	[W51 North_spw=11_X5:C101] iters=92431->93607 [1176], model=0->0.204945, peakres=0.0144613->0.00464779, Exited Hogbom minor cycle without reaching any stopping criterion.
2020-07-11 22:45:16	INFO	task_tclean::SDAlgorithmBase::deconvolve 	[W51 North_spw=11_X5:C102] iters=93607->94857 [1250], model=0->0.209726, peakres=0.0137872->0.00414508, Exited Hogbom minor cycle without reaching any stopping criterion.
2020-07-11 22:45:18	INFO	task_tclean::SDAlgorithmBase::deconvolve 	[W51 North_spw=11_X5:C103] iters=94857->96089 [1232], model=0->0.194554, peakres=0.0137573->0.00434739, Exited Hogbom minor cycle without reaching any stopping criterion.
2020-07-11 22:45:21	INFO	task_tclean::SDAlgorithmBase::deconvolve 	[W51 North_spw=11_X5:C104] iters=96089->97203 [1114], model=0->0.175424, peakres=0.0141188->0.00457477, Exited Hogbom minor cycle without reaching any stopping criterion.
2020-07-11 22:45:23	INFO	task_tclean::SDAlgorithmBase::deconvolve 	[W51 North_spw=11_X5:C105] iters=97203->98232 [1029], model=0->0.187778, peakres=0.013724->0.00461489, Exited Hogbom minor cycle without reaching any stopping criterion.
2020-07-11 22:45:25	INFO	task_tclean::SDAlgorithmBase::deconvolve 	[W51 North_spw=11_X5:C106] iters=98232->99255 [1023], model=0->0.177985, peakres=0.0141156->0.00430233, Exited Hogbom minor cycle without reaching any stopping criterion.
2020-07-11 22:45:27	INFO	task_tclean::SDAlgorithmBase::deconvolve 	[W51 North_spw=11_X5:C107] iters=99255->100329 [1074], model=0->0.159295, peakres=0.0149627->0.00411933, Reached cyclethreshold.
2020-07-11 22:45:29	INFO	task_tclean::SDAlgorithmBase::deconvolve 	[W51 North_spw=11_X5:C108] iters=100329->101396 [1067], model=0->0.173287, peakres=0.0138684->0.00443286, Exited Hogbom minor cycle without reaching any stopping criterion.
2020-07-11 22:45:31	INFO	task_tclean::SDAlgorithmBase::deconvolve 	[W51 North_spw=11_X5:C109] iters=101396->102464 [1068], model=0->0.21348, peakres=0.0136059->0.00435398, Exited Hogbom minor cycle without reaching any stopping criterion.
2020-07-11 22:45:33	INFO	task_tclean::SDAlgorithmBase::deconvolve 	[W51 North_spw=11_X5:C110] iters=102464->103521 [1057], model=0->0.204059, peakres=0.0144824->0.00455942, Exited Hogbom minor cycle without reaching any stopping criterion.
2020-07-11 22:45:35	INFO	task_tclean::SDAlgorithmBase::deconvolve 	[W51 North_spw=11_X5:C111] iters=103521->104517 [996], model=0->0.178531, peakres=0.0137786->0.0041213, Reached cyclethreshold.
2020-07-11 22:45:36	INFO	task_tclean::SDAlgorithmBase::deconvolve 	[W51 North_spw=11_X5:C112] iters=104517->105493 [976], model=0->0.178496, peakres=0.0130856->0.00450081, Exited Hogbom minor cycle without reaching any stopping criterion.
2020-07-11 22:45:38	INFO	task_tclean::SDAlgorithmBase::deconvolve 	[W51 North_spw=11_X5:C113] iters=105493->106512 [1019], model=0->0.199087, peakres=0.0138849->0.00418841, Exited Hogbom minor cycle without reaching any stopping criterion.
2020-07-11 22:45:40	INFO	task_tclean::SDAlgorithmBase::deconvolve 	[W51 North_spw=11_X5:C114] iters=106512->107551 [1039], model=0->0.189892, peakres=0.0131223->0.00424389, Exited Hogbom minor cycle without reaching any stopping criterion.
2020-07-11 22:45:42	INFO	task_tclean::SDAlgorithmBase::deconvolve 	[W51 North_spw=11_X5:C115] iters=107551->108602 [1051], model=0->0.195327, peakres=0.0135131->0.00417268, Exited Hogbom minor cycle without reaching any stopping criterion.
2020-07-11 22:45:44	INFO	task_tclean::SDAlgorithmBase::deconvolve 	[W51 North_spw=11_X5:C116] iters=108602->109625 [1023], model=0->0.188916, peakres=0.0131256->0.00412272, Reached cyclethreshold.
2020-07-11 22:45:46	INFO	task_tclean::SDAlgorithmBase::deconvolve 	[W51 North_spw=11_X5:C117] iters=109625->110643 [1018], model=0->0.173025, peakres=0.0133318->0.00443267, Exited Hogbom minor cycle without reaching any stopping criterion.
2020-07-11 22:45:48	INFO	task_tclean::SDAlgorithmBase::deconvolve 	[W51 North_spw=11_X5:C118] iters=110643->111626 [983], model=0->0.154335, peakres=0.0136141->0.00446414, Exited Hogbom minor cycle without reaching any stopping criterion.
2020-07-11 22:45:50	INFO	task_tclean::SDAlgorithmBase::deconvolve 	[W51 North_spw=11_X5:C119] iters=111626->112593 [967], model=0->0.171705, peakres=0.0141129->0.00439134, Exited Hogbom minor cycle without reaching any stopping criterion.
2020-07-11 22:45:52	INFO	task_tclean::SDAlgorithmBase::deconvolve 	[W51 North_spw=11_X5:C120] iters=112593->113549 [956], model=0->0.184817, peakres=0.0143686->0.00412141, Reached cyclethreshold.
2020-07-11 22:45:54	INFO	task_tclean::SDAlgorithmBase::deconvolve 	[W51 North_spw=11_X5:C121] iters=113549->114541 [992], model=0->0.176584, peakres=0.0135314->0.00412065, Reached cyclethreshold.
2020-07-11 22:45:54	INFO	task_tclean::SDAlgorithmBase::deconvolve 	[W51 North_spw=11_X5:C122] iters=114541->114541 [0], model=0->0, peakres=0->0, Reached cyclethreshold.
2020-07-11 22:45:55	INFO	task_tclean::SDAlgorithmBase::deconvolve 	[W51 North_spw=11_X5:C123] iters=114541->114541 [0], model=0->0, peakres=0->0, Reached cyclethreshold.
2020-07-11 22:45:55	INFO	task_tclean::SDAlgorithmBase::deconvolve 	[W51 North_spw=11_X5:C124] iters=114541->114541 [0], model=0->0, peakres=0->0, Reached cyclethreshold.
2020-07-11 22:45:55	INFO	task_tclean::SDAlgorithmBase::deconvolve 	[W51 North_spw=11_X5:C125] iters=114541->114541 [0], model=0->0, peakres=0->0, Reached cyclethreshold.
2020-07-11 22:45:55	INFO	task_tclean::SDAlgorithmBase::deconvolve 	[W51 North_spw=11_X5:C126] iters=114541->114541 [0], model=0->0, peakres=0->0, Reached cyclethreshold.
2020-07-11 22:45:55	INFO	task_tclean::SDAlgorithmBase::deconvolve 	[W51 North_spw=11_X5:C127] iters=114541->114541 [0], model=0->0, peakres=0->0, Reached cyclethreshold.
2020-07-11 22:45:55	INFO	task_tclean::SDAlgorithmBase::deconvolve 	[W51 North_spw=11_X5] Total model flux (over all planes) : 23.3832     Peak Residual (over all planes) : 0.00562622 in C33:P0
2020-07-11 22:45:55	INFO	task_tclean::SIIterBot_state::mergeCycleExecutionRecord 	Completed 114541 iterations.
2020-07-11 22:45:55	INFO	task_tclean::SynthesisImager::executeMajorCycle 	----------------------------------------------------------- Run (Last) Major Cycle 2 -------------------------------------
2020-07-11 22:47:59	WARN	task_tclean::SIImageStore::getPSFGaussian (file ../../synthesis/ImagerObjects/SIImageStore.cc, line 1895)	PSF is blank for[C0:P0] [C1:P0] [C2:P0] [C3:P0] [C4:P0] [C5:P0] [C6:P0] [C122:P0] [C123:P0] [C124:P0] [C125:P0] [C126:P0] [C127:P0] 
2020-07-11 22:48:04	INFO	task_tclean::SIImageStore::printImageStats 	[W51 North_spw=11_X5] Peak residual (max,min) within mask : (0.00461736,-0.00453898) over full image : (0.00461736,-0.00453898)
2020-07-11 22:48:05	INFO	task_tclean::SIImageStore::printImageStats 	[W51 North_spw=11_X5] Total Model Flux : 23.3832
2020-07-11 22:48:15	INFO	tclean::::	Reached global stopping criterion : iteration limit
2020-07-11 22:48:15	INFO	SDAlgorithmBase::restore 	[W51 North_spw=11_X5] : Restoring model image.
2020-07-11 22:48:17	INFO	SIImageStore::restore 	Beam for chan : 0 : 0.13258 arcsec, 0.0737146 arcsec, 43.9062 deg
2020-07-11 22:48:17	INFO	SIImageStore::restore 	Beam for chan : 1 : 0.13258 arcsec, 0.0737146 arcsec, 43.9062 deg
2020-07-11 22:48:17	INFO	SIImageStore::restore 	Beam for chan : 2 : 0.13258 arcsec, 0.0737146 arcsec, 43.9062 deg
2020-07-11 22:48:17	INFO	SIImageStore::restore 	Beam for chan : 3 : 0.13258 arcsec, 0.0737146 arcsec, 43.9062 deg
2020-07-11 22:48:18	INFO	SIImageStore::restore 	Beam for chan : 4 : 0.13258 arcsec, 0.0737146 arcsec, 43.9062 deg
2020-07-11 22:48:18	INFO	SIImageStore::restore 	Beam for chan : 5 : 0.13258 arcsec, 0.0737146 arcsec, 43.9062 deg
2020-07-11 22:48:18	INFO	SIImageStore::restore 	Beam for chan : 6 : 0.13258 arcsec, 0.0737146 arcsec, 43.9062 deg
2020-07-11 22:48:18	INFO	SIImageStore::restore 	Beam for chan : 7 : 0.132568 arcsec, 0.0736971 arcsec, 43.922 deg
2020-07-11 22:48:18	INFO	SIImageStore::restore 	Beam for chan : 8 : 0.132571 arcsec, 0.073702 arcsec, 43.9184 deg
2020-07-11 22:48:18	INFO	SIImageStore::restore 	Beam for chan : 9 : 0.13258 arcsec, 0.0737146 arcsec, 43.9062 deg
2020-07-11 22:48:18	INFO	SIImageStore::restore 	Beam for chan : 10 : 0.132564 arcsec, 0.0736943 arcsec, 43.9055 deg
2020-07-11 22:48:19	INFO	SIImageStore::restore 	Beam for chan : 11 : 0.132557 arcsec, 0.0736872 arcsec, 43.8981 deg
2020-07-11 22:48:19	INFO	SIImageStore::restore 	Beam for chan : 12 : 0.132563 arcsec, 0.0736966 arcsec, 43.8752 deg
2020-07-11 22:48:19	INFO	SIImageStore::restore 	Beam for chan : 13 : 0.132565 arcsec, 0.0736977 arcsec, 43.8925 deg
2020-07-11 22:48:19	INFO	SIImageStore::restore 	Beam for chan : 14 : 0.132503 arcsec, 0.0736243 arcsec, 43.856 deg
2020-07-11 22:48:19	INFO	SIImageStore::restore 	Beam for chan : 15 : 0.13227 arcsec, 0.073348 arcsec, 43.7338 deg
2020-07-11 22:48:19	INFO	SIImageStore::restore 	Beam for chan : 16 : 0.132106 arcsec, 0.0731525 arcsec, 43.6573 deg
2020-07-11 22:48:19	INFO	SIImageStore::restore 	Beam for chan : 17 : 0.132126 arcsec, 0.0731771 arcsec, 43.6599 deg
2020-07-11 22:48:20	INFO	SIImageStore::restore 	Beam for chan : 18 : 0.132334 arcsec, 0.0734248 arcsec, 43.7609 deg
2020-07-11 22:48:20	INFO	SIImageStore::restore 	Beam for chan : 19 : 0.132509 arcsec, 0.0736326 arcsec, 43.8506 deg
2020-07-11 22:48:20	INFO	SIImageStore::restore 	Beam for chan : 20 : 0.132534 arcsec, 0.0736615 arcsec, 43.8725 deg
2020-07-11 22:48:20	INFO	SIImageStore::restore 	Beam for chan : 21 : 0.132541 arcsec, 0.0736683 arcsec, 43.8843 deg
2020-07-11 22:48:20	INFO	SIImageStore::restore 	Beam for chan : 22 : 0.132546 arcsec, 0.0736764 arcsec, 43.8696 deg
2020-07-11 22:48:20	INFO	SIImageStore::restore 	Beam for chan : 23 : 0.132553 arcsec, 0.0736829 arcsec, 43.8827 deg
2020-07-11 22:48:20	INFO	SIImageStore::restore 	Beam for chan : 24 : 0.132553 arcsec, 0.0736826 arcsec, 43.8898 deg
2020-07-11 22:48:21	INFO	SIImageStore::restore 	Beam for chan : 25 : 0.132534 arcsec, 0.0736579 arcsec, 43.9004 deg
2020-07-11 22:48:21	INFO	SIImageStore::restore 	Beam for chan : 26 : 0.132523 arcsec, 0.0736456 arcsec, 43.8866 deg
2020-07-11 22:48:21	INFO	SIImageStore::restore 	Beam for chan : 27 : 0.132529 arcsec, 0.0736546 arcsec, 43.8753 deg
2020-07-11 22:48:21	INFO	SIImageStore::restore 	Beam for chan : 28 : 0.132536 arcsec, 0.0736639 arcsec, 43.8697 deg
2020-07-11 22:48:21	INFO	SIImageStore::restore 	Beam for chan : 29 : 0.132527 arcsec, 0.0736507 arcsec, 43.8863 deg
2020-07-11 22:48:21	INFO	SIImageStore::restore 	Beam for chan : 30 : 0.132531 arcsec, 0.0736534 arcsec, 43.9073 deg
2020-07-11 22:48:21	INFO	SIImageStore::restore 	Beam for chan : 31 : 0.132522 arcsec, 0.0736403 arcsec, 43.9158 deg
2020-07-11 22:48:21	INFO	SIImageStore::restore 	Beam for chan : 32 : 0.132518 arcsec, 0.0736348 arcsec, 43.9249 deg
2020-07-11 22:48:22	INFO	SIImageStore::restore 	Beam for chan : 33 : 0.132519 arcsec, 0.0736379 arcsec, 43.9112 deg
2020-07-11 22:48:22	INFO	SIImageStore::restore 	Beam for chan : 34 : 0.132524 arcsec, 0.0736448 arcsec, 43.9057 deg
2020-07-11 22:48:22	INFO	SIImageStore::restore 	Beam for chan : 35 : 0.132515 arcsec, 0.0736356 arcsec, 43.8851 deg
2020-07-11 22:48:22	INFO	SIImageStore::restore 	Beam for chan : 36 : 0.132504 arcsec, 0.0736237 arcsec, 43.8723 deg
2020-07-11 22:48:22	INFO	SIImageStore::restore 	Beam for chan : 37 : 0.132505 arcsec, 0.0736227 arcsec, 43.8863 deg
2020-07-11 22:48:22	INFO	SIImageStore::restore 	Beam for chan : 38 : 0.132514 arcsec, 0.0736322 arcsec, 43.9059 deg
2020-07-11 22:48:22	INFO	SIImageStore::restore 	Beam for chan : 39 : 0.132514 arcsec, 0.0736331 arcsec, 43.8921 deg
2020-07-11 22:48:23	INFO	SIImageStore::restore 	Beam for chan : 40 : 0.132501 arcsec, 0.0736173 arcsec, 43.8922 deg
2020-07-11 22:48:23	INFO	SIImageStore::restore 	Beam for chan : 41 : 0.132486 arcsec, 0.073599 arcsec, 43.8868 deg
2020-07-11 22:48:23	INFO	SIImageStore::restore 	Beam for chan : 42 : 0.132494 arcsec, 0.073608 arcsec, 43.8951 deg
2020-07-11 22:48:23	INFO	SIImageStore::restore 	Beam for chan : 43 : 0.132505 arcsec, 0.0736192 arcsec, 43.9211 deg
2020-07-11 22:48:23	INFO	SIImageStore::restore 	Beam for chan : 44 : 0.132495 arcsec, 0.0736083 arcsec, 43.9054 deg
2020-07-11 22:48:23	INFO	SIImageStore::restore 	Beam for chan : 45 : 0.1325 arcsec, 0.073615 arcsec, 43.8994 deg
2020-07-11 22:48:24	INFO	SIImageStore::restore 	Beam for chan : 46 : 0.132485 arcsec, 0.0735968 arcsec, 43.8996 deg
2020-07-11 22:48:24	INFO	SIImageStore::restore 	Beam for chan : 47 : 0.132471 arcsec, 0.0735805 arcsec, 43.8903 deg
2020-07-11 22:48:24	INFO	SIImageStore::restore 	Beam for chan : 48 : 0.13248 arcsec, 0.0735905 arcsec, 43.8956 deg
2020-07-11 22:48:24	INFO	SIImageStore::restore 	Beam for chan : 49 : 0.13247 arcsec, 0.073579 arcsec, 43.8835 deg
2020-07-11 22:48:24	INFO	SIImageStore::restore 	Beam for chan : 50 : 0.132452 arcsec, 0.0735558 arcsec, 43.8915 deg
2020-07-11 22:48:24	INFO	SIImageStore::restore 	Beam for chan : 51 : 0.132375 arcsec, 0.0734558 arcsec, 43.9295 deg
2020-07-11 22:48:24	INFO	SIImageStore::restore 	Beam for chan : 52 : 0.132214 arcsec, 0.073251 arcsec, 43.9585 deg
2020-07-11 22:48:24	INFO	SIImageStore::restore 	Beam for chan : 53 : 0.132154 arcsec, 0.0731756 arcsec, 43.9594 deg
2020-07-11 22:48:25	INFO	SIImageStore::restore 	Beam for chan : 54 : 0.132294 arcsec, 0.0733539 arcsec, 43.9333 deg
2020-07-11 22:48:25	INFO	SIImageStore::restore 	Beam for chan : 55 : 0.132427 arcsec, 0.0735211 arcsec, 43.9186 deg
2020-07-11 22:48:25	INFO	SIImageStore::restore 	Beam for chan : 56 : 0.132439 arcsec, 0.0735392 arcsec, 43.9002 deg
2020-07-11 22:48:25	INFO	SIImageStore::restore 	Beam for chan : 57 : 0.132431 arcsec, 0.0735295 arcsec, 43.89 deg
2020-07-11 22:48:25	INFO	SIImageStore::restore 	Beam for chan : 58 : 0.132427 arcsec, 0.0735238 arcsec, 43.8991 deg
2020-07-11 22:48:25	INFO	SIImageStore::restore 	Beam for chan : 59 : 0.132428 arcsec, 0.0735238 arcsec, 43.9105 deg
2020-07-11 22:48:25	INFO	SIImageStore::restore 	Beam for chan : 60 : 0.13243 arcsec, 0.0735265 arcsec, 43.9082 deg
2020-07-11 22:48:26	INFO	SIImageStore::restore 	Beam for chan : 61 : 0.132422 arcsec, 0.0735157 arcsec, 43.915 deg
2020-07-11 22:48:26	INFO	SIImageStore::restore 	Beam for chan : 62 : 0.132408 arcsec, 0.0734985 arcsec, 43.9153 deg
2020-07-11 22:48:26	INFO	SIImageStore::restore 	Beam for chan : 63 : 0.132388 arcsec, 0.073474 arcsec, 43.9075 deg
2020-07-11 22:48:26	INFO	SIImageStore::restore 	Beam for chan : 64 : 0.132378 arcsec, 0.0734619 arcsec, 43.9107 deg
2020-07-11 22:48:26	INFO	SIImageStore::restore 	Beam for chan : 65 : 0.132353 arcsec, 0.0734306 arcsec, 43.9048 deg
2020-07-11 22:48:26	INFO	SIImageStore::restore 	Beam for chan : 66 : 0.132299 arcsec, 0.0733731 arcsec, 43.8205 deg
2020-07-11 22:48:26	INFO	SIImageStore::restore 	Beam for chan : 67 : 0.132243 arcsec, 0.0733442 arcsec, 43.4777 deg
2020-07-11 22:48:27	INFO	SIImageStore::restore 	Beam for chan : 68 : 0.132234 arcsec, 0.0733892 arcsec, 42.9859 deg
2020-07-11 22:48:27	INFO	SIImageStore::restore 	Beam for chan : 69 : 0.132246 arcsec, 0.0733926 arcsec, 43.0872 deg
2020-07-11 22:48:27	INFO	SIImageStore::restore 	Beam for chan : 70 : 0.132288 arcsec, 0.0733851 arcsec, 43.6065 deg
2020-07-11 22:48:27	INFO	SIImageStore::restore 	Beam for chan : 71 : 0.132274 arcsec, 0.0733336 arcsec, 43.8965 deg
2020-07-11 22:48:27	INFO	SIImageStore::restore 	Beam for chan : 72 : 0.13226 arcsec, 0.073313 arcsec, 43.9161 deg
2020-07-11 22:48:27	INFO	SIImageStore::restore 	Beam for chan : 73 : 0.132245 arcsec, 0.0732926 arcsec, 43.9312 deg
2020-07-11 22:48:27	INFO	SIImageStore::restore 	Beam for chan : 74 : 0.13221 arcsec, 0.0732498 arcsec, 43.9243 deg
2020-07-11 22:48:28	INFO	SIImageStore::restore 	Beam for chan : 75 : 0.132106 arcsec, 0.0731228 arcsec, 43.9019 deg
2020-07-11 22:48:28	INFO	SIImageStore::restore 	Beam for chan : 76 : 0.132016 arcsec, 0.0730119 arcsec, 43.8962 deg
2020-07-11 22:48:28	INFO	SIImageStore::restore 	Beam for chan : 77 : 0.132004 arcsec, 0.0729958 arcsec, 43.8997 deg
2020-07-11 22:48:28	INFO	SIImageStore::restore 	Beam for chan : 78 : 0.13205 arcsec, 0.0730521 arcsec, 43.9103 deg
2020-07-11 22:48:28	INFO	SIImageStore::restore 	Beam for chan : 79 : 0.132046 arcsec, 0.0730465 arcsec, 43.9159 deg
2020-07-11 22:48:28	INFO	SIImageStore::restore 	Beam for chan : 80 : 0.132004 arcsec, 0.0729958 arcsec, 43.8982 deg
2020-07-11 22:48:29	INFO	SIImageStore::restore 	Beam for chan : 81 : 0.131986 arcsec, 0.0729747 arcsec, 43.8977 deg
2020-07-11 22:48:29	INFO	SIImageStore::restore 	Beam for chan : 82 : 0.131982 arcsec, 0.0729677 arcsec, 43.9096 deg
2020-07-11 22:48:29	INFO	SIImageStore::restore 	Beam for chan : 83 : 0.131975 arcsec, 0.0729584 arcsec, 43.9173 deg
2020-07-11 22:48:29	INFO	SIImageStore::restore 	Beam for chan : 84 : 0.13194 arcsec, 0.072917 arcsec, 43.9017 deg
2020-07-11 22:48:29	INFO	SIImageStore::restore 	Beam for chan : 85 : 0.131935 arcsec, 0.0729108 arcsec, 43.8985 deg
2020-07-11 22:48:29	INFO	SIImageStore::restore 	Beam for chan : 86 : 0.131892 arcsec, 0.0728573 arcsec, 43.9 deg
2020-07-11 22:48:29	INFO	SIImageStore::restore 	Beam for chan : 87 : 0.131851 arcsec, 0.0728083 arcsec, 43.8852 deg
2020-07-11 22:48:29	INFO	SIImageStore::restore 	Beam for chan : 88 : 0.131822 arcsec, 0.072774 arcsec, 43.8655 deg
2020-07-11 22:48:30	INFO	SIImageStore::restore 	Beam for chan : 89 : 0.131803 arcsec, 0.07275 arcsec, 43.8688 deg
2020-07-11 22:48:30	INFO	SIImageStore::restore 	Beam for chan : 90 : 0.131805 arcsec, 0.0727519 arcsec, 43.8723 deg
2020-07-11 22:48:30	INFO	SIImageStore::restore 	Beam for chan : 91 : 0.131766 arcsec, 0.0727038 arcsec, 43.8761 deg
2020-07-11 22:48:30	INFO	SIImageStore::restore 	Beam for chan : 92 : 0.131747 arcsec, 0.0726803 arcsec, 43.8722 deg
2020-07-11 22:48:30	INFO	SIImageStore::restore 	Beam for chan : 93 : 0.131712 arcsec, 0.0726389 arcsec, 43.8573 deg
2020-07-11 22:48:30	INFO	SIImageStore::restore 	Beam for chan : 94 : 0.131662 arcsec, 0.072578 arcsec, 43.841 deg
2020-07-11 22:48:30	INFO	SIImageStore::restore 	Beam for chan : 95 : 0.131622 arcsec, 0.0725296 arcsec, 43.8326 deg
2020-07-11 22:48:31	INFO	SIImageStore::restore 	Beam for chan : 96 : 0.131586 arcsec, 0.0724856 arcsec, 43.8342 deg
2020-07-11 22:48:31	INFO	SIImageStore::restore 	Beam for chan : 97 : 0.131581 arcsec, 0.0724794 arcsec, 43.8321 deg
2020-07-11 22:48:31	INFO	SIImageStore::restore 	Beam for chan : 98 : 0.131576 arcsec, 0.0724716 arcsec, 43.844 deg
2020-07-11 22:48:31	INFO	SIImageStore::restore 	Beam for chan : 99 : 0.131552 arcsec, 0.0724376 arcsec, 43.8746 deg
2020-07-11 22:48:31	INFO	SIImageStore::restore 	Beam for chan : 100 : 0.131533 arcsec, 0.0724124 arcsec, 43.89 deg
2020-07-11 22:48:31	INFO	SIImageStore::restore 	Beam for chan : 101 : 0.131269 arcsec, 0.0720382 arcsec, 44.2758 deg
2020-07-11 22:48:31	INFO	SIImageStore::restore 	Beam for chan : 102 : 0.130977 arcsec, 0.0716313 arcsec, 44.6406 deg
2020-07-11 22:48:32	INFO	SIImageStore::restore 	Beam for chan : 103 : 0.13098 arcsec, 0.0716356 arcsec, 44.6376 deg
2020-07-11 22:48:32	INFO	SIImageStore::restore 	Beam for chan : 104 : 0.13127 arcsec, 0.0720423 arcsec, 44.2494 deg
2020-07-11 22:48:32	INFO	SIImageStore::restore 	Beam for chan : 105 : 0.131488 arcsec, 0.0723539 arcsec, 43.9122 deg
2020-07-11 22:48:32	INFO	SIImageStore::restore 	Beam for chan : 106 : 0.131514 arcsec, 0.0723967 arcsec, 43.83 deg
2020-07-11 22:48:32	INFO	SIImageStore::restore 	Beam for chan : 107 : 0.13153 arcsec, 0.0724163 arcsec, 43.8248 deg
2020-07-11 22:48:32	INFO	SIImageStore::restore 	Beam for chan : 108 : 0.131545 arcsec, 0.0724356 arcsec, 43.8219 deg
2020-07-11 22:48:33	INFO	SIImageStore::restore 	Beam for chan : 109 : 0.131565 arcsec, 0.0724585 arcsec, 43.8417 deg
2020-07-11 22:48:33	INFO	SIImageStore::restore 	Beam for chan : 110 : 0.131549 arcsec, 0.0724374 arcsec, 43.8442 deg
2020-07-11 22:48:33	INFO	SIImageStore::restore 	Beam for chan : 111 : 0.131542 arcsec, 0.0724323 arcsec, 43.8207 deg
2020-07-11 22:48:33	INFO	SIImageStore::restore 	Beam for chan : 112 : 0.131549 arcsec, 0.072441 arcsec, 43.8166 deg
2020-07-11 22:48:33	INFO	SIImageStore::restore 	Beam for chan : 113 : 0.131559 arcsec, 0.0724541 arcsec, 43.8138 deg
2020-07-11 22:48:33	INFO	SIImageStore::restore 	Beam for chan : 114 : 0.131564 arcsec, 0.0724584 arcsec, 43.8254 deg
2020-07-11 22:48:33	INFO	SIImageStore::restore 	Beam for chan : 115 : 0.131568 arcsec, 0.0724627 arcsec, 43.8309 deg
2020-07-11 22:48:34	INFO	SIImageStore::restore 	Beam for chan : 116 : 0.131555 arcsec, 0.07245 arcsec, 43.8038 deg
2020-07-11 22:48:34	INFO	SIImageStore::restore 	Beam for chan : 117 : 0.131558 arcsec, 0.0724519 arcsec, 43.8236 deg
2020-07-11 22:48:34	INFO	SIImageStore::restore 	Beam for chan : 118 : 0.131601 arcsec, 0.0725015 arcsec, 43.8556 deg
2020-07-11 22:48:34	INFO	SIImageStore::restore 	Beam for chan : 119 : 0.131604 arcsec, 0.0725044 arcsec, 43.8578 deg
2020-07-11 22:48:34	INFO	SIImageStore::restore 	Beam for chan : 120 : 0.131604 arcsec, 0.0725049 arcsec, 43.855 deg
2020-07-11 22:48:34	INFO	SIImageStore::restore 	Beam for chan : 121 : 0.131586 arcsec, 0.0724822 arcsec, 43.8611 deg
2020-07-11 22:48:34	INFO	SIImageStore::restore 	Beam for chan : 122 : 0.13258 arcsec, 0.0737146 arcsec, 43.9062 deg
2020-07-11 22:48:35	INFO	SIImageStore::restore 	Beam for chan : 123 : 0.13258 arcsec, 0.0737146 arcsec, 43.9062 deg
2020-07-11 22:48:35	INFO	SIImageStore::restore 	Beam for chan : 124 : 0.13258 arcsec, 0.0737146 arcsec, 43.9062 deg
2020-07-11 22:48:35	INFO	SIImageStore::restore 	Beam for chan : 125 : 0.13258 arcsec, 0.0737146 arcsec, 43.9062 deg
2020-07-11 22:48:35	INFO	SIImageStore::restore 	Beam for chan : 126 : 0.13258 arcsec, 0.0737146 arcsec, 43.9062 deg
2020-07-11 22:48:35	INFO	SIImageStore::restore 	Beam for chan : 127 : 0.13258 arcsec, 0.0737146 arcsec, 43.9062 deg
2020-07-11 22:48:36	INFO	tclean::::	##### End Task: tclean               #####
2020-07-11 22:48:36	INFO	tclean::::+	##########################################
2020-07-11 22:56:41	INFO	exportfits::::	
2020-07-11 22:56:41	INFO	exportfits::::+	##########################################
2020-07-11 22:56:41	INFO	exportfits::::+	##### Begin Task: exportfits         #####
2020-07-11 22:56:41	INFO	exportfits::::	exportfits(imagename="W51North_spw_8_1.image",fitsimage="",velocity=False,optical=False,bitpix=-32,
2020-07-11 22:56:41	INFO	exportfits::::+	        minpix=0,maxpix=-1,overwrite=False,dropstokes=False,stokeslast=True,
2020-07-11 22:56:41	INFO	exportfits::::+	        history=True,dropdeg=False)
2020-07-11 22:56:42	SEVERE	exportfits::image::tofits (file ../../tools/images/image_cmpt.cc, line 6211)	Exception Reported: Exception: fitsfile must be specified.
2020-07-11 22:56:42	SEVERE	exportfits::image::tofits (file ../../tools/images/image_cmpt.cc, line 6211)+	... thrown by bool casac::image::tofits(const string&, bool, bool, int, double, double, const casac::variant&, const casac::variant&, bool, bool, bool, bool, bool, bool, bool, bool, bool) at File: ../../tools/images/image_cmpt.cc, line: 6220
2020-07-11 22:56:42	SEVERE	exportfits::::	An error occurred running task exportfits.
