2020-07-17 14:22:55	INFO	::casa	
2020-07-17 14:22:55	INFO	::casa	Checking telemetry submission interval
2020-07-17 14:22:55	INFO	::casa	Creating a new telemetry time stamp file./home/dealderod/.casa/telemetry-15216c1f4bf3e61ad.stamp
2020-07-17 14:22:55	INFO	::casa	Telemetry submit interval not reached. Not submitting data.
2020-07-17 14:22:55	INFO	::casa	Next telemetry data submission in: 6 days, 23:59:59.998121
2020-07-17 14:22:55	INFO	::casa	CASA Version  5.6.0-60  
2020-07-17 14:32:24	INFO	tclean::::	
2020-07-17 14:32:24	INFO	tclean::::+	##########################################
2020-07-17 14:32:24	INFO	tclean::::+	##### Begin Task: tclean             #####
2020-07-17 14:32:24	INFO	tclean::::	tclean(vis="/orange/adamginsburg/w51/vla/19A-254/derod/19A-254_2019_08_02_T15_20_05.733/19A-254.sb36820841.eb37001660.58697.18583002315.ms",selectdata=True,field="3",spw="9",timerange="",
2020-07-17 14:32:24	INFO	tclean::::+	        uvrange="",antenna="",scan="",observation="",intent="",
2020-07-17 14:32:24	INFO	tclean::::+	        datacolumn="corrected",imagename="W51 North_spw=9_X12",imsize=1000,cell="0.05arcsec",phasecenter="",
2020-07-17 14:32:24	INFO	tclean::::+	        stokes="I",projection="SIN",startmodel="",specmode="cube",reffreq="",
2020-07-17 14:32:24	INFO	tclean::::+	        nchan=-1,start="",width="",outframe="",veltype="radio",
2020-07-17 14:32:24	INFO	tclean::::+	        restfreq=[],interpolation="linear",perchanweightdensity=True,gridder="standard",facets=1,
2020-07-17 14:32:24	INFO	tclean::::+	        psfphasecenter="",chanchunks=10,wprojplanes=1,vptable="",mosweight=True,
2020-07-17 14:32:24	INFO	tclean::::+	        aterm=True,psterm=False,wbawp=True,conjbeams=False,cfcache="",
2020-07-17 14:32:24	INFO	tclean::::+	        usepointing=False,computepastep=360.0,rotatepastep=360.0,pointingoffsetsigdev=0.0,pblimit=0.1,
2020-07-17 14:32:24	INFO	tclean::::+	        normtype="flatnoise",deconvolver="hogbom",scales=[],nterms=2,smallscalebias=0.0,
2020-07-17 14:32:24	INFO	tclean::::+	        restoration=True,restoringbeam=[],pbcor=False,outlierfile="",weighting="natural",
2020-07-17 14:32:24	INFO	tclean::::+	        robust=0.5,noise="1.0Jy",npixels=0,uvtaper=[],niter=100000,
2020-07-17 14:32:24	INFO	tclean::::+	        gain=0.1,threshold=0.0,nsigma=0.0,cycleniter=-1,cyclefactor=1.0,
2020-07-17 14:32:24	INFO	tclean::::+	        minpsffraction=0.05,maxpsffraction=0.8,interactive=False,usemask="user",mask="",
2020-07-17 14:32:24	INFO	tclean::::+	        pbmask=0.0,sidelobethreshold=3.0,noisethreshold=5.0,lownoisethreshold=1.5,negativethreshold=0.0,
2020-07-17 14:32:24	INFO	tclean::::+	        smoothfactor=1.0,minbeamfrac=0.3,cutthreshold=0.01,growiterations=75,dogrowprune=True,
2020-07-17 14:32:24	INFO	tclean::::+	        minpercentchange=-1.0,verbose=False,fastnoise=True,restart=True,savemodel="none",
2020-07-17 14:32:24	INFO	tclean::::+	        calcres=True,calcpsf=True,parallel=False)
2020-07-17 14:32:24	INFO	tclean::::	Verifying Input Parameters
2020-07-17 14:32:26	INFO	SynthesisImagerVi2::selectData 	MS : /orange/adamginsburg/w51/vla/19A-254/derod/19A-254_2019_08_02_T15_20_05.733/19A-254.sb36820841.eb37001660.58697.18583002315.ms | Selecting on fields : 3 | Selecting on spw :9 | [Opened in readonly mode]
2020-07-17 14:32:30	INFO	SynthesisImagerVi2::selectData 	  NRows selected : 323100
2020-07-17 14:32:30	SEVERE	MeasTable::dUTC(Double) (file ../../measures/Measures/MeasTable.cc, line 4290)	Leap second table TAI_UTC seems out-of-date.
2020-07-17 14:32:30	SEVERE	MeasTable::dUTC(Double) (file ../../measures/Measures/MeasTable.cc, line 4290)+	Until the table is updated (see the CASA documentation or your system admin),
2020-07-17 14:32:30	SEVERE	MeasTable::dUTC(Double) (file ../../measures/Measures/MeasTable.cc, line 4290)+	times and coordinates derived from UTC could be wrong by 1s or more.
2020-07-17 14:32:31	INFO	SynthesisImagerVi2::defineImage 	Define image coordinates for [W51 North_spw=9_X12] : 
2020-07-17 14:32:32	INFO	MSTransformRegridder::calcChanFreqs	 phaseCenter='Direction: [0.345613, -0.904272, 0.250687]'  Channels equidistant in freq
2020-07-17 14:32:32	INFO	MSTransformRegridder::calcChanFreqs+	 Central frequency (in output frame) = 2.36897e+10 Hz
2020-07-17 14:32:32	INFO	MSTransformRegridder::calcChanFreqs+	 Width of central channel (in output frame) = 15624.4 Hz
2020-07-17 14:32:32	INFO	MSTransformRegridder::calcChanFreqs+	 Number of channels = 1024
2020-07-17 14:32:32	INFO	MSTransformRegridder::calcChanFreqs+	 Total width of SPW (in output frame) = 1.59993e+07 Hz
2020-07-17 14:32:32	INFO	MSTransformRegridder::calcChanFreqs+	 Lower edge = 2.36817e+10 Hz, upper edge = 2.36977e+10 Hz
2020-07-17 14:32:32	INFO	SynthesisImagerVi2::defineImage 	Impars : start 
2020-07-17 14:32:32	INFO	SynthesisImagerVi2::defineImage 	Shape : [1000, 1000, 1, 1024]Spectral : [2.36817e+10] at [0] with increment [15624.4]
2020-07-17 14:32:32	INFO	SynthesisImagerVi2::defineImage 	Set Gridding options for [W51 North_spw=9_X12] with ftmachine : gridft
2020-07-17 14:32:32	INFO	SynthesisImager::createChanChunkImageStoreList	Creating 11 reference subCubes (channel chunks) for gridding 
2020-07-17 14:32:32	INFO	SynthesisImagerVi2::weight() 	Set imaging weights : Natural weighting
2020-07-17 14:32:32	INFO	SynthesisImager::tuneSelectData 	Tuning frequency data selection to match image spectral coordinates
2020-07-17 14:32:32	INFO	SynthesisImagerVi2::selectData 	MS : /orange/adamginsburg/w51/vla/19A-254/derod/19A-254_2019_08_02_T15_20_05.733/19A-254.sb36820841.eb37001660.58697.18583002315.ms | Selecting on fields : 3 | Selecting on spw :9 | [Opened in readonly mode]
2020-07-17 14:32:36	INFO	SynthesisImagerVi2::selectData 	  NRows selected : 323100
2020-07-17 14:32:36	INFO	task_tclean::SynthesisDeconvolver::setupDeconvolution 	Set Deconvolution Options for [W51 North_spw=9_X12] : hogbom
2020-07-17 14:32:36	INFO	SynthesisIterBot::setupIteration 	Set Iteration Control Options
2020-07-17 14:32:36	INFO	task_tclean::SynthesisImager::makePSF 	----------------------------------------------------------- Make PSF ---------------------------------------------
2020-07-17 14:32:36	INFO	task_tclean::SynthesisImagerVi2::runMajorCycle2 	Running major cycle for chunk : 0
2020-07-17 14:34:20	INFO	task_tclean::SynthesisImagerVi2::runMajorCycle2 	Running major cycle for chunk : 1
2020-07-17 14:36:09	INFO	task_tclean::SynthesisImagerVi2::runMajorCycle2 	Running major cycle for chunk : 2
2020-07-17 14:38:01	INFO	task_tclean::SynthesisImagerVi2::runMajorCycle2 	Running major cycle for chunk : 3
2020-07-17 14:39:46	INFO	task_tclean::SynthesisImagerVi2::runMajorCycle2 	Running major cycle for chunk : 4
2020-07-17 14:41:34	INFO	task_tclean::SynthesisImagerVi2::runMajorCycle2 	Running major cycle for chunk : 5
2020-07-17 14:43:25	INFO	task_tclean::SynthesisImagerVi2::runMajorCycle2 	Running major cycle for chunk : 6
2020-07-17 14:45:14	INFO	task_tclean::SynthesisImagerVi2::runMajorCycle2 	Running major cycle for chunk : 7
2020-07-17 14:47:07	INFO	task_tclean::SynthesisImagerVi2::runMajorCycle2 	Running major cycle for chunk : 8
2020-07-17 14:48:56	INFO	task_tclean::SynthesisImagerVi2::runMajorCycle2 	Running major cycle for chunk : 9
2020-07-17 14:50:28	INFO	task_tclean::SynthesisImagerVi2::runMajorCycle2 	Running major cycle for chunk : 10
2020-07-17 14:51:59	INFO	task_tclean::SIImageStore::calcSensitivity 	[W51 North_spw=9_X12] Theoretical sensitivity (Jy/bm):c0:none c1:none c2:none c3:none c4:none c5:none c6:none c7:none c8:none c9:none c10:none c11:none c12:none c13:none c14:none c15:none c16:none c17:none c18:none c19:none c20:none c21:none c22:none c23:none c24:none c25:none c26:none c27:none c28:none c29:none c30:none c31:none c32:none c33:none c34:none c35:none c36:none c37:none c38:none c39:none c40:none c41:none c42:none c43:none c44:none c45:none c46:none c47:none c48:none c49:none c50:none c51:none c52:0.00261378 c53:0.00260696 c54:0.00260155 c55:0.0025978 c56:0.00259762 c57:0.00260151 c58:0.00260049 c59:0.00259714 c60:0.00259775 c61:0.00259859 c62:0.00259319 c63:0.00258875 c64:0.00258732 c65:0.00258631 c66:0.00258636 c67:0.00258598 c68:0.00258699 c69:0.00258632 c70:0.00258448 c71:0.00258381 c72:0.00258358 c73:0.00258412 c74:0.00258521 c75:0.00258285 c76:0.00258082 c77:0.00258285 c78:0.00258236 c79:0.00257744 c80:0.0025735 c81:0.00257163 c82:0.00257324 c83:0.00257592 c84:0.00257322 c85:0.00256888 c86:0.00257056 c87:0.0025735 c88:0.00257468 c89:0.00257607 c90:0.0025746 c91:0.00257119 c92:0.00256877 c93:0.00256773 c94:0.00256867 c95:0.0025698 c96:0.00256953 c97:0.00256829 c98:0.00256658 c99:0.00256573 c100:0.00256536 c101:0.00256707 c102:0.00256913 c103:0.00256747 c104:0.00256544 c105:0.00256519 c106:0.00256488 c107:0.00256339 c108:0.00256242 c109:0.00256236 c110:0.00256307 c111:0.00256532 c112:0.00256788 c113:0.00256742 c114:0.00256491 c115:0.00256317 c116:0.00256264 c117:0.0025638 c118:0.00256277 c119:0.00255993 c120:0.00256111 c121:0.00256242 c122:0.00256166 c123:0.00256072 c124:0.00256131 c125:0.00256171 c126:0.00256098 c127:0.0025607 c128:0.00256043 c129:0.00255982 c130:0.00256183 c131:0.00256407 c132:0.00256445 c133:0.00256301 c134:0.00256246 c135:0.00256343 c136:0.00256311 c137:0.00256151 c138:0.00256008 c139:0.00255875 c140:0.00255913 c141:0.00256004 c142:0.00256149 c143:0.00256283 c144:0.00256317 c145:0.00256254 c146:0.00256132 c147:0.00256081 c148:0.00256115 c149:0.00256108 c150:0.00256058 c151:0.00256064 c152:0.00256043 c153:0.00255915 c154:0.0025575 c155:0.0025574 c156:0.00255768 c157:0.00255744 c158:0.00255714 c159:0.00255869 c160:0.00256089 c161:0.00256202 c162:0.00256292 c163:0.00256329 c164:0.00256221 c165:0.00256105 c166:0.00256136 c167:0.0025605 c168:0.00256025 c169:0.00256035 c170:0.00256023 c171:0.00256117 c172:0.00256109 c173:0.00255888 c174:0.00255875 c175:0.00255986 c176:0.00255931 c177:0.00255857 c178:0.00255839 c179:0.00255911 c180:0.00255988 c181:0.00255933 c182:0.00255792 c183:0.00255705 c184:0.00255691 c185:0.00255736 c186:0.00255722 c187:0.00255855 c188:0.00255921 c189:0.00256005 c190:0.00256018 c191:0.00255812 c192:0.00255633 c193:0.00255634 c194:0.00255942 c195:0.00256233 c196:0.00256248 c197:0.00256032 c198:0.0025583 c199:0.00255904 c200:0.00255861 c201:0.00255753 c202:0.00255843 c203:0.00256055 c204:0.00256154 c205:0.00256156 c206:0.00255969 c207:0.00255894 c208:0.00255911 c209:0.00255874 c210:0.00255959 c211:0.00256145 c212:0.00256206 c213:0.00256113 c214:0.0025602 c215:0.00255931 c216:0.00255872 c217:0.00255888 c218:0.0025586 c219:0.00255855 c220:0.00255908 c221:0.00255944 c222:0.00255873 c223:0.00256105 c224:0.00256357 c225:0.00256244 c226:0.00256049 c227:0.00256236 c228:0.00256481 c229:0.00256467 c230:0.00256369 c231:0.00256339 c232:0.00256344 c233:0.00256174 c234:0.00256025 c235:0.00256149 c236:0.00256151 c237:0.00256038 c238:0.00256013 c239:0.00256161 c240:0.00256409 c241:0.00256302 c242:0.00256072 c243:0.00255951 c244:0.00255911 c245:0.00256018 c246:0.00256046 c247:0.00256039 c248:0.0025602 c249:0.00255999 c250:0.00255917 c251:0.00255882 c252:0.00255896 c253:0.00255929 c254:0.00256007 c255:0.00256031 c256:0.00255863 c257:0.00255822 c258:0.00256089 c259:0.00256223 c260:0.00256234 c261:0.0025621 c262:0.00256033 c263:0.00255986 c264:0.00256042 c265:0.00255989 c266:0.00255848 c267:0.00255739 c268:0.0025577 c269:0.00255793 c270:0.00255818 c271:0.00255876 c272:0.00255919 c273:0.00255947 c274:0.00256001 c275:0.00256003 c276:0.00256047 c277:0.00256032 c278:0.00255934 c279:0.00255752 c280:0.00255688 c281:0.00255841 c282:0.00256105 c283:0.00256239 c284:0.00256284 c285:0.00256438 c286:0.00256386 c287:0.00256038 c288:0.00255862 c289:0.00256091 c290:0.00256373 c291:0.00256301 c292:0.0025613 c293:0.00255995 c294:0.00255799 c295:0.0025579 c296:0.00255953 c297:0.0025606 c298:0.00255973 c299:0.00255867 c300:0.00255981 c301:0.00256 c302:0.00256089 c303:0.00256263 c304:0.00256208 c305:0.00255947 c306:0.00255872 c307:0.00255987 c308:0.00256037 c309:0.00256005 c310:0.00256058 c311:0.00255955 c312:0.00255843 c313:0.00255867 c314:0.00255834 c315:0.00255764 c316:0.00255842 c317:0.00256051 c318:0.00256076 c319:0.00255932 c320:0.00255914 c321:0.00255951 c322:0.00255939 c323:0.00255841 c324:0.00255852 c325:0.00256032 c326:0.00256202 c327:0.00256252 c328:0.00256188 c329:0.00256253 c330:0.00256213 c331:0.00255947 c332:0.00255844 c333:0.00255819 c334:0.00255863 c335:0.00255953 c336:0.00256158 c337:0.002562 c338:0.00255985 c339:0.00255954 c340:0.00256176 c341:0.00256204 c342:0.00256058 c343:0.00255997 c344:0.00256019 c345:0.00255972 c346:0.00255917 c347:0.00255996 c348:0.00256195 c349:0.00256143 c350:0.00255947 c351:0.00256011 c352:0.00256189 c353:0.00256193 c354:0.00256139 c355:0.00256037 c356:0.00255915 c357:0.00255918 c358:0.00255908 c359:0.00255758 c360:0.0025569 c361:0.00255854 c362:0.00256029 c363:0.00256077 c364:0.00255985 c365:0.00255924 c366:0.00256011 c367:0.00256131 c368:0.00256063 c369:0.00255993 c370:0.00255816 c371:0.00255684 c372:0.00255783 c373:0.00255959 c374:0.00255923 c375:0.00255872 c376:0.00255956 c377:0.00256009 c378:0.00255972 c379:0.00256028 c380:0.00256225 c381:0.00256132 c382:0.00256061 c383:0.00256004 c384:0.00255956 c385:0.00256019 c386:0.00256019 c387:0.00256002 c388:0.00256081 c389:0.00256086 c390:0.00256119 c391:0.00256231 c392:0.00256409 c393:0.00256275 c394:0.00255983 c395:0.00255845 c396:0.00255875 c397:0.0025604 c398:0.00256133 c399:0.00256304 c400:0.00256253 c401:0.00256014 c402:0.00256047 c403:0.00256319 c404:0.00256337 c405:0.00256129 c406:0.00255994 c407:0.00255952 c408:0.00255874 c409:0.00255843 c410:0.0025589 c411:0.00256206 c412:0.00256425 c413:0.00256269 c414:0.00256154 c415:0.00256248 c416:0.00256247 c417:0.00256076 c418:0.00255887 c419:0.00256053 c420:0.00256412 c421:0.00256366 c422:0.00256 c423:0.00255681 c424:0.00255622 c425:0.00255866 c426:0.00256165 c427:0.00256332 c428:0.00256173 c429:0.00255985 c430:0.00256049 c431:0.00255891 c432:0.00255712 c433:0.00255739 c434:0.00255994 c435:0.00256282 c436:0.00256375 c437:0.00256205 c438:0.00255958 c439:0.00256029 c440:0.00256351 c441:0.00256223 c442:0.00255975 c443:0.00256001 c444:0.00256102 c445:0.00256102 c446:0.00255976 c447:0.00255854 c448:0.00255916 c449:0.00256087 c450:0.00255947 c451:0.00255706 c452:0.00255726 c453:0.0025591 c454:0.0025604 c455:0.00256049 c456:0.0025612 c457:0.00256266 c458:0.00256256 c459:0.00255949 c460:0.00255821 c461:0.00255858 c462:0.00255766 c463:0.0025571 c464:0.00255935 c465:0.00256156 c466:0.00256175 c467:0.0025599 c468:0.00255766 c469:0.00255784 c470:0.00256042 c471:0.00256026 c472:0.00255871 c473:0.00255958 c474:0.00256075 c475:0.00255989 c476:0.0025609 c477:0.0025631 c478:0.00256292 c479:0.00256143 c480:0.002559 c481:0.00255828 c482:0.002561 c483:0.00256233 c484:0.00256126 c485:0.00255944 c486:0.00255874 c487:0.00255938 c488:0.00255965 c489:0.00256033 c490:0.00256262 c491:0.00256384 c492:0.00256402 c493:0.00256239 c494:0.00255984 c495:0.00255963 c496:0.00256166 c497:0.00256224 c498:0.00256135 c499:0.00256285 c500:0.00256317 c501:0.00256129 c502:0.00256057 c503:0.00255902 c504:0.00255822 c505:0.00255891 c506:0.00255918 c507:0.00255932 c508:0.00256017 c509:0.0025605 c510:0.00256018 c511:0.00255951 c512:0.0025599 c513:0.00256112 c514:0.00256104 c515:0.00256045 c516:0.00256003 c517:0.00255938 c518:0.00255834 c519:0.00255768 c520:0.00255857 c521:0.00255996 c522:0.00256021 c523:0.00255899 c524:0.00255793 c525:0.00256057 c526:0.00256066 c527:0.00255832 c528:0.00255949 c529:0.00256064 c530:0.00256108 c531:0.00256047 c532:0.00256086 c533:0.00256109 c534:0.00255989 c535:0.00256 c536:0.00255976 c537:0.00256166 c538:0.00256428 c539:0.00256486 c540:0.00256477 c541:0.00256488 c542:0.00256277 c543:0.0025627 c544:0.00256328 c545:0.00256427 c546:0.00256554 c547:0.00256464 c548:0.0025636 c549:0.0025624 c550:0.00256088 c551:0.00256158 c552:0.00256295 c553:0.00256445 c554:0.00256431 c555:0.00256252 c556:0.00256425 c557:0.00256467 c558:0.00256357 c559:0.00256287 c560:0.00256246 c561:0.00256302 c562:0.00256375 c563:0.00256289 c564:0.00256249 c565:0.00256309 c566:0.00256166 c567:0.00256051 c568:0.00256186 c569:0.00256312 c570:0.00256379 c571:0.0025622 c572:0.00256169 c573:0.00256257 c574:0.00256316 c575:0.00256385 c576:0.00256475 c577:0.00256429 c578:0.00256237 c579:0.00256087 c580:0.00255942 c581:0.00255968 c582:0.0025615 c583:0.00256256 c584:0.00256235 c585:0.0025615 c586:0.00255926 c587:0.00255982 c588:0.00256342 c589:0.00256259 c590:0.00256021 c591:0.00256247 c592:0.00256325 c593:0.00256179 c594:0.00256113 c595:0.00256146 c596:0.00256191 c597:0.00256109 c598:0.00256036 c599:0.00256124 c600:0.00256182 c601:0.00256194 c602:0.00256217 c603:0.00256251 c604:0.00256326 c605:0.00256259 c606:0.00256192 c607:0.00256246 c608:0.00256221 c609:0.0025622 c610:0.00256188 c611:0.00256091 c612:0.00256162 c613:0.00256085 c614:0.00255963 c615:0.00256041 c616:0.00256194 c617:0.00256201 c618:0.00256115 c619:0.00256193 c620:0.00256372 c621:0.00256341 c622:0.00256122 c623:0.00256021 c624:0.00256061 c625:0.00255949 c626:0.0025592 c627:0.00256105 c628:0.0025621 c629:0.00256239 c630:0.00256316 c631:0.00256472 c632:0.00256402 c633:0.00256155 c634:0.00256166 c635:0.00256128 c636:0.00256015 c637:0.00256083 c638:0.00256189 c639:0.0025619 c640:0.00256256 c641:0.00256281 c642:0.0025618 c643:0.0025599 c644:0.0025593 c645:0.00255967 c646:0.00255928 c647:0.00256007 c648:0.00256002 c649:0.00256003 c650:0.0025622 c651:0.00256362 c652:0.00256365 c653:0.00256422 c654:0.00256338 c655:0.00256135 c656:0.00255997 c657:0.00256098 c658:0.00256195 c659:0.00256158 c660:0.002561 c661:0.00256048 c662:0.0025595 c663:0.00255957 c664:0.0025584 c665:0.00255642 c666:0.00255772 c667:0.00255954 c668:0.00255835 c669:0.00255964 c670:0.00256137 c671:0.00256018 c672:0.00255921 c673:0.00255898 c674:0.00255949 c675:0.00256019 c676:0.00256068 c677:0.00255965 c678:0.0025591 c679:0.00256012 c680:0.00256234 c681:0.00256394 c682:0.00256375 c683:0.00256176 c684:0.0025609 c685:0.00256079 c686:0.00256122 c687:0.00256261 c688:0.00256328 c689:0.0025617 c690:0.00255936 c691:0.00255783 c692:0.00255798 c693:0.00255913 c694:0.0025593 c695:0.00255982 c696:0.00255914 c697:0.00255853 c698:0.00255934 c699:0.00256048 c700:0.00256124 c701:0.00256061 c702:0.00255854 c703:0.00255901 c704:0.00256018 c705:0.00255882 c706:0.00255792 c707:0.00255777 c708:0.00255852 c709:0.00255962 c710:0.00255947 c711:0.00255938 c712:0.00255895 c713:0.00255739 c714:0.00255799 c715:0.00256031 c716:0.00256004 c717:0.00255802 c718:0.00255748 c719:0.00255833 c720:0.00255818 c721:0.0025586 c722:0.00255903 c723:0.00255734 c724:0.00255768 c725:0.0025603 c726:0.00256164 c727:0.0025597 c728:0.00255861 c729:0.00255835 c730:0.00255722 c731:0.00255783 c732:0.00256018 c733:0.00256058 c734:0.00256113 c735:0.00256222 c736:0.00256247 c737:0.00256253 c738:0.00256289 c739:0.00256154 c740:0.00256002 c741:0.00256079 c742:0.00256075 c743:0.00255985 c744:0.00255986 c745:0.00255955 c746:0.00255921 c747:0.00255981 c748:0.00255983 c749:0.00255884 c750:0.00255917 c751:0.0025601 c752:0.00255997 c753:0.00255802 c754:0.00255754 c755:0.00255903 c756:0.00256013 c757:0.00256065 c758:0.00256128 c759:0.00256188 c760:0.00256107 c761:0.00255971 c762:0.00256056 c763:0.00256177 c764:0.00256017 c765:0.00255832 c766:0.00255918 c767:0.00255958 c768:0.00255868 c769:0.00255837 c770:0.00255847 c771:0.00255882 c772:0.00255934 c773:0.00255892 c774:0.00255879 c775:0.00255945 c776:0.00255886 c777:0.00255844 c778:0.00255978 c779:0.00255927 c780:0.00255714 c781:0.0025565 c782:0.00255682 c783:0.00255741 c784:0.00255845 c785:0.00255912 c786:0.00255842 c787:0.00255992 c788:0.00256137 c789:0.0025608 c790:0.00256031 c791:0.00255985 c792:0.00255998 c793:0.00255817 c794:0.00255651 c795:0.00255763 c796:0.00255849 c797:0.0025597 c798:0.00255977 c799:0.0025595 c800:0.00255968 c801:0.00255866 c802:0.00255882 c803:0.00256051 c804:0.00256136 c805:0.00256207 c806:0.00256183 c807:0.00255993 c808:0.00255745 c809:0.00255756 c810:0.00255879 c811:0.00255822 c812:0.00255691 c813:0.00255849 c814:0.00256008 c815:0.0025602 c816:0.00256064 c817:0.00256119 c818:0.00256213 c819:0.00256446 c820:0.00256292 c821:0.00256077 c822:0.00256106 c823:0.00256189 c824:0.00256097 c825:0.00255803 c826:0.00255676 c827:0.00255811 c828:0.00255916 c829:0.00256033 c830:0.0025612 c831:0.00256074 c832:0.00255981 c833:0.00255934 c834:0.00255953 c835:0.00255901 c836:0.00255836 c837:0.00255777 c838:0.00255749 c839:0.00255984 c840:0.00256259 c841:0.00256087 c842:0.0025588 c843:0.00255851 c844:0.00255855 c845:0.00255847 c846:0.00256007 c847:0.00256126 c848:0.0025594 c849:0.00255857 c850:0.00255895 c851:0.00255873 c852:0.00255847 c853:0.00255864 c854:0.00255803 c855:0.00255839 c856:0.00255981 c857:0.00256005 c858:0.00256126 c859:0.00256083 c860:0.00255975 c861:0.00255917 c862:0.00255938 c863:0.00256072 c864:0.00256195 c865:0.00256269 c866:0.00256264 c867:0.00256108 c868:0.00255795 c869:0.0025566 c870:0.00255767 c871:0.00255835 c872:0.00255782 c873:0.00255735 c874:0.00255783 c875:0.0025586 c876:0.00255988 c877:0.00256081 c878:0.0025603 c879:0.00256095 c880:0.00256321 c881:0.00256407 c882:0.00256302 c883:0.00256292 c884:0.00256143 c885:0.0025581 c886:0.00255719 c887:0.00255943 c888:0.00256173 c889:0.00256016 c890:0.00255883 c891:0.00255941 c892:0.00256109 c893:0.00256216 c894:0.00256244 c895:0.0025631 c896:0.00256189 c897:0.00256122 c898:0.00256401 c899:0.00256637 c900:0.00256493 c901:0.00256248 c902:0.00256121 c903:0.00256092 c904:0.00256218 c905:0.00256299 c906:0.00256261 c907:0.00256062 c908:0.00255919 c909:0.00255974 c910:0.00256045 c911:0.00255992 c912:0.0025608 c913:0.00256266 c914:0.00256348 c915:0.00256215 c916:0.00256128 c917:0.00256199 c918:0.00256333 c919:0.002565 c920:0.00256511 c921:0.00256459 c922:0.00256433 c923:0.00256444 c924:0.00256341 c925:0.00256286 c926:0.00256496 c927:0.00256661 c928:0.00256656 c929:0.00256811 c930:0.00256879 c931:0.00256847 c932:0.00256946 c933:0.00257014 c934:0.00256993 c935:0.00256915 c936:0.00256889 c937:0.00256996 c938:0.00257032 c939:0.00257178 c940:0.00257418 c941:0.00257479 c942:0.0025744 c943:0.00257608 c944:0.00257684 c945:0.00257577 c946:0.00257768 c947:0.00257856 c948:0.00257483 c949:0.00257277 c950:0.00257469 c951:0.00257905 c952:0.00258325 c953:0.00258397 c954:0.00258204 c955:0.0025841 c956:0.00258873 c957:0.00259241 c958:0.00259175 c959:0.00259043 c960:0.00259165 c961:0.0025925 c962:0.00259628 c963:0.00259803 c964:0.00259648 c965:0.00259883 c966:0.00260036 c967:0.00260283 c968:0.00260619 c969:0.00260841 c970:0.00261238 c971:0.00261554 c972:0.00261455 c973:none c974:none c975:none c976:none c977:none c978:none c979:none c980:none c981:none c982:none c983:none c984:none c985:none c986:none c987:none c988:none c989:none c990:none c991:none c992:none c993:none c994:none c995:none c996:none c997:none c998:none c999:none c1000:none c1001:none c1002:none c1003:none c1004:none c1005:none c1006:none c1007:none c1008:none c1009:none c1010:none c1011:none c1012:none c1013:none c1014:none c1015:none c1016:none c1017:none c1018:none c1019:none c1020:none c1021:none c1022:none c1023:none 
2020-07-17 14:52:28	WARN	task_tclean::SIImageStore::getPSFGaussian (file ../../synthesis/ImagerObjects/SIImageStore.cc, line 1895)	PSF is blank for[C0:P0] [C1:P0] [C2:P0] [C3:P0] [C4:P0] [C5:P0] [C6:P0] [C7:P0] [C8:P0] [C9:P0] [C10:P0] [C11:P0] [C12:P0] [C13:P0] [C14:P0] [C15:P0] [C16:P0] [C17:P0] [C18:P0] [C19:P0] [C20:P0] [C21:P0] [C22:P0] [C23:P0] [C24:P0] [C25:P0] [C26:P0] [C27:P0] [C28:P0] [C29:P0] [C30:P0] [C31:P0] [C32:P0] [C33:P0] [C34:P0] [C35:P0] [C36:P0] [C37:P0] [C38:P0] [C39:P0] [C40:P0] [C41:P0] [C42:P0] [C43:P0] [C44:P0] [C45:P0] [C46:P0] [C47:P0] [C48:P0] [C49:P0] [C50:P0] [C51:P0] [C973:P0] [C974:P0] [C975:P0] [C976:P0] [C977:P0] [C978:P0] [C979:P0] [C980:P0] [C981:P0] [C982:P0] [C983:P0] [C984:P0] [C985:P0] [C986:P0] [C987:P0] [C988:P0] [C989:P0] [C990:P0] [C991:P0] [C992:P0] [C993:P0] [C994:P0] [C995:P0] [C996:P0] [C997:P0] [C998:P0] [C999:P0] [C1000:P0] [C1001:P0] [C1002:P0] [C1003:P0] [C1004:P0] [C1005:P0] [C1006:P0] [C1007:P0] [C1008:P0] [C1009:P0] [C1010:P0] [C1011:P0] [C1012:P0] [C1013:P0] [C1014:P0] [C1015:P0] [C1016:P0] [C1017:P0] [C1018:P0] [C1019:P0] [C1020:P0] [C1021:P0] [C1022:P0] [C1023:P0] 
2020-07-17 14:52:29	INFO	task_tclean::SIImageStore::printBeamSet 	Restoring Beams 
2020-07-17 14:52:29	INFO	task_tclean::SIImageStore::printBeamSet +	Pol   Type Chan          Freq     Vel
2020-07-17 14:52:29	INFO	task_tclean::SIImageStore::printBeamSet +	  I    Max    0 2.3681734e+10  161.15    0.1329 arcsec x    0.0742 arcsec pa= 43.0959 deg
2020-07-17 14:52:29	INFO	task_tclean::SIImageStore::printBeamSet +	  I    Min  962 2.3696764e+10  -29.03    0.1325 arcsec x    0.0737 arcsec pa= 43.1733 deg
2020-07-17 14:52:29	INFO	task_tclean::SIImageStore::printBeamSet +	  I Median  431 2.3688468e+10   75.94    0.1328 arcsec x    0.0741 arcsec pa= 43.1377 deg
2020-07-17 14:52:35	INFO	task_tclean::SynthesisImagerVi2::makePrimaryBeam 	vi2 : Evaluating Primary Beam model onto image grid(s)
2020-07-17 14:57:51	INFO	task_tclean::SynthesisImager::executeMajorCycle 	----------------------------------------------------------- Run Major Cycle 1 -------------------------------------
2020-07-17 14:57:51	INFO	task_tclean::SynthesisImagerVi2::runMajorCycle2 	Running major cycle for chunk : 0
2020-07-17 14:59:34	INFO	task_tclean::SynthesisImagerVi2::runMajorCycle2 	Running major cycle for chunk : 1
2020-07-17 15:01:12	INFO	task_tclean::SynthesisImagerVi2::runMajorCycle2 	Running major cycle for chunk : 2
2020-07-17 15:02:40	INFO	task_tclean::SynthesisImagerVi2::runMajorCycle2 	Running major cycle for chunk : 3
2020-07-17 15:04:18	INFO	task_tclean::SynthesisImagerVi2::runMajorCycle2 	Running major cycle for chunk : 4
2020-07-17 15:05:45	INFO	task_tclean::SynthesisImagerVi2::runMajorCycle2 	Running major cycle for chunk : 5
2020-07-17 15:07:16	INFO	task_tclean::SynthesisImagerVi2::runMajorCycle2 	Running major cycle for chunk : 6
2020-07-17 15:08:41	INFO	task_tclean::SynthesisImagerVi2::runMajorCycle2 	Running major cycle for chunk : 7
2020-07-17 15:10:08	INFO	task_tclean::SynthesisImagerVi2::runMajorCycle2 	Running major cycle for chunk : 8
2020-07-17 15:11:39	INFO	task_tclean::SynthesisImagerVi2::runMajorCycle2 	Running major cycle for chunk : 9
2020-07-17 15:12:50	INFO	task_tclean::SynthesisImagerVi2::runMajorCycle2 	Running major cycle for chunk : 10
2020-07-17 15:15:25	WARN	task_tclean::SIImageStore::getPSFGaussian (file ../../synthesis/ImagerObjects/SIImageStore.cc, line 1895)	PSF is blank for[C0:P0] [C1:P0] [C2:P0] [C3:P0] [C4:P0] [C5:P0] [C6:P0] [C7:P0] [C8:P0] [C9:P0] [C10:P0] [C11:P0] [C12:P0] [C13:P0] [C14:P0] [C15:P0] [C16:P0] [C17:P0] [C18:P0] [C19:P0] [C20:P0] [C21:P0] [C22:P0] [C23:P0] [C24:P0] [C25:P0] [C26:P0] [C27:P0] [C28:P0] [C29:P0] [C30:P0] [C31:P0] [C32:P0] [C33:P0] [C34:P0] [C35:P0] [C36:P0] [C37:P0] [C38:P0] [C39:P0] [C40:P0] [C41:P0] [C42:P0] [C43:P0] [C44:P0] [C45:P0] [C46:P0] [C47:P0] [C48:P0] [C49:P0] [C50:P0] [C51:P0] [C973:P0] [C974:P0] [C975:P0] [C976:P0] [C977:P0] [C978:P0] [C979:P0] [C980:P0] [C981:P0] [C982:P0] [C983:P0] [C984:P0] [C985:P0] [C986:P0] [C987:P0] [C988:P0] [C989:P0] [C990:P0] [C991:P0] [C992:P0] [C993:P0] [C994:P0] [C995:P0] [C996:P0] [C997:P0] [C998:P0] [C999:P0] [C1000:P0] [C1001:P0] [C1002:P0] [C1003:P0] [C1004:P0] [C1005:P0] [C1006:P0] [C1007:P0] [C1008:P0] [C1009:P0] [C1010:P0] [C1011:P0] [C1012:P0] [C1013:P0] [C1014:P0] [C1015:P0] [C1016:P0] [C1017:P0] [C1018:P0] [C1019:P0] [C1020:P0] [C1021:P0] [C1022:P0] [C1023:P0] 
2020-07-17 15:17:32	INFO	task_tclean::SIImageStore::printImageStats 	[W51 North_spw=9_X12] Peak residual (max,min) over full image : (0.0367778,-0.0363718)
2020-07-17 15:17:59	INFO	task_tclean::SIImageStore::printImageStats 	[W51 North_spw=9_X12] Total Model Flux : 0
2020-07-17 15:21:01	INFO	task_tclean::SynthesisDeconvolver::setupMask 	[W51 North_spw=9_X12] Initializing new mask to 1.0 for the full image
2020-07-17 15:21:06	INFO	task_tclean::SynthesisDeconvolver::setupMask 	[W51 North_spw=9_X12] Number of pixels in the clean mask : 1.024e+09 out of a total of 1.024e+09 pixels. [ 100 % ]
2020-07-17 15:23:20	WARN	task_tclean::SIImageStore::getPSFGaussian (file ../../synthesis/ImagerObjects/SIImageStore.cc, line 1895)	PSF is blank for[C0:P0] [C1:P0] [C2:P0] [C3:P0] [C4:P0] [C5:P0] [C6:P0] [C7:P0] [C8:P0] [C9:P0] [C10:P0] [C11:P0] [C12:P0] [C13:P0] [C14:P0] [C15:P0] [C16:P0] [C17:P0] [C18:P0] [C19:P0] [C20:P0] [C21:P0] [C22:P0] [C23:P0] [C24:P0] [C25:P0] [C26:P0] [C27:P0] [C28:P0] [C29:P0] [C30:P0] [C31:P0] [C32:P0] [C33:P0] [C34:P0] [C35:P0] [C36:P0] [C37:P0] [C38:P0] [C39:P0] [C40:P0] [C41:P0] [C42:P0] [C43:P0] [C44:P0] [C45:P0] [C46:P0] [C47:P0] [C48:P0] [C49:P0] [C50:P0] [C51:P0] [C973:P0] [C974:P0] [C975:P0] [C976:P0] [C977:P0] [C978:P0] [C979:P0] [C980:P0] [C981:P0] [C982:P0] [C983:P0] [C984:P0] [C985:P0] [C986:P0] [C987:P0] [C988:P0] [C989:P0] [C990:P0] [C991:P0] [C992:P0] [C993:P0] [C994:P0] [C995:P0] [C996:P0] [C997:P0] [C998:P0] [C999:P0] [C1000:P0] [C1001:P0] [C1002:P0] [C1003:P0] [C1004:P0] [C1005:P0] [C1006:P0] [C1007:P0] [C1008:P0] [C1009:P0] [C1010:P0] [C1011:P0] [C1012:P0] [C1013:P0] [C1014:P0] [C1015:P0] [C1016:P0] [C1017:P0] [C1018:P0] [C1019:P0] [C1020:P0] [C1021:P0] [C1022:P0] [C1023:P0] 
2020-07-17 15:25:17	INFO	task_tclean::SIImageStore::printImageStats 	[W51 North_spw=9_X12] Peak residual (max,min) within mask : (0.0367778,-0.0363718) over full image : (0.0367778,-0.0363718)
2020-07-17 15:25:27	INFO	task_tclean::SIImageStore::printImageStats 	[W51 North_spw=9_X12] Total Model Flux : 0
2020-07-17 15:27:53	INFO	task_tclean::SynthesisDeconvolver::executeMinorCycle 	---------------------------------------------------- Run Minor Cycle Iterations  ---------------------------------------------
2020-07-17 15:27:53	INFO	task_tclean::SDAlgorithmBase::deconvolve 	[W51 North_spw=9_X12] Run Hogbom minor-cycle on 1024 chans | CycleThreshold=0.00897012, CycleNiter=100000, Gain=0.1
2020-07-17 15:27:54	INFO	task_tclean::SDAlgorithmBase::deconvolve 	[W51 North_spw=9_X12:C0] iters=0->0 [0], model=0->0, peakres=0->0, Reached cyclethreshold.
2020-07-17 15:27:54	INFO	task_tclean::SDAlgorithmBase::deconvolve 	[W51 North_spw=9_X12:C1] iters=0->0 [0], model=0->0, peakres=0->0, Reached cyclethreshold.
2020-07-17 15:27:54	INFO	task_tclean::SDAlgorithmBase::deconvolve 	[W51 North_spw=9_X12:C2] iters=0->0 [0], model=0->0, peakres=0->0, Reached cyclethreshold.
2020-07-17 15:27:54	INFO	task_tclean::SDAlgorithmBase::deconvolve 	[W51 North_spw=9_X12:C3] iters=0->0 [0], model=0->0, peakres=0->0, Reached cyclethreshold.
2020-07-17 15:27:54	INFO	task_tclean::SDAlgorithmBase::deconvolve 	[W51 North_spw=9_X12:C4] iters=0->0 [0], model=0->0, peakres=0->0, Reached cyclethreshold.
2020-07-17 15:27:54	INFO	task_tclean::SDAlgorithmBase::deconvolve 	[W51 North_spw=9_X12:C5] iters=0->0 [0], model=0->0, peakres=0->0, Reached cyclethreshold.
2020-07-17 15:27:54	INFO	task_tclean::SDAlgorithmBase::deconvolve 	[W51 North_spw=9_X12:C6] iters=0->0 [0], model=0->0, peakres=0->0, Reached cyclethreshold.
2020-07-17 15:27:54	INFO	task_tclean::SDAlgorithmBase::deconvolve 	[W51 North_spw=9_X12:C7] iters=0->0 [0], model=0->0, peakres=0->0, Reached cyclethreshold.
2020-07-17 15:27:55	INFO	task_tclean::SDAlgorithmBase::deconvolve 	[W51 North_spw=9_X12:C8] iters=0->0 [0], model=0->0, peakres=0->0, Reached cyclethreshold.
2020-07-17 15:27:55	INFO	task_tclean::SDAlgorithmBase::deconvolve 	[W51 North_spw=9_X12:C9] iters=0->0 [0], model=0->0, peakres=0->0, Reached cyclethreshold.
2020-07-17 15:27:55	INFO	task_tclean::SDAlgorithmBase::deconvolve 	[W51 North_spw=9_X12:C10] iters=0->0 [0], model=0->0, peakres=0->0, Reached cyclethreshold.
2020-07-17 15:27:55	INFO	task_tclean::SDAlgorithmBase::deconvolve 	[W51 North_spw=9_X12:C11] iters=0->0 [0], model=0->0, peakres=0->0, Reached cyclethreshold.
2020-07-17 15:27:55	INFO	task_tclean::SDAlgorithmBase::deconvolve 	[W51 North_spw=9_X12:C12] iters=0->0 [0], model=0->0, peakres=0->0, Reached cyclethreshold.
2020-07-17 15:27:55	INFO	task_tclean::SDAlgorithmBase::deconvolve 	[W51 North_spw=9_X12:C13] iters=0->0 [0], model=0->0, peakres=0->0, Reached cyclethreshold.
2020-07-17 15:27:55	INFO	task_tclean::SDAlgorithmBase::deconvolve 	[W51 North_spw=9_X12:C14] iters=0->0 [0], model=0->0, peakres=0->0, Reached cyclethreshold.
2020-07-17 15:27:55	INFO	task_tclean::SDAlgorithmBase::deconvolve 	[W51 North_spw=9_X12:C15] iters=0->0 [0], model=0->0, peakres=0->0, Reached cyclethreshold.
2020-07-17 15:27:55	INFO	task_tclean::SDAlgorithmBase::deconvolve 	[W51 North_spw=9_X12:C16] iters=0->0 [0], model=0->0, peakres=0->0, Reached cyclethreshold.
2020-07-17 15:27:55	INFO	task_tclean::SDAlgorithmBase::deconvolve 	[W51 North_spw=9_X12:C17] iters=0->0 [0], model=0->0, peakres=0->0, Reached cyclethreshold.
2020-07-17 15:27:55	INFO	task_tclean::SDAlgorithmBase::deconvolve 	[W51 North_spw=9_X12:C18] iters=0->0 [0], model=0->0, peakres=0->0, Reached cyclethreshold.
2020-07-17 15:27:55	INFO	task_tclean::SDAlgorithmBase::deconvolve 	[W51 North_spw=9_X12:C19] iters=0->0 [0], model=0->0, peakres=0->0, Reached cyclethreshold.
2020-07-17 15:27:55	INFO	task_tclean::SDAlgorithmBase::deconvolve 	[W51 North_spw=9_X12:C20] iters=0->0 [0], model=0->0, peakres=0->0, Reached cyclethreshold.
2020-07-17 15:27:55	INFO	task_tclean::SDAlgorithmBase::deconvolve 	[W51 North_spw=9_X12:C21] iters=0->0 [0], model=0->0, peakres=0->0, Reached cyclethreshold.
2020-07-17 15:27:55	INFO	task_tclean::SDAlgorithmBase::deconvolve 	[W51 North_spw=9_X12:C22] iters=0->0 [0], model=0->0, peakres=0->0, Reached cyclethreshold.
2020-07-17 15:27:56	INFO	task_tclean::SDAlgorithmBase::deconvolve 	[W51 North_spw=9_X12:C23] iters=0->0 [0], model=0->0, peakres=0->0, Reached cyclethreshold.
2020-07-17 15:27:56	INFO	task_tclean::SDAlgorithmBase::deconvolve 	[W51 North_spw=9_X12:C24] iters=0->0 [0], model=0->0, peakres=0->0, Reached cyclethreshold.
2020-07-17 15:27:56	INFO	task_tclean::SDAlgorithmBase::deconvolve 	[W51 North_spw=9_X12:C25] iters=0->0 [0], model=0->0, peakres=0->0, Reached cyclethreshold.
2020-07-17 15:27:56	INFO	task_tclean::SDAlgorithmBase::deconvolve 	[W51 North_spw=9_X12:C26] iters=0->0 [0], model=0->0, peakres=0->0, Reached cyclethreshold.
2020-07-17 15:27:56	INFO	task_tclean::SDAlgorithmBase::deconvolve 	[W51 North_spw=9_X12:C27] iters=0->0 [0], model=0->0, peakres=0->0, Reached cyclethreshold.
2020-07-17 15:27:56	INFO	task_tclean::SDAlgorithmBase::deconvolve 	[W51 North_spw=9_X12:C28] iters=0->0 [0], model=0->0, peakres=0->0, Reached cyclethreshold.
2020-07-17 15:27:56	INFO	task_tclean::SDAlgorithmBase::deconvolve 	[W51 North_spw=9_X12:C29] iters=0->0 [0], model=0->0, peakres=0->0, Reached cyclethreshold.
2020-07-17 15:27:56	INFO	task_tclean::SDAlgorithmBase::deconvolve 	[W51 North_spw=9_X12:C30] iters=0->0 [0], model=0->0, peakres=0->0, Reached cyclethreshold.
2020-07-17 15:27:56	INFO	task_tclean::SDAlgorithmBase::deconvolve 	[W51 North_spw=9_X12:C31] iters=0->0 [0], model=0->0, peakres=0->0, Reached cyclethreshold.
2020-07-17 15:27:56	INFO	task_tclean::SDAlgorithmBase::deconvolve 	[W51 North_spw=9_X12:C32] iters=0->0 [0], model=0->0, peakres=0->0, Reached cyclethreshold.
2020-07-17 15:27:56	INFO	task_tclean::SDAlgorithmBase::deconvolve 	[W51 North_spw=9_X12:C33] iters=0->0 [0], model=0->0, peakres=0->0, Reached cyclethreshold.
2020-07-17 15:27:57	INFO	task_tclean::SDAlgorithmBase::deconvolve 	[W51 North_spw=9_X12:C34] iters=0->0 [0], model=0->0, peakres=0->0, Reached cyclethreshold.
2020-07-17 15:27:57	INFO	task_tclean::SDAlgorithmBase::deconvolve 	[W51 North_spw=9_X12:C35] iters=0->0 [0], model=0->0, peakres=0->0, Reached cyclethreshold.
2020-07-17 15:27:57	INFO	task_tclean::SDAlgorithmBase::deconvolve 	[W51 North_spw=9_X12:C36] iters=0->0 [0], model=0->0, peakres=0->0, Reached cyclethreshold.
2020-07-17 15:27:57	INFO	task_tclean::SDAlgorithmBase::deconvolve 	[W51 North_spw=9_X12:C37] iters=0->0 [0], model=0->0, peakres=0->0, Reached cyclethreshold.
2020-07-17 15:27:57	INFO	task_tclean::SDAlgorithmBase::deconvolve 	[W51 North_spw=9_X12:C38] iters=0->0 [0], model=0->0, peakres=0->0, Reached cyclethreshold.
2020-07-17 15:27:57	INFO	task_tclean::SDAlgorithmBase::deconvolve 	[W51 North_spw=9_X12:C39] iters=0->0 [0], model=0->0, peakres=0->0, Reached cyclethreshold.
2020-07-17 15:27:57	INFO	task_tclean::SDAlgorithmBase::deconvolve 	[W51 North_spw=9_X12:C40] iters=0->0 [0], model=0->0, peakres=0->0, Reached cyclethreshold.
2020-07-17 15:27:57	INFO	task_tclean::SDAlgorithmBase::deconvolve 	[W51 North_spw=9_X12:C41] iters=0->0 [0], model=0->0, peakres=0->0, Reached cyclethreshold.
2020-07-17 15:27:57	INFO	task_tclean::SDAlgorithmBase::deconvolve 	[W51 North_spw=9_X12:C42] iters=0->0 [0], model=0->0, peakres=0->0, Reached cyclethreshold.
2020-07-17 15:27:57	INFO	task_tclean::SDAlgorithmBase::deconvolve 	[W51 North_spw=9_X12:C43] iters=0->0 [0], model=0->0, peakres=0->0, Reached cyclethreshold.
2020-07-17 15:27:57	INFO	task_tclean::SDAlgorithmBase::deconvolve 	[W51 North_spw=9_X12:C44] iters=0->0 [0], model=0->0, peakres=0->0, Reached cyclethreshold.
2020-07-17 15:27:57	INFO	task_tclean::SDAlgorithmBase::deconvolve 	[W51 North_spw=9_X12:C45] iters=0->0 [0], model=0->0, peakres=0->0, Reached cyclethreshold.
2020-07-17 15:27:57	INFO	task_tclean::SDAlgorithmBase::deconvolve 	[W51 North_spw=9_X12:C46] iters=0->0 [0], model=0->0, peakres=0->0, Reached cyclethreshold.
2020-07-17 15:27:57	INFO	task_tclean::SDAlgorithmBase::deconvolve 	[W51 North_spw=9_X12:C47] iters=0->0 [0], model=0->0, peakres=0->0, Reached cyclethreshold.
2020-07-17 15:27:57	INFO	task_tclean::SDAlgorithmBase::deconvolve 	[W51 North_spw=9_X12:C48] iters=0->0 [0], model=0->0, peakres=0->0, Reached cyclethreshold.
2020-07-17 15:27:58	INFO	task_tclean::SDAlgorithmBase::deconvolve 	[W51 North_spw=9_X12:C49] iters=0->0 [0], model=0->0, peakres=0->0, Reached cyclethreshold.
2020-07-17 15:27:58	INFO	task_tclean::SDAlgorithmBase::deconvolve 	[W51 North_spw=9_X12:C50] iters=0->0 [0], model=0->0, peakres=0->0, Reached cyclethreshold.
2020-07-17 15:27:58	INFO	task_tclean::SDAlgorithmBase::deconvolve 	[W51 North_spw=9_X12:C51] iters=0->0 [0], model=0->0, peakres=0->0, Reached cyclethreshold.
2020-07-17 15:29:54	INFO	task_tclean::SDAlgorithmBase::deconvolve 	[W51 North_spw=9_X12:C52] iters=0->34000 [34000], model=0->0.326064, peakres=0.0363718->0.0163184, Possible divergence. Peak residual increased by 10% from minimum.
2020-07-17 15:31:47	INFO	task_tclean::SDAlgorithmBase::deconvolve 	[W51 North_spw=9_X12:C53] iters=34000->68000 [34000], model=0->1.10581, peakres=0.0333268->0.0183247, Possible divergence. Peak residual increased by 10% from minimum.
2020-07-17 15:32:59	INFO	task_tclean::SDAlgorithmBase::deconvolve 	[W51 North_spw=9_X12:C54] iters=68000->90092 [22092], model=0->-0.164621, peakres=0.0343794->0.0134982, Exited Hogbom minor cycle without reaching any stopping criterion.
2020-07-17 15:34:09	INFO	task_tclean::SDAlgorithmBase::deconvolve 	[W51 North_spw=9_X12:C55] iters=90092->110287 [20195], model=0->-0.286495, peakres=0.0308945->0.01434, Exited Hogbom minor cycle without reaching any stopping criterion.
2020-07-17 15:35:20	INFO	task_tclean::SDAlgorithmBase::deconvolve 	[W51 North_spw=9_X12:C56] iters=110287->130846 [20559], model=0->0.619448, peakres=0.0318703->0.0135876, Exited Hogbom minor cycle without reaching any stopping criterion.
2020-07-17 15:36:31	INFO	task_tclean::SDAlgorithmBase::deconvolve 	[W51 North_spw=9_X12:C57] iters=130846->152588 [21742], model=0->-0.0216268, peakres=0.0329825->0.0122226, Exited Hogbom minor cycle without reaching any stopping criterion.
2020-07-17 15:37:44	INFO	task_tclean::SDAlgorithmBase::deconvolve 	[W51 North_spw=9_X12:C58] iters=152588->174353 [21765], model=0->-0.515876, peakres=0.0361017->0.014029, Exited Hogbom minor cycle without reaching any stopping criterion.
2020-07-17 15:38:51	INFO	task_tclean::SDAlgorithmBase::deconvolve 	[W51 North_spw=9_X12:C59] iters=174353->194794 [20441], model=0->-0.209099, peakres=0.0337362->0.0134449, Exited Hogbom minor cycle without reaching any stopping criterion.
2020-07-17 15:39:54	INFO	task_tclean::SDAlgorithmBase::deconvolve 	[W51 North_spw=9_X12:C60] iters=194794->214070 [19276], model=0->0.308122, peakres=0.0343972->0.011294, Exited Hogbom minor cycle without reaching any stopping criterion.
2020-07-17 15:40:57	INFO	task_tclean::SDAlgorithmBase::deconvolve 	[W51 North_spw=9_X12:C61] iters=214070->233399 [19329], model=0->-0.087493, peakres=0.0302775->0.0138742, Exited Hogbom minor cycle without reaching any stopping criterion.
2020-07-17 15:42:02	INFO	task_tclean::SDAlgorithmBase::deconvolve 	[W51 North_spw=9_X12:C62] iters=233399->253038 [19639], model=0->-0.206387, peakres=0.0313987->0.0115077, Exited Hogbom minor cycle without reaching any stopping criterion.
2020-07-17 15:43:10	INFO	task_tclean::SDAlgorithmBase::deconvolve 	[W51 North_spw=9_X12:C63] iters=253038->273232 [20194], model=0->-0.0430266, peakres=0.029547->0.0156467, Exited Hogbom minor cycle without reaching any stopping criterion.
2020-07-17 15:44:26	INFO	task_tclean::SDAlgorithmBase::deconvolve 	[W51 North_spw=9_X12:C64] iters=273232->292547 [19315], model=0->0.179686, peakres=0.0322215->0.0132551, Exited Hogbom minor cycle without reaching any stopping criterion.
2020-07-17 15:45:28	INFO	task_tclean::SDAlgorithmBase::deconvolve 	[W51 North_spw=9_X12:C65] iters=292547->311219 [18672], model=0->0.2472, peakres=0.0302252->0.0144704, Exited Hogbom minor cycle without reaching any stopping criterion.
2020-07-17 15:46:29	INFO	task_tclean::SDAlgorithmBase::deconvolve 	[W51 North_spw=9_X12:C66] iters=311219->329652 [18433], model=0->0.340211, peakres=0.0298166->0.0142453, Exited Hogbom minor cycle without reaching any stopping criterion.
2020-07-17 15:47:30	INFO	task_tclean::SDAlgorithmBase::deconvolve 	[W51 North_spw=9_X12:C67] iters=329652->348195 [18543], model=0->0.12354, peakres=0.030835->0.0121851, Exited Hogbom minor cycle without reaching any stopping criterion.
2020-07-17 15:48:35	INFO	task_tclean::SDAlgorithmBase::deconvolve 	[W51 North_spw=9_X12:C68] iters=348195->366969 [18774], model=0->0.0300455, peakres=0.0308487->0.0151334, Exited Hogbom minor cycle without reaching any stopping criterion.
2020-07-17 15:49:41	INFO	task_tclean::SDAlgorithmBase::deconvolve 	[W51 North_spw=9_X12:C69] iters=366969->386067 [19098], model=0->0.406962, peakres=0.0354682->0.0128309, Exited Hogbom minor cycle without reaching any stopping criterion.
2020-07-17 15:50:45	INFO	task_tclean::SDAlgorithmBase::deconvolve 	[W51 North_spw=9_X12:C70] iters=386067->405371 [19304], model=0->0.155207, peakres=0.0319508->0.0139336, Exited Hogbom minor cycle without reaching any stopping criterion.
2020-07-17 15:51:49	INFO	task_tclean::SDAlgorithmBase::deconvolve 	[W51 North_spw=9_X12:C71] iters=405371->424052 [18681], model=0->-0.102176, peakres=0.0323554->0.0143127, Exited Hogbom minor cycle without reaching any stopping criterion.
2020-07-17 15:52:51	INFO	task_tclean::SDAlgorithmBase::deconvolve 	[W51 North_spw=9_X12:C72] iters=424052->442567 [18515], model=0->0.55601, peakres=0.030711->0.0142632, Exited Hogbom minor cycle without reaching any stopping criterion.
2020-07-17 15:53:53	INFO	task_tclean::SDAlgorithmBase::deconvolve 	[W51 North_spw=9_X12:C73] iters=442567->460654 [18087], model=0->-0.274759, peakres=0.0308983->0.0130633, Exited Hogbom minor cycle without reaching any stopping criterion.
2020-07-17 15:54:57	INFO	task_tclean::SDAlgorithmBase::deconvolve 	[W51 North_spw=9_X12:C74] iters=460654->479005 [18351], model=0->-0.604542, peakres=0.0328087->0.0139112, Exited Hogbom minor cycle without reaching any stopping criterion.
2020-07-17 15:56:02	INFO	task_tclean::SDAlgorithmBase::deconvolve 	[W51 North_spw=9_X12:C75] iters=479005->497405 [18400], model=0->0.0622305, peakres=0.0337491->0.0136536, Exited Hogbom minor cycle without reaching any stopping criterion.
2020-07-17 15:57:02	INFO	task_tclean::SDAlgorithmBase::deconvolve 	[W51 North_spw=9_X12:C76] iters=497405->515021 [17616], model=0->0.0928617, peakres=0.0295708->0.0134721, Exited Hogbom minor cycle without reaching any stopping criterion.
2020-07-17 15:58:02	INFO	task_tclean::SDAlgorithmBase::deconvolve 	[W51 North_spw=9_X12:C77] iters=515021->532516 [17495], model=0->-0.212931, peakres=0.0309785->0.0124685, Exited Hogbom minor cycle without reaching any stopping criterion.
2020-07-17 15:59:03	INFO	task_tclean::SDAlgorithmBase::deconvolve 	[W51 North_spw=9_X12:C78] iters=532516->550481 [17965], model=0->-0.591517, peakres=0.0299169->0.0171705, Exited Hogbom minor cycle without reaching any stopping criterion.
2020-07-17 16:00:04	INFO	task_tclean::SDAlgorithmBase::deconvolve 	[W51 North_spw=9_X12:C79] iters=550481->568242 [17761], model=0->0.701303, peakres=0.0367479->0.013988, Exited Hogbom minor cycle without reaching any stopping criterion.
2020-07-17 16:01:02	INFO	task_tclean::SDAlgorithmBase::deconvolve 	[W51 North_spw=9_X12:C80] iters=568242->584863 [16621], model=0->0.451982, peakres=0.0349314->0.0126458, Exited Hogbom minor cycle without reaching any stopping criterion.
2020-07-17 16:01:56	INFO	task_tclean::SDAlgorithmBase::deconvolve 	[W51 North_spw=9_X12:C81] iters=584863->601178 [16315], model=0->0.593858, peakres=0.0332254->0.0133913, Exited Hogbom minor cycle without reaching any stopping criterion.
2020-07-17 16:02:54	INFO	task_tclean::SDAlgorithmBase::deconvolve 	[W51 North_spw=9_X12:C82] iters=601178->618532 [17354], model=0->0.416318, peakres=0.0302402->0.0128929, Exited Hogbom minor cycle without reaching any stopping criterion.
2020-07-17 16:03:53	INFO	task_tclean::SDAlgorithmBase::deconvolve 	[W51 North_spw=9_X12:C83] iters=618532->636276 [17744], model=0->-0.162214, peakres=0.0327375->0.0140238, Exited Hogbom minor cycle without reaching any stopping criterion.
2020-07-17 16:04:50	INFO	task_tclean::SDAlgorithmBase::deconvolve 	[W51 North_spw=9_X12:C84] iters=636276->653642 [17366], model=0->0.342159, peakres=0.0298371->0.0141411, Exited Hogbom minor cycle without reaching any stopping criterion.
2020-07-17 16:05:47	INFO	task_tclean::SDAlgorithmBase::deconvolve 	[W51 North_spw=9_X12:C85] iters=653642->670208 [16566], model=0->0.418931, peakres=0.030465->0.0147229, Exited Hogbom minor cycle without reaching any stopping criterion.
2020-07-17 16:06:43	INFO	task_tclean::SDAlgorithmBase::deconvolve 	[W51 North_spw=9_X12:C86] iters=670208->686845 [16637], model=0->0.602509, peakres=0.0297575->0.0122481, Exited Hogbom minor cycle without reaching any stopping criterion.
2020-07-17 16:07:41	INFO	task_tclean::SDAlgorithmBase::deconvolve 	[W51 North_spw=9_X12:C87] iters=686845->703808 [16963], model=0->0.446616, peakres=0.0317035->0.0161682, Exited Hogbom minor cycle without reaching any stopping criterion.
2020-07-17 16:08:38	INFO	task_tclean::SDAlgorithmBase::deconvolve 	[W51 North_spw=9_X12:C88] iters=703808->720937 [17129], model=0->0.120607, peakres=0.0297273->0.0133792, Exited Hogbom minor cycle without reaching any stopping criterion.
2020-07-17 16:09:35	INFO	task_tclean::SDAlgorithmBase::deconvolve 	[W51 North_spw=9_X12:C89] iters=720937->737804 [16867], model=0->-0.335367, peakres=0.031279->0.0130359, Exited Hogbom minor cycle without reaching any stopping criterion.
2020-07-17 16:10:29	INFO	task_tclean::SDAlgorithmBase::deconvolve 	[W51 North_spw=9_X12:C90] iters=737804->754337 [16533], model=0->-0.133305, peakres=0.031612->0.0117164, Exited Hogbom minor cycle without reaching any stopping criterion.
2020-07-17 16:11:25	INFO	task_tclean::SDAlgorithmBase::deconvolve 	[W51 North_spw=9_X12:C91] iters=754337->770939 [16602], model=0->-0.367204, peakres=0.0302805->0.0132741, Exited Hogbom minor cycle without reaching any stopping criterion.
2020-07-17 16:12:19	INFO	task_tclean::SDAlgorithmBase::deconvolve 	[W51 North_spw=9_X12:C92] iters=770939->787270 [16331], model=0->0.442993, peakres=0.0279984->0.0134663, Exited Hogbom minor cycle without reaching any stopping criterion.
2020-07-17 16:13:14	INFO	task_tclean::SDAlgorithmBase::deconvolve 	[W51 North_spw=9_X12:C93] iters=787270->803339 [16069], model=0->-0.360425, peakres=0.0322068->0.0116064, Exited Hogbom minor cycle without reaching any stopping criterion.
2020-07-17 16:14:10	INFO	task_tclean::SDAlgorithmBase::deconvolve 	[W51 North_spw=9_X12:C94] iters=803339->819345 [16006], model=0->-0.250823, peakres=0.0319062->0.0135679, Exited Hogbom minor cycle without reaching any stopping criterion.
2020-07-17 16:15:05	INFO	task_tclean::SDAlgorithmBase::deconvolve 	[W51 North_spw=9_X12:C95] iters=819345->835360 [16015], model=0->0.340717, peakres=0.0322873->0.0125409, Exited Hogbom minor cycle without reaching any stopping criterion.
2020-07-17 16:16:09	INFO	task_tclean::SDAlgorithmBase::deconvolve 	[W51 North_spw=9_X12:C96] iters=835360->851347 [15987], model=0->0.246852, peakres=0.0304624->0.0118262, Exited Hogbom minor cycle without reaching any stopping criterion.
2020-07-17 16:17:03	INFO	task_tclean::SDAlgorithmBase::deconvolve 	[W51 North_spw=9_X12:C97] iters=851347->867330 [15983], model=0->0.479676, peakres=0.0326329->0.0123597, Exited Hogbom minor cycle without reaching any stopping criterion.
2020-07-17 16:17:56	INFO	task_tclean::SDAlgorithmBase::deconvolve 	[W51 North_spw=9_X12:C98] iters=867330->882892 [15562], model=0->-0.16561, peakres=0.0346062->0.0129131, Exited Hogbom minor cycle without reaching any stopping criterion.
2020-07-17 16:18:49	INFO	task_tclean::SDAlgorithmBase::deconvolve 	[W51 North_spw=9_X12:C99] iters=882892->898245 [15353], model=0->-0.0970871, peakres=0.0296053->0.01486, Exited Hogbom minor cycle without reaching any stopping criterion.
2020-07-17 16:19:39	INFO	task_tclean::SDAlgorithmBase::deconvolve 	[W51 North_spw=9_X12:C100] iters=898245->913687 [15442], model=0->0.155844, peakres=0.0298526->0.0145029, Exited Hogbom minor cycle without reaching any stopping criterion.
2020-07-17 16:20:33	INFO	task_tclean::SDAlgorithmBase::deconvolve 	[W51 North_spw=9_X12:C101] iters=913687->929479 [15792], model=0->0.0570571, peakres=0.0325463->0.0127201, Exited Hogbom minor cycle without reaching any stopping criterion.
2020-07-17 16:21:27	INFO	task_tclean::SDAlgorithmBase::deconvolve 	[W51 North_spw=9_X12:C102] iters=929479->945529 [16050], model=0->-0.102384, peakres=0.0297603->0.0130005, Exited Hogbom minor cycle without reaching any stopping criterion.
2020-07-17 16:22:22	INFO	task_tclean::SDAlgorithmBase::deconvolve 	[W51 North_spw=9_X12:C103] iters=945529->961301 [15772], model=0->0.00540357, peakres=0.0282162->0.0129642, Exited Hogbom minor cycle without reaching any stopping criterion.
2020-07-17 16:23:14	INFO	task_tclean::SDAlgorithmBase::deconvolve 	[W51 North_spw=9_X12:C104] iters=961301->976568 [15267], model=0->0.51627, peakres=0.0313018->0.0170552, Exited Hogbom minor cycle without reaching any stopping criterion.
2020-07-17 16:24:07	INFO	task_tclean::SDAlgorithmBase::deconvolve 	[W51 North_spw=9_X12:C105] iters=976568->991773 [15205], model=0->0.464288, peakres=0.029023->0.0165028, Exited Hogbom minor cycle without reaching any stopping criterion.
2020-07-17 16:24:58	INFO	task_tclean::SDAlgorithmBase::deconvolve 	[W51 North_spw=9_X12:C106] iters=991773->1006950 [15177], model=0->0.236487, peakres=0.0285453->0.0121486, Exited Hogbom minor cycle without reaching any stopping criterion.
2020-07-17 16:25:50	INFO	task_tclean::SDAlgorithmBase::deconvolve 	[W51 North_spw=9_X12:C107] iters=1006950->1022360 [15410], model=0->-0.0757271, peakres=0.0298143->0.0123845, Exited Hogbom minor cycle without reaching any stopping criterion.
2020-07-17 16:26:48	INFO	task_tclean::SDAlgorithmBase::deconvolve 	[W51 North_spw=9_X12:C108] iters=1022360->1037967 [15607], model=0->0.544835, peakres=0.0318139->0.0130678, Exited Hogbom minor cycle without reaching any stopping criterion.
2020-07-17 16:27:54	INFO	task_tclean::SDAlgorithmBase::deconvolve 	[W51 North_spw=9_X12:C109] iters=1037967->1053311 [15344], model=0->0.0921323, peakres=0.0291256->0.0121589, Exited Hogbom minor cycle without reaching any stopping criterion.
2020-07-17 16:29:02	INFO	task_tclean::SDAlgorithmBase::deconvolve 	[W51 North_spw=9_X12:C110] iters=1053311->1068653 [15342], model=0->-0.0443681, peakres=0.0285699->0.0132531, Exited Hogbom minor cycle without reaching any stopping criterion.
2020-07-17 16:29:54	INFO	task_tclean::SDAlgorithmBase::deconvolve 	[W51 North_spw=9_X12:C111] iters=1068653->1084030 [15377], model=0->0.129159, peakres=0.0294807->0.0142557, Exited Hogbom minor cycle without reaching any stopping criterion.
2020-07-17 16:30:47	INFO	task_tclean::SDAlgorithmBase::deconvolve 	[W51 North_spw=9_X12:C112] iters=1084030->1099636 [15606], model=0->0.0794809, peakres=0.0292224->0.0118539, Exited Hogbom minor cycle without reaching any stopping criterion.
2020-07-17 16:31:41	INFO	task_tclean::SDAlgorithmBase::deconvolve 	[W51 North_spw=9_X12:C113] iters=1099636->1115395 [15759], model=0->-0.0335813, peakres=0.0290837->0.013412, Exited Hogbom minor cycle without reaching any stopping criterion.
2020-07-17 16:32:33	INFO	task_tclean::SDAlgorithmBase::deconvolve 	[W51 North_spw=9_X12:C114] iters=1115395->1130650 [15255], model=0->-0.424537, peakres=0.0285115->0.0137904, Exited Hogbom minor cycle without reaching any stopping criterion.
2020-07-17 16:33:23	INFO	task_tclean::SDAlgorithmBase::deconvolve 	[W51 North_spw=9_X12:C115] iters=1130650->1145846 [15196], model=0->-0.18572, peakres=0.0296332->0.0124199, Exited Hogbom minor cycle without reaching any stopping criterion.
2020-07-17 16:34:14	INFO	task_tclean::SDAlgorithmBase::deconvolve 	[W51 North_spw=9_X12:C116] iters=1145846->1160997 [15151], model=0->-0.047899, peakres=0.0272254->0.012661, Exited Hogbom minor cycle without reaching any stopping criterion.
2020-07-17 16:35:06	INFO	task_tclean::SDAlgorithmBase::deconvolve 	[W51 North_spw=9_X12:C117] iters=1160997->1176415 [15418], model=0->-0.40172, peakres=0.029868->0.0114248, Exited Hogbom minor cycle without reaching any stopping criterion.
2020-07-17 16:35:58	INFO	task_tclean::SDAlgorithmBase::deconvolve 	[W51 North_spw=9_X12:C118] iters=1176415->1191563 [15148], model=0->0.33626, peakres=0.0282955->0.0127208, Exited Hogbom minor cycle without reaching any stopping criterion.
2020-07-17 16:36:48	INFO	task_tclean::SDAlgorithmBase::deconvolve 	[W51 North_spw=9_X12:C119] iters=1191563->1206177 [14614], model=0->0.869754, peakres=0.0289414->0.0128652, Exited Hogbom minor cycle without reaching any stopping criterion.
2020-07-17 16:37:39	INFO	task_tclean::SDAlgorithmBase::deconvolve 	[W51 North_spw=9_X12:C120] iters=1206177->1220869 [14692], model=0->-0.594514, peakres=0.027993->0.013937, Exited Hogbom minor cycle without reaching any stopping criterion.
2020-07-17 16:38:30	INFO	task_tclean::SDAlgorithmBase::deconvolve 	[W51 North_spw=9_X12:C121] iters=1220869->1235842 [14973], model=0->-0.246536, peakres=0.0315118->0.0131288, Exited Hogbom minor cycle without reaching any stopping criterion.
2020-07-17 16:39:34	INFO	task_tclean::SDAlgorithmBase::deconvolve 	[W51 North_spw=9_X12:C122] iters=1235842->1250806 [14964], model=0->0.146602, peakres=0.0295833->0.0122812, Exited Hogbom minor cycle without reaching any stopping criterion.
2020-07-17 16:40:39	INFO	task_tclean::SDAlgorithmBase::deconvolve 	[W51 North_spw=9_X12:C123] iters=1250806->1265465 [14659], model=0->-0.191265, peakres=0.030087->0.0126121, Exited Hogbom minor cycle without reaching any stopping criterion.
2020-07-17 16:41:41	INFO	task_tclean::SDAlgorithmBase::deconvolve 	[W51 North_spw=9_X12:C124] iters=1265465->1280395 [14930], model=0->-0.635896, peakres=0.0292237->0.0139877, Exited Hogbom minor cycle without reaching any stopping criterion.
2020-07-17 16:42:31	INFO	task_tclean::SDAlgorithmBase::deconvolve 	[W51 North_spw=9_X12:C125] iters=1280395->1295511 [15116], model=0->-0.523739, peakres=0.0292589->0.0147348, Exited Hogbom minor cycle without reaching any stopping criterion.
2020-07-17 16:43:23	INFO	task_tclean::SDAlgorithmBase::deconvolve 	[W51 North_spw=9_X12:C126] iters=1295511->1310612 [15101], model=0->0.117556, peakres=0.0299481->0.0141642, Exited Hogbom minor cycle without reaching any stopping criterion.
2020-07-17 16:44:15	INFO	task_tclean::SDAlgorithmBase::deconvolve 	[W51 North_spw=9_X12:C127] iters=1310612->1325740 [15128], model=0->-0.0915093, peakres=0.0283209->0.0135291, Exited Hogbom minor cycle without reaching any stopping criterion.
2020-07-17 16:45:32	INFO	task_tclean::SDAlgorithmBase::deconvolve 	[W51 North_spw=9_X12:C128] iters=1325740->1340791 [15051], model=0->0.454953, peakres=0.0293304->0.0121626, Exited Hogbom minor cycle without reaching any stopping criterion.
2020-07-17 16:46:39	INFO	task_tclean::SDAlgorithmBase::deconvolve 	[W51 North_spw=9_X12:C129] iters=1340791->1355758 [14967], model=0->0.28713, peakres=0.0277857->0.0107337, Exited Hogbom minor cycle without reaching any stopping criterion.
2020-07-17 16:47:42	INFO	task_tclean::SDAlgorithmBase::deconvolve 	[W51 North_spw=9_X12:C130] iters=1355758->1370185 [14427], model=0->0.198529, peakres=0.0304723->0.0132814, Exited Hogbom minor cycle without reaching any stopping criterion.
2020-07-17 16:48:33	INFO	task_tclean::SDAlgorithmBase::deconvolve 	[W51 North_spw=9_X12:C131] iters=1370185->1384827 [14642], model=0->0.025444, peakres=0.0291015->0.0146611, Exited Hogbom minor cycle without reaching any stopping criterion.
2020-07-17 16:49:24	INFO	task_tclean::SDAlgorithmBase::deconvolve 	[W51 North_spw=9_X12:C132] iters=1384827->1399870 [15043], model=0->-0.203753, peakres=0.0302788->0.0131767, Exited Hogbom minor cycle without reaching any stopping criterion.
2020-07-17 16:50:16	INFO	task_tclean::SDAlgorithmBase::deconvolve 	[W51 North_spw=9_X12:C133] iters=1399870->1415338 [15468], model=0->-0.0206726, peakres=0.0308188->0.0137827, Exited Hogbom minor cycle without reaching any stopping criterion.
2020-07-17 16:51:09	INFO	task_tclean::SDAlgorithmBase::deconvolve 	[W51 North_spw=9_X12:C134] iters=1415338->1430586 [15248], model=0->-0.49529, peakres=0.0291033->0.0118703, Exited Hogbom minor cycle without reaching any stopping criterion.
2020-07-17 16:51:59	INFO	task_tclean::SDAlgorithmBase::deconvolve 	[W51 North_spw=9_X12:C135] iters=1430586->1445882 [15296], model=0->-0.047043, peakres=0.0281118->0.0126416, Exited Hogbom minor cycle without reaching any stopping criterion.
2020-07-17 16:52:52	INFO	task_tclean::SDAlgorithmBase::deconvolve 	[W51 North_spw=9_X12:C136] iters=1445882->1461295 [15413], model=0->-0.177639, peakres=0.0292108->0.0133764, Exited Hogbom minor cycle without reaching any stopping criterion.
2020-07-17 16:53:44	INFO	task_tclean::SDAlgorithmBase::deconvolve 	[W51 North_spw=9_X12:C137] iters=1461295->1476454 [15159], model=0->-0.221209, peakres=0.0293272->0.013749, Exited Hogbom minor cycle without reaching any stopping criterion.
2020-07-17 16:54:35	INFO	task_tclean::SDAlgorithmBase::deconvolve 	[W51 North_spw=9_X12:C138] iters=1476454->1491437 [14983], model=0->0.313362, peakres=0.0281224->0.012758, Exited Hogbom minor cycle without reaching any stopping criterion.
2020-07-17 16:55:25	INFO	task_tclean::SDAlgorithmBase::deconvolve 	[W51 North_spw=9_X12:C139] iters=1491437->1506457 [15020], model=0->-0.00640117, peakres=0.0297067->0.014398, Exited Hogbom minor cycle without reaching any stopping criterion.
2020-07-17 16:56:15	INFO	task_tclean::SDAlgorithmBase::deconvolve 	[W51 North_spw=9_X12:C140] iters=1506457->1521143 [14686], model=0->-0.891019, peakres=0.0300443->0.0157987, Exited Hogbom minor cycle without reaching any stopping criterion.
2020-07-17 16:57:04	INFO	task_tclean::SDAlgorithmBase::deconvolve 	[W51 North_spw=9_X12:C141] iters=1521143->1535651 [14508], model=0->0.068007, peakres=0.0281891->0.013672, Exited Hogbom minor cycle without reaching any stopping criterion.
2020-07-17 16:57:53	INFO	task_tclean::SDAlgorithmBase::deconvolve 	[W51 North_spw=9_X12:C142] iters=1535651->1550222 [14571], model=0->0.114574, peakres=0.0263447->0.0129302, Exited Hogbom minor cycle without reaching any stopping criterion.
2020-07-17 16:58:43	INFO	task_tclean::SDAlgorithmBase::deconvolve 	[W51 North_spw=9_X12:C143] iters=1550222->1564934 [14712], model=0->0.0827438, peakres=0.0288156->0.0112511, Exited Hogbom minor cycle without reaching any stopping criterion.
2020-07-17 16:59:34	INFO	task_tclean::SDAlgorithmBase::deconvolve 	[W51 North_spw=9_X12:C144] iters=1564934->1579780 [14846], model=0->-0.281957, peakres=0.0280979->0.012697, Exited Hogbom minor cycle without reaching any stopping criterion.
2020-07-17 17:00:26	INFO	task_tclean::SDAlgorithmBase::deconvolve 	[W51 North_spw=9_X12:C145] iters=1579780->1594694 [14914], model=0->0.0458904, peakres=0.0294201->0.0152806, Exited Hogbom minor cycle without reaching any stopping criterion.
2020-07-17 17:01:16	INFO	task_tclean::SDAlgorithmBase::deconvolve 	[W51 North_spw=9_X12:C146] iters=1594694->1609103 [14409], model=0->0.359319, peakres=0.0287138->0.0131582, Exited Hogbom minor cycle without reaching any stopping criterion.
2020-07-17 17:02:06	INFO	task_tclean::SDAlgorithmBase::deconvolve 	[W51 North_spw=9_X12:C147] iters=1609103->1623645 [14542], model=0->-0.606188, peakres=0.0296382->0.0133933, Exited Hogbom minor cycle without reaching any stopping criterion.
2020-07-17 17:02:57	INFO	task_tclean::SDAlgorithmBase::deconvolve 	[W51 North_spw=9_X12:C148] iters=1623645->1638777 [15132], model=0->-0.339633, peakres=0.0323144->0.013568, Exited Hogbom minor cycle without reaching any stopping criterion.
2020-07-17 17:03:48	INFO	task_tclean::SDAlgorithmBase::deconvolve 	[W51 North_spw=9_X12:C149] iters=1638777->1653807 [15030], model=0->-0.254044, peakres=0.0304532->0.0131308, Exited Hogbom minor cycle without reaching any stopping criterion.
2020-07-17 17:04:37	INFO	task_tclean::SDAlgorithmBase::deconvolve 	[W51 North_spw=9_X12:C150] iters=1653807->1668424 [14617], model=0->-0.0991904, peakres=0.0276743->0.0139373, Exited Hogbom minor cycle without reaching any stopping criterion.
2020-07-17 17:05:27	INFO	task_tclean::SDAlgorithmBase::deconvolve 	[W51 North_spw=9_X12:C151] iters=1668424->1683045 [14621], model=0->0.219167, peakres=0.0276531->0.0132862, Exited Hogbom minor cycle without reaching any stopping criterion.
2020-07-17 17:06:17	INFO	task_tclean::SDAlgorithmBase::deconvolve 	[W51 North_spw=9_X12:C152] iters=1683045->1697928 [14883], model=0->0.033588, peakres=0.028375->0.0139524, Exited Hogbom minor cycle without reaching any stopping criterion.
2020-07-17 17:07:06	INFO	task_tclean::SDAlgorithmBase::deconvolve 	[W51 North_spw=9_X12:C153] iters=1697928->1712423 [14495], model=0->0.192725, peakres=0.0290011->0.0113476, Exited Hogbom minor cycle without reaching any stopping criterion.
2020-07-17 17:07:55	INFO	task_tclean::SDAlgorithmBase::deconvolve 	[W51 North_spw=9_X12:C154] iters=1712423->1726691 [14268], model=0->-0.155917, peakres=0.029929->0.0138335, Exited Hogbom minor cycle without reaching any stopping criterion.
2020-07-17 17:08:45	INFO	task_tclean::SDAlgorithmBase::deconvolve 	[W51 North_spw=9_X12:C155] iters=1726691->1741237 [14546], model=0->0.00734149, peakres=0.0278081->0.0158647, Exited Hogbom minor cycle without reaching any stopping criterion.
2020-07-17 17:09:32	INFO	task_tclean::SDAlgorithmBase::deconvolve 	[W51 North_spw=9_X12:C156] iters=1741237->1755466 [14229], model=0->0.0502982, peakres=0.0281954->0.013492, Exited Hogbom minor cycle without reaching any stopping criterion.
2020-07-17 17:10:22	INFO	task_tclean::SDAlgorithmBase::deconvolve 	[W51 North_spw=9_X12:C157] iters=1755466->1770181 [14715], model=0->0.351256, peakres=0.0306529->0.0132677, Exited Hogbom minor cycle without reaching any stopping criterion.
2020-07-17 17:11:10	INFO	task_tclean::SDAlgorithmBase::deconvolve 	[W51 North_spw=9_X12:C158] iters=1770181->1784676 [14495], model=0->0.334581, peakres=0.0284635->0.0133635, Exited Hogbom minor cycle without reaching any stopping criterion.
2020-07-17 17:11:59	INFO	task_tclean::SDAlgorithmBase::deconvolve 	[W51 North_spw=9_X12:C159] iters=1784676->1799119 [14443], model=0->0.125873, peakres=0.0267418->0.0133146, Exited Hogbom minor cycle without reaching any stopping criterion.
2020-07-17 17:12:57	INFO	task_tclean::SDAlgorithmBase::deconvolve 	[W51 North_spw=9_X12:C160] iters=1799119->1813615 [14496], model=0->-0.178613, peakres=0.0290857->0.0126168, Exited Hogbom minor cycle without reaching any stopping criterion.
2020-07-17 17:13:47	INFO	task_tclean::SDAlgorithmBase::deconvolve 	[W51 North_spw=9_X12:C161] iters=1813615->1828204 [14589], model=0->0.0903084, peakres=0.030061->0.0134119, Exited Hogbom minor cycle without reaching any stopping criterion.
2020-07-17 17:14:35	INFO	task_tclean::SDAlgorithmBase::deconvolve 	[W51 North_spw=9_X12:C162] iters=1828204->1842798 [14594], model=0->0.377054, peakres=0.0291288->0.0127416, Exited Hogbom minor cycle without reaching any stopping criterion.
2020-07-17 17:15:24	INFO	task_tclean::SDAlgorithmBase::deconvolve 	[W51 North_spw=9_X12:C163] iters=1842798->1857371 [14573], model=0->0.276377, peakres=0.0279726->0.0128983, Exited Hogbom minor cycle without reaching any stopping criterion.
2020-07-17 17:16:14	INFO	task_tclean::SDAlgorithmBase::deconvolve 	[W51 North_spw=9_X12:C164] iters=1857371->1871987 [14616], model=0->0.115659, peakres=0.0277043->0.0120355, Exited Hogbom minor cycle without reaching any stopping criterion.
2020-07-17 17:17:05	INFO	task_tclean::SDAlgorithmBase::deconvolve 	[W51 North_spw=9_X12:C165] iters=1871987->1886589 [14602], model=0->-0.124898, peakres=0.0312284->0.0137501, Exited Hogbom minor cycle without reaching any stopping criterion.
2020-07-17 17:17:54	INFO	task_tclean::SDAlgorithmBase::deconvolve 	[W51 North_spw=9_X12:C166] iters=1886589->1901541 [14952], model=0->-0.33741, peakres=0.0314704->0.0129457, Exited Hogbom minor cycle without reaching any stopping criterion.
2020-07-17 17:18:43	INFO	task_tclean::SDAlgorithmBase::deconvolve 	[W51 North_spw=9_X12:C167] iters=1901541->1916270 [14729], model=0->-0.168982, peakres=0.0287912->0.0124271, Exited Hogbom minor cycle without reaching any stopping criterion.
2020-07-17 17:19:32	INFO	task_tclean::SDAlgorithmBase::deconvolve 	[W51 North_spw=9_X12:C168] iters=1916270->1931039 [14769], model=0->-0.0437349, peakres=0.0311926->0.0124918, Exited Hogbom minor cycle without reaching any stopping criterion.
2020-07-17 17:20:21	INFO	task_tclean::SDAlgorithmBase::deconvolve 	[W51 North_spw=9_X12:C169] iters=1931039->1946063 [15024], model=0->0.343568, peakres=0.0312494->0.0124222, Exited Hogbom minor cycle without reaching any stopping criterion.
2020-07-17 17:21:13	INFO	task_tclean::SDAlgorithmBase::deconvolve 	[W51 North_spw=9_X12:C170] iters=1946063->1961238 [15175], model=0->0.43116, peakres=0.0297442->0.0159931, Exited Hogbom minor cycle without reaching any stopping criterion.
2020-07-17 17:22:03	INFO	task_tclean::SDAlgorithmBase::deconvolve 	[W51 North_spw=9_X12:C171] iters=1961238->1975865 [14627], model=0->-0.104718, peakres=0.0279911->0.0137717, Exited Hogbom minor cycle without reaching any stopping criterion.
2020-07-17 17:22:51	INFO	task_tclean::SDAlgorithmBase::deconvolve 	[W51 North_spw=9_X12:C172] iters=1975865->1990651 [14786], model=0->0.0637824, peakres=0.029172->0.0112732, Exited Hogbom minor cycle without reaching any stopping criterion.
2020-07-17 17:23:41	INFO	task_tclean::SDAlgorithmBase::deconvolve 	[W51 North_spw=9_X12:C173] iters=1990651->2005286 [14635], model=0->0.663215, peakres=0.0279826->0.0138847, Exited Hogbom minor cycle without reaching any stopping criterion.
2020-07-17 17:24:31	INFO	task_tclean::SDAlgorithmBase::deconvolve 	[W51 North_spw=9_X12:C174] iters=2005286->2019909 [14623], model=0->0.555602, peakres=0.0303361->0.0148571, Exited Hogbom minor cycle without reaching any stopping criterion.
2020-07-17 17:25:19	INFO	task_tclean::SDAlgorithmBase::deconvolve 	[W51 North_spw=9_X12:C175] iters=2019909->2034495 [14586], model=0->0.403236, peakres=0.0278119->0.014283, Exited Hogbom minor cycle without reaching any stopping criterion.
2020-07-17 17:26:08	INFO	task_tclean::SDAlgorithmBase::deconvolve 	[W51 North_spw=9_X12:C176] iters=2034495->2048718 [14223], model=0->0.0338835, peakres=0.0298414->0.0130397, Exited Hogbom minor cycle without reaching any stopping criterion.
2020-07-17 17:26:56	INFO	task_tclean::SDAlgorithmBase::deconvolve 	[W51 North_spw=9_X12:C177] iters=2048718->2062962 [14244], model=0->-0.0551268, peakres=0.0289535->0.0147142, Exited Hogbom minor cycle without reaching any stopping criterion.
2020-07-17 17:27:45	INFO	task_tclean::SDAlgorithmBase::deconvolve 	[W51 North_spw=9_X12:C178] iters=2062962->2077341 [14379], model=0->0.225193, peakres=0.0278084->0.012772, Exited Hogbom minor cycle without reaching any stopping criterion.
2020-07-17 17:28:30	INFO	task_tclean::SDAlgorithmBase::deconvolve 	[W51 North_spw=9_X12:C179] iters=2077341->2091327 [13986], model=0->0.551639, peakres=0.0312758->0.0123318, Exited Hogbom minor cycle without reaching any stopping criterion.
2020-07-17 17:29:17	INFO	task_tclean::SDAlgorithmBase::deconvolve 	[W51 North_spw=9_X12:C180] iters=2091327->2105551 [14224], model=0->0.223793, peakres=0.028291->0.0127865, Exited Hogbom minor cycle without reaching any stopping criterion.
2020-07-17 17:30:06	INFO	task_tclean::SDAlgorithmBase::deconvolve 	[W51 North_spw=9_X12:C181] iters=2105551->2119817 [14266], model=0->-0.016603, peakres=0.0292003->0.0140358, Exited Hogbom minor cycle without reaching any stopping criterion.
2020-07-17 17:30:55	INFO	task_tclean::SDAlgorithmBase::deconvolve 	[W51 North_spw=9_X12:C182] iters=2119817->2134170 [14353], model=0->0.286463, peakres=0.0278083->0.012048, Exited Hogbom minor cycle without reaching any stopping criterion.
2020-07-17 17:31:44	INFO	task_tclean::SDAlgorithmBase::deconvolve 	[W51 North_spw=9_X12:C183] iters=2134170->2148237 [14067], model=0->0.193716, peakres=0.0287165->0.0135765, Exited Hogbom minor cycle without reaching any stopping criterion.
2020-07-17 17:32:32	INFO	task_tclean::SDAlgorithmBase::deconvolve 	[W51 North_spw=9_X12:C184] iters=2148237->2162046 [13809], model=0->-0.538942, peakres=0.0271533->0.0125997, Exited Hogbom minor cycle without reaching any stopping criterion.
2020-07-17 17:33:22	INFO	task_tclean::SDAlgorithmBase::deconvolve 	[W51 North_spw=9_X12:C185] iters=2162046->2176623 [14577], model=0->-0.168557, peakres=0.0296327->0.0133733, Exited Hogbom minor cycle without reaching any stopping criterion.
2020-07-17 17:34:13	INFO	task_tclean::SDAlgorithmBase::deconvolve 	[W51 North_spw=9_X12:C186] iters=2176623->2191512 [14889], model=0->0.0750882, peakres=0.0282708->0.0131273, Exited Hogbom minor cycle without reaching any stopping criterion.
2020-07-17 17:35:01	INFO	task_tclean::SDAlgorithmBase::deconvolve 	[W51 North_spw=9_X12:C187] iters=2191512->2205893 [14381], model=0->0.348629, peakres=0.0284376->0.0138548, Exited Hogbom minor cycle without reaching any stopping criterion.
2020-07-17 17:35:49	INFO	task_tclean::SDAlgorithmBase::deconvolve 	[W51 North_spw=9_X12:C188] iters=2205893->2220310 [14417], model=0->-0.377388, peakres=0.0313235->0.0120257, Exited Hogbom minor cycle without reaching any stopping criterion.
2020-07-17 17:36:37	INFO	task_tclean::SDAlgorithmBase::deconvolve 	[W51 North_spw=9_X12:C189] iters=2220310->2234647 [14337], model=0->-0.0197205, peakres=0.0283254->0.012913, Exited Hogbom minor cycle without reaching any stopping criterion.
2020-07-17 17:37:26	INFO	task_tclean::SDAlgorithmBase::deconvolve 	[W51 North_spw=9_X12:C190] iters=2234647->2249245 [14598], model=0->-0.442897, peakres=0.0280379->0.0131902, Exited Hogbom minor cycle without reaching any stopping criterion.
2020-07-17 17:38:14	INFO	task_tclean::SDAlgorithmBase::deconvolve 	[W51 North_spw=9_X12:C191] iters=2249245->2263548 [14303], model=0->-0.0928964, peakres=0.0279349->0.0128812, Exited Hogbom minor cycle without reaching any stopping criterion.
2020-07-17 17:39:09	INFO	task_tclean::SDAlgorithmBase::deconvolve 	[W51 North_spw=9_X12:C192] iters=2263548->2277512 [13964], model=0->-0.0498568, peakres=0.0298419->0.0140848, Exited Hogbom minor cycle without reaching any stopping criterion.
2020-07-17 17:39:57	INFO	task_tclean::SDAlgorithmBase::deconvolve 	[W51 North_spw=9_X12:C193] iters=2277512->2291936 [14424], model=0->-0.0579881, peakres=0.0267993->0.0149062, Exited Hogbom minor cycle without reaching any stopping criterion.
2020-07-17 17:40:46	INFO	task_tclean::SDAlgorithmBase::deconvolve 	[W51 North_spw=9_X12:C194] iters=2291936->2306735 [14799], model=0->-0.144811, peakres=0.0307708->0.012371, Exited Hogbom minor cycle without reaching any stopping criterion.
2020-07-17 17:41:35	INFO	task_tclean::SDAlgorithmBase::deconvolve 	[W51 North_spw=9_X12:C195] iters=2306735->2321459 [14724], model=0->0.360819, peakres=0.0291642->0.0137087, Exited Hogbom minor cycle without reaching any stopping criterion.
2020-07-17 17:42:24	INFO	task_tclean::SDAlgorithmBase::deconvolve 	[W51 North_spw=9_X12:C196] iters=2321459->2336116 [14657], model=0->0.426319, peakres=0.0289365->0.0135703, Exited Hogbom minor cycle without reaching any stopping criterion.
2020-07-17 17:43:11	INFO	task_tclean::SDAlgorithmBase::deconvolve 	[W51 North_spw=9_X12:C197] iters=2336116->2350080 [13964], model=0->-0.191865, peakres=0.0283482->0.0121546, Exited Hogbom minor cycle without reaching any stopping criterion.
2020-07-17 17:43:56	INFO	task_tclean::SDAlgorithmBase::deconvolve 	[W51 North_spw=9_X12:C198] iters=2350080->2364020 [13940], model=0->0.155784, peakres=0.0278219->0.015356, Exited Hogbom minor cycle without reaching any stopping criterion.
2020-07-17 17:44:43	INFO	task_tclean::SDAlgorithmBase::deconvolve 	[W51 North_spw=9_X12:C199] iters=2364020->2378374 [14354], model=0->-0.121218, peakres=0.0281664->0.0130032, Exited Hogbom minor cycle without reaching any stopping criterion.
2020-07-17 17:45:30	INFO	task_tclean::SDAlgorithmBase::deconvolve 	[W51 North_spw=9_X12:C200] iters=2378374->2392682 [14308], model=0->0.166242, peakres=0.027944->0.0129857, Exited Hogbom minor cycle without reaching any stopping criterion.
2020-07-17 17:46:17	INFO	task_tclean::SDAlgorithmBase::deconvolve 	[W51 North_spw=9_X12:C201] iters=2392682->2406964 [14282], model=0->-0.0377456, peakres=0.0313738->0.0141919, Exited Hogbom minor cycle without reaching any stopping criterion.
2020-07-17 17:47:05	INFO	task_tclean::SDAlgorithmBase::deconvolve 	[W51 North_spw=9_X12:C202] iters=2406964->2421352 [14388], model=0->-0.284264, peakres=0.0291742->0.0143302, Exited Hogbom minor cycle without reaching any stopping criterion.
2020-07-17 17:47:54	INFO	task_tclean::SDAlgorithmBase::deconvolve 	[W51 North_spw=9_X12:C203] iters=2421352->2435907 [14555], model=0->0.155705, peakres=0.0315863->0.0143014, Exited Hogbom minor cycle without reaching any stopping criterion.
2020-07-17 17:48:45	INFO	task_tclean::SDAlgorithmBase::deconvolve 	[W51 North_spw=9_X12:C204] iters=2435907->2450519 [14612], model=0->0.545204, peakres=0.0287095->0.0131892, Exited Hogbom minor cycle without reaching any stopping criterion.
2020-07-17 17:49:34	INFO	task_tclean::SDAlgorithmBase::deconvolve 	[W51 North_spw=9_X12:C205] iters=2450519->2465063 [14544], model=0->-0.00701057, peakres=0.0308789->0.0131044, Exited Hogbom minor cycle without reaching any stopping criterion.
2020-07-17 17:50:24	INFO	task_tclean::SDAlgorithmBase::deconvolve 	[W51 North_spw=9_X12:C206] iters=2465063->2479524 [14461], model=0->0.021693, peakres=0.0300837->0.0130571, Exited Hogbom minor cycle without reaching any stopping criterion.
2020-07-17 17:51:14	INFO	task_tclean::SDAlgorithmBase::deconvolve 	[W51 North_spw=9_X12:C207] iters=2479524->2494105 [14581], model=0->-0.219143, peakres=0.0293383->0.012409, Exited Hogbom minor cycle without reaching any stopping criterion.
2020-07-17 17:52:03	INFO	task_tclean::SDAlgorithmBase::deconvolve 	[W51 North_spw=9_X12:C208] iters=2494105->2508596 [14491], model=0->0.472157, peakres=0.0313818->0.0131479, Exited Hogbom minor cycle without reaching any stopping criterion.
2020-07-17 17:52:52	INFO	task_tclean::SDAlgorithmBase::deconvolve 	[W51 North_spw=9_X12:C209] iters=2508596->2522908 [14312], model=0->-0.0429148, peakres=0.0283099->0.0143826, Exited Hogbom minor cycle without reaching any stopping criterion.
2020-07-17 17:53:42	INFO	task_tclean::SDAlgorithmBase::deconvolve 	[W51 North_spw=9_X12:C210] iters=2522908->2537700 [14792], model=0->-0.0234698, peakres=0.0298783->0.0130355, Exited Hogbom minor cycle without reaching any stopping criterion.
2020-07-17 17:54:32	INFO	task_tclean::SDAlgorithmBase::deconvolve 	[W51 North_spw=9_X12:C211] iters=2537700->2552796 [15096], model=0->-0.0035045, peakres=0.0297234->0.0143042, Exited Hogbom minor cycle without reaching any stopping criterion.
2020-07-17 17:55:23	INFO	task_tclean::SDAlgorithmBase::deconvolve 	[W51 North_spw=9_X12:C212] iters=2552796->2567451 [14655], model=0->0.407229, peakres=0.0292822->0.0119886, Exited Hogbom minor cycle without reaching any stopping criterion.
2020-07-17 17:56:11	INFO	task_tclean::SDAlgorithmBase::deconvolve 	[W51 North_spw=9_X12:C213] iters=2567451->2581905 [14454], model=0->0.186801, peakres=0.0290973->0.0149466, Exited Hogbom minor cycle without reaching any stopping criterion.
2020-07-17 17:57:00	INFO	task_tclean::SDAlgorithmBase::deconvolve 	[W51 North_spw=9_X12:C214] iters=2581905->2596398 [14493], model=0->0.518788, peakres=0.029325->0.0137011, Exited Hogbom minor cycle without reaching any stopping criterion.
2020-07-17 17:57:50	INFO	task_tclean::SDAlgorithmBase::deconvolve 	[W51 North_spw=9_X12:C215] iters=2596398->2610888 [14490], model=0->0.556861, peakres=0.0286699->0.0135491, Exited Hogbom minor cycle without reaching any stopping criterion.
2020-07-17 17:58:39	INFO	task_tclean::SDAlgorithmBase::deconvolve 	[W51 North_spw=9_X12:C216] iters=2610888->2625088 [14200], model=0->0.597432, peakres=0.0292146->0.0117248, Exited Hogbom minor cycle without reaching any stopping criterion.
2020-07-17 17:59:29	INFO	task_tclean::SDAlgorithmBase::deconvolve 	[W51 North_spw=9_X12:C217] iters=2625088->2639663 [14575], model=0->0.211646, peakres=0.0307666->0.0135258, Exited Hogbom minor cycle without reaching any stopping criterion.
2020-07-17 18:00:18	INFO	task_tclean::SDAlgorithmBase::deconvolve 	[W51 North_spw=9_X12:C218] iters=2639663->2654393 [14730], model=0->0.0835317, peakres=0.0330091->0.0128978, Exited Hogbom minor cycle without reaching any stopping criterion.
2020-07-17 18:01:06	INFO	task_tclean::SDAlgorithmBase::deconvolve 	[W51 North_spw=9_X12:C219] iters=2654393->2668450 [14057], model=0->0.136926, peakres=0.0282714->0.0119737, Exited Hogbom minor cycle without reaching any stopping criterion.
2020-07-17 18:01:53	INFO	task_tclean::SDAlgorithmBase::deconvolve 	[W51 North_spw=9_X12:C220] iters=2668450->2682557 [14107], model=0->-0.0399837, peakres=0.0290718->0.0145845, Exited Hogbom minor cycle without reaching any stopping criterion.
2020-07-17 18:02:41	INFO	task_tclean::SDAlgorithmBase::deconvolve 	[W51 North_spw=9_X12:C221] iters=2682557->2696550 [13993], model=0->0.154806, peakres=0.0319214->0.0151161, Exited Hogbom minor cycle without reaching any stopping criterion.
2020-07-17 18:03:28	INFO	task_tclean::SDAlgorithmBase::deconvolve 	[W51 North_spw=9_X12:C222] iters=2696550->2710379 [13829], model=0->0.234909, peakres=0.0287624->0.0151088, Exited Hogbom minor cycle without reaching any stopping criterion.
2020-07-17 18:04:19	INFO	task_tclean::SDAlgorithmBase::deconvolve 	[W51 North_spw=9_X12:C223] iters=2710379->2725403 [15024], model=0->0.286966, peakres=0.0283745->0.014154, Exited Hogbom minor cycle without reaching any stopping criterion.
2020-07-17 18:05:18	INFO	task_tclean::SDAlgorithmBase::deconvolve 	[W51 North_spw=9_X12:C224] iters=2725403->2740637 [15234], model=0->0.0962952, peakres=0.0301171->0.0139909, Exited Hogbom minor cycle without reaching any stopping criterion.
2020-07-17 18:06:09	INFO	task_tclean::SDAlgorithmBase::deconvolve 	[W51 North_spw=9_X12:C225] iters=2740637->2755578 [14941], model=0->0.260112, peakres=0.0282808->0.0144001, Exited Hogbom minor cycle without reaching any stopping criterion.
2020-07-17 18:06:59	INFO	task_tclean::SDAlgorithmBase::deconvolve 	[W51 North_spw=9_X12:C226] iters=2755578->2770328 [14750], model=0->0.298733, peakres=0.028659->0.0135484, Exited Hogbom minor cycle without reaching any stopping criterion.
2020-07-17 18:07:50	INFO	task_tclean::SDAlgorithmBase::deconvolve 	[W51 North_spw=9_X12:C227] iters=2770328->2785253 [14925], model=0->-0.342951, peakres=0.0304033->0.0135686, Exited Hogbom minor cycle without reaching any stopping criterion.
2020-07-17 18:08:40	INFO	task_tclean::SDAlgorithmBase::deconvolve 	[W51 North_spw=9_X12:C228] iters=2785253->2800196 [14943], model=0->-0.213405, peakres=0.0274155->0.0144596, Exited Hogbom minor cycle without reaching any stopping criterion.
2020-07-17 18:09:29	INFO	task_tclean::SDAlgorithmBase::deconvolve 	[W51 North_spw=9_X12:C229] iters=2800196->2814930 [14734], model=0->0.0702663, peakres=0.0294197->0.0117666, Exited Hogbom minor cycle without reaching any stopping criterion.
2020-07-17 18:10:20	INFO	task_tclean::SDAlgorithmBase::deconvolve 	[W51 North_spw=9_X12:C230] iters=2814930->2829909 [14979], model=0->0.0145027, peakres=0.0303691->0.0123034, Exited Hogbom minor cycle without reaching any stopping criterion.
2020-07-17 18:11:11	INFO	task_tclean::SDAlgorithmBase::deconvolve 	[W51 North_spw=9_X12:C231] iters=2829909->2844996 [15087], model=0->0.0392465, peakres=0.0289504->0.0147675, Exited Hogbom minor cycle without reaching any stopping criterion.
2020-07-17 18:12:01	INFO	task_tclean::SDAlgorithmBase::deconvolve 	[W51 North_spw=9_X12:C232] iters=2844996->2859787 [14791], model=0->0.214571, peakres=0.0283729->0.0139847, Exited Hogbom minor cycle without reaching any stopping criterion.
2020-07-17 18:12:51	INFO	task_tclean::SDAlgorithmBase::deconvolve 	[W51 North_spw=9_X12:C233] iters=2859787->2874214 [14427], model=0->0.165947, peakres=0.0273359->0.0132441, Exited Hogbom minor cycle without reaching any stopping criterion.
2020-07-17 18:13:39	INFO	task_tclean::SDAlgorithmBase::deconvolve 	[W51 North_spw=9_X12:C234] iters=2874214->2888606 [14392], model=0->0.117211, peakres=0.0324303->0.0114616, Exited Hogbom minor cycle without reaching any stopping criterion.
2020-07-17 18:14:26	INFO	task_tclean::SDAlgorithmBase::deconvolve 	[W51 North_spw=9_X12:C235] iters=2888606->2902856 [14250], model=0->-0.23553, peakres=0.0281127->0.0138059, Exited Hogbom minor cycle without reaching any stopping criterion.
2020-07-17 18:15:15	INFO	task_tclean::SDAlgorithmBase::deconvolve 	[W51 North_spw=9_X12:C236] iters=2902856->2917382 [14526], model=0->-0.344858, peakres=0.0290281->0.0138871, Exited Hogbom minor cycle without reaching any stopping criterion.
2020-07-17 18:16:06	INFO	task_tclean::SDAlgorithmBase::deconvolve 	[W51 North_spw=9_X12:C237] iters=2917382->2932203 [14821], model=0->-0.0158008, peakres=0.0295641->0.0140932, Exited Hogbom minor cycle without reaching any stopping criterion.
2020-07-17 18:16:55	INFO	task_tclean::SDAlgorithmBase::deconvolve 	[W51 North_spw=9_X12:C238] iters=2932203->2946627 [14424], model=0->0.144855, peakres=0.0298012->0.0125646, Exited Hogbom minor cycle without reaching any stopping criterion.
2020-07-17 18:17:45	INFO	task_tclean::SDAlgorithmBase::deconvolve 	[W51 North_spw=9_X12:C239] iters=2946627->2961288 [14661], model=0->0.125333, peakres=0.0279435->0.0122048, Exited Hogbom minor cycle without reaching any stopping criterion.
2020-07-17 18:18:34	INFO	task_tclean::SDAlgorithmBase::deconvolve 	[W51 North_spw=9_X12:C240] iters=2961288->2975819 [14531], model=0->-0.372181, peakres=0.0289057->0.0138959, Exited Hogbom minor cycle without reaching any stopping criterion.
2020-07-17 18:19:23	INFO	task_tclean::SDAlgorithmBase::deconvolve 	[W51 North_spw=9_X12:C241] iters=2975819->2990495 [14676], model=0->-0.456733, peakres=0.0296008->0.0138889, Exited Hogbom minor cycle without reaching any stopping criterion.
2020-07-17 18:20:11	INFO	task_tclean::SDAlgorithmBase::deconvolve 	[W51 North_spw=9_X12:C242] iters=2990495->3004782 [14287], model=0->-0.0860921, peakres=0.0272373->0.0119088, Exited Hogbom minor cycle without reaching any stopping criterion.
2020-07-17 18:21:00	INFO	task_tclean::SDAlgorithmBase::deconvolve 	[W51 North_spw=9_X12:C243] iters=3004782->3019303 [14521], model=0->-0.699874, peakres=0.0294369->0.015438, Exited Hogbom minor cycle without reaching any stopping criterion.
2020-07-17 18:21:50	INFO	task_tclean::SDAlgorithmBase::deconvolve 	[W51 North_spw=9_X12:C244] iters=3019303->3033789 [14486], model=0->-0.488424, peakres=0.0301538->0.0133821, Exited Hogbom minor cycle without reaching any stopping criterion.
2020-07-17 18:22:40	INFO	task_tclean::SDAlgorithmBase::deconvolve 	[W51 North_spw=9_X12:C245] iters=3033789->3048270 [14481], model=0->0.135861, peakres=0.0288481->0.01468, Exited Hogbom minor cycle without reaching any stopping criterion.
2020-07-17 18:23:31	INFO	task_tclean::SDAlgorithmBase::deconvolve 	[W51 North_spw=9_X12:C246] iters=3048270->3062774 [14504], model=0->0.187275, peakres=0.0346831->0.0139813, Exited Hogbom minor cycle without reaching any stopping criterion.
2020-07-17 18:24:20	INFO	task_tclean::SDAlgorithmBase::deconvolve 	[W51 North_spw=9_X12:C247] iters=3062774->3077483 [14709], model=0->0.466794, peakres=0.0314581->0.0132082, Exited Hogbom minor cycle without reaching any stopping criterion.
2020-07-17 18:25:10	INFO	task_tclean::SDAlgorithmBase::deconvolve 	[W51 North_spw=9_X12:C248] iters=3077483->3092410 [14927], model=0->-0.112885, peakres=0.0285982->0.0126245, Exited Hogbom minor cycle without reaching any stopping criterion.
2020-07-17 18:25:57	INFO	task_tclean::SDAlgorithmBase::deconvolve 	[W51 North_spw=9_X12:C249] iters=3092410->3106924 [14514], model=0->-0.176826, peakres=0.0280563->0.015362, Exited Hogbom minor cycle without reaching any stopping criterion.
2020-07-17 18:26:44	INFO	task_tclean::SDAlgorithmBase::deconvolve 	[W51 North_spw=9_X12:C250] iters=3106924->3121089 [14165], model=0->0.120654, peakres=0.0290609->0.0117751, Exited Hogbom minor cycle without reaching any stopping criterion.
2020-07-17 18:27:34	INFO	task_tclean::SDAlgorithmBase::deconvolve 	[W51 North_spw=9_X12:C251] iters=3121089->3135419 [14330], model=0->-0.0636129, peakres=0.0286281->0.0132973, Exited Hogbom minor cycle without reaching any stopping criterion.
2020-07-17 18:28:21	INFO	task_tclean::SDAlgorithmBase::deconvolve 	[W51 North_spw=9_X12:C252] iters=3135419->3149866 [14447], model=0->0.100739, peakres=0.0280385->0.0122837, Exited Hogbom minor cycle without reaching any stopping criterion.
2020-07-17 18:29:10	INFO	task_tclean::SDAlgorithmBase::deconvolve 	[W51 North_spw=9_X12:C253] iters=3149866->3164432 [14566], model=0->0.146806, peakres=0.0288701->0.0127443, Exited Hogbom minor cycle without reaching any stopping criterion.
2020-07-17 18:29:59	INFO	task_tclean::SDAlgorithmBase::deconvolve 	[W51 North_spw=9_X12:C254] iters=3164432->3179072 [14640], model=0->0.253341, peakres=0.0284919->0.013368, Exited Hogbom minor cycle without reaching any stopping criterion.
2020-07-17 18:30:47	INFO	task_tclean::SDAlgorithmBase::deconvolve 	[W51 North_spw=9_X12:C255] iters=3179072->3193429 [14357], model=0->0.505868, peakres=0.030282->0.0147588, Exited Hogbom minor cycle without reaching any stopping criterion.
2020-07-17 18:31:43	INFO	task_tclean::SDAlgorithmBase::deconvolve 	[W51 North_spw=9_X12:C256] iters=3193429->3207896 [14467], model=0->-0.135893, peakres=0.0267847->0.0116896, Exited Hogbom minor cycle without reaching any stopping criterion.
2020-07-17 18:32:32	INFO	task_tclean::SDAlgorithmBase::deconvolve 	[W51 North_spw=9_X12:C257] iters=3207896->3222436 [14540], model=0->0.174074, peakres=0.0321109->0.0134745, Exited Hogbom minor cycle without reaching any stopping criterion.
2020-07-17 18:33:22	INFO	task_tclean::SDAlgorithmBase::deconvolve 	[W51 North_spw=9_X12:C258] iters=3222436->3237312 [14876], model=0->-0.173451, peakres=0.0310359->0.013829, Exited Hogbom minor cycle without reaching any stopping criterion.
2020-07-17 18:34:14	INFO	task_tclean::SDAlgorithmBase::deconvolve 	[W51 North_spw=9_X12:C259] iters=3237312->3252367 [15055], model=0->-0.241413, peakres=0.0304837->0.0132485, Exited Hogbom minor cycle without reaching any stopping criterion.
2020-07-17 18:35:06	INFO	task_tclean::SDAlgorithmBase::deconvolve 	[W51 North_spw=9_X12:C260] iters=3252367->3267627 [15260], model=0->-0.134965, peakres=0.0322776->0.0123326, Exited Hogbom minor cycle without reaching any stopping criterion.
2020-07-17 18:35:58	INFO	task_tclean::SDAlgorithmBase::deconvolve 	[W51 North_spw=9_X12:C261] iters=3267627->3282927 [15300], model=0->-0.125088, peakres=0.0281347->0.0156943, Exited Hogbom minor cycle without reaching any stopping criterion.
2020-07-17 18:36:49	INFO	task_tclean::SDAlgorithmBase::deconvolve 	[W51 North_spw=9_X12:C262] iters=3282927->3297807 [14880], model=0->-0.209844, peakres=0.0306575->0.0119875, Exited Hogbom minor cycle without reaching any stopping criterion.
2020-07-17 18:37:39	INFO	task_tclean::SDAlgorithmBase::deconvolve 	[W51 North_spw=9_X12:C263] iters=3297807->3312724 [14917], model=0->0.0661552, peakres=0.0298053->0.0142245, Exited Hogbom minor cycle without reaching any stopping criterion.
2020-07-17 18:38:30	INFO	task_tclean::SDAlgorithmBase::deconvolve 	[W51 North_spw=9_X12:C264] iters=3312724->3327683 [14959], model=0->0.392277, peakres=0.0290265->0.0128375, Exited Hogbom minor cycle without reaching any stopping criterion.
2020-07-17 18:39:21	INFO	task_tclean::SDAlgorithmBase::deconvolve 	[W51 North_spw=9_X12:C265] iters=3327683->3342807 [15124], model=0->0.196698, peakres=0.0282483->0.0116141, Exited Hogbom minor cycle without reaching any stopping criterion.
2020-07-17 18:40:11	INFO	task_tclean::SDAlgorithmBase::deconvolve 	[W51 North_spw=9_X12:C266] iters=3342807->3357650 [14843], model=0->0.132904, peakres=0.0304544->0.0148846, Exited Hogbom minor cycle without reaching any stopping criterion.
2020-07-17 18:41:00	INFO	task_tclean::SDAlgorithmBase::deconvolve 	[W51 North_spw=9_X12:C267] iters=3357650->3371982 [14332], model=0->-0.0756176, peakres=0.0296734->0.0148587, Exited Hogbom minor cycle without reaching any stopping criterion.
2020-07-17 18:41:48	INFO	task_tclean::SDAlgorithmBase::deconvolve 	[W51 North_spw=9_X12:C268] iters=3371982->3386157 [14175], model=0->-0.0527697, peakres=0.0282389->0.0120084, Exited Hogbom minor cycle without reaching any stopping criterion.
2020-07-17 18:42:37	INFO	task_tclean::SDAlgorithmBase::deconvolve 	[W51 North_spw=9_X12:C269] iters=3386157->3400792 [14635], model=0->0.278195, peakres=0.0280231->0.0128112, Exited Hogbom minor cycle without reaching any stopping criterion.
2020-07-17 18:43:27	INFO	task_tclean::SDAlgorithmBase::deconvolve 	[W51 North_spw=9_X12:C270] iters=3400792->3415511 [14719], model=0->0.347649, peakres=0.0285821->0.0120431, Exited Hogbom minor cycle without reaching any stopping criterion.
2020-07-17 18:44:15	INFO	task_tclean::SDAlgorithmBase::deconvolve 	[W51 North_spw=9_X12:C271] iters=3415511->3429750 [14239], model=0->0.184616, peakres=0.0278746->0.0123783, Exited Hogbom minor cycle without reaching any stopping criterion.
2020-07-17 18:45:06	INFO	task_tclean::SDAlgorithmBase::deconvolve 	[W51 North_spw=9_X12:C272] iters=3429750->3444577 [14827], model=0->0.290897, peakres=0.0284636->0.0135258, Exited Hogbom minor cycle without reaching any stopping criterion.
2020-07-17 18:45:56	INFO	task_tclean::SDAlgorithmBase::deconvolve 	[W51 North_spw=9_X12:C273] iters=3444577->3459097 [14520], model=0->0.406753, peakres=0.0284742->0.0135877, Exited Hogbom minor cycle without reaching any stopping criterion.
2020-07-17 18:46:46	INFO	task_tclean::SDAlgorithmBase::deconvolve 	[W51 North_spw=9_X12:C274] iters=3459097->3473912 [14815], model=0->0.129053, peakres=0.0310206->0.0130576, Exited Hogbom minor cycle without reaching any stopping criterion.
2020-07-17 18:47:36	INFO	task_tclean::SDAlgorithmBase::deconvolve 	[W51 North_spw=9_X12:C275] iters=3473912->3488747 [14835], model=0->0.338102, peakres=0.0301134->0.0114258, Exited Hogbom minor cycle without reaching any stopping criterion.
2020-07-17 18:48:24	INFO	task_tclean::SDAlgorithmBase::deconvolve 	[W51 North_spw=9_X12:C276] iters=3488747->3503456 [14709], model=0->0.340541, peakres=0.0305444->0.0136648, Exited Hogbom minor cycle without reaching any stopping criterion.
2020-07-17 18:49:12	INFO	task_tclean::SDAlgorithmBase::deconvolve 	[W51 North_spw=9_X12:C277] iters=3503456->3517787 [14331], model=0->0.39789, peakres=0.0285457->0.013191, Exited Hogbom minor cycle without reaching any stopping criterion.
2020-07-17 18:50:00	INFO	task_tclean::SDAlgorithmBase::deconvolve 	[W51 North_spw=9_X12:C278] iters=3517787->3532428 [14641], model=0->-0.0130025, peakres=0.0295374->0.0127649, Exited Hogbom minor cycle without reaching any stopping criterion.
2020-07-17 18:50:51	INFO	task_tclean::SDAlgorithmBase::deconvolve 	[W51 North_spw=9_X12:C279] iters=3532428->3547167 [14739], model=0->0.625906, peakres=0.0275372->0.0137186, Exited Hogbom minor cycle without reaching any stopping criterion.
2020-07-17 18:51:41	INFO	task_tclean::SDAlgorithmBase::deconvolve 	[W51 North_spw=9_X12:C280] iters=3547167->3561557 [14390], model=0->0.788231, peakres=0.0278556->0.0133831, Exited Hogbom minor cycle without reaching any stopping criterion.
2020-07-17 18:52:29	INFO	task_tclean::SDAlgorithmBase::deconvolve 	[W51 North_spw=9_X12:C281] iters=3561557->3576075 [14518], model=0->0.163119, peakres=0.0299791->0.012678, Exited Hogbom minor cycle without reaching any stopping criterion.
2020-07-17 18:53:19	INFO	task_tclean::SDAlgorithmBase::deconvolve 	[W51 North_spw=9_X12:C282] iters=3576075->3590740 [14665], model=0->-0.278262, peakres=0.028832->0.0120807, Exited Hogbom minor cycle without reaching any stopping criterion.
2020-07-17 18:54:10	INFO	task_tclean::SDAlgorithmBase::deconvolve 	[W51 North_spw=9_X12:C283] iters=3590740->3605648 [14908], model=0->-0.255319, peakres=0.0319343->0.0119228, Exited Hogbom minor cycle without reaching any stopping criterion.
2020-07-17 18:55:03	INFO	task_tclean::SDAlgorithmBase::deconvolve 	[W51 North_spw=9_X12:C284] iters=3605648->3621097 [15449], model=0->-0.382923, peakres=0.029439->0.0116758, Exited Hogbom minor cycle without reaching any stopping criterion.
2020-07-17 18:55:56	INFO	task_tclean::SDAlgorithmBase::deconvolve 	[W51 North_spw=9_X12:C285] iters=3621097->3636690 [15593], model=0->-0.313619, peakres=0.0290722->0.0150903, Exited Hogbom minor cycle without reaching any stopping criterion.
2020-07-17 18:56:48	INFO	task_tclean::SDAlgorithmBase::deconvolve 	[W51 North_spw=9_X12:C286] iters=3636690->3651838 [15148], model=0->0.120431, peakres=0.0308467->0.0123815, Exited Hogbom minor cycle without reaching any stopping criterion.
2020-07-17 18:57:38	INFO	task_tclean::SDAlgorithmBase::deconvolve 	[W51 North_spw=9_X12:C287] iters=3651838->3666677 [14839], model=0->-0.0793982, peakres=0.0291333->0.0150236, Exited Hogbom minor cycle without reaching any stopping criterion.
2020-07-17 18:58:37	INFO	task_tclean::SDAlgorithmBase::deconvolve 	[W51 North_spw=9_X12:C288] iters=3666677->3681052 [14375], model=0->-0.285621, peakres=0.0272488->0.0138535, Exited Hogbom minor cycle without reaching any stopping criterion.
2020-07-17 18:59:26	INFO	task_tclean::SDAlgorithmBase::deconvolve 	[W51 North_spw=9_X12:C289] iters=3681052->3695599 [14547], model=0->-0.911327, peakres=0.0288565->0.0145526, Exited Hogbom minor cycle without reaching any stopping criterion.
2020-07-17 19:00:16	INFO	task_tclean::SDAlgorithmBase::deconvolve 	[W51 North_spw=9_X12:C290] iters=3695599->3710622 [15023], model=0->-0.648721, peakres=0.0303261->0.0152477, Exited Hogbom minor cycle without reaching any stopping criterion.
2020-07-17 19:01:07	INFO	task_tclean::SDAlgorithmBase::deconvolve 	[W51 North_spw=9_X12:C291] iters=3710622->3725766 [15144], model=0->-0.124423, peakres=0.029292->0.0131929, Exited Hogbom minor cycle without reaching any stopping criterion.
