2022-04-02 16:10:34	INFO	::casa	
2022-04-02 16:10:34	INFO	::casa	Checking telemetry submission interval
2022-04-02 16:10:34	INFO	::casa	Creating a new telemetry time stamp file./home/dealderod/.casa/telemetry-11817f1e028026e1e9.stamp
2022-04-02 16:10:34	INFO	::casa	Telemetry submit interval not reached. Not submitting data.
2022-04-02 16:10:34	INFO	::casa	Next telemetry data submission in: 6 days, 23:59:59.991262
2022-04-02 16:10:34	INFO	::casa	CASA Version  5.7.0-134  
2022-04-02 16:10:38	INFO	::casa	
2022-04-02 16:19:17	INFO	tclean::::	
2022-04-02 16:19:17	INFO	tclean::::+	##########################################
2022-04-02 16:19:17	INFO	tclean::::+	##### Begin Task: tclean             #####
2022-04-02 16:19:17	INFO	tclean::::	tclean(vis="/orange/adamginsburg/w51/vla/19A-254/Q_2019-10-12_0313_19A-254/19A-254.sb37233471.eb37357221.58768.13461443287.ms",selectdata=True,field="2",spw="56",timerange="",
2022-04-02 16:19:17	INFO	tclean::::+	        uvrange="",antenna="",scan="",observation="",intent="",
2022-04-02 16:19:17	INFO	tclean::::+	        datacolumn="corrected",imagename="W51North_spw_56_Qband_rough_08",imsize=1500,cell="0.01arcsec",phasecenter="",
2022-04-02 16:19:17	INFO	tclean::::+	        stokes="I",projection="SIN",startmodel="",specmode="cube",reffreq="",
2022-04-02 16:19:17	INFO	tclean::::+	        nchan=-1,start="",width="",outframe="",veltype="radio",
2022-04-02 16:19:17	INFO	tclean::::+	        restfreq=[],interpolation="linear",perchanweightdensity=True,gridder="standard",facets=1,
2022-04-02 16:19:17	INFO	tclean::::+	        psfphasecenter="",chanchunks=-1,wprojplanes=1,vptable="",mosweight=True,
2022-04-02 16:19:17	INFO	tclean::::+	        aterm=True,psterm=False,wbawp=True,conjbeams=False,cfcache="",
2022-04-02 16:19:17	INFO	tclean::::+	        usepointing=False,computepastep=360.0,rotatepastep=360.0,pointingoffsetsigdev=[],pblimit=0.1,
2022-04-02 16:19:17	INFO	tclean::::+	        normtype="flatnoise",deconvolver="hogbom",scales=[],nterms=2,smallscalebias=0.0,
2022-04-02 16:19:17	INFO	tclean::::+	        restoration=True,restoringbeam=[],pbcor=False,outlierfile="",weighting="natural",
2022-04-02 16:19:17	INFO	tclean::::+	        robust=0.5,noise="1.0Jy",npixels=0,uvtaper=[],niter=100000,
2022-04-02 16:19:17	INFO	tclean::::+	        gain=0.1,threshold="0.0174935Jy",nsigma=0.0,cycleniter=-1,cyclefactor=1.0,
2022-04-02 16:19:17	INFO	tclean::::+	        minpsffraction=0.05,maxpsffraction=0.8,interactive=False,usemask="user",mask="",
2022-04-02 16:19:17	INFO	tclean::::+	        pbmask=0.0,sidelobethreshold=3.0,noisethreshold=5.0,lownoisethreshold=1.5,negativethreshold=0.0,
2022-04-02 16:19:17	INFO	tclean::::+	        smoothfactor=1.0,minbeamfrac=0.3,cutthreshold=0.01,growiterations=75,dogrowprune=True,
2022-04-02 16:19:17	INFO	tclean::::+	        minpercentchange=-1.0,verbose=False,fastnoise=True,restart=True,savemodel="none",
2022-04-02 16:19:17	INFO	tclean::::+	        calcres=True,calcpsf=True,parallel=False)
2022-04-02 16:19:17	INFO	tclean::::	Verifying Input Parameters
2022-04-02 16:19:23	INFO	SynthesisImagerVi2::selectData 	MS : /orange/adamginsburg/w51/vla/19A-254/Q_2019-10-12_0313_19A-254/19A-254.sb37233471.eb37357221.58768.13461443287.ms | Selecting on fields : 2 | Selecting on spw :56 | [Opened in readonly mode]
2022-04-02 16:19:24	INFO	SynthesisImagerVi2::selectData 	  NRows selected : 222183
2022-04-02 16:19:26	SEVERE	MeasTable::dUTC(Double) (file ../../measures/Measures/MeasTable.cc, line 4290)	Leap second table TAI_UTC seems out-of-date.
2022-04-02 16:19:26	SEVERE	MeasTable::dUTC(Double) (file ../../measures/Measures/MeasTable.cc, line 4290)+	Until the table is updated (see the CASA documentation or your system admin),
2022-04-02 16:19:26	SEVERE	MeasTable::dUTC(Double) (file ../../measures/Measures/MeasTable.cc, line 4290)+	times and coordinates derived from UTC could be wrong by 1s or more.
2022-04-02 16:19:30	INFO	SynthesisImagerVi2::defineImage 	Define image coordinates for [W51North_spw_56_Qband_rough_08] : 
2022-04-02 16:19:30	INFO	MSTransformRegridder::calcChanFreqs	 phaseCenter='Direction: [0.345613, -0.904272, 0.250687]'  Channels equidistant in freq
2022-04-02 16:19:30	INFO	MSTransformRegridder::calcChanFreqs+	 Central frequency (in output frame) = 4.50599e+10 Hz
2022-04-02 16:19:30	INFO	MSTransformRegridder::calcChanFreqs+	 Width of central channel (in output frame) = 1.00002e+06 Hz
2022-04-02 16:19:30	INFO	MSTransformRegridder::calcChanFreqs+	 Number of channels = 128
2022-04-02 16:19:30	INFO	MSTransformRegridder::calcChanFreqs+	 Total width of SPW (in output frame) = 1.28003e+08 Hz
2022-04-02 16:19:30	INFO	MSTransformRegridder::calcChanFreqs+	 Lower edge = 4.49959e+10 Hz, upper edge = 4.51239e+10 Hz
2022-04-02 16:19:30	INFO	SynthesisImagerVi2::defineImage 	Impars : start 
2022-04-02 16:19:30	INFO	SynthesisImagerVi2::defineImage 	Shape : [1500, 1500, 1, 128]Spectral : [4.49964e+10] at [0] with increment [1.00002e+06]
2022-04-02 16:19:30	INFO	SynthesisImagerVi2::defineImage 	Set Gridding options for [W51North_spw_56_Qband_rough_08] with ftmachine : gridft
2022-04-02 16:19:30	INFO	SynthesisImagerVi2::appendToMapperList(ftm)	Automatically calculate chanchunks using imshape : [1500, 1500, 1, 128]
2022-04-02 16:19:30	INFO	SynthesisImagerVi2::appendToMapperList(ftm)	Required memory 13.9046
2022-04-02 16:19:30	INFO	SynthesisImagerVi2::appendToMapperList(ftm)+	Available memory 51.0998 (rc: memory fraction 80% rc memory -0.000976562)
2022-04-02 16:19:30	INFO	SynthesisImagerVi2::appendToMapperList(ftm)+	1 other processes on node
2022-04-02 16:19:30	INFO	SynthesisImagerVi2::appendToMapperList(ftm)+	Setting chanchunks to 1
2022-04-02 16:19:30	INFO	SynthesisImagerVi2::weight() 	Set imaging weights : Natural weighting
2022-04-02 16:19:30	INFO	SynthesisImager::tuneSelectData 	Tuning frequency data selection to match image spectral coordinates
2022-04-02 16:19:30	INFO	SynthesisImagerVi2::selectData 	MS : /orange/adamginsburg/w51/vla/19A-254/Q_2019-10-12_0313_19A-254/19A-254.sb37233471.eb37357221.58768.13461443287.ms | Selecting on fields : 2 | Selecting on spw :56 | [Opened in readonly mode]
2022-04-02 16:19:31	INFO	SynthesisImagerVi2::selectData 	  NRows selected : 222183
2022-04-02 16:19:32	INFO	task_tclean::SynthesisDeconvolver::setupDeconvolution 	Set Deconvolution Options for [W51North_spw_56_Qband_rough_08] : hogbom
2022-04-02 16:19:32	INFO	SynthesisIterBot::setupIteration 	Set Iteration Control Options
2022-04-02 16:19:32	INFO	task_tclean::SynthesisImager::makePSF 	----------------------------------------------------------- Make PSF ---------------------------------------------
2022-04-02 16:20:11	INFO	task_tclean::SIImageStore::calcSensitivity 	[W51North_spw_56_Qband_rough_08] Theoretical sensitivity (Jy/bm):c0:none c1:none c2:none c3:none c4:none c5:none c6:none c7:0.00074901 c8:0.000747846 c9:0.000747025 c10:0.000747206 c11:0.000746931 c12:0.000746218 c13:0.000745607 c14:0.000745632 c15:0.000745615 c16:0.000745364 c17:0.000744587 c18:0.000743934 c19:0.000743941 c20:0.000743879 c21:0.00074372 c22:0.000743744 c23:0.000743641 c24:0.000743189 c25:0.000743021 c26:0.000743089 c27:0.000742766 c28:0.000742689 c29:0.000743062 c30:0.00074322 c31:0.000743215 c32:0.000742947 c33:0.000742968 c34:0.000743182 c35:0.000743508 c36:0.000743821 c37:0.00074369 c38:0.000743461 c39:0.000743652 c40:0.000743864 c41:0.000743825 c42:0.000743608 c43:0.000743338 c44:0.000743135 c45:0.000742786 c46:0.00074234 c47:0.000742226 c48:0.000742025 c49:0.00074143 c50:0.000741308 c51:0.00074162 c52:0.000741689 c53:0.000741638 c54:0.000742098 c55:0.000742499 c56:0.00074281 c57:0.000743402 c58:0.000743784 c59:0.000743821 c60:0.000744331 c61:0.000744864 c62:0.000745103 c63:0.000745286 c64:0.000744923 c65:0.000744619 c66:0.000744478 c67:0.000743977 c68:0.000743325 c69:0.000742972 c70:0.000742392 c71:0.000741996 c72:0.000741848 c73:0.000742266 c74:0.000742223 c75:0.000742108 c76:0.000741999 c77:0.000742155 c78:0.000742331 c79:0.00074272 c80:0.000742974 c81:0.00074311 c82:0.000742821 c83:0.000742853 c84:0.000743079 c85:0.000743162 c86:0.000742498 c87:0.000742002 c88:0.000741914 c89:0.000741778 c90:0.000741412 c91:0.000741005 c92:0.000740749 c93:0.000740613 c94:0.000740641 c95:0.000740722 c96:0.000740672 c97:0.000740575 c98:0.000740525 c99:0.000740284 c100:0.000740243 c101:0.000740262 c102:0.000740293 c103:0.000740359 c104:0.000740257 c105:0.000739828 c106:0.000739441 c107:0.000739423 c108:0.000739596 c109:0.000739809 c110:0.000739726 c111:0.000739782 c112:0.000739917 c113:0.000739896 c114:0.000739953 c115:0.000740142 c116:0.00074051 c117:0.00074059 c118:0.000740544 c119:0.000741097 c120:0.00074139 c121:0.000742128 c122:none c123:none c124:none c125:none c126:none c127:none 
2022-04-02 16:20:12	WARN	task_tclean::SIImageStore::getPSFGaussian (file ../../synthesis/ImagerObjects/SIImageStore.cc, line 1916)	PSF is blank for[C0:P0] [C1:P0] [C2:P0] [C3:P0] [C4:P0] [C5:P0] [C6:P0] [C122:P0] [C123:P0] [C124:P0] [C125:P0] [C126:P0] [C127:P0] 
2022-04-02 16:20:12	INFO	task_tclean::SIImageStore::printBeamSet 	Restoring Beams 
2022-04-02 16:20:12	INFO	task_tclean::SIImageStore::printBeamSet +	Pol   Type Chan        Freq     Vel
2022-04-02 16:20:12	INFO	task_tclean::SIImageStore::printBeamSet +	  I    Max    0 4.49964e+10 7320.65    0.0667 arcsec x    0.0541 arcsec pa= 71.2866 deg
2022-04-02 16:20:12	INFO	task_tclean::SIImageStore::printBeamSet +	  I    Min    1 4.49974e+10 7314.15    0.0000 arcsec x    0.0000 arcsec pa=  0.0000 deg
2022-04-02 16:20:12	INFO	task_tclean::SIImageStore::printBeamSet +	  I Median   46 4.50424e+10 7021.65    0.0662 arcsec x    0.0537 arcsec pa= 68.9442 deg
2022-04-02 16:20:12	INFO	task_tclean::SynthesisImagerVi2::makePrimaryBeam 	vi2 : Evaluating Primary Beam model onto image grid(s)
2022-04-02 16:20:24	INFO	task_tclean::SynthesisImager::executeMajorCycle 	----------------------------------------------------------- Run Major Cycle 1 -------------------------------------
2022-04-02 16:21:04	WARN	task_tclean::SIImageStore::getPSFGaussian (file ../../synthesis/ImagerObjects/SIImageStore.cc, line 1916)	PSF is blank for[C0:P0] [C1:P0] [C2:P0] [C3:P0] [C4:P0] [C5:P0] [C6:P0] [C122:P0] [C123:P0] [C124:P0] [C125:P0] [C126:P0] [C127:P0] 
2022-04-02 16:21:09	INFO	task_tclean::SIImageStore::printImageStats 	[W51North_spw_56_Qband_rough_08] Peak residual (max,min) over full image : (0.0334396,-0.0124994)
2022-04-02 16:21:10	INFO	task_tclean::SIImageStore::printImageStats 	[W51North_spw_56_Qband_rough_08] Total Model Flux : 0
2022-04-02 16:21:25	INFO	task_tclean::SynthesisDeconvolver::setupMask 	[W51North_spw_56_Qband_rough_08] Initializing new mask to 1.0 for the full image
2022-04-02 16:21:26	INFO	task_tclean::SynthesisDeconvolver::setupMask 	[W51North_spw_56_Qband_rough_08] Number of pixels in the clean mask : 2.88e+08 out of a total of 2.88e+08 pixels. [ 100 % ]
2022-04-02 16:21:33	WARN	task_tclean::SIImageStore::getPSFGaussian (file ../../synthesis/ImagerObjects/SIImageStore.cc, line 1916)	PSF is blank for[C0:P0] [C1:P0] [C2:P0] [C3:P0] [C4:P0] [C5:P0] [C6:P0] [C122:P0] [C123:P0] [C124:P0] [C125:P0] [C126:P0] [C127:P0] 
2022-04-02 16:21:37	INFO	task_tclean::SIImageStore::printImageStats 	[W51North_spw_56_Qband_rough_08] Peak residual (max,min) within mask : (0.0334396,-0.0124994) over full image : (0.0334396,-0.0124994)
2022-04-02 16:21:38	INFO	task_tclean::SIImageStore::printImageStats 	[W51North_spw_56_Qband_rough_08] Total Model Flux : 0
2022-04-02 16:21:51	INFO	task_tclean::SynthesisDeconvolver::executeMinorCycle 	---------------------------------------------------- Run Minor Cycle Iterations  ---------------------------------------------
2022-04-02 16:21:51	INFO	task_tclean::SDAlgorithmBase::deconvolve 	[W51North_spw_56_Qband_rough_08] Run Hogbom minor-cycle on 128 chans | CycleThreshold=0.0174935, CycleNiter=100000, Gain=0.1
2022-04-02 16:21:51	INFO	task_tclean::SDAlgorithmBase::deconvolve 	[W51North_spw_56_Qband_rough_08:C0] iters=0->0 [0], model=0->0, peakres=0->0, Reached cyclethreshold.
2022-04-02 16:21:51	INFO	task_tclean::SDAlgorithmBase::deconvolve 	[W51North_spw_56_Qband_rough_08:C1] iters=0->0 [0], model=0->0, peakres=0->0, Reached cyclethreshold.
2022-04-02 16:21:51	INFO	task_tclean::SDAlgorithmBase::deconvolve 	[W51North_spw_56_Qband_rough_08:C2] iters=0->0 [0], model=0->0, peakres=0->0, Reached cyclethreshold.
2022-04-02 16:21:51	INFO	task_tclean::SDAlgorithmBase::deconvolve 	[W51North_spw_56_Qband_rough_08:C3] iters=0->0 [0], model=0->0, peakres=0->0, Reached cyclethreshold.
2022-04-02 16:21:51	INFO	task_tclean::SDAlgorithmBase::deconvolve 	[W51North_spw_56_Qband_rough_08:C4] iters=0->0 [0], model=0->0, peakres=0->0, Reached cyclethreshold.
2022-04-02 16:21:51	INFO	task_tclean::SDAlgorithmBase::deconvolve 	[W51North_spw_56_Qband_rough_08:C5] iters=0->0 [0], model=0->0, peakres=0->0, Reached cyclethreshold.
2022-04-02 16:21:51	INFO	task_tclean::SDAlgorithmBase::deconvolve 	[W51North_spw_56_Qband_rough_08:C6] iters=0->0 [0], model=0->0, peakres=0->0, Reached cyclethreshold.
2022-04-02 16:21:51	INFO	task_tclean::SDAlgorithmBase::deconvolve 	[W51North_spw_56_Qband_rough_08:C7] iters=0->6 [6], model=0->0.0136837, peakres=0.0290472->0.0158677, Reached cyclethreshold.
2022-04-02 16:21:52	INFO	task_tclean::SDAlgorithmBase::deconvolve 	[W51North_spw_56_Qband_rough_08:C8] iters=6->12 [6], model=0->0.0130293, peakres=0.0274453->0.0161753, Reached cyclethreshold.
2022-04-02 16:21:52	INFO	task_tclean::SDAlgorithmBase::deconvolve 	[W51North_spw_56_Qband_rough_08:C9] iters=12->17 [5], model=0->0.0109174, peakres=0.02633->0.016822, Reached cyclethreshold.
2022-04-02 16:21:52	INFO	task_tclean::SDAlgorithmBase::deconvolve 	[W51North_spw_56_Qband_rough_08:C10] iters=17->22 [5], model=0->0.0112647, peakres=0.027265->0.0171932, Reached cyclethreshold.
2022-04-02 16:21:52	INFO	task_tclean::SDAlgorithmBase::deconvolve 	[W51North_spw_56_Qband_rough_08:C11] iters=22->28 [6], model=0->0.014026, peakres=0.0299342->0.0160618, Reached cyclethreshold.
2022-04-02 16:21:52	INFO	task_tclean::SDAlgorithmBase::deconvolve 	[W51North_spw_56_Qband_rough_08:C12] iters=28->34 [6], model=0->0.0141647, peakres=0.0302304->0.0161089, Reached cyclethreshold.
2022-04-02 16:21:52	INFO	task_tclean::SDAlgorithmBase::deconvolve 	[W51North_spw_56_Qband_rough_08:C13] iters=34->40 [6], model=0->0.0141312, peakres=0.029968->0.0164725, Reached cyclethreshold.
2022-04-02 16:21:52	INFO	task_tclean::SDAlgorithmBase::deconvolve 	[W51North_spw_56_Qband_rough_08:C14] iters=40->46 [6], model=0->0.0138507, peakres=0.0292234->0.0166854, Reached cyclethreshold.
2022-04-02 16:21:52	INFO	task_tclean::SDAlgorithmBase::deconvolve 	[W51North_spw_56_Qband_rough_08:C15] iters=46->52 [6], model=0->0.0134975, peakres=0.0283084->0.0169682, Reached cyclethreshold.
2022-04-02 16:21:52	INFO	task_tclean::SDAlgorithmBase::deconvolve 	[W51North_spw_56_Qband_rough_08:C16] iters=52->58 [6], model=0->0.0136001, peakres=0.0285756->0.0170428, Reached cyclethreshold.
2022-04-02 16:21:52	INFO	task_tclean::SDAlgorithmBase::deconvolve 	[W51North_spw_56_Qband_rough_08:C17] iters=58->64 [6], model=0->0.0138779, peakres=0.0289142->0.0173446, Reached cyclethreshold.
2022-04-02 16:21:52	INFO	task_tclean::SDAlgorithmBase::deconvolve 	[W51North_spw_56_Qband_rough_08:C18] iters=64->71 [7], model=0->0.0160633, peakres=0.0299186->0.0171075, Reached cyclethreshold.
2022-04-02 16:21:52	INFO	task_tclean::SDAlgorithmBase::deconvolve 	[W51North_spw_56_Qband_rough_08:C19] iters=71->78 [7], model=0->0.0165968, peakres=0.0312213->0.0171638, Reached cyclethreshold.
2022-04-02 16:21:52	INFO	task_tclean::SDAlgorithmBase::deconvolve 	[W51North_spw_56_Qband_rough_08:C20] iters=78->84 [6], model=0->0.0147901, peakres=0.0314347->0.0170741, Reached cyclethreshold.
2022-04-02 16:21:52	INFO	task_tclean::SDAlgorithmBase::deconvolve 	[W51North_spw_56_Qband_rough_08:C21] iters=84->90 [6], model=0->0.0139108, peakres=0.0292673->0.017095, Reached cyclethreshold.
2022-04-02 16:21:53	INFO	task_tclean::SDAlgorithmBase::deconvolve 	[W51North_spw_56_Qband_rough_08:C22] iters=90->97 [7], model=0->0.0165139, peakres=0.0308356->0.0171464, Reached cyclethreshold.
2022-04-02 16:21:53	INFO	task_tclean::SDAlgorithmBase::deconvolve 	[W51North_spw_56_Qband_rough_08:C23] iters=97->105 [8], model=0->0.0194902, peakres=0.0332801->0.0169929, Reached cyclethreshold.
2022-04-02 16:21:53	INFO	task_tclean::SDAlgorithmBase::deconvolve 	[W51North_spw_56_Qband_rough_08:C24] iters=105->112 [7], model=0->0.0163741, peakres=0.0309718->0.0165436, Reached cyclethreshold.
2022-04-02 16:21:53	INFO	task_tclean::SDAlgorithmBase::deconvolve 	[W51North_spw_56_Qband_rough_08:C25] iters=112->118 [6], model=0->0.0135298, peakres=0.028302->0.0169554, Reached cyclethreshold.
2022-04-02 16:21:53	INFO	task_tclean::SDAlgorithmBase::deconvolve 	[W51North_spw_56_Qband_rough_08:C26] iters=118->124 [6], model=0->0.0133083, peakres=0.0279924->0.0163262, Reached cyclethreshold.
2022-04-02 16:21:53	INFO	task_tclean::SDAlgorithmBase::deconvolve 	[W51North_spw_56_Qband_rough_08:C27] iters=124->130 [6], model=0->0.013903, peakres=0.0293364->0.016018, Reached cyclethreshold.
2022-04-02 16:21:53	INFO	task_tclean::SDAlgorithmBase::deconvolve 	[W51North_spw_56_Qband_rough_08:C28] iters=130->136 [6], model=0->0.0146963, peakres=0.0311702->0.0169294, Reached cyclethreshold.
2022-04-02 16:21:53	INFO	task_tclean::SDAlgorithmBase::deconvolve 	[W51North_spw_56_Qband_rough_08:C29] iters=136->142 [6], model=0->0.014303, peakres=0.0304862->0.0169258, Reached cyclethreshold.
2022-04-02 16:21:53	INFO	task_tclean::SDAlgorithmBase::deconvolve 	[W51North_spw_56_Qband_rough_08:C30] iters=142->149 [7], model=0->0.0155029, peakres=0.0286224->0.0163057, Reached cyclethreshold.
2022-04-02 16:21:53	INFO	task_tclean::SDAlgorithmBase::deconvolve 	[W51North_spw_56_Qband_rough_08:C31] iters=149->155 [6], model=0->0.0134667, peakres=0.0283001->0.0164342, Reached cyclethreshold.
2022-04-02 16:21:53	INFO	task_tclean::SDAlgorithmBase::deconvolve 	[W51North_spw_56_Qband_rough_08:C32] iters=155->161 [6], model=0->0.0141338, peakres=0.0299177->0.0165186, Reached cyclethreshold.
2022-04-02 16:21:53	INFO	task_tclean::SDAlgorithmBase::deconvolve 	[W51North_spw_56_Qband_rough_08:C33] iters=161->166 [5], model=0->0.0117904, peakres=0.0287914->0.0170539, Reached cyclethreshold.
2022-04-02 16:21:53	INFO	task_tclean::SDAlgorithmBase::deconvolve 	[W51North_spw_56_Qband_rough_08:C34] iters=166->171 [5], model=0->0.0108834, peakres=0.0265202->0.0166774, Reached cyclethreshold.
2022-04-02 16:21:53	INFO	task_tclean::SDAlgorithmBase::deconvolve 	[W51North_spw_56_Qband_rough_08:C35] iters=171->176 [5], model=0->0.0111301, peakres=0.0270597->0.0173043, Reached cyclethreshold.
2022-04-02 16:21:54	INFO	task_tclean::SDAlgorithmBase::deconvolve 	[W51North_spw_56_Qband_rough_08:C36] iters=176->182 [6], model=0->0.0137002, peakres=0.0285505->0.0167817, Reached cyclethreshold.
2022-04-02 16:21:54	INFO	task_tclean::SDAlgorithmBase::deconvolve 	[W51North_spw_56_Qband_rough_08:C37] iters=182->189 [7], model=0->0.0160724, peakres=0.0298502->0.0167498, Reached cyclethreshold.
2022-04-02 16:21:54	INFO	task_tclean::SDAlgorithmBase::deconvolve 	[W51North_spw_56_Qband_rough_08:C38] iters=189->196 [7], model=0->0.0163382, peakres=0.0304135->0.0169685, Reached cyclethreshold.
2022-04-02 16:21:54	INFO	task_tclean::SDAlgorithmBase::deconvolve 	[W51North_spw_56_Qband_rough_08:C39] iters=196->202 [6], model=0->0.0134672, peakres=0.028387->0.0163166, Reached cyclethreshold.
2022-04-02 16:21:54	INFO	task_tclean::SDAlgorithmBase::deconvolve 	[W51North_spw_56_Qband_rough_08:C40] iters=202->207 [5], model=0->0.0114179, peakres=0.0278791->0.016723, Reached cyclethreshold.
2022-04-02 16:21:54	INFO	task_tclean::SDAlgorithmBase::deconvolve 	[W51North_spw_56_Qband_rough_08:C41] iters=207->212 [5], model=0->0.0113051, peakres=0.027553->0.0164692, Reached cyclethreshold.
2022-04-02 16:21:54	INFO	task_tclean::SDAlgorithmBase::deconvolve 	[W51North_spw_56_Qband_rough_08:C42] iters=212->216 [4], model=0->0.00898944, peakres=0.0259405->0.0173945, Reached cyclethreshold.
2022-04-02 16:21:54	INFO	task_tclean::SDAlgorithmBase::deconvolve 	[W51North_spw_56_Qband_rough_08:C43] iters=216->221 [5], model=0->0.0111027, peakres=0.0268782->0.0164953, Reached cyclethreshold.
2022-04-02 16:21:54	INFO	task_tclean::SDAlgorithmBase::deconvolve 	[W51North_spw_56_Qband_rough_08:C44] iters=221->227 [6], model=0->0.0138026, peakres=0.0292341->0.0171592, Reached cyclethreshold.
2022-04-02 16:21:54	INFO	task_tclean::SDAlgorithmBase::deconvolve 	[W51North_spw_56_Qband_rough_08:C45] iters=227->233 [6], model=0->0.0133867, peakres=0.028294->0.0167107, Reached cyclethreshold.
2022-04-02 16:21:54	INFO	task_tclean::SDAlgorithmBase::deconvolve 	[W51North_spw_56_Qband_rough_08:C46] iters=233->238 [5], model=0->0.0114986, peakres=0.0280742->0.0170232, Reached cyclethreshold.
2022-04-02 16:21:54	INFO	task_tclean::SDAlgorithmBase::deconvolve 	[W51North_spw_56_Qband_rough_08:C47] iters=238->244 [6], model=0->0.0143519, peakres=0.0305671->0.0165045, Reached cyclethreshold.
2022-04-02 16:21:54	INFO	task_tclean::SDAlgorithmBase::deconvolve 	[W51North_spw_56_Qband_rough_08:C48] iters=244->250 [6], model=0->0.0151987, peakres=0.032391->0.0174659, Reached cyclethreshold.
2022-04-02 16:21:54	INFO	task_tclean::SDAlgorithmBase::deconvolve 	[W51North_spw_56_Qband_rough_08:C49] iters=250->256 [6], model=0->0.0149233, peakres=0.0312698->0.0174677, Reached cyclethreshold.
2022-04-02 16:21:54	INFO	task_tclean::SDAlgorithmBase::deconvolve 	[W51North_spw_56_Qband_rough_08:C50] iters=256->262 [6], model=0->0.0143476, peakres=0.0303381->0.0166541, Reached cyclethreshold.
2022-04-02 16:21:55	INFO	task_tclean::SDAlgorithmBase::deconvolve 	[W51North_spw_56_Qband_rough_08:C51] iters=262->269 [7], model=0->0.0169661, peakres=0.0319407->0.0173047, Reached cyclethreshold.
2022-04-02 16:21:55	INFO	task_tclean::SDAlgorithmBase::deconvolve 	[W51North_spw_56_Qband_rough_08:C52] iters=269->277 [8], model=0->0.0185656, peakres=0.0312764->0.016282, Reached cyclethreshold.
2022-04-02 16:21:55	INFO	task_tclean::SDAlgorithmBase::deconvolve 	[W51North_spw_56_Qband_rough_08:C53] iters=277->283 [6], model=0->0.0139392, peakres=0.0291342->0.0173566, Reached cyclethreshold.
2022-04-02 16:21:55	INFO	task_tclean::SDAlgorithmBase::deconvolve 	[W51North_spw_56_Qband_rough_08:C54] iters=283->289 [6], model=0->0.0139081, peakres=0.0289938->0.0171927, Reached cyclethreshold.
2022-04-02 16:21:55	INFO	task_tclean::SDAlgorithmBase::deconvolve 	[W51North_spw_56_Qband_rough_08:C55] iters=289->295 [6], model=0->0.0134754, peakres=0.0282582->0.0170905, Reached cyclethreshold.
2022-04-02 16:21:55	INFO	task_tclean::SDAlgorithmBase::deconvolve 	[W51North_spw_56_Qband_rough_08:C56] iters=295->302 [7], model=0->0.0158633, peakres=0.0288738->0.0171525, Reached cyclethreshold.
2022-04-02 16:21:55	INFO	task_tclean::SDAlgorithmBase::deconvolve 	[W51North_spw_56_Qband_rough_08:C57] iters=302->310 [8], model=0->0.0179528, peakres=0.0289413->0.0167458, Reached cyclethreshold.
2022-04-02 16:21:55	INFO	task_tclean::SDAlgorithmBase::deconvolve 	[W51North_spw_56_Qband_rough_08:C58] iters=310->316 [6], model=0->0.0132948, peakres=0.0267103->0.0173111, Reached cyclethreshold.
2022-04-02 16:21:55	INFO	task_tclean::SDAlgorithmBase::deconvolve 	[W51North_spw_56_Qband_rough_08:C59] iters=316->321 [5], model=0->0.0111376, peakres=0.0268075->0.0173954, Reached cyclethreshold.
2022-04-02 16:21:55	INFO	task_tclean::SDAlgorithmBase::deconvolve 	[W51North_spw_56_Qband_rough_08:C60] iters=321->327 [6], model=0->0.0135518, peakres=0.0285577->0.0164682, Reached cyclethreshold.
2022-04-02 16:21:55	INFO	task_tclean::SDAlgorithmBase::deconvolve 	[W51North_spw_56_Qband_rough_08:C61] iters=327->333 [6], model=0->0.0138247, peakres=0.0289894->0.0173529, Reached cyclethreshold.
2022-04-02 16:21:55	INFO	task_tclean::SDAlgorithmBase::deconvolve 	[W51North_spw_56_Qband_rough_08:C62] iters=333->340 [7], model=0->0.0157787, peakres=0.0291389->0.0170278, Reached cyclethreshold.
2022-04-02 16:21:55	INFO	task_tclean::SDAlgorithmBase::deconvolve 	[W51North_spw_56_Qband_rough_08:C63] iters=340->346 [6], model=0->0.0142995, peakres=0.0300194->0.017418, Reached cyclethreshold.
2022-04-02 16:21:55	INFO	task_tclean::SDAlgorithmBase::deconvolve 	[W51North_spw_56_Qband_rough_08:C64] iters=346->353 [7], model=0->0.0160169, peakres=0.0300886->0.0167763, Reached cyclethreshold.
2022-04-02 16:21:56	INFO	task_tclean::SDAlgorithmBase::deconvolve 	[W51North_spw_56_Qband_rough_08:C65] iters=353->361 [8], model=0->0.0180883, peakres=0.030634->0.0160003, Reached cyclethreshold.
2022-04-02 16:21:56	INFO	task_tclean::SDAlgorithmBase::deconvolve 	[W51North_spw_56_Qband_rough_08:C66] iters=361->366 [5], model=0->0.0112456, peakres=0.0271166->0.0170581, Reached cyclethreshold.
2022-04-02 16:21:56	INFO	task_tclean::SDAlgorithmBase::deconvolve 	[W51North_spw_56_Qband_rough_08:C67] iters=366->371 [5], model=0->0.0108587, peakres=0.0260967->0.0163346, Reached cyclethreshold.
2022-04-02 16:21:56	INFO	task_tclean::SDAlgorithmBase::deconvolve 	[W51North_spw_56_Qband_rough_08:C68] iters=371->378 [7], model=0->0.0169006, peakres=0.0322601->0.0161346, Reached cyclethreshold.
2022-04-02 16:21:56	INFO	task_tclean::SDAlgorithmBase::deconvolve 	[W51North_spw_56_Qband_rough_08:C69] iters=378->385 [7], model=0->0.0174455, peakres=0.0334396->0.0163839, Reached cyclethreshold.
2022-04-02 16:21:56	INFO	task_tclean::SDAlgorithmBase::deconvolve 	[W51North_spw_56_Qband_rough_08:C70] iters=385->392 [7], model=0->0.0161403, peakres=0.0303627->0.0165814, Reached cyclethreshold.
2022-04-02 16:21:56	INFO	task_tclean::SDAlgorithmBase::deconvolve 	[W51North_spw_56_Qband_rough_08:C71] iters=392->398 [6], model=0->0.0142637, peakres=0.0299105->0.0174858, Reached cyclethreshold.
2022-04-02 16:21:56	INFO	task_tclean::SDAlgorithmBase::deconvolve 	[W51North_spw_56_Qband_rough_08:C72] iters=398->403 [5], model=0->0.0117362, peakres=0.028383->0.0174163, Reached cyclethreshold.
2022-04-02 16:21:56	INFO	task_tclean::SDAlgorithmBase::deconvolve 	[W51North_spw_56_Qband_rough_08:C73] iters=403->408 [5], model=0->0.0111951, peakres=0.0269824->0.0174305, Reached cyclethreshold.
2022-04-02 16:21:56	INFO	task_tclean::SDAlgorithmBase::deconvolve 	[W51North_spw_56_Qband_rough_08:C74] iters=408->413 [5], model=0->0.0109666, peakres=0.0265697->0.0169549, Reached cyclethreshold.
2022-04-02 16:21:56	INFO	task_tclean::SDAlgorithmBase::deconvolve 	[W51North_spw_56_Qband_rough_08:C75] iters=413->419 [6], model=0->0.0133401, peakres=0.0281986->0.0165365, Reached cyclethreshold.
2022-04-02 16:21:56	INFO	task_tclean::SDAlgorithmBase::deconvolve 	[W51North_spw_56_Qband_rough_08:C76] iters=419->425 [6], model=0->0.0150496, peakres=0.0318792->0.0174096, Reached cyclethreshold.
2022-04-02 16:21:56	INFO	task_tclean::SDAlgorithmBase::deconvolve 	[W51North_spw_56_Qband_rough_08:C77] iters=425->432 [7], model=0->0.0169123, peakres=0.0318531->0.017163, Reached cyclethreshold.
2022-04-02 16:21:56	INFO	task_tclean::SDAlgorithmBase::deconvolve 	[W51North_spw_56_Qband_rough_08:C78] iters=432->439 [7], model=0->0.0154045, peakres=0.0282387->0.0163987, Reached cyclethreshold.
2022-04-02 16:21:56	INFO	task_tclean::SDAlgorithmBase::deconvolve 	[W51North_spw_56_Qband_rough_08:C79] iters=439->445 [6], model=0->0.0131352, peakres=0.0271327->0.0170678, Reached cyclethreshold.
2022-04-02 16:21:57	INFO	task_tclean::SDAlgorithmBase::deconvolve 	[W51North_spw_56_Qband_rough_08:C80] iters=445->452 [7], model=0->0.0153571, peakres=0.0283562->0.0160766, Reached cyclethreshold.
2022-04-02 16:21:57	INFO	task_tclean::SDAlgorithmBase::deconvolve 	[W51North_spw_56_Qband_rough_08:C81] iters=452->459 [7], model=0->0.0155644, peakres=0.028809->0.0162291, Reached cyclethreshold.
2022-04-02 16:21:57	INFO	task_tclean::SDAlgorithmBase::deconvolve 	[W51North_spw_56_Qband_rough_08:C82] iters=459->463 [4], model=0->0.00904697, peakres=0.0261285->0.0174039, Reached cyclethreshold.
2022-04-02 16:21:57	INFO	task_tclean::SDAlgorithmBase::deconvolve 	[W51North_spw_56_Qband_rough_08:C83] iters=463->467 [4], model=0->0.00870426, peakres=0.0252392->0.0170293, Reached cyclethreshold.
2022-04-02 16:21:57	INFO	task_tclean::SDAlgorithmBase::deconvolve 	[W51North_spw_56_Qband_rough_08:C84] iters=467->472 [5], model=0->0.0110834, peakres=0.0265531->0.017107, Reached cyclethreshold.
2022-04-02 16:21:57	INFO	task_tclean::SDAlgorithmBase::deconvolve 	[W51North_spw_56_Qband_rough_08:C85] iters=472->478 [6], model=0->0.0129793, peakres=0.0270605->0.0161725, Reached cyclethreshold.
2022-04-02 16:21:57	INFO	task_tclean::SDAlgorithmBase::deconvolve 	[W51North_spw_56_Qband_rough_08:C86] iters=478->483 [5], model=0->0.0113001, peakres=0.0273786->0.0172308, Reached cyclethreshold.
2022-04-02 16:21:57	INFO	task_tclean::SDAlgorithmBase::deconvolve 	[W51North_spw_56_Qband_rough_08:C87] iters=483->488 [5], model=0->0.0119323, peakres=0.0290942->0.0173414, Reached cyclethreshold.
2022-04-02 16:21:57	INFO	task_tclean::SDAlgorithmBase::deconvolve 	[W51North_spw_56_Qband_rough_08:C88] iters=488->493 [5], model=0->0.0115239, peakres=0.0279693->0.0168901, Reached cyclethreshold.
2022-04-02 16:21:57	INFO	task_tclean::SDAlgorithmBase::deconvolve 	[W51North_spw_56_Qband_rough_08:C89] iters=493->499 [6], model=0->0.0139536, peakres=0.0296142->0.0168766, Reached cyclethreshold.
2022-04-02 16:21:57	INFO	task_tclean::SDAlgorithmBase::deconvolve 	[W51North_spw_56_Qband_rough_08:C90] iters=499->506 [7], model=0->0.0170142, peakres=0.0323965->0.0165793, Reached cyclethreshold.
2022-04-02 16:21:57	INFO	task_tclean::SDAlgorithmBase::deconvolve 	[W51North_spw_56_Qband_rough_08:C91] iters=506->512 [6], model=0->0.0149289, peakres=0.0318092->0.0174043, Reached cyclethreshold.
2022-04-02 16:21:57	INFO	task_tclean::SDAlgorithmBase::deconvolve 	[W51North_spw_56_Qband_rough_08:C92] iters=512->518 [6], model=0->0.014232, peakres=0.0301446->0.0166308, Reached cyclethreshold.
2022-04-02 16:21:57	INFO	task_tclean::SDAlgorithmBase::deconvolve 	[W51North_spw_56_Qband_rough_08:C93] iters=518->524 [6], model=0->0.0136515, peakres=0.0286764->0.0163319, Reached cyclethreshold.
2022-04-02 16:21:57	INFO	task_tclean::SDAlgorithmBase::deconvolve 	[W51North_spw_56_Qband_rough_08:C94] iters=524->530 [6], model=0->0.0136716, peakres=0.0283768->0.0173541, Reached cyclethreshold.
2022-04-02 16:21:57	INFO	task_tclean::SDAlgorithmBase::deconvolve 	[W51North_spw_56_Qband_rough_08:C95] iters=530->537 [7], model=0->0.0158902, peakres=0.0289097->0.0171106, Reached cyclethreshold.
2022-04-02 16:21:58	INFO	task_tclean::SDAlgorithmBase::deconvolve 	[W51North_spw_56_Qband_rough_08:C96] iters=537->545 [8], model=0->0.018364, peakres=0.0307279->0.0162626, Reached cyclethreshold.
2022-04-02 16:21:58	INFO	task_tclean::SDAlgorithmBase::deconvolve 	[W51North_spw_56_Qband_rough_08:C97] iters=545->552 [7], model=0->0.0168911, peakres=0.0317697->0.0163671, Reached cyclethreshold.
2022-04-02 16:21:58	INFO	task_tclean::SDAlgorithmBase::deconvolve 	[W51North_spw_56_Qband_rough_08:C98] iters=552->559 [7], model=0->0.0158566, peakres=0.0293687->0.0165624, Reached cyclethreshold.
2022-04-02 16:21:58	INFO	task_tclean::SDAlgorithmBase::deconvolve 	[W51North_spw_56_Qband_rough_08:C99] iters=559->565 [6], model=0->0.0132127, peakres=0.0276614->0.0164157, Reached cyclethreshold.
2022-04-02 16:21:58	INFO	task_tclean::SDAlgorithmBase::deconvolve 	[W51North_spw_56_Qband_rough_08:C100] iters=565->570 [5], model=0->0.0113082, peakres=0.0271561->0.0173502, Reached cyclethreshold.
2022-04-02 16:21:58	INFO	task_tclean::SDAlgorithmBase::deconvolve 	[W51North_spw_56_Qband_rough_08:C101] iters=570->576 [6], model=0->0.0133368, peakres=0.0277314->0.0172409, Reached cyclethreshold.
2022-04-02 16:21:58	INFO	task_tclean::SDAlgorithmBase::deconvolve 	[W51North_spw_56_Qband_rough_08:C102] iters=576->583 [7], model=0->0.0157147, peakres=0.029073->0.0165868, Reached cyclethreshold.
2022-04-02 16:21:58	INFO	task_tclean::SDAlgorithmBase::deconvolve 	[W51North_spw_56_Qband_rough_08:C103] iters=583->589 [6], model=0->0.0144029, peakres=0.0306207->0.0169366, Reached cyclethreshold.
2022-04-02 16:21:58	INFO	task_tclean::SDAlgorithmBase::deconvolve 	[W51North_spw_56_Qband_rough_08:C104] iters=589->595 [6], model=0->0.0139095, peakres=0.0295326->0.0173227, Reached cyclethreshold.
2022-04-02 16:21:58	INFO	task_tclean::SDAlgorithmBase::deconvolve 	[W51North_spw_56_Qband_rough_08:C105] iters=595->601 [6], model=0->0.0139938, peakres=0.0293123->0.0170848, Reached cyclethreshold.
2022-04-02 16:21:58	INFO	task_tclean::SDAlgorithmBase::deconvolve 	[W51North_spw_56_Qband_rough_08:C106] iters=601->607 [6], model=0->0.0142893, peakres=0.0300993->0.0173575, Reached cyclethreshold.
2022-04-02 16:21:58	INFO	task_tclean::SDAlgorithmBase::deconvolve 	[W51North_spw_56_Qband_rough_08:C107] iters=607->613 [6], model=0->0.0142092, peakres=0.0302612->0.0168022, Reached cyclethreshold.
2022-04-02 16:21:58	INFO	task_tclean::SDAlgorithmBase::deconvolve 	[W51North_spw_56_Qband_rough_08:C108] iters=613->619 [6], model=0->0.0147581, peakres=0.0314586->0.0170131, Reached cyclethreshold.
2022-04-02 16:21:58	INFO	task_tclean::SDAlgorithmBase::deconvolve 	[W51North_spw_56_Qband_rough_08:C109] iters=619->625 [6], model=0->0.0146857, peakres=0.0313423->0.016747, Reached cyclethreshold.
2022-04-02 16:21:59	INFO	task_tclean::SDAlgorithmBase::deconvolve 	[W51North_spw_56_Qband_rough_08:C110] iters=625->631 [6], model=0->0.0140056, peakres=0.0297251->0.0172162, Reached cyclethreshold.
2022-04-02 16:21:59	INFO	task_tclean::SDAlgorithmBase::deconvolve 	[W51North_spw_56_Qband_rough_08:C111] iters=631->638 [7], model=0->0.0159287, peakres=0.0300163->0.0164584, Reached cyclethreshold.
2022-04-02 16:21:59	INFO	task_tclean::SDAlgorithmBase::deconvolve 	[W51North_spw_56_Qband_rough_08:C112] iters=638->644 [6], model=0->0.0140152, peakres=0.0295374->0.0169997, Reached cyclethreshold.
2022-04-02 16:21:59	INFO	task_tclean::SDAlgorithmBase::deconvolve 	[W51North_spw_56_Qband_rough_08:C113] iters=644->650 [6], model=0->0.0134619, peakres=0.0284227->0.0166652, Reached cyclethreshold.
2022-04-02 16:21:59	INFO	task_tclean::SDAlgorithmBase::deconvolve 	[W51North_spw_56_Qband_rough_08:C114] iters=650->656 [6], model=0->0.0133617, peakres=0.0281411->0.0166761, Reached cyclethreshold.
2022-04-02 16:21:59	INFO	task_tclean::SDAlgorithmBase::deconvolve 	[W51North_spw_56_Qband_rough_08:C115] iters=656->663 [7], model=0->0.0158128, peakres=0.0294158->0.0169884, Reached cyclethreshold.
2022-04-02 16:21:59	INFO	task_tclean::SDAlgorithmBase::deconvolve 	[W51North_spw_56_Qband_rough_08:C116] iters=663->670 [7], model=0->0.0159599, peakres=0.0294897->0.0170388, Reached cyclethreshold.
2022-04-02 16:21:59	INFO	task_tclean::SDAlgorithmBase::deconvolve 	[W51North_spw_56_Qband_rough_08:C117] iters=670->676 [6], model=0->0.0136669, peakres=0.028687->0.0172028, Reached cyclethreshold.
2022-04-02 16:21:59	INFO	task_tclean::SDAlgorithmBase::deconvolve 	[W51North_spw_56_Qband_rough_08:C118] iters=676->682 [6], model=0->0.0137698, peakres=0.0288514->0.0168491, Reached cyclethreshold.
2022-04-02 16:21:59	INFO	task_tclean::SDAlgorithmBase::deconvolve 	[W51North_spw_56_Qband_rough_08:C119] iters=682->688 [6], model=0->0.0135876, peakres=0.0285381->0.0170618, Reached cyclethreshold.
2022-04-02 16:21:59	INFO	task_tclean::SDAlgorithmBase::deconvolve 	[W51North_spw_56_Qband_rough_08:C120] iters=688->694 [6], model=0->0.013224, peakres=0.0276487->0.0168455, Reached cyclethreshold.
2022-04-02 16:21:59	INFO	task_tclean::SDAlgorithmBase::deconvolve 	[W51North_spw_56_Qband_rough_08:C121] iters=694->700 [6], model=0->0.0129118, peakres=0.0263817->0.0166765, Reached cyclethreshold.
2022-04-02 16:21:59	INFO	task_tclean::SDAlgorithmBase::deconvolve 	[W51North_spw_56_Qband_rough_08:C122] iters=700->700 [0], model=0->0, peakres=0->0, Reached cyclethreshold.
2022-04-02 16:21:59	INFO	task_tclean::SDAlgorithmBase::deconvolve 	[W51North_spw_56_Qband_rough_08:C123] iters=700->700 [0], model=0->0, peakres=0->0, Reached cyclethreshold.
2022-04-02 16:21:59	INFO	task_tclean::SDAlgorithmBase::deconvolve 	[W51North_spw_56_Qband_rough_08:C124] iters=700->700 [0], model=0->0, peakres=0->0, Reached cyclethreshold.
2022-04-02 16:21:59	INFO	task_tclean::SDAlgorithmBase::deconvolve 	[W51North_spw_56_Qband_rough_08:C125] iters=700->700 [0], model=0->0, peakres=0->0, Reached cyclethreshold.
2022-04-02 16:21:59	INFO	task_tclean::SDAlgorithmBase::deconvolve 	[W51North_spw_56_Qband_rough_08:C126] iters=700->700 [0], model=0->0, peakres=0->0, Reached cyclethreshold.
2022-04-02 16:21:59	INFO	task_tclean::SDAlgorithmBase::deconvolve 	[W51North_spw_56_Qband_rough_08:C127] iters=700->700 [0], model=0->0, peakres=0->0, Reached cyclethreshold.
2022-04-02 16:21:59	INFO	task_tclean::SDAlgorithmBase::deconvolve 	[W51North_spw_56_Qband_rough_08] Total model flux (over all planes) : 1.61306     Peak Residual (over all planes) : 0.0174858 in C71:P0
2022-04-02 16:22:00	INFO	task_tclean::SIIterBot_state::mergeCycleExecutionRecord 	Completed 700 iterations.
2022-04-02 16:22:00	INFO	task_tclean::SynthesisImager::executeMajorCycle 	----------------------------------------------------------- Run (Last) Major Cycle 2 -------------------------------------
2022-04-02 16:23:02	WARN	task_tclean::SIImageStore::getPSFGaussian (file ../../synthesis/ImagerObjects/SIImageStore.cc, line 1916)	PSF is blank for[C0:P0] [C1:P0] [C2:P0] [C3:P0] [C4:P0] [C5:P0] [C6:P0] [C122:P0] [C123:P0] [C124:P0] [C125:P0] [C126:P0] [C127:P0] 
2022-04-02 16:23:06	INFO	task_tclean::SIImageStore::printImageStats 	[W51North_spw_56_Qband_rough_08] Peak residual (max,min) within mask : (0.017484,-0.01227) over full image : (0.017484,-0.01227)
2022-04-02 16:23:07	INFO	task_tclean::SIImageStore::printImageStats 	[W51North_spw_56_Qband_rough_08] Total Model Flux : 1.61306
2022-04-02 16:23:19	INFO	tclean::::	Reached global stopping criterion : threshold
2022-04-02 16:23:19	INFO	SDAlgorithmBase::restore 	[W51North_spw_56_Qband_rough_08] : Restoring model image.
2022-04-02 16:23:21	INFO	SIImageStore::restore 	Beam for chan : 0 : 0.0666725 arcsec, 0.0540768 arcsec, 71.2866 deg
2022-04-02 16:23:21	INFO	SIImageStore::restore 	Beam for chan : 1 : 0.0666725 arcsec, 0.0540768 arcsec, 71.2866 deg
2022-04-02 16:23:21	INFO	SIImageStore::restore 	Beam for chan : 2 : 0.0666725 arcsec, 0.0540768 arcsec, 71.2866 deg
2022-04-02 16:23:21	INFO	SIImageStore::restore 	Beam for chan : 3 : 0.0666725 arcsec, 0.0540768 arcsec, 71.2866 deg
2022-04-02 16:23:22	INFO	SIImageStore::restore 	Beam for chan : 4 : 0.0666725 arcsec, 0.0540768 arcsec, 71.2866 deg
2022-04-02 16:23:22	INFO	SIImageStore::restore 	Beam for chan : 5 : 0.0666725 arcsec, 0.0540768 arcsec, 71.2866 deg
2022-04-02 16:23:23	INFO	SIImageStore::restore 	Beam for chan : 6 : 0.0666725 arcsec, 0.0540768 arcsec, 71.2866 deg
2022-04-02 16:23:23	INFO	SIImageStore::restore 	Beam for chan : 7 : 0.0666725 arcsec, 0.0540768 arcsec, 71.2866 deg
2022-04-02 16:23:23	INFO	SIImageStore::restore 	Beam for chan : 8 : 0.0666624 arcsec, 0.0539067 arcsec, 70.5089 deg
2022-04-02 16:23:23	INFO	SIImageStore::restore 	Beam for chan : 9 : 0.0666332 arcsec, 0.0538733 arcsec, 70.4313 deg
2022-04-02 16:23:23	INFO	SIImageStore::restore 	Beam for chan : 10 : 0.0666954 arcsec, 0.0538917 arcsec, 70.637 deg
2022-04-02 16:23:24	INFO	SIImageStore::restore 	Beam for chan : 11 : 0.0666308 arcsec, 0.0538774 arcsec, 70.4006 deg
2022-04-02 16:23:24	INFO	SIImageStore::restore 	Beam for chan : 12 : 0.0665789 arcsec, 0.0538624 arcsec, 70.0569 deg
2022-04-02 16:23:24	INFO	SIImageStore::restore 	Beam for chan : 13 : 0.0665228 arcsec, 0.0538825 arcsec, 70.0588 deg
2022-04-02 16:23:24	INFO	SIImageStore::restore 	Beam for chan : 14 : 0.066491 arcsec, 0.0538782 arcsec, 70.0406 deg
2022-04-02 16:23:24	INFO	SIImageStore::restore 	Beam for chan : 15 : 0.066482 arcsec, 0.0538521 arcsec, 69.9078 deg
2022-04-02 16:23:25	INFO	SIImageStore::restore 	Beam for chan : 16 : 0.0664569 arcsec, 0.0538531 arcsec, 69.858 deg
2022-04-02 16:23:25	INFO	SIImageStore::restore 	Beam for chan : 17 : 0.0664093 arcsec, 0.0538554 arcsec, 69.6256 deg
2022-04-02 16:23:25	INFO	SIImageStore::restore 	Beam for chan : 18 : 0.0664071 arcsec, 0.0538367 arcsec, 69.3925 deg
2022-04-02 16:23:25	INFO	SIImageStore::restore 	Beam for chan : 19 : 0.0664004 arcsec, 0.0538658 arcsec, 69.4578 deg
2022-04-02 16:23:25	INFO	SIImageStore::restore 	Beam for chan : 20 : 0.0663519 arcsec, 0.0538456 arcsec, 69.3697 deg
2022-04-02 16:23:26	INFO	SIImageStore::restore 	Beam for chan : 21 : 0.0663228 arcsec, 0.0538524 arcsec, 69.2729 deg
2022-04-02 16:23:26	INFO	SIImageStore::restore 	Beam for chan : 22 : 0.0663513 arcsec, 0.0538709 arcsec, 69.3898 deg
2022-04-02 16:23:26	INFO	SIImageStore::restore 	Beam for chan : 23 : 0.0663454 arcsec, 0.0538731 arcsec, 69.4291 deg
2022-04-02 16:23:26	INFO	SIImageStore::restore 	Beam for chan : 24 : 0.0663132 arcsec, 0.0538335 arcsec, 69.2163 deg
2022-04-02 16:23:27	INFO	SIImageStore::restore 	Beam for chan : 25 : 0.0663219 arcsec, 0.0538467 arcsec, 69.1873 deg
2022-04-02 16:23:27	INFO	SIImageStore::restore 	Beam for chan : 26 : 0.0663343 arcsec, 0.0538354 arcsec, 69.2081 deg
2022-04-02 16:23:27	INFO	SIImageStore::restore 	Beam for chan : 27 : 0.0663013 arcsec, 0.0538308 arcsec, 69.1958 deg
2022-04-02 16:23:27	INFO	SIImageStore::restore 	Beam for chan : 28 : 0.0663188 arcsec, 0.0538152 arcsec, 69.2652 deg
2022-04-02 16:23:27	INFO	SIImageStore::restore 	Beam for chan : 29 : 0.0663902 arcsec, 0.0538123 arcsec, 69.3557 deg
2022-04-02 16:23:28	INFO	SIImageStore::restore 	Beam for chan : 30 : 0.06639 arcsec, 0.0537927 arcsec, 69.4847 deg
2022-04-02 16:23:28	INFO	SIImageStore::restore 	Beam for chan : 31 : 0.0663699 arcsec, 0.053844 arcsec, 69.4473 deg
2022-04-02 16:23:28	INFO	SIImageStore::restore 	Beam for chan : 32 : 0.0663685 arcsec, 0.0538121 arcsec, 69.4167 deg
2022-04-02 16:23:28	INFO	SIImageStore::restore 	Beam for chan : 33 : 0.0663762 arcsec, 0.0537903 arcsec, 69.5265 deg
2022-04-02 16:23:28	INFO	SIImageStore::restore 	Beam for chan : 34 : 0.0663559 arcsec, 0.0538062 arcsec, 69.5481 deg
2022-04-02 16:23:29	INFO	SIImageStore::restore 	Beam for chan : 35 : 0.0663377 arcsec, 0.0538106 arcsec, 69.6376 deg
2022-04-02 16:23:29	INFO	SIImageStore::restore 	Beam for chan : 36 : 0.0663627 arcsec, 0.0537915 arcsec, 69.7295 deg
2022-04-02 16:23:29	INFO	SIImageStore::restore 	Beam for chan : 37 : 0.066361 arcsec, 0.0537665 arcsec, 69.6725 deg
2022-04-02 16:23:29	INFO	SIImageStore::restore 	Beam for chan : 38 : 0.066341 arcsec, 0.053745 arcsec, 69.5468 deg
2022-04-02 16:23:29	INFO	SIImageStore::restore 	Beam for chan : 39 : 0.0663968 arcsec, 0.0537392 arcsec, 69.5208 deg
2022-04-02 16:23:30	INFO	SIImageStore::restore 	Beam for chan : 40 : 0.0664291 arcsec, 0.0537676 arcsec, 69.5582 deg
2022-04-02 16:23:30	INFO	SIImageStore::restore 	Beam for chan : 41 : 0.0664142 arcsec, 0.053777 arcsec, 69.5484 deg
2022-04-02 16:23:31	INFO	SIImageStore::restore 	Beam for chan : 42 : 0.0663692 arcsec, 0.0537755 arcsec, 69.4946 deg
2022-04-02 16:23:31	INFO	SIImageStore::restore 	Beam for chan : 43 : 0.0662999 arcsec, 0.0537556 arcsec, 69.2997 deg
2022-04-02 16:23:31	INFO	SIImageStore::restore 	Beam for chan : 44 : 0.0662474 arcsec, 0.0537805 arcsec, 69.2198 deg
2022-04-02 16:23:31	INFO	SIImageStore::restore 	Beam for chan : 45 : 0.0661975 arcsec, 0.0537814 arcsec, 69.1314 deg
2022-04-02 16:23:31	INFO	SIImageStore::restore 	Beam for chan : 46 : 0.0661829 arcsec, 0.0537459 arcsec, 68.9442 deg
2022-04-02 16:23:32	INFO	SIImageStore::restore 	Beam for chan : 47 : 0.0661791 arcsec, 0.0537292 arcsec, 68.8453 deg
2022-04-02 16:23:32	INFO	SIImageStore::restore 	Beam for chan : 48 : 0.0661872 arcsec, 0.0537323 arcsec, 68.839 deg
2022-04-02 16:23:32	INFO	SIImageStore::restore 	Beam for chan : 49 : 0.0658935 arcsec, 0.053808 arcsec, 68.4033 deg
2022-04-02 16:23:32	INFO	SIImageStore::restore 	Beam for chan : 50 : 0.0658641 arcsec, 0.0538084 arcsec, 68.2735 deg
2022-04-02 16:23:32	INFO	SIImageStore::restore 	Beam for chan : 51 : 0.0658924 arcsec, 0.0537964 arcsec, 68.4726 deg
2022-04-02 16:23:33	INFO	SIImageStore::restore 	Beam for chan : 52 : 0.0658937 arcsec, 0.0538103 arcsec, 68.5814 deg
2022-04-02 16:23:33	INFO	SIImageStore::restore 	Beam for chan : 53 : 0.0658631 arcsec, 0.0538265 arcsec, 68.5948 deg
2022-04-02 16:23:33	INFO	SIImageStore::restore 	Beam for chan : 54 : 0.0658646 arcsec, 0.0538089 arcsec, 68.7613 deg
2022-04-02 16:23:33	INFO	SIImageStore::restore 	Beam for chan : 55 : 0.066135 arcsec, 0.0537114 arcsec, 68.9942 deg
2022-04-02 16:23:33	INFO	SIImageStore::restore 	Beam for chan : 56 : 0.0661362 arcsec, 0.0537273 arcsec, 69.047 deg
2022-04-02 16:23:33	INFO	SIImageStore::restore 	Beam for chan : 57 : 0.0662317 arcsec, 0.0537327 arcsec, 69.2791 deg
2022-04-02 16:23:34	INFO	SIImageStore::restore 	Beam for chan : 58 : 0.0663028 arcsec, 0.0537049 arcsec, 69.4622 deg
2022-04-02 16:23:34	INFO	SIImageStore::restore 	Beam for chan : 59 : 0.0662798 arcsec, 0.053729 arcsec, 69.4878 deg
2022-04-02 16:23:34	INFO	SIImageStore::restore 	Beam for chan : 60 : 0.0662685 arcsec, 0.0537054 arcsec, 69.5025 deg
2022-04-02 16:23:34	INFO	SIImageStore::restore 	Beam for chan : 61 : 0.0662673 arcsec, 0.053693 arcsec, 69.6621 deg
2022-04-02 16:23:34	INFO	SIImageStore::restore 	Beam for chan : 62 : 0.0662886 arcsec, 0.0536994 arcsec, 69.7254 deg
2022-04-02 16:23:35	INFO	SIImageStore::restore 	Beam for chan : 63 : 0.0662922 arcsec, 0.0537121 arcsec, 69.8031 deg
2022-04-02 16:23:35	INFO	SIImageStore::restore 	Beam for chan : 64 : 0.0662371 arcsec, 0.0537114 arcsec, 69.6728 deg
2022-04-02 16:23:35	INFO	SIImageStore::restore 	Beam for chan : 65 : 0.0662332 arcsec, 0.0537324 arcsec, 69.6058 deg
2022-04-02 16:23:35	INFO	SIImageStore::restore 	Beam for chan : 66 : 0.0662439 arcsec, 0.0537436 arcsec, 69.5988 deg
2022-04-02 16:23:35	INFO	SIImageStore::restore 	Beam for chan : 67 : 0.0661753 arcsec, 0.0537343 arcsec, 69.4663 deg
2022-04-02 16:23:36	INFO	SIImageStore::restore 	Beam for chan : 68 : 0.0661469 arcsec, 0.053718 arcsec, 69.1058 deg
2022-04-02 16:23:36	INFO	SIImageStore::restore 	Beam for chan : 69 : 0.0661366 arcsec, 0.0537182 arcsec, 69 deg
2022-04-02 16:23:36	INFO	SIImageStore::restore 	Beam for chan : 70 : 0.0658398 arcsec, 0.0537718 arcsec, 68.6711 deg
2022-04-02 16:23:36	INFO	SIImageStore::restore 	Beam for chan : 71 : 0.065791 arcsec, 0.053759 arcsec, 68.4588 deg
2022-04-02 16:23:36	INFO	SIImageStore::restore 	Beam for chan : 72 : 0.0658211 arcsec, 0.0537702 arcsec, 68.2778 deg
2022-04-02 16:23:37	INFO	SIImageStore::restore 	Beam for chan : 73 : 0.0658535 arcsec, 0.0537856 arcsec, 68.4445 deg
2022-04-02 16:23:37	INFO	SIImageStore::restore 	Beam for chan : 74 : 0.0658412 arcsec, 0.0537436 arcsec, 68.4903 deg
2022-04-02 16:23:37	INFO	SIImageStore::restore 	Beam for chan : 75 : 0.0657972 arcsec, 0.0537482 arcsec, 68.4789 deg
2022-04-02 16:23:37	INFO	SIImageStore::restore 	Beam for chan : 76 : 0.0657833 arcsec, 0.0537806 arcsec, 68.5149 deg
2022-04-02 16:23:37	INFO	SIImageStore::restore 	Beam for chan : 77 : 0.0658054 arcsec, 0.05376 arcsec, 68.4732 deg
2022-04-02 16:23:37	INFO	SIImageStore::restore 	Beam for chan : 78 : 0.0658559 arcsec, 0.0537741 arcsec, 68.4302 deg
2022-04-02 16:23:38	INFO	SIImageStore::restore 	Beam for chan : 79 : 0.0658676 arcsec, 0.0537539 arcsec, 68.4924 deg
2022-04-02 16:23:38	INFO	SIImageStore::restore 	Beam for chan : 80 : 0.0658767 arcsec, 0.0537766 arcsec, 68.6585 deg
2022-04-02 16:23:38	INFO	SIImageStore::restore 	Beam for chan : 81 : 0.0658428 arcsec, 0.0537542 arcsec, 68.731 deg
2022-04-02 16:23:38	INFO	SIImageStore::restore 	Beam for chan : 82 : 0.0658302 arcsec, 0.0537225 arcsec, 68.6477 deg
2022-04-02 16:23:38	INFO	SIImageStore::restore 	Beam for chan : 83 : 0.0658575 arcsec, 0.0537059 arcsec, 68.6592 deg
2022-04-02 16:23:39	INFO	SIImageStore::restore 	Beam for chan : 84 : 0.0658962 arcsec, 0.0537095 arcsec, 68.7299 deg
2022-04-02 16:23:39	INFO	SIImageStore::restore 	Beam for chan : 85 : 0.0661595 arcsec, 0.0536557 arcsec, 69.0127 deg
2022-04-02 16:23:39	INFO	SIImageStore::restore 	Beam for chan : 86 : 0.065866 arcsec, 0.0537536 arcsec, 68.6093 deg
2022-04-02 16:23:39	INFO	SIImageStore::restore 	Beam for chan : 87 : 0.0658666 arcsec, 0.0537751 arcsec, 68.595 deg
2022-04-02 16:23:39	INFO	SIImageStore::restore 	Beam for chan : 88 : 0.0658719 arcsec, 0.053774 arcsec, 68.701 deg
2022-04-02 16:23:40	INFO	SIImageStore::restore 	Beam for chan : 89 : 0.065836 arcsec, 0.0537863 arcsec, 68.676 deg
2022-04-02 16:23:40	INFO	SIImageStore::restore 	Beam for chan : 90 : 0.0658235 arcsec, 0.0537693 arcsec, 68.4978 deg
2022-04-02 16:23:40	INFO	SIImageStore::restore 	Beam for chan : 91 : 0.0657773 arcsec, 0.0537479 arcsec, 68.3061 deg
2022-04-02 16:23:40	INFO	SIImageStore::restore 	Beam for chan : 92 : 0.0657648 arcsec, 0.053761 arcsec, 68.2223 deg
2022-04-02 16:23:40	INFO	SIImageStore::restore 	Beam for chan : 93 : 0.0657429 arcsec, 0.0537782 arcsec, 68.1881 deg
2022-04-02 16:23:40	INFO	SIImageStore::restore 	Beam for chan : 94 : 0.0657444 arcsec, 0.0537673 arcsec, 68.0988 deg
2022-04-02 16:23:41	INFO	SIImageStore::restore 	Beam for chan : 95 : 0.0657435 arcsec, 0.0537825 arcsec, 68.0344 deg
2022-04-02 16:23:41	INFO	SIImageStore::restore 	Beam for chan : 96 : 0.0657527 arcsec, 0.0538048 arcsec, 68.071 deg
2022-04-02 16:23:41	INFO	SIImageStore::restore 	Beam for chan : 97 : 0.0657527 arcsec, 0.0538284 arcsec, 68.069 deg
2022-04-02 16:23:41	INFO	SIImageStore::restore 	Beam for chan : 98 : 0.0657557 arcsec, 0.0538193 arcsec, 68.1459 deg
2022-04-02 16:23:41	INFO	SIImageStore::restore 	Beam for chan : 99 : 0.0657525 arcsec, 0.0538006 arcsec, 68.1112 deg
2022-04-02 16:23:42	INFO	SIImageStore::restore 	Beam for chan : 100 : 0.0657404 arcsec, 0.0537583 arcsec, 68.0392 deg
2022-04-02 16:23:42	INFO	SIImageStore::restore 	Beam for chan : 101 : 0.0657522 arcsec, 0.0537666 arcsec, 68.081 deg
2022-04-02 16:23:42	INFO	SIImageStore::restore 	Beam for chan : 102 : 0.0657658 arcsec, 0.0537788 arcsec, 68.0788 deg
2022-04-02 16:23:42	INFO	SIImageStore::restore 	Beam for chan : 103 : 0.0657545 arcsec, 0.0537725 arcsec, 68.0847 deg
2022-04-02 16:23:42	INFO	SIImageStore::restore 	Beam for chan : 104 : 0.0657451 arcsec, 0.0537683 arcsec, 68.0912 deg
2022-04-02 16:23:43	INFO	SIImageStore::restore 	Beam for chan : 105 : 0.0657352 arcsec, 0.0537514 arcsec, 67.9705 deg
2022-04-02 16:23:43	INFO	SIImageStore::restore 	Beam for chan : 106 : 0.0657217 arcsec, 0.0537364 arcsec, 67.7966 deg
2022-04-02 16:23:43	INFO	SIImageStore::restore 	Beam for chan : 107 : 0.0657308 arcsec, 0.0537676 arcsec, 67.7913 deg
2022-04-02 16:23:43	INFO	SIImageStore::restore 	Beam for chan : 108 : 0.0657441 arcsec, 0.0537784 arcsec, 67.9565 deg
2022-04-02 16:23:44	INFO	SIImageStore::restore 	Beam for chan : 109 : 0.0657582 arcsec, 0.053764 arcsec, 68.1045 deg
2022-04-02 16:23:44	INFO	SIImageStore::restore 	Beam for chan : 110 : 0.0657635 arcsec, 0.0537665 arcsec, 68.0309 deg
2022-04-02 16:23:44	INFO	SIImageStore::restore 	Beam for chan : 111 : 0.0657377 arcsec, 0.0537613 arcsec, 68.0198 deg
2022-04-02 16:23:44	INFO	SIImageStore::restore 	Beam for chan : 112 : 0.0657343 arcsec, 0.0537648 arcsec, 68.1051 deg
2022-04-02 16:23:45	INFO	SIImageStore::restore 	Beam for chan : 113 : 0.0657297 arcsec, 0.0537672 arcsec, 68.1917 deg
2022-04-02 16:23:45	INFO	SIImageStore::restore 	Beam for chan : 114 : 0.0657546 arcsec, 0.0537907 arcsec, 68.2573 deg
2022-04-02 16:23:45	INFO	SIImageStore::restore 	Beam for chan : 115 : 0.0658129 arcsec, 0.0537912 arcsec, 68.3223 deg
2022-04-02 16:23:45	INFO	SIImageStore::restore 	Beam for chan : 116 : 0.0658461 arcsec, 0.053764 arcsec, 68.3277 deg
2022-04-02 16:23:45	INFO	SIImageStore::restore 	Beam for chan : 117 : 0.0658515 arcsec, 0.0537764 arcsec, 68.3233 deg
2022-04-02 16:23:45	INFO	SIImageStore::restore 	Beam for chan : 118 : 0.0658328 arcsec, 0.0538082 arcsec, 68.3506 deg
2022-04-02 16:23:46	INFO	SIImageStore::restore 	Beam for chan : 119 : 0.0658891 arcsec, 0.053815 arcsec, 68.5751 deg
2022-04-02 16:23:46	INFO	SIImageStore::restore 	Beam for chan : 120 : 0.0659057 arcsec, 0.0538151 arcsec, 68.6607 deg
2022-04-02 16:23:46	INFO	SIImageStore::restore 	Beam for chan : 121 : 0.0661757 arcsec, 0.0537753 arcsec, 68.9956 deg
2022-04-02 16:23:46	INFO	SIImageStore::restore 	Beam for chan : 122 : 0.0666725 arcsec, 0.0540768 arcsec, 71.2866 deg
2022-04-02 16:23:46	INFO	SIImageStore::restore 	Beam for chan : 123 : 0.0666725 arcsec, 0.0540768 arcsec, 71.2866 deg
2022-04-02 16:23:47	INFO	SIImageStore::restore 	Beam for chan : 124 : 0.0666725 arcsec, 0.0540768 arcsec, 71.2866 deg
2022-04-02 16:23:47	INFO	SIImageStore::restore 	Beam for chan : 125 : 0.0666725 arcsec, 0.0540768 arcsec, 71.2866 deg
2022-04-02 16:23:47	INFO	SIImageStore::restore 	Beam for chan : 126 : 0.0666725 arcsec, 0.0540768 arcsec, 71.2866 deg
2022-04-02 16:23:47	INFO	SIImageStore::restore 	Beam for chan : 127 : 0.0666725 arcsec, 0.0540768 arcsec, 71.2866 deg
2022-04-02 16:23:49	INFO	tclean::::	##### End Task: tclean               #####
2022-04-02 16:23:49	INFO	tclean::::+	##########################################
2022-04-02 16:29:57	INFO	exportfits::::	
2022-04-02 16:29:57	INFO	exportfits::::+	##########################################
2022-04-02 16:29:57	INFO	exportfits::::+	##### Begin Task: exportfits         #####
2022-04-02 16:29:57	INFO	exportfits::::	exportfits(imagename="W51North_spw_56_Qband_rough_08.image",fitsimage="W51North_spw_56_Qband_rough_08.image.fits",velocity=False,optical=False,bitpix=-32,
2022-04-02 16:29:57	INFO	exportfits::::+	        minpix=0,maxpix=-1,overwrite=False,dropstokes=False,stokeslast=True,
2022-04-02 16:29:57	INFO	exportfits::::+	        history=True,dropdeg=False)
2022-04-02 16:29:57	INFO	exportfits::ImageFactory::toFITS	Applying mask of name 'mask0'
2022-04-02 16:29:57	INFO	exportfits::ImageFitsConverter::ImageHeaderToFITS 	Truncating miscinfo field useweightimage to useweigh
2022-04-02 16:30:00	INFO	exportfits::::	##### End Task: exportfits           #####
2022-04-02 16:30:00	INFO	exportfits::::+	##########################################
